2026-03-13T10:15:56+0100 - root - INFO - Logger initialized.
2026-03-13T10:15:56+0100 - root - INFO - Logging to file: /cluster/projects/nn9188k/janko/src/repos/era5land_to_datm/notebooks/era5land_to_datm_script_20260313T091556.log
2026-03-13T10:15:59+0100 - era5land_to_datm.download - INFO - Received 14 request IDs from server.
2026-03-13T10:15:59+0100 - era5land_to_datm.download - INFO - Retrieving Remote for request ID e328c9d8-5c8f-4716-892b-541e1982449a (1/14)...
2026-03-13T10:15:59+0100 - ecmwf.datastores.processing - INFO - Request ID is e328c9d8-5c8f-4716-892b-541e1982449a
2026-03-13T10:15:59+0100 - ecmwf.datastores.processing - INFO - Request ID is e328c9d8-5c8f-4716-892b-541e1982449a
2026-03-13T10:15:59+0100 - era5land_to_datm.download - INFO - Sleeping for 0.5 seconds before next call...
2026-03-13T10:15:59+0100 - era5land_to_datm.download - INFO - Retrieving Remote for request ID f1f64a5f-2aa1-4c82-b6ee-7e79e05852ef (2/14)...
2026-03-13T10:16:00+0100 - ecmwf.datastores.processing - INFO - Request ID is f1f64a5f-2aa1-4c82-b6ee-7e79e05852ef
2026-03-13T10:16:00+0100 - ecmwf.datastores.processing - INFO - Request ID is f1f64a5f-2aa1-4c82-b6ee-7e79e05852ef
2026-03-13T10:16:00+0100 - era5land_to_datm.download - INFO - Sleeping for 0.5 seconds before next call...
2026-03-13T10:16:00+0100 - era5land_to_datm.download - INFO - Retrieving Remote for request ID e38a3ecb-b5af-4d0e-a762-6d6b45b28b10 (3/14)...
2026-03-13T10:16:00+0100 - ecmwf.datastores.processing - INFO - Request ID is e38a3ecb-b5af-4d0e-a762-6d6b45b28b10
2026-03-13T10:16:00+0100 - ecmwf.datastores.processing - INFO - Request ID is e38a3ecb-b5af-4d0e-a762-6d6b45b28b10
2026-03-13T10:16:00+0100 - era5land_to_datm.download - INFO - Sleeping for 0.5 seconds before next call...
2026-03-13T10:16:01+0100 - era5land_to_datm.download - INFO - Retrieving Remote for request ID 598e5830-de67-4130-a26f-9f3b430ddaf5 (4/14)...
2026-03-13T10:16:01+0100 - ecmwf.datastores.processing - INFO - Request ID is 598e5830-de67-4130-a26f-9f3b430ddaf5
2026-03-13T10:16:01+0100 - ecmwf.datastores.processing - INFO - Request ID is 598e5830-de67-4130-a26f-9f3b430ddaf5
2026-03-13T10:16:01+0100 - era5land_to_datm.download - INFO - Sleeping for 0.5 seconds before next call...
2026-03-13T10:16:01+0100 - era5land_to_datm.download - INFO - Retrieving Remote for request ID 383f47af-944b-4462-81f2-8b3a0b82f86a (5/14)...
2026-03-13T10:16:01+0100 - ecmwf.datastores.processing - INFO - Request ID is 383f47af-944b-4462-81f2-8b3a0b82f86a
2026-03-13T10:16:01+0100 - ecmwf.datastores.processing - INFO - Request ID is 383f47af-944b-4462-81f2-8b3a0b82f86a
2026-03-13T10:16:01+0100 - era5land_to_datm.download - INFO - Sleeping for 0.5 seconds before next call...
2026-03-13T10:16:02+0100 - era5land_to_datm.download - INFO - Retrieving Remote for request ID 99f638d3-5a53-4fed-ae50-3cbb3f5c9310 (6/14)...
2026-03-13T10:16:02+0100 - ecmwf.datastores.processing - INFO - Request ID is 99f638d3-5a53-4fed-ae50-3cbb3f5c9310
2026-03-13T10:16:02+0100 - ecmwf.datastores.processing - INFO - Request ID is 99f638d3-5a53-4fed-ae50-3cbb3f5c9310
2026-03-13T10:16:02+0100 - era5land_to_datm.download - INFO - Sleeping for 0.5 seconds before next call...
2026-03-13T10:16:02+0100 - era5land_to_datm.download - INFO - Retrieving Remote for request ID ed2932bd-9530-4767-852a-e8351db3fb8e (7/14)...
2026-03-13T10:16:02+0100 - ecmwf.datastores.processing - INFO - Request ID is ed2932bd-9530-4767-852a-e8351db3fb8e
2026-03-13T10:16:02+0100 - ecmwf.datastores.processing - INFO - Request ID is ed2932bd-9530-4767-852a-e8351db3fb8e
2026-03-13T10:16:02+0100 - era5land_to_datm.download - INFO - Sleeping for 0.5 seconds before next call...
2026-03-13T10:16:03+0100 - era5land_to_datm.download - INFO - Retrieving Remote for request ID 6c2e6ea5-dc9d-45fb-9e0c-c8214bf488b9 (8/14)...
2026-03-13T10:16:03+0100 - ecmwf.datastores.processing - INFO - Request ID is 6c2e6ea5-dc9d-45fb-9e0c-c8214bf488b9
2026-03-13T10:16:03+0100 - ecmwf.datastores.processing - INFO - Request ID is 6c2e6ea5-dc9d-45fb-9e0c-c8214bf488b9
2026-03-13T10:16:03+0100 - era5land_to_datm.download - INFO - Sleeping for 0.5 seconds before next call...
2026-03-13T10:16:04+0100 - era5land_to_datm.download - INFO - Retrieving Remote for request ID c6cd5674-5d0e-48a1-a9fb-a0340841376b (9/14)...
2026-03-13T10:16:04+0100 - ecmwf.datastores.processing - INFO - Request ID is c6cd5674-5d0e-48a1-a9fb-a0340841376b
2026-03-13T10:16:04+0100 - ecmwf.datastores.processing - INFO - Request ID is c6cd5674-5d0e-48a1-a9fb-a0340841376b
2026-03-13T10:16:04+0100 - era5land_to_datm.download - INFO - Sleeping for 0.5 seconds before next call...
2026-03-13T10:16:04+0100 - era5land_to_datm.download - INFO - Retrieving Remote for request ID be903017-6956-41f0-9068-61acad83f88d (10/14)...
2026-03-13T10:16:04+0100 - ecmwf.datastores.processing - INFO - Request ID is be903017-6956-41f0-9068-61acad83f88d
2026-03-13T10:16:04+0100 - ecmwf.datastores.processing - INFO - Request ID is be903017-6956-41f0-9068-61acad83f88d
2026-03-13T10:16:04+0100 - era5land_to_datm.download - INFO - Sleeping for 0.5 seconds before next call...
2026-03-13T10:16:05+0100 - era5land_to_datm.download - INFO - Retrieving Remote for request ID f63704ea-a358-4723-8677-73f3f4c80b2a (11/14)...
2026-03-13T10:16:05+0100 - ecmwf.datastores.processing - INFO - Request ID is f63704ea-a358-4723-8677-73f3f4c80b2a
2026-03-13T10:16:05+0100 - ecmwf.datastores.processing - INFO - Request ID is f63704ea-a358-4723-8677-73f3f4c80b2a
2026-03-13T10:16:05+0100 - era5land_to_datm.download - INFO - Sleeping for 0.5 seconds before next call...
2026-03-13T10:16:05+0100 - era5land_to_datm.download - INFO - Retrieving Remote for request ID c14ae479-278c-4a98-a936-fb29e9fdedee (12/14)...
2026-03-13T10:16:05+0100 - ecmwf.datastores.processing - INFO - Request ID is c14ae479-278c-4a98-a936-fb29e9fdedee
2026-03-13T10:16:05+0100 - ecmwf.datastores.processing - INFO - Request ID is c14ae479-278c-4a98-a936-fb29e9fdedee
2026-03-13T10:16:05+0100 - era5land_to_datm.download - INFO - Sleeping for 0.5 seconds before next call...
2026-03-13T10:16:06+0100 - era5land_to_datm.download - INFO - Retrieving Remote for request ID 79749e24-3a68-4cc2-8987-3a7860dfbd5b (13/14)...
2026-03-13T10:16:06+0100 - ecmwf.datastores.processing - INFO - Request ID is 79749e24-3a68-4cc2-8987-3a7860dfbd5b
2026-03-13T10:16:06+0100 - ecmwf.datastores.processing - INFO - Request ID is 79749e24-3a68-4cc2-8987-3a7860dfbd5b
2026-03-13T10:16:06+0100 - era5land_to_datm.download - INFO - Sleeping for 0.5 seconds before next call...
2026-03-13T10:16:06+0100 - era5land_to_datm.download - INFO - Retrieving Remote for request ID b46518d0-f76c-4531-9758-a9de05ad5446 (14/14)...
2026-03-13T10:16:07+0100 - ecmwf.datastores.processing - INFO - Request ID is b46518d0-f76c-4531-9758-a9de05ad5446
2026-03-13T10:16:07+0100 - ecmwf.datastores.processing - INFO - Request ID is b46518d0-f76c-4531-9758-a9de05ad5446
2026-03-13T10:19:50+0100 - ecmwf.datastores.processing - INFO - status has been updated to successful
2026-03-13T10:19:50+0100 - ecmwf.datastores.processing - INFO - status has been updated to successful
2026-03-13T10:19:50+0100 - ecmwf.datastores.processing - INFO - status has been updated to successful
2026-03-13T10:19:51+0100 - ecmwf.datastores.processing - INFO - status has been updated to successful
2026-03-13T10:19:51+0100 - ecmwf.datastores.processing - INFO - status has been updated to successful
2026-03-13T10:19:52+0100 - ecmwf.datastores.processing - INFO - status has been updated to successful
2026-03-13T10:19:52+0100 - ecmwf.datastores.processing - INFO - status has been updated to successful
2026-03-13T10:19:52+0100 - ecmwf.datastores.processing - INFO - status has been updated to successful
2026-03-13T10:19:52+0100 - ecmwf.datastores.processing - INFO - status has been updated to successful
2026-03-13T10:19:52+0100 - ecmwf.datastores.processing - INFO - status has been updated to successful
2026-03-13T10:19:53+0100 - ecmwf.datastores.processing - INFO - status has been updated to successful
2026-03-13T10:19:53+0100 - ecmwf.datastores.processing - INFO - status has been updated to successful
2026-03-13T10:19:53+0100 - ecmwf.datastores.processing - INFO - status has been updated to successful
2026-03-13T10:19:53+0100 - ecmwf.datastores.processing - INFO - status has been updated to successful
2026-03-13T10:20:20+0100 - era5land_to_datm.download - INFO - Results ready for remote with id e328c9d8-5c8f-4716-892b-541e1982449a; downloading to /cluster/shared/noresm/inputdata/cicero_mods/ERA5-Land_NorSink/original_GRIB_NorwayRect/era5land_d2m_sp_ssrd_strd_t2m_tp_u10_v10_2026_02.grib...
2026-03-13T10:20:20+0100 - multiurl.base - INFO - Downloading https://object-store.os-api.cci2.ecmwf.int:443/cci2-prod-cache-2/2026-03-13/7dd9afccb2ed9294d15dc576da1be69f.grib
2026-03-13T10:20:33+0100 - era5land_to_datm.download - INFO - Results ready for remote with id f1f64a5f-2aa1-4c82-b6ee-7e79e05852ef; downloading to /cluster/shared/noresm/inputdata/cicero_mods/ERA5-Land_NorSink/original_GRIB_NorwayRect/era5land_d2m_sp_ssrd_strd_t2m_tp_u10_v10_2026_01.grib...
2026-03-13T10:20:33+0100 - multiurl.base - INFO - Downloading https://object-store.os-api.cci2.ecmwf.int:443/cci2-prod-cache-1/2026-03-13/83dcea05d07c7a18b9c7827d44d28dec.grib
2026-03-13T10:20:48+0100 - era5land_to_datm.download - INFO - Results ready for remote with id e38a3ecb-b5af-4d0e-a762-6d6b45b28b10; downloading to /cluster/shared/noresm/inputdata/cicero_mods/ERA5-Land_NorSink/original_GRIB_NorwayRect/era5land_d2m_sp_ssrd_strd_t2m_tp_u10_v10_2025_12.grib...
2026-03-13T10:20:48+0100 - multiurl.base - INFO - Downloading https://object-store.os-api.cci2.ecmwf.int:443/cci2-prod-cache-3/2026-03-13/d724ff7d1b0fb0d9a1591703ecb4d3a.grib
2026-03-13T10:21:05+0100 - era5land_to_datm.download - INFO - Results ready for remote with id 598e5830-de67-4130-a26f-9f3b430ddaf5; downloading to /cluster/shared/noresm/inputdata/cicero_mods/ERA5-Land_NorSink/original_GRIB_NorwayRect/era5land_d2m_sp_ssrd_strd_t2m_tp_u10_v10_2025_11.grib...
2026-03-13T10:21:05+0100 - multiurl.base - INFO - Downloading https://object-store.os-api.cci2.ecmwf.int:443/cci2-prod-cache-3/2026-03-13/2dd14c17bfc33d204c9eb176d1970b67.grib
2026-03-13T10:21:17+0100 - era5land_to_datm.download - INFO - Results ready for remote with id 383f47af-944b-4462-81f2-8b3a0b82f86a; downloading to /cluster/shared/noresm/inputdata/cicero_mods/ERA5-Land_NorSink/original_GRIB_NorwayRect/era5land_d2m_sp_ssrd_strd_t2m_tp_u10_v10_2025_10.grib...
2026-03-13T10:21:17+0100 - multiurl.base - INFO - Downloading https://object-store.os-api.cci2.ecmwf.int:443/cci2-prod-cache-3/2026-03-12/7bc39c7ada45b6ae261dd6f3d5c214e2.grib
2026-03-13T10:21:26+0100 - era5land_to_datm.download - INFO - Results ready for remote with id 99f638d3-5a53-4fed-ae50-3cbb3f5c9310; downloading to /cluster/shared/noresm/inputdata/cicero_mods/ERA5-Land_NorSink/original_GRIB_NorwayRect/era5land_d2m_sp_ssrd_strd_t2m_tp_u10_v10_2025_09.grib...
2026-03-13T10:21:27+0100 - multiurl.base - INFO - Downloading https://object-store.os-api.cci2.ecmwf.int:443/cci2-prod-cache-1/2026-03-12/74b93e788e595d73c2738ac62f9f3dad.grib
2026-03-13T10:21:43+0100 - era5land_to_datm.download - INFO - Results ready for remote with id ed2932bd-9530-4767-852a-e8351db3fb8e; downloading to /cluster/shared/noresm/inputdata/cicero_mods/ERA5-Land_NorSink/original_GRIB_NorwayRect/era5land_d2m_sp_ssrd_strd_t2m_tp_u10_v10_2025_08.grib...
2026-03-13T10:21:43+0100 - multiurl.base - INFO - Downloading https://object-store.os-api.cci2.ecmwf.int:443/cci2-prod-cache-2/2026-03-12/b296af0134ec65f1e4072cc11a304960.grib
2026-03-13T10:22:03+0100 - era5land_to_datm.download - INFO - Results ready for remote with id 6c2e6ea5-dc9d-45fb-9e0c-c8214bf488b9; downloading to /cluster/shared/noresm/inputdata/cicero_mods/ERA5-Land_NorSink/original_GRIB_NorwayRect/era5land_d2m_sp_ssrd_strd_t2m_tp_u10_v10_2025_07.grib...
2026-03-13T10:22:03+0100 - multiurl.base - INFO - Downloading https://object-store.os-api.cci2.ecmwf.int:443/cci2-prod-cache-2/2026-03-12/cd63943236a2085a42a23c9cf1c82e22.grib
2026-03-13T10:22:11+0100 - era5land_to_datm.download - INFO - Results ready for remote with id c6cd5674-5d0e-48a1-a9fb-a0340841376b; downloading to /cluster/shared/noresm/inputdata/cicero_mods/ERA5-Land_NorSink/original_GRIB_NorwayRect/era5land_d2m_sp_ssrd_strd_t2m_tp_u10_v10_2025_06.grib...
2026-03-13T10:22:11+0100 - multiurl.base - INFO - Downloading https://object-store.os-api.cci2.ecmwf.int:443/cci2-prod-cache-1/2026-03-12/7a38ef736052e9ee94faad5432bce1b4.grib
2026-03-13T10:22:19+0100 - era5land_to_datm.download - INFO - Results ready for remote with id be903017-6956-41f0-9068-61acad83f88d; downloading to /cluster/shared/noresm/inputdata/cicero_mods/ERA5-Land_NorSink/original_GRIB_NorwayRect/era5land_d2m_sp_ssrd_strd_t2m_tp_u10_v10_2025_05.grib...
2026-03-13T10:22:20+0100 - multiurl.base - INFO - Downloading https://object-store.os-api.cci2.ecmwf.int:443/cci2-prod-cache-2/2026-03-12/612f636874fe38d6d15e8dd7a1ef821d.grib
2026-03-13T10:22:28+0100 - era5land_to_datm.download - INFO - Results ready for remote with id f63704ea-a358-4723-8677-73f3f4c80b2a; downloading to /cluster/shared/noresm/inputdata/cicero_mods/ERA5-Land_NorSink/original_GRIB_NorwayRect/era5land_d2m_sp_ssrd_strd_t2m_tp_u10_v10_2025_04.grib...
2026-03-13T10:22:29+0100 - multiurl.base - INFO - Downloading https://object-store.os-api.cci2.ecmwf.int:443/cci2-prod-cache-3/2026-03-12/48a108ce786691d2a4ba95d0bc3a4a7d.grib
2026-03-13T10:22:40+0100 - era5land_to_datm.download - INFO - Results ready for remote with id c14ae479-278c-4a98-a936-fb29e9fdedee; downloading to /cluster/shared/noresm/inputdata/cicero_mods/ERA5-Land_NorSink/original_GRIB_NorwayRect/era5land_d2m_sp_ssrd_strd_t2m_tp_u10_v10_2025_03.grib...
2026-03-13T10:22:41+0100 - multiurl.base - INFO - Downloading https://object-store.os-api.cci2.ecmwf.int:443/cci2-prod-cache-1/2026-03-12/9a42ca2b19e1b6c1b1ba8bd486d748b5.grib
2026-03-13T10:23:28+0100 - era5land_to_datm.download - INFO - Results ready for remote with id 79749e24-3a68-4cc2-8987-3a7860dfbd5b; downloading to /cluster/shared/noresm/inputdata/cicero_mods/ERA5-Land_NorSink/original_GRIB_NorwayRect/era5land_d2m_sp_ssrd_strd_t2m_tp_u10_v10_2025_02.grib...
2026-03-13T10:23:29+0100 - multiurl.base - INFO - Downloading https://object-store.os-api.cci2.ecmwf.int:443/cci2-prod-cache-1/2026-03-12/24249a3437fac635e3b2af15ea086723.grib
2026-03-13T10:23:37+0100 - era5land_to_datm.download - INFO - Results ready for remote with id b46518d0-f76c-4531-9758-a9de05ad5446; downloading to /cluster/shared/noresm/inputdata/cicero_mods/ERA5-Land_NorSink/original_GRIB_NorwayRect/era5land_d2m_sp_ssrd_strd_t2m_tp_u10_v10_2025_01.grib...
2026-03-13T10:23:39+0100 - multiurl.base - INFO - Downloading https://object-store.os-api.cci2.ecmwf.int:443/cci2-prod-cache-1/2026-03-12/72ee62719e0d7ddac6ba0bcd5ccb7ae7.grib
2026-03-13T10:29:26+0100 - root - INFO - Deleting downloaded remotes...
2026-03-13T10:29:30+0100 - root - INFO - Deleting remotes for files already present locally...
2026-03-13T10:30:11+0100 - root - INFO - Deleting downloaded remotes...
2026-03-13T10:30:11+0100 - root - INFO - Deleting Remote with id e328c9d8-5c8f-4716-892b-541e1982449a for 2026-02 after downloading file /cluster/shared/noresm/inputdata/cicero_mods/ERA5-Land_NorSink/original_GRIB_NorwayRect/era5land_d2m_sp_ssrd_strd_t2m_tp_u10_v10_2026_02.grib...
2026-03-13T10:30:15+0100 - root - INFO - Deleting Remote with id f1f64a5f-2aa1-4c82-b6ee-7e79e05852ef for 2026-01 after downloading file /cluster/shared/noresm/inputdata/cicero_mods/ERA5-Land_NorSink/original_GRIB_NorwayRect/era5land_d2m_sp_ssrd_strd_t2m_tp_u10_v10_2026_01.grib...
2026-03-13T10:30:16+0100 - root - INFO - Deleting Remote with id e38a3ecb-b5af-4d0e-a762-6d6b45b28b10 for 2025-12 after downloading file /cluster/shared/noresm/inputdata/cicero_mods/ERA5-Land_NorSink/original_GRIB_NorwayRect/era5land_d2m_sp_ssrd_strd_t2m_tp_u10_v10_2025_12.grib...
2026-03-13T10:30:16+0100 - root - INFO - Deleting Remote with id 598e5830-de67-4130-a26f-9f3b430ddaf5 for 2025-11 after downloading file /cluster/shared/noresm/inputdata/cicero_mods/ERA5-Land_NorSink/original_GRIB_NorwayRect/era5land_d2m_sp_ssrd_strd_t2m_tp_u10_v10_2025_11.grib...
2026-03-13T10:30:17+0100 - root - INFO - Deleting Remote with id 383f47af-944b-4462-81f2-8b3a0b82f86a for 2025-10 after downloading file /cluster/shared/noresm/inputdata/cicero_mods/ERA5-Land_NorSink/original_GRIB_NorwayRect/era5land_d2m_sp_ssrd_strd_t2m_tp_u10_v10_2025_10.grib...
2026-03-13T10:30:17+0100 - root - INFO - Deleting Remote with id 99f638d3-5a53-4fed-ae50-3cbb3f5c9310 for 2025-09 after downloading file /cluster/shared/noresm/inputdata/cicero_mods/ERA5-Land_NorSink/original_GRIB_NorwayRect/era5land_d2m_sp_ssrd_strd_t2m_tp_u10_v10_2025_09.grib...
2026-03-13T10:30:18+0100 - root - INFO - Deleting Remote with id ed2932bd-9530-4767-852a-e8351db3fb8e for 2025-08 after downloading file /cluster/shared/noresm/inputdata/cicero_mods/ERA5-Land_NorSink/original_GRIB_NorwayRect/era5land_d2m_sp_ssrd_strd_t2m_tp_u10_v10_2025_08.grib...
2026-03-13T10:30:19+0100 - root - INFO - Deleting Remote with id 6c2e6ea5-dc9d-45fb-9e0c-c8214bf488b9 for 2025-07 after downloading file /cluster/shared/noresm/inputdata/cicero_mods/ERA5-Land_NorSink/original_GRIB_NorwayRect/era5land_d2m_sp_ssrd_strd_t2m_tp_u10_v10_2025_07.grib...
2026-03-13T10:30:19+0100 - root - INFO - Deleting Remote with id c6cd5674-5d0e-48a1-a9fb-a0340841376b for 2025-06 after downloading file /cluster/shared/noresm/inputdata/cicero_mods/ERA5-Land_NorSink/original_GRIB_NorwayRect/era5land_d2m_sp_ssrd_strd_t2m_tp_u10_v10_2025_06.grib...
2026-03-13T10:30:20+0100 - root - INFO - Deleting Remote with id be903017-6956-41f0-9068-61acad83f88d for 2025-05 after downloading file /cluster/shared/noresm/inputdata/cicero_mods/ERA5-Land_NorSink/original_GRIB_NorwayRect/era5land_d2m_sp_ssrd_strd_t2m_tp_u10_v10_2025_05.grib...
2026-03-13T10:30:20+0100 - root - INFO - Deleting Remote with id f63704ea-a358-4723-8677-73f3f4c80b2a for 2025-04 after downloading file /cluster/shared/noresm/inputdata/cicero_mods/ERA5-Land_NorSink/original_GRIB_NorwayRect/era5land_d2m_sp_ssrd_strd_t2m_tp_u10_v10_2025_04.grib...
2026-03-13T10:30:21+0100 - root - INFO - Deleting Remote with id c14ae479-278c-4a98-a936-fb29e9fdedee for 2025-03 after downloading file /cluster/shared/noresm/inputdata/cicero_mods/ERA5-Land_NorSink/original_GRIB_NorwayRect/era5land_d2m_sp_ssrd_strd_t2m_tp_u10_v10_2025_03.grib...
2026-03-13T10:30:22+0100 - root - INFO - Deleting Remote with id 79749e24-3a68-4cc2-8987-3a7860dfbd5b for 2025-02 after downloading file /cluster/shared/noresm/inputdata/cicero_mods/ERA5-Land_NorSink/original_GRIB_NorwayRect/era5land_d2m_sp_ssrd_strd_t2m_tp_u10_v10_2025_02.grib...
2026-03-13T10:30:22+0100 - root - INFO - Deleting Remote with id b46518d0-f76c-4531-9758-a9de05ad5446 for 2025-01 after downloading file /cluster/shared/noresm/inputdata/cicero_mods/ERA5-Land_NorSink/original_GRIB_NorwayRect/era5land_d2m_sp_ssrd_strd_t2m_tp_u10_v10_2025_01.grib...
2026-03-13T10:30:35+0100 - root - INFO - Deleting remotes for files already present locally...
