2026-03-12T23:22:54+0100 - root - INFO - Logger initialized.
2026-03-12T23:22:54+0100 - root - INFO - Logging to file: /cluster/projects/nn9188k/janko/src/repos/era5land_to_datm/notebooks/era5land_to_datm_script_20260312T222254.log
2026-03-12T23:24:20+0100 - era5land_to_datm.requests - INFO - Submitting request for year=2025, month=01...
2026-03-12T23:24:20+0100 - ecmwf.datastores.processing - INFO - [2025-12-11T00:00:00] Please note that a dedicated catalogue entry for this dataset, post-processed and stored in Analysis Ready Cloud Optimized (ARCO) format (Zarr), is available for optimised time-series retrievals (i.e. for retrieving data from selected variables for a single point over an extended period of time in an efficient way). You can discover it [here](https://cds.climate.copernicus.eu/datasets/reanalysis-era5-land-timeseries?tab=overview)
2026-03-12T23:24:20+0100 - ecmwf.datastores.processing - INFO - Request ID is b46518d0-f76c-4531-9758-a9de05ad5446
2026-03-12T23:24:21+0100 - ecmwf.datastores.processing - INFO - status has been updated to accepted
2026-03-12T23:24:21+0100 - era5land_to_datm.requests - INFO - Request submitted with ID b46518d0-f76c-4531-9758-a9de05ad5446, status accepted.
2026-03-12T23:24:21+0100 - era5land_to_datm.requests - INFO - Waiting 3.0 seconds before next request...
2026-03-12T23:24:24+0100 - era5land_to_datm.requests - INFO - Submitting request for year=2025, month=02...
2026-03-12T23:24:24+0100 - ecmwf.datastores.processing - INFO - [2025-12-11T00:00:00] Please note that a dedicated catalogue entry for this dataset, post-processed and stored in Analysis Ready Cloud Optimized (ARCO) format (Zarr), is available for optimised time-series retrievals (i.e. for retrieving data from selected variables for a single point over an extended period of time in an efficient way). You can discover it [here](https://cds.climate.copernicus.eu/datasets/reanalysis-era5-land-timeseries?tab=overview)
2026-03-12T23:24:24+0100 - ecmwf.datastores.processing - INFO - Request ID is 79749e24-3a68-4cc2-8987-3a7860dfbd5b
2026-03-12T23:24:24+0100 - ecmwf.datastores.processing - INFO - status has been updated to accepted
2026-03-12T23:24:24+0100 - era5land_to_datm.requests - INFO - Request submitted with ID 79749e24-3a68-4cc2-8987-3a7860dfbd5b, status accepted.
2026-03-12T23:24:24+0100 - era5land_to_datm.requests - INFO - Waiting 3.0 seconds before next request...
2026-03-12T23:24:27+0100 - era5land_to_datm.requests - INFO - Submitting request for year=2025, month=03...
2026-03-12T23:24:27+0100 - ecmwf.datastores.processing - INFO - [2025-12-11T00:00:00] Please note that a dedicated catalogue entry for this dataset, post-processed and stored in Analysis Ready Cloud Optimized (ARCO) format (Zarr), is available for optimised time-series retrievals (i.e. for retrieving data from selected variables for a single point over an extended period of time in an efficient way). You can discover it [here](https://cds.climate.copernicus.eu/datasets/reanalysis-era5-land-timeseries?tab=overview)
2026-03-12T23:24:27+0100 - ecmwf.datastores.processing - INFO - Request ID is c14ae479-278c-4a98-a936-fb29e9fdedee
2026-03-12T23:24:27+0100 - ecmwf.datastores.processing - INFO - status has been updated to accepted
2026-03-12T23:24:27+0100 - era5land_to_datm.requests - INFO - Request submitted with ID c14ae479-278c-4a98-a936-fb29e9fdedee, status accepted.
2026-03-12T23:24:27+0100 - era5land_to_datm.requests - INFO - Waiting 3.0 seconds before next request...
2026-03-12T23:24:30+0100 - era5land_to_datm.requests - INFO - Submitting request for year=2025, month=04...
2026-03-12T23:24:31+0100 - ecmwf.datastores.processing - INFO - [2025-12-11T00:00:00] Please note that a dedicated catalogue entry for this dataset, post-processed and stored in Analysis Ready Cloud Optimized (ARCO) format (Zarr), is available for optimised time-series retrievals (i.e. for retrieving data from selected variables for a single point over an extended period of time in an efficient way). You can discover it [here](https://cds.climate.copernicus.eu/datasets/reanalysis-era5-land-timeseries?tab=overview)
2026-03-12T23:24:31+0100 - ecmwf.datastores.processing - INFO - Request ID is f63704ea-a358-4723-8677-73f3f4c80b2a
2026-03-12T23:24:31+0100 - ecmwf.datastores.processing - INFO - status has been updated to accepted
2026-03-12T23:24:31+0100 - era5land_to_datm.requests - INFO - Request submitted with ID f63704ea-a358-4723-8677-73f3f4c80b2a, status accepted.
2026-03-12T23:24:31+0100 - era5land_to_datm.requests - INFO - Waiting 3.0 seconds before next request...
2026-03-12T23:24:34+0100 - era5land_to_datm.requests - INFO - Submitting request for year=2025, month=05...
2026-03-12T23:24:34+0100 - ecmwf.datastores.processing - INFO - [2025-12-11T00:00:00] Please note that a dedicated catalogue entry for this dataset, post-processed and stored in Analysis Ready Cloud Optimized (ARCO) format (Zarr), is available for optimised time-series retrievals (i.e. for retrieving data from selected variables for a single point over an extended period of time in an efficient way). You can discover it [here](https://cds.climate.copernicus.eu/datasets/reanalysis-era5-land-timeseries?tab=overview)
2026-03-12T23:24:34+0100 - ecmwf.datastores.processing - INFO - Request ID is be903017-6956-41f0-9068-61acad83f88d
2026-03-12T23:24:34+0100 - ecmwf.datastores.processing - INFO - status has been updated to accepted
2026-03-12T23:24:34+0100 - era5land_to_datm.requests - INFO - Request submitted with ID be903017-6956-41f0-9068-61acad83f88d, status accepted.
2026-03-12T23:24:34+0100 - era5land_to_datm.requests - INFO - Waiting 3.0 seconds before next request...
2026-03-12T23:24:37+0100 - era5land_to_datm.requests - INFO - Submitting request for year=2025, month=06...
2026-03-12T23:24:38+0100 - ecmwf.datastores.processing - INFO - [2025-12-11T00:00:00] Please note that a dedicated catalogue entry for this dataset, post-processed and stored in Analysis Ready Cloud Optimized (ARCO) format (Zarr), is available for optimised time-series retrievals (i.e. for retrieving data from selected variables for a single point over an extended period of time in an efficient way). You can discover it [here](https://cds.climate.copernicus.eu/datasets/reanalysis-era5-land-timeseries?tab=overview)
2026-03-12T23:24:38+0100 - ecmwf.datastores.processing - INFO - Request ID is c6cd5674-5d0e-48a1-a9fb-a0340841376b
2026-03-12T23:24:38+0100 - ecmwf.datastores.processing - INFO - status has been updated to accepted
2026-03-12T23:24:38+0100 - era5land_to_datm.requests - INFO - Request submitted with ID c6cd5674-5d0e-48a1-a9fb-a0340841376b, status accepted.
2026-03-12T23:24:38+0100 - era5land_to_datm.requests - INFO - Waiting 3.0 seconds before next request...
2026-03-12T23:24:41+0100 - era5land_to_datm.requests - INFO - Submitting request for year=2025, month=07...
2026-03-12T23:24:41+0100 - ecmwf.datastores.processing - INFO - [2025-12-11T00:00:00] Please note that a dedicated catalogue entry for this dataset, post-processed and stored in Analysis Ready Cloud Optimized (ARCO) format (Zarr), is available for optimised time-series retrievals (i.e. for retrieving data from selected variables for a single point over an extended period of time in an efficient way). You can discover it [here](https://cds.climate.copernicus.eu/datasets/reanalysis-era5-land-timeseries?tab=overview)
2026-03-12T23:24:41+0100 - ecmwf.datastores.processing - INFO - Request ID is 6c2e6ea5-dc9d-45fb-9e0c-c8214bf488b9
2026-03-12T23:24:41+0100 - ecmwf.datastores.processing - INFO - status has been updated to accepted
2026-03-12T23:24:41+0100 - era5land_to_datm.requests - INFO - Request submitted with ID 6c2e6ea5-dc9d-45fb-9e0c-c8214bf488b9, status accepted.
2026-03-12T23:24:41+0100 - era5land_to_datm.requests - INFO - Waiting 3.0 seconds before next request...
2026-03-12T23:24:44+0100 - era5land_to_datm.requests - INFO - Submitting request for year=2025, month=08...
2026-03-12T23:24:45+0100 - ecmwf.datastores.processing - INFO - [2025-12-11T00:00:00] Please note that a dedicated catalogue entry for this dataset, post-processed and stored in Analysis Ready Cloud Optimized (ARCO) format (Zarr), is available for optimised time-series retrievals (i.e. for retrieving data from selected variables for a single point over an extended period of time in an efficient way). You can discover it [here](https://cds.climate.copernicus.eu/datasets/reanalysis-era5-land-timeseries?tab=overview)
2026-03-12T23:24:45+0100 - ecmwf.datastores.processing - INFO - Request ID is ed2932bd-9530-4767-852a-e8351db3fb8e
2026-03-12T23:24:45+0100 - ecmwf.datastores.processing - INFO - status has been updated to accepted
2026-03-12T23:24:45+0100 - era5land_to_datm.requests - INFO - Request submitted with ID ed2932bd-9530-4767-852a-e8351db3fb8e, status accepted.
2026-03-12T23:24:45+0100 - era5land_to_datm.requests - INFO - Waiting 3.0 seconds before next request...
2026-03-12T23:24:48+0100 - era5land_to_datm.requests - INFO - Submitting request for year=2025, month=09...
2026-03-12T23:24:48+0100 - ecmwf.datastores.processing - INFO - [2025-12-11T00:00:00] Please note that a dedicated catalogue entry for this dataset, post-processed and stored in Analysis Ready Cloud Optimized (ARCO) format (Zarr), is available for optimised time-series retrievals (i.e. for retrieving data from selected variables for a single point over an extended period of time in an efficient way). You can discover it [here](https://cds.climate.copernicus.eu/datasets/reanalysis-era5-land-timeseries?tab=overview)
2026-03-12T23:24:48+0100 - ecmwf.datastores.processing - INFO - Request ID is 99f638d3-5a53-4fed-ae50-3cbb3f5c9310
2026-03-12T23:24:48+0100 - ecmwf.datastores.processing - INFO - status has been updated to accepted
2026-03-12T23:24:48+0100 - era5land_to_datm.requests - INFO - Request submitted with ID 99f638d3-5a53-4fed-ae50-3cbb3f5c9310, status accepted.
2026-03-12T23:24:48+0100 - era5land_to_datm.requests - INFO - Waiting 3.0 seconds before next request...
2026-03-12T23:24:51+0100 - era5land_to_datm.requests - INFO - Submitting request for year=2025, month=10...
2026-03-12T23:24:51+0100 - ecmwf.datastores.processing - INFO - [2025-12-11T00:00:00] Please note that a dedicated catalogue entry for this dataset, post-processed and stored in Analysis Ready Cloud Optimized (ARCO) format (Zarr), is available for optimised time-series retrievals (i.e. for retrieving data from selected variables for a single point over an extended period of time in an efficient way). You can discover it [here](https://cds.climate.copernicus.eu/datasets/reanalysis-era5-land-timeseries?tab=overview)
2026-03-12T23:24:51+0100 - ecmwf.datastores.processing - INFO - Request ID is 383f47af-944b-4462-81f2-8b3a0b82f86a
2026-03-12T23:24:52+0100 - ecmwf.datastores.processing - INFO - status has been updated to accepted
2026-03-12T23:24:52+0100 - era5land_to_datm.requests - INFO - Request submitted with ID 383f47af-944b-4462-81f2-8b3a0b82f86a, status accepted.
2026-03-12T23:24:52+0100 - era5land_to_datm.requests - INFO - Waiting 3.0 seconds before next request...
2026-03-12T23:24:55+0100 - era5land_to_datm.requests - INFO - Submitting request for year=2025, month=11...
2026-03-12T23:24:55+0100 - ecmwf.datastores.processing - INFO - [2025-12-11T00:00:00] Please note that a dedicated catalogue entry for this dataset, post-processed and stored in Analysis Ready Cloud Optimized (ARCO) format (Zarr), is available for optimised time-series retrievals (i.e. for retrieving data from selected variables for a single point over an extended period of time in an efficient way). You can discover it [here](https://cds.climate.copernicus.eu/datasets/reanalysis-era5-land-timeseries?tab=overview)
2026-03-12T23:24:55+0100 - ecmwf.datastores.processing - INFO - Request ID is 598e5830-de67-4130-a26f-9f3b430ddaf5
2026-03-12T23:24:55+0100 - ecmwf.datastores.processing - INFO - status has been updated to accepted
2026-03-12T23:24:55+0100 - era5land_to_datm.requests - INFO - Request submitted with ID 598e5830-de67-4130-a26f-9f3b430ddaf5, status accepted.
2026-03-12T23:24:55+0100 - era5land_to_datm.requests - INFO - Waiting 3.0 seconds before next request...
2026-03-12T23:24:58+0100 - era5land_to_datm.requests - INFO - Submitting request for year=2025, month=12...
2026-03-12T23:24:58+0100 - ecmwf.datastores.processing - INFO - [2025-12-11T00:00:00] Please note that a dedicated catalogue entry for this dataset, post-processed and stored in Analysis Ready Cloud Optimized (ARCO) format (Zarr), is available for optimised time-series retrievals (i.e. for retrieving data from selected variables for a single point over an extended period of time in an efficient way). You can discover it [here](https://cds.climate.copernicus.eu/datasets/reanalysis-era5-land-timeseries?tab=overview)
2026-03-12T23:24:58+0100 - ecmwf.datastores.processing - INFO - Request ID is e38a3ecb-b5af-4d0e-a762-6d6b45b28b10
2026-03-12T23:24:58+0100 - ecmwf.datastores.processing - INFO - status has been updated to accepted
2026-03-12T23:24:58+0100 - era5land_to_datm.requests - INFO - Request submitted with ID e38a3ecb-b5af-4d0e-a762-6d6b45b28b10, status accepted.
2026-03-12T23:24:58+0100 - era5land_to_datm.requests - INFO - Waiting 3.0 seconds before next request...
2026-03-12T23:25:01+0100 - era5land_to_datm.requests - INFO - Submitting request for year=2026, month=01...
2026-03-12T23:25:01+0100 - ecmwf.datastores.processing - INFO - [2025-12-11T00:00:00] Please note that a dedicated catalogue entry for this dataset, post-processed and stored in Analysis Ready Cloud Optimized (ARCO) format (Zarr), is available for optimised time-series retrievals (i.e. for retrieving data from selected variables for a single point over an extended period of time in an efficient way). You can discover it [here](https://cds.climate.copernicus.eu/datasets/reanalysis-era5-land-timeseries?tab=overview)
2026-03-12T23:25:01+0100 - ecmwf.datastores.processing - INFO - Request ID is f1f64a5f-2aa1-4c82-b6ee-7e79e05852ef
2026-03-12T23:25:01+0100 - ecmwf.datastores.processing - INFO - status has been updated to accepted
2026-03-12T23:25:01+0100 - era5land_to_datm.requests - INFO - Request submitted with ID f1f64a5f-2aa1-4c82-b6ee-7e79e05852ef, status accepted.
