2025-11-30T19:56:14+0100 - root - INFO - Logger initialized.
2025-11-30T19:56:14+0100 - root - INFO - Logging to file: /cluster/home/janko/src/era5land_to_datm/scripts/era5land_to_datm_script_20251130T185614.log
2025-11-30T19:57:00+0100 - era5land_to_datm.download - INFO - Submitting request for year=2000, month=02...
2025-11-30T19:57:00+0100 - ecmwf.datastores.processing - INFO - Request ID is 0a6aaa02-67a9-4be8-ba53-cc2ca92b6a07
2025-11-30T19:57:00+0100 - ecmwf.datastores.processing - INFO - status has been updated to accepted
2025-11-30T19:57:00+0100 - era5land_to_datm.download - INFO - Request submitted with ID 0a6aaa02-67a9-4be8-ba53-cc2ca92b6a07, status accepted.
2025-11-30T19:57:00+0100 - era5land_to_datm.download - INFO - Waiting 3.0 seconds before next request...
2025-11-30T19:57:03+0100 - era5land_to_datm.download - INFO - Submitting request for year=2000, month=03...
2025-11-30T19:57:03+0100 - ecmwf.datastores.processing - INFO - Request ID is 1a41d618-3b85-4995-88cf-6c085e3d1087
2025-11-30T19:57:04+0100 - ecmwf.datastores.processing - INFO - status has been updated to accepted
2025-11-30T19:57:04+0100 - era5land_to_datm.download - INFO - Request submitted with ID 1a41d618-3b85-4995-88cf-6c085e3d1087, status accepted.
2025-11-30T19:57:04+0100 - era5land_to_datm.download - INFO - Waiting 3.0 seconds before next request...
2025-11-30T19:57:07+0100 - era5land_to_datm.download - INFO - Submitting request for year=2001, month=02...
2025-11-30T19:57:07+0100 - ecmwf.datastores.processing - INFO - Request ID is a9538d08-1824-4947-b26c-5cd93bda35a8
2025-11-30T19:57:07+0100 - ecmwf.datastores.processing - INFO - status has been updated to accepted
2025-11-30T19:57:07+0100 - era5land_to_datm.download - INFO - Request submitted with ID a9538d08-1824-4947-b26c-5cd93bda35a8, status accepted.
2025-11-30T19:57:07+0100 - era5land_to_datm.download - INFO - Waiting 3.0 seconds before next request...
2025-11-30T19:57:10+0100 - era5land_to_datm.download - INFO - Submitting request for year=2001, month=03...
2025-11-30T19:57:10+0100 - ecmwf.datastores.processing - INFO - Request ID is 3d72cdc9-1f96-4d04-b978-97a31f50f44f
2025-11-30T19:57:10+0100 - ecmwf.datastores.processing - INFO - status has been updated to accepted
2025-11-30T19:57:10+0100 - era5land_to_datm.download - INFO - Request submitted with ID 3d72cdc9-1f96-4d04-b978-97a31f50f44f, status accepted.
2025-11-30T23:24:18+0100 - ecmwf.datastores.processing - INFO - status has been updated to successful
2025-11-30T23:24:18+0100 - ecmwf.datastores.processing - INFO - status has been updated to successful
2025-11-30T23:24:18+0100 - ecmwf.datastores.processing - INFO - status has been updated to successful
2025-11-30T23:24:18+0100 - ecmwf.datastores.processing - INFO - status has been updated to successful
