2025-12-08T11:44:43+0100 - root - INFO - Logger initialized.
2025-12-08T11:44:43+0100 - root - INFO - Logging to file: /cluster/home/janko/src/era5land_to_datm/scripts/era5land_to_datm_script_20251208T104443.log
2025-12-08T11:46:12+0100 - ecmwf.datastores.processing - INFO - [2025-12-03T00:00:00Z] To improve our C3S service, we need to hear from you! Please complete this very short [survey](https://confluence.ecmwf.int/x/E7uBEQ/). Thank you.
2025-12-08T11:46:12+0100 - era5land_to_datm.requests - INFO - Submitting request for year=2021, month=01...
2025-12-08T11:46:12+0100 - ecmwf.datastores.processing - INFO - Request ID is 2823e6e1-2391-4dfd-b89c-37ee9ef3c1bd
2025-12-08T11:46:12+0100 - ecmwf.datastores.processing - INFO - status has been updated to accepted
2025-12-08T11:46:12+0100 - era5land_to_datm.requests - INFO - Request submitted with ID 2823e6e1-2391-4dfd-b89c-37ee9ef3c1bd, status accepted.
2025-12-08T11:46:12+0100 - era5land_to_datm.requests - INFO - Waiting 3.0 seconds before next request...
2025-12-08T11:46:15+0100 - era5land_to_datm.requests - INFO - Submitting request for year=2021, month=02...
2025-12-08T11:46:15+0100 - ecmwf.datastores.processing - INFO - Request ID is 99889689-e81b-4604-a62d-ae9708f13f44
2025-12-08T11:46:15+0100 - ecmwf.datastores.processing - INFO - status has been updated to accepted
2025-12-08T11:46:15+0100 - era5land_to_datm.requests - INFO - Request submitted with ID 99889689-e81b-4604-a62d-ae9708f13f44, status accepted.
2025-12-08T11:46:15+0100 - era5land_to_datm.requests - INFO - Waiting 3.0 seconds before next request...
2025-12-08T11:46:18+0100 - era5land_to_datm.requests - INFO - Submitting request for year=2021, month=03...
2025-12-08T11:46:19+0100 - ecmwf.datastores.processing - INFO - Request ID is 3ffed25e-458a-43f2-87d3-8d05106375ea
2025-12-08T11:46:19+0100 - ecmwf.datastores.processing - INFO - status has been updated to accepted
2025-12-08T11:46:19+0100 - era5land_to_datm.requests - INFO - Request submitted with ID 3ffed25e-458a-43f2-87d3-8d05106375ea, status accepted.
2025-12-08T11:46:19+0100 - era5land_to_datm.requests - INFO - Waiting 3.0 seconds before next request...
2025-12-08T11:46:22+0100 - era5land_to_datm.requests - INFO - Submitting request for year=2021, month=04...
2025-12-08T11:46:22+0100 - ecmwf.datastores.processing - INFO - Request ID is 026d5bcb-0165-4272-8f1b-0565a444079c
2025-12-08T11:46:22+0100 - ecmwf.datastores.processing - INFO - status has been updated to accepted
2025-12-08T11:46:22+0100 - era5land_to_datm.requests - INFO - Request submitted with ID 026d5bcb-0165-4272-8f1b-0565a444079c, status accepted.
2025-12-08T11:46:22+0100 - era5land_to_datm.requests - INFO - Waiting 3.0 seconds before next request...
2025-12-08T11:46:25+0100 - era5land_to_datm.requests - INFO - Submitting request for year=2021, month=05...
2025-12-08T11:46:25+0100 - ecmwf.datastores.processing - INFO - Request ID is 942b7051-6799-4a52-850c-eb7b3c94a67f
2025-12-08T11:46:25+0100 - ecmwf.datastores.processing - INFO - status has been updated to accepted
2025-12-08T11:46:25+0100 - era5land_to_datm.requests - INFO - Request submitted with ID 942b7051-6799-4a52-850c-eb7b3c94a67f, status accepted.
2025-12-08T11:46:25+0100 - era5land_to_datm.requests - INFO - Waiting 3.0 seconds before next request...
2025-12-08T11:46:28+0100 - era5land_to_datm.requests - INFO - Submitting request for year=2021, month=06...
2025-12-08T11:46:29+0100 - ecmwf.datastores.processing - INFO - Request ID is cb3c8e32-7c9e-4e39-9715-b35622a6de47
2025-12-08T11:46:29+0100 - ecmwf.datastores.processing - INFO - status has been updated to accepted
2025-12-08T11:46:29+0100 - era5land_to_datm.requests - INFO - Request submitted with ID cb3c8e32-7c9e-4e39-9715-b35622a6de47, status accepted.
2025-12-08T11:46:29+0100 - era5land_to_datm.requests - INFO - Waiting 3.0 seconds before next request...
2025-12-08T11:46:32+0100 - era5land_to_datm.requests - INFO - Submitting request for year=2021, month=07...
2025-12-08T11:46:32+0100 - ecmwf.datastores.processing - INFO - Request ID is b2bf7c80-9807-4c72-8d3a-613e3b9ffb16
2025-12-08T11:46:32+0100 - ecmwf.datastores.processing - INFO - status has been updated to accepted
2025-12-08T11:46:32+0100 - era5land_to_datm.requests - INFO - Request submitted with ID b2bf7c80-9807-4c72-8d3a-613e3b9ffb16, status accepted.
2025-12-08T11:46:32+0100 - era5land_to_datm.requests - INFO - Waiting 3.0 seconds before next request...
2025-12-08T11:46:35+0100 - era5land_to_datm.requests - INFO - Submitting request for year=2021, month=08...
2025-12-08T11:46:35+0100 - ecmwf.datastores.processing - INFO - Request ID is 6379ea6a-e629-4d4b-8e22-a1649ad08cc9
2025-12-08T11:46:35+0100 - ecmwf.datastores.processing - INFO - status has been updated to accepted
2025-12-08T11:46:35+0100 - era5land_to_datm.requests - INFO - Request submitted with ID 6379ea6a-e629-4d4b-8e22-a1649ad08cc9, status accepted.
2025-12-08T11:46:35+0100 - era5land_to_datm.requests - INFO - Waiting 3.0 seconds before next request...
2025-12-08T11:46:38+0100 - era5land_to_datm.requests - INFO - Submitting request for year=2021, month=09...
2025-12-08T11:46:39+0100 - ecmwf.datastores.processing - INFO - Request ID is b5b67997-8864-40cd-a5de-04eb48f1ff29
2025-12-08T11:46:39+0100 - ecmwf.datastores.processing - INFO - status has been updated to accepted
2025-12-08T11:46:39+0100 - era5land_to_datm.requests - INFO - Request submitted with ID b5b67997-8864-40cd-a5de-04eb48f1ff29, status accepted.
2025-12-08T11:46:39+0100 - era5land_to_datm.requests - INFO - Waiting 3.0 seconds before next request...
2025-12-08T11:46:42+0100 - era5land_to_datm.requests - INFO - Submitting request for year=2021, month=10...
2025-12-08T11:46:43+0100 - ecmwf.datastores.processing - INFO - Request ID is 7181b9e3-fc0c-4c04-aece-2bff457a50f7
2025-12-08T11:46:43+0100 - ecmwf.datastores.processing - INFO - status has been updated to accepted
2025-12-08T11:46:43+0100 - era5land_to_datm.requests - INFO - Request submitted with ID 7181b9e3-fc0c-4c04-aece-2bff457a50f7, status accepted.
2025-12-08T11:46:43+0100 - era5land_to_datm.requests - INFO - Waiting 3.0 seconds before next request...
2025-12-08T11:46:46+0100 - era5land_to_datm.requests - INFO - Submitting request for year=2021, month=11...
2025-12-08T11:46:46+0100 - ecmwf.datastores.processing - INFO - Request ID is 1318e752-a1e7-4849-93f2-19e46e54addf
2025-12-08T11:46:46+0100 - ecmwf.datastores.processing - INFO - status has been updated to accepted
2025-12-08T11:46:46+0100 - era5land_to_datm.requests - INFO - Request submitted with ID 1318e752-a1e7-4849-93f2-19e46e54addf, status accepted.
2025-12-08T11:46:46+0100 - era5land_to_datm.requests - INFO - Waiting 3.0 seconds before next request...
2025-12-08T11:46:49+0100 - era5land_to_datm.requests - INFO - Submitting request for year=2021, month=12...
2025-12-08T11:46:50+0100 - ecmwf.datastores.processing - INFO - Request ID is 3b534d85-66a9-4514-abab-49bc06e03661
2025-12-08T11:46:50+0100 - ecmwf.datastores.processing - INFO - status has been updated to accepted
2025-12-08T11:46:50+0100 - era5land_to_datm.requests - INFO - Request submitted with ID 3b534d85-66a9-4514-abab-49bc06e03661, status accepted.
2025-12-08T11:46:50+0100 - era5land_to_datm.requests - INFO - Waiting 3.0 seconds before next request...
2025-12-08T11:46:53+0100 - era5land_to_datm.requests - INFO - Submitting request for year=2022, month=01...
2025-12-08T11:46:53+0100 - ecmwf.datastores.processing - INFO - Request ID is 90e764a0-3bf6-4473-a76b-530e48bebce7
2025-12-08T11:46:53+0100 - ecmwf.datastores.processing - INFO - status has been updated to accepted
2025-12-08T11:46:53+0100 - era5land_to_datm.requests - INFO - Request submitted with ID 90e764a0-3bf6-4473-a76b-530e48bebce7, status accepted.
2025-12-08T11:46:53+0100 - era5land_to_datm.requests - INFO - Waiting 3.0 seconds before next request...
2025-12-08T11:46:56+0100 - era5land_to_datm.requests - INFO - Submitting request for year=2022, month=02...
2025-12-08T11:46:56+0100 - ecmwf.datastores.processing - INFO - Request ID is b48683da-8394-4f64-ae43-4e89fed85c95
2025-12-08T11:46:56+0100 - ecmwf.datastores.processing - INFO - status has been updated to accepted
2025-12-08T11:46:56+0100 - era5land_to_datm.requests - INFO - Request submitted with ID b48683da-8394-4f64-ae43-4e89fed85c95, status accepted.
2025-12-08T11:46:56+0100 - era5land_to_datm.requests - INFO - Waiting 3.0 seconds before next request...
2025-12-08T11:46:59+0100 - era5land_to_datm.requests - INFO - Submitting request for year=2022, month=03...
2025-12-08T11:47:00+0100 - ecmwf.datastores.processing - INFO - Request ID is 3890c7c0-369b-4360-8b82-782957fb4b4c
2025-12-08T11:47:00+0100 - ecmwf.datastores.processing - INFO - status has been updated to accepted
2025-12-08T11:47:00+0100 - era5land_to_datm.requests - INFO - Request submitted with ID 3890c7c0-369b-4360-8b82-782957fb4b4c, status accepted.
2025-12-08T11:47:00+0100 - era5land_to_datm.requests - INFO - Waiting 3.0 seconds before next request...
2025-12-08T11:47:03+0100 - era5land_to_datm.requests - INFO - Submitting request for year=2022, month=04...
2025-12-08T11:47:03+0100 - ecmwf.datastores.processing - INFO - Request ID is 04d6304c-9541-44da-ba8b-7f40ea591587
2025-12-08T11:47:03+0100 - ecmwf.datastores.processing - INFO - status has been updated to accepted
2025-12-08T11:47:03+0100 - era5land_to_datm.requests - INFO - Request submitted with ID 04d6304c-9541-44da-ba8b-7f40ea591587, status accepted.
2025-12-08T11:47:03+0100 - era5land_to_datm.requests - INFO - Waiting 3.0 seconds before next request...
2025-12-08T11:47:06+0100 - era5land_to_datm.requests - INFO - Submitting request for year=2022, month=05...
2025-12-08T11:47:06+0100 - ecmwf.datastores.processing - INFO - Request ID is e9df3312-5aae-4cdc-99ea-13a0635c0a4d
2025-12-08T11:47:06+0100 - ecmwf.datastores.processing - INFO - status has been updated to accepted
2025-12-08T11:47:06+0100 - era5land_to_datm.requests - INFO - Request submitted with ID e9df3312-5aae-4cdc-99ea-13a0635c0a4d, status accepted.
2025-12-08T11:47:06+0100 - era5land_to_datm.requests - INFO - Waiting 3.0 seconds before next request...
2025-12-08T11:47:09+0100 - era5land_to_datm.requests - INFO - Submitting request for year=2022, month=06...
2025-12-08T11:47:09+0100 - ecmwf.datastores.processing - INFO - Request ID is 7467670b-f6d6-4410-b72d-48022c9ed9f7
2025-12-08T11:47:10+0100 - ecmwf.datastores.processing - INFO - status has been updated to accepted
2025-12-08T11:47:10+0100 - era5land_to_datm.requests - INFO - Request submitted with ID 7467670b-f6d6-4410-b72d-48022c9ed9f7, status accepted.
2025-12-08T11:47:10+0100 - era5land_to_datm.requests - INFO - Waiting 3.0 seconds before next request...
2025-12-08T11:47:13+0100 - era5land_to_datm.requests - INFO - Submitting request for year=2022, month=07...
2025-12-08T11:47:13+0100 - ecmwf.datastores.processing - INFO - Request ID is 61256159-e76e-46fa-9389-81862e573271
2025-12-08T11:47:13+0100 - ecmwf.datastores.processing - INFO - status has been updated to accepted
2025-12-08T11:47:13+0100 - era5land_to_datm.requests - INFO - Request submitted with ID 61256159-e76e-46fa-9389-81862e573271, status accepted.
2025-12-08T11:47:13+0100 - era5land_to_datm.requests - INFO - Waiting 3.0 seconds before next request...
2025-12-08T11:47:16+0100 - era5land_to_datm.requests - INFO - Submitting request for year=2022, month=08...
2025-12-08T11:47:16+0100 - ecmwf.datastores.processing - INFO - Request ID is 4b05ace6-1ffc-4bbe-847c-0ba778af0768
2025-12-08T11:47:16+0100 - ecmwf.datastores.processing - INFO - status has been updated to accepted
2025-12-08T11:47:16+0100 - era5land_to_datm.requests - INFO - Request submitted with ID 4b05ace6-1ffc-4bbe-847c-0ba778af0768, status accepted.
2025-12-08T11:47:16+0100 - era5land_to_datm.requests - INFO - Waiting 3.0 seconds before next request...
2025-12-08T11:47:19+0100 - era5land_to_datm.requests - INFO - Submitting request for year=2022, month=09...
2025-12-08T11:47:20+0100 - ecmwf.datastores.processing - INFO - Request ID is f3f9295d-b90e-4597-bf1b-94beb5d4b202
2025-12-08T11:47:20+0100 - ecmwf.datastores.processing - INFO - status has been updated to accepted
2025-12-08T11:47:20+0100 - era5land_to_datm.requests - INFO - Request submitted with ID f3f9295d-b90e-4597-bf1b-94beb5d4b202, status accepted.
2025-12-08T11:47:20+0100 - era5land_to_datm.requests - INFO - Waiting 3.0 seconds before next request...
2025-12-08T11:47:23+0100 - era5land_to_datm.requests - INFO - Submitting request for year=2022, month=10...
2025-12-08T11:47:23+0100 - ecmwf.datastores.processing - INFO - Request ID is 16c0ca8f-e8b2-4fc2-9705-e0cd2cdecb47
2025-12-08T11:47:23+0100 - ecmwf.datastores.processing - INFO - status has been updated to accepted
2025-12-08T11:47:23+0100 - era5land_to_datm.requests - INFO - Request submitted with ID 16c0ca8f-e8b2-4fc2-9705-e0cd2cdecb47, status accepted.
2025-12-08T11:47:23+0100 - era5land_to_datm.requests - INFO - Waiting 3.0 seconds before next request...
2025-12-08T11:47:26+0100 - era5land_to_datm.requests - INFO - Submitting request for year=2022, month=11...
2025-12-08T11:47:26+0100 - ecmwf.datastores.processing - INFO - Request ID is 9ce97d41-e76a-45f3-acec-39c6efd5d8a8
2025-12-08T11:47:26+0100 - ecmwf.datastores.processing - INFO - status has been updated to accepted
2025-12-08T11:47:26+0100 - era5land_to_datm.requests - INFO - Request submitted with ID 9ce97d41-e76a-45f3-acec-39c6efd5d8a8, status accepted.
2025-12-08T11:47:26+0100 - era5land_to_datm.requests - INFO - Waiting 3.0 seconds before next request...
2025-12-08T11:47:29+0100 - era5land_to_datm.requests - INFO - Submitting request for year=2022, month=12...
2025-12-08T11:47:29+0100 - ecmwf.datastores.processing - INFO - Request ID is 98b031af-2cc5-4358-b6eb-677113c65662
2025-12-08T11:47:30+0100 - ecmwf.datastores.processing - INFO - status has been updated to accepted
2025-12-08T11:47:30+0100 - era5land_to_datm.requests - INFO - Request submitted with ID 98b031af-2cc5-4358-b6eb-677113c65662, status accepted.
2025-12-08T11:47:30+0100 - era5land_to_datm.requests - INFO - Waiting 3.0 seconds before next request...
2025-12-08T11:47:33+0100 - era5land_to_datm.requests - INFO - Submitting request for year=2023, month=01...
2025-12-08T11:47:33+0100 - ecmwf.datastores.processing - INFO - Request ID is fdd54e38-6e2e-49ba-b5d5-b74dfd648db6
2025-12-08T11:47:33+0100 - ecmwf.datastores.processing - INFO - status has been updated to accepted
2025-12-08T11:47:33+0100 - era5land_to_datm.requests - INFO - Request submitted with ID fdd54e38-6e2e-49ba-b5d5-b74dfd648db6, status accepted.
2025-12-08T11:47:33+0100 - era5land_to_datm.requests - INFO - Waiting 3.0 seconds before next request...
2025-12-08T11:47:36+0100 - era5land_to_datm.requests - INFO - Submitting request for year=2023, month=02...
2025-12-08T11:47:36+0100 - ecmwf.datastores.processing - INFO - Request ID is 77ac1a5b-96ef-4413-b0cd-de3836963f46
2025-12-08T11:47:36+0100 - ecmwf.datastores.processing - INFO - status has been updated to accepted
2025-12-08T11:47:36+0100 - era5land_to_datm.requests - INFO - Request submitted with ID 77ac1a5b-96ef-4413-b0cd-de3836963f46, status accepted.
2025-12-08T11:47:36+0100 - era5land_to_datm.requests - INFO - Waiting 3.0 seconds before next request...
2025-12-08T11:47:39+0100 - era5land_to_datm.requests - INFO - Submitting request for year=2023, month=03...
2025-12-08T11:47:39+0100 - ecmwf.datastores.processing - INFO - Request ID is dd4ff22a-d3a6-46df-aed3-884ef6ec381a
2025-12-08T11:47:39+0100 - ecmwf.datastores.processing - INFO - status has been updated to accepted
2025-12-08T11:47:39+0100 - era5land_to_datm.requests - INFO - Request submitted with ID dd4ff22a-d3a6-46df-aed3-884ef6ec381a, status accepted.
2025-12-08T11:47:39+0100 - era5land_to_datm.requests - INFO - Waiting 3.0 seconds before next request...
2025-12-08T11:47:42+0100 - era5land_to_datm.requests - INFO - Submitting request for year=2023, month=04...
2025-12-08T11:47:43+0100 - ecmwf.datastores.processing - INFO - Request ID is 0cc0acda-5221-49d6-8240-d9b303e5bbb6
2025-12-08T11:47:43+0100 - ecmwf.datastores.processing - INFO - status has been updated to accepted
2025-12-08T11:47:43+0100 - era5land_to_datm.requests - INFO - Request submitted with ID 0cc0acda-5221-49d6-8240-d9b303e5bbb6, status accepted.
2025-12-08T11:47:43+0100 - era5land_to_datm.requests - INFO - Waiting 3.0 seconds before next request...
2025-12-08T11:47:46+0100 - era5land_to_datm.requests - INFO - Submitting request for year=2023, month=05...
2025-12-08T11:47:46+0100 - ecmwf.datastores.processing - INFO - Request ID is 71c3183c-570a-4dc6-8599-47d08c4b6038
2025-12-08T11:47:46+0100 - ecmwf.datastores.processing - INFO - status has been updated to accepted
2025-12-08T11:47:46+0100 - era5land_to_datm.requests - INFO - Request submitted with ID 71c3183c-570a-4dc6-8599-47d08c4b6038, status accepted.
2025-12-08T11:47:46+0100 - era5land_to_datm.requests - INFO - Waiting 3.0 seconds before next request...
2025-12-08T11:47:49+0100 - era5land_to_datm.requests - INFO - Submitting request for year=2023, month=06...
2025-12-08T11:47:49+0100 - ecmwf.datastores.processing - INFO - Request ID is cac114a4-a8fc-414f-bd6a-9f146f976c1e
2025-12-08T11:47:49+0100 - ecmwf.datastores.processing - INFO - status has been updated to accepted
2025-12-08T11:47:49+0100 - era5land_to_datm.requests - INFO - Request submitted with ID cac114a4-a8fc-414f-bd6a-9f146f976c1e, status accepted.
2025-12-08T11:47:49+0100 - era5land_to_datm.requests - INFO - Waiting 3.0 seconds before next request...
2025-12-08T11:47:52+0100 - era5land_to_datm.requests - INFO - Submitting request for year=2023, month=07...
2025-12-08T11:47:53+0100 - ecmwf.datastores.processing - INFO - Request ID is f03dd0e2-95bb-42ea-88af-f98700f8b3e0
2025-12-08T11:47:53+0100 - ecmwf.datastores.processing - INFO - status has been updated to accepted
2025-12-08T11:47:53+0100 - era5land_to_datm.requests - INFO - Request submitted with ID f03dd0e2-95bb-42ea-88af-f98700f8b3e0, status accepted.
2025-12-08T11:47:53+0100 - era5land_to_datm.requests - INFO - Waiting 3.0 seconds before next request...
2025-12-08T11:47:56+0100 - era5land_to_datm.requests - INFO - Submitting request for year=2023, month=08...
2025-12-08T11:47:56+0100 - ecmwf.datastores.processing - INFO - Request ID is 7042c933-0348-4211-90b7-b3dd6669123e
2025-12-08T11:47:56+0100 - ecmwf.datastores.processing - INFO - status has been updated to accepted
2025-12-08T11:47:56+0100 - era5land_to_datm.requests - INFO - Request submitted with ID 7042c933-0348-4211-90b7-b3dd6669123e, status accepted.
2025-12-08T11:47:56+0100 - era5land_to_datm.requests - INFO - Waiting 3.0 seconds before next request...
2025-12-08T11:47:59+0100 - era5land_to_datm.requests - INFO - Submitting request for year=2023, month=09...
2025-12-08T11:47:59+0100 - ecmwf.datastores.processing - INFO - Request ID is 4cea9c42-08d4-4aab-b80a-d24b15b719d5
2025-12-08T11:47:59+0100 - ecmwf.datastores.processing - INFO - status has been updated to accepted
2025-12-08T11:47:59+0100 - era5land_to_datm.requests - INFO - Request submitted with ID 4cea9c42-08d4-4aab-b80a-d24b15b719d5, status accepted.
2025-12-08T11:47:59+0100 - era5land_to_datm.requests - INFO - Waiting 3.0 seconds before next request...
2025-12-08T11:48:02+0100 - era5land_to_datm.requests - INFO - Submitting request for year=2023, month=10...
2025-12-08T11:48:03+0100 - ecmwf.datastores.processing - INFO - Request ID is 9dd76646-9239-45b5-9cac-f55dc1eeede2
2025-12-08T11:48:03+0100 - ecmwf.datastores.processing - INFO - status has been updated to accepted
2025-12-08T11:48:03+0100 - era5land_to_datm.requests - INFO - Request submitted with ID 9dd76646-9239-45b5-9cac-f55dc1eeede2, status accepted.
2025-12-08T11:48:03+0100 - era5land_to_datm.requests - INFO - Waiting 3.0 seconds before next request...
2025-12-08T11:48:06+0100 - era5land_to_datm.requests - INFO - Submitting request for year=2023, month=11...
2025-12-08T11:48:06+0100 - ecmwf.datastores.processing - INFO - Request ID is 084554e4-6f95-484d-8acd-994d6175215f
2025-12-08T11:48:06+0100 - ecmwf.datastores.processing - INFO - status has been updated to accepted
2025-12-08T11:48:06+0100 - era5land_to_datm.requests - INFO - Request submitted with ID 084554e4-6f95-484d-8acd-994d6175215f, status accepted.
2025-12-08T11:48:06+0100 - era5land_to_datm.requests - INFO - Waiting 3.0 seconds before next request...
2025-12-08T11:48:09+0100 - era5land_to_datm.requests - INFO - Submitting request for year=2023, month=12...
2025-12-08T11:48:09+0100 - ecmwf.datastores.processing - INFO - Request ID is b512a995-5012-469e-ba08-23af8e2c218a
2025-12-08T11:48:09+0100 - ecmwf.datastores.processing - INFO - status has been updated to accepted
2025-12-08T11:48:09+0100 - era5land_to_datm.requests - INFO - Request submitted with ID b512a995-5012-469e-ba08-23af8e2c218a, status accepted.
2025-12-08T11:48:09+0100 - era5land_to_datm.requests - INFO - Waiting 3.0 seconds before next request...
2025-12-08T11:48:12+0100 - era5land_to_datm.requests - INFO - Submitting request for year=2024, month=01...
2025-12-08T11:48:12+0100 - ecmwf.datastores.processing - INFO - Request ID is b8992239-8a21-468d-b438-ceb264156158
2025-12-08T11:48:12+0100 - ecmwf.datastores.processing - INFO - status has been updated to accepted
2025-12-08T11:48:12+0100 - era5land_to_datm.requests - INFO - Request submitted with ID b8992239-8a21-468d-b438-ceb264156158, status accepted.
2025-12-08T11:48:12+0100 - era5land_to_datm.requests - INFO - Waiting 3.0 seconds before next request...
2025-12-08T11:48:15+0100 - era5land_to_datm.requests - INFO - Submitting request for year=2024, month=02...
2025-12-08T11:48:16+0100 - ecmwf.datastores.processing - INFO - Request ID is afcf193b-c17c-48d6-adcb-9e1fda1c418c
2025-12-08T11:48:16+0100 - ecmwf.datastores.processing - INFO - status has been updated to accepted
2025-12-08T11:48:16+0100 - era5land_to_datm.requests - INFO - Request submitted with ID afcf193b-c17c-48d6-adcb-9e1fda1c418c, status accepted.
2025-12-08T11:48:16+0100 - era5land_to_datm.requests - INFO - Waiting 3.0 seconds before next request...
2025-12-08T11:48:19+0100 - era5land_to_datm.requests - INFO - Submitting request for year=2024, month=03...
2025-12-08T11:48:19+0100 - ecmwf.datastores.processing - INFO - Request ID is 7b181d36-8621-44bd-b351-bc0eb47d8a36
2025-12-08T11:48:19+0100 - ecmwf.datastores.processing - INFO - status has been updated to accepted
2025-12-08T11:48:19+0100 - era5land_to_datm.requests - INFO - Request submitted with ID 7b181d36-8621-44bd-b351-bc0eb47d8a36, status accepted.
2025-12-08T11:48:19+0100 - era5land_to_datm.requests - INFO - Waiting 3.0 seconds before next request...
2025-12-08T11:48:22+0100 - era5land_to_datm.requests - INFO - Submitting request for year=2024, month=04...
2025-12-08T11:48:22+0100 - ecmwf.datastores.processing - INFO - Request ID is eba27327-89a9-44ae-8bcf-7167b3916522
2025-12-08T11:48:22+0100 - ecmwf.datastores.processing - INFO - status has been updated to accepted
2025-12-08T11:48:22+0100 - era5land_to_datm.requests - INFO - Request submitted with ID eba27327-89a9-44ae-8bcf-7167b3916522, status accepted.
2025-12-08T11:48:22+0100 - era5land_to_datm.requests - INFO - Waiting 3.0 seconds before next request...
2025-12-08T11:48:25+0100 - era5land_to_datm.requests - INFO - Submitting request for year=2024, month=05...
2025-12-08T11:48:26+0100 - ecmwf.datastores.processing - INFO - Request ID is 3ca6e122-a724-4b35-a039-0ed55e302c8a
2025-12-08T11:48:26+0100 - ecmwf.datastores.processing - INFO - status has been updated to accepted
2025-12-08T11:48:26+0100 - era5land_to_datm.requests - INFO - Request submitted with ID 3ca6e122-a724-4b35-a039-0ed55e302c8a, status accepted.
2025-12-08T11:48:26+0100 - era5land_to_datm.requests - INFO - Waiting 3.0 seconds before next request...
2025-12-08T11:48:29+0100 - era5land_to_datm.requests - INFO - Submitting request for year=2024, month=06...
2025-12-08T11:48:29+0100 - ecmwf.datastores.processing - INFO - Request ID is 58beda92-672e-43f3-92e3-68459e9023f2
2025-12-08T11:48:29+0100 - ecmwf.datastores.processing - INFO - status has been updated to accepted
2025-12-08T11:48:29+0100 - era5land_to_datm.requests - INFO - Request submitted with ID 58beda92-672e-43f3-92e3-68459e9023f2, status accepted.
2025-12-08T11:48:29+0100 - era5land_to_datm.requests - INFO - Waiting 3.0 seconds before next request...
2025-12-08T11:48:32+0100 - era5land_to_datm.requests - INFO - Submitting request for year=2024, month=07...
2025-12-08T11:48:32+0100 - ecmwf.datastores.processing - INFO - Request ID is 97234024-9a45-410a-a5f5-445f41065f2b
2025-12-08T11:48:32+0100 - ecmwf.datastores.processing - INFO - status has been updated to accepted
2025-12-08T11:48:32+0100 - era5land_to_datm.requests - INFO - Request submitted with ID 97234024-9a45-410a-a5f5-445f41065f2b, status accepted.
2025-12-08T11:48:32+0100 - era5land_to_datm.requests - INFO - Waiting 3.0 seconds before next request...
2025-12-08T11:48:35+0100 - era5land_to_datm.requests - INFO - Submitting request for year=2024, month=08...
2025-12-08T11:48:36+0100 - ecmwf.datastores.processing - INFO - Request ID is 5e4434b2-3bfc-420e-a5b5-0f17c7c1541d
2025-12-08T11:48:36+0100 - ecmwf.datastores.processing - INFO - status has been updated to accepted
2025-12-08T11:48:36+0100 - era5land_to_datm.requests - INFO - Request submitted with ID 5e4434b2-3bfc-420e-a5b5-0f17c7c1541d, status accepted.
2025-12-08T11:48:36+0100 - era5land_to_datm.requests - INFO - Waiting 3.0 seconds before next request...
2025-12-08T11:48:39+0100 - era5land_to_datm.requests - INFO - Submitting request for year=2024, month=09...
2025-12-08T11:48:39+0100 - ecmwf.datastores.processing - INFO - Request ID is 42326d44-6b75-4f87-ae8b-d5b8f45d2b34
2025-12-08T11:48:39+0100 - ecmwf.datastores.processing - INFO - status has been updated to accepted
2025-12-08T11:48:39+0100 - era5land_to_datm.requests - INFO - Request submitted with ID 42326d44-6b75-4f87-ae8b-d5b8f45d2b34, status accepted.
2025-12-08T11:48:39+0100 - era5land_to_datm.requests - INFO - Waiting 3.0 seconds before next request...
2025-12-08T11:48:42+0100 - era5land_to_datm.requests - INFO - Submitting request for year=2024, month=10...
2025-12-08T11:48:42+0100 - ecmwf.datastores.processing - INFO - Request ID is a6a7c311-5eb4-45c2-9ad2-6733bb91f2c6
2025-12-08T11:48:42+0100 - ecmwf.datastores.processing - INFO - status has been updated to accepted
2025-12-08T11:48:42+0100 - era5land_to_datm.requests - INFO - Request submitted with ID a6a7c311-5eb4-45c2-9ad2-6733bb91f2c6, status accepted.
2025-12-08T11:48:42+0100 - era5land_to_datm.requests - INFO - Waiting 3.0 seconds before next request...
2025-12-08T11:48:45+0100 - era5land_to_datm.requests - INFO - Submitting request for year=2024, month=11...
2025-12-08T11:48:46+0100 - ecmwf.datastores.processing - INFO - Request ID is 76552e47-6670-4e56-becf-646638c7d920
2025-12-08T11:48:46+0100 - ecmwf.datastores.processing - INFO - status has been updated to accepted
2025-12-08T11:48:46+0100 - era5land_to_datm.requests - INFO - Request submitted with ID 76552e47-6670-4e56-becf-646638c7d920, status accepted.
2025-12-08T11:48:46+0100 - era5land_to_datm.requests - INFO - Waiting 3.0 seconds before next request...
2025-12-08T11:48:49+0100 - era5land_to_datm.requests - INFO - Submitting request for year=2024, month=12...
2025-12-08T11:48:49+0100 - ecmwf.datastores.processing - INFO - Request ID is 15b1eb4b-cb65-43d7-80be-bb4710ba2565
2025-12-08T11:48:49+0100 - ecmwf.datastores.processing - INFO - status has been updated to accepted
2025-12-08T11:48:49+0100 - era5land_to_datm.requests - INFO - Request submitted with ID 15b1eb4b-cb65-43d7-80be-bb4710ba2565, status accepted.
