2025-12-04T11:40:52+0100 - root - INFO - Logger initialized.
2025-12-04T11:40:52+0100 - root - INFO - Logging to file: /cluster/home/janko/src/era5land_to_datm/era5land_to_datm_script_20251204T104052.log
2025-12-04T11:41:17+0100 - ecmwf.datastores.processing - INFO - [2025-12-03T00:00:00Z] To improve our C3S service, we need to hear from you! Please complete this very short [survey](https://confluence.ecmwf.int/x/E7uBEQ/). Thank you.
2025-12-04T11:41:18+0100 - era5land_to_datm.download - WARNING - Received 100 request IDs from server, the same number as the limit. There may be more requests on the server.
2025-12-04T11:41:18+0100 - era5land_to_datm.download - INFO - Retrieving Remote for request ID fcc73489-a87b-403f-a330-70af2762d3fb (1/100)...
2025-12-04T11:41:18+0100 - ecmwf.datastores.processing - INFO - Request ID is fcc73489-a87b-403f-a330-70af2762d3fb
2025-12-04T11:41:18+0100 - ecmwf.datastores.processing - INFO - Request ID is fcc73489-a87b-403f-a330-70af2762d3fb
2025-12-04T11:41:18+0100 - era5land_to_datm.download - INFO - Sleeping for 0.5 seconds before next call...
2025-12-04T11:41:18+0100 - era5land_to_datm.download - INFO - Retrieving Remote for request ID 96c419ad-32b0-4348-8bef-4b457ce56111 (2/100)...
2025-12-04T11:41:18+0100 - ecmwf.datastores.processing - INFO - Request ID is 96c419ad-32b0-4348-8bef-4b457ce56111
2025-12-04T11:41:18+0100 - ecmwf.datastores.processing - INFO - Request ID is 96c419ad-32b0-4348-8bef-4b457ce56111
2025-12-04T11:41:18+0100 - era5land_to_datm.download - INFO - Sleeping for 0.5 seconds before next call...
2025-12-04T11:41:19+0100 - era5land_to_datm.download - INFO - Retrieving Remote for request ID c461a9db-7818-454c-860d-1ef1b1ee0228 (3/100)...
2025-12-04T11:41:19+0100 - ecmwf.datastores.processing - INFO - Request ID is c461a9db-7818-454c-860d-1ef1b1ee0228
2025-12-04T11:41:19+0100 - ecmwf.datastores.processing - INFO - Request ID is c461a9db-7818-454c-860d-1ef1b1ee0228
2025-12-04T11:41:19+0100 - era5land_to_datm.download - INFO - Sleeping for 0.5 seconds before next call...
2025-12-04T11:41:19+0100 - era5land_to_datm.download - INFO - Retrieving Remote for request ID 3323b9a9-9a94-4abf-a3fc-b90d4be8240a (4/100)...
2025-12-04T11:41:20+0100 - ecmwf.datastores.processing - INFO - Request ID is 3323b9a9-9a94-4abf-a3fc-b90d4be8240a
2025-12-04T11:41:20+0100 - ecmwf.datastores.processing - INFO - Request ID is 3323b9a9-9a94-4abf-a3fc-b90d4be8240a
2025-12-04T11:41:20+0100 - era5land_to_datm.download - INFO - Sleeping for 0.5 seconds before next call...
2025-12-04T11:41:20+0100 - era5land_to_datm.download - INFO - Retrieving Remote for request ID 437848e3-41be-4e1f-9944-d1ebbe9c1690 (5/100)...
2025-12-04T11:41:20+0100 - ecmwf.datastores.processing - INFO - Request ID is 437848e3-41be-4e1f-9944-d1ebbe9c1690
2025-12-04T11:41:20+0100 - ecmwf.datastores.processing - INFO - Request ID is 437848e3-41be-4e1f-9944-d1ebbe9c1690
2025-12-04T11:41:20+0100 - era5land_to_datm.download - INFO - Sleeping for 0.5 seconds before next call...
2025-12-04T11:41:21+0100 - era5land_to_datm.download - INFO - Retrieving Remote for request ID a1dfdef8-2ef2-4660-8d8c-a932b3e8a96e (6/100)...
2025-12-04T11:41:21+0100 - ecmwf.datastores.processing - INFO - Request ID is a1dfdef8-2ef2-4660-8d8c-a932b3e8a96e
2025-12-04T11:41:21+0100 - ecmwf.datastores.processing - INFO - Request ID is a1dfdef8-2ef2-4660-8d8c-a932b3e8a96e
2025-12-04T11:41:21+0100 - era5land_to_datm.download - INFO - Sleeping for 0.5 seconds before next call...
2025-12-04T11:41:21+0100 - era5land_to_datm.download - INFO - Retrieving Remote for request ID b7471044-70e9-409d-a630-b58ecaa6cb09 (7/100)...
2025-12-04T11:41:21+0100 - ecmwf.datastores.processing - INFO - Request ID is b7471044-70e9-409d-a630-b58ecaa6cb09
2025-12-04T11:41:21+0100 - ecmwf.datastores.processing - INFO - Request ID is b7471044-70e9-409d-a630-b58ecaa6cb09
2025-12-04T11:41:21+0100 - era5land_to_datm.download - INFO - Sleeping for 0.5 seconds before next call...
2025-12-04T11:41:22+0100 - era5land_to_datm.download - INFO - Retrieving Remote for request ID 57e13a7f-e604-47bd-ae34-f60f9eb40bbf (8/100)...
2025-12-04T11:41:22+0100 - ecmwf.datastores.processing - INFO - Request ID is 57e13a7f-e604-47bd-ae34-f60f9eb40bbf
2025-12-04T11:41:22+0100 - ecmwf.datastores.processing - INFO - Request ID is 57e13a7f-e604-47bd-ae34-f60f9eb40bbf
2025-12-04T11:41:22+0100 - era5land_to_datm.download - INFO - Sleeping for 0.5 seconds before next call...
2025-12-04T11:41:22+0100 - era5land_to_datm.download - INFO - Retrieving Remote for request ID ce510530-4c82-46b4-b2db-f34a39e06a78 (9/100)...
2025-12-04T11:41:23+0100 - ecmwf.datastores.processing - INFO - Request ID is ce510530-4c82-46b4-b2db-f34a39e06a78
2025-12-04T11:41:23+0100 - ecmwf.datastores.processing - INFO - Request ID is ce510530-4c82-46b4-b2db-f34a39e06a78
2025-12-04T11:41:23+0100 - era5land_to_datm.download - INFO - Sleeping for 0.5 seconds before next call...
2025-12-04T11:41:23+0100 - era5land_to_datm.download - INFO - Retrieving Remote for request ID 942368d5-3dd5-49fe-984b-b1a55db5c6c8 (10/100)...
2025-12-04T11:41:23+0100 - ecmwf.datastores.processing - INFO - Request ID is 942368d5-3dd5-49fe-984b-b1a55db5c6c8
2025-12-04T11:41:23+0100 - ecmwf.datastores.processing - INFO - Request ID is 942368d5-3dd5-49fe-984b-b1a55db5c6c8
2025-12-04T11:41:23+0100 - era5land_to_datm.download - INFO - Sleeping for 0.5 seconds before next call...
2025-12-04T11:41:24+0100 - era5land_to_datm.download - INFO - Retrieving Remote for request ID 4232b7d3-8334-485f-a0b6-1cd11ecae2c3 (11/100)...
2025-12-04T11:41:24+0100 - ecmwf.datastores.processing - INFO - Request ID is 4232b7d3-8334-485f-a0b6-1cd11ecae2c3
2025-12-04T11:41:24+0100 - ecmwf.datastores.processing - INFO - Request ID is 4232b7d3-8334-485f-a0b6-1cd11ecae2c3
2025-12-04T11:41:24+0100 - era5land_to_datm.download - INFO - Sleeping for 0.5 seconds before next call...
2025-12-04T11:41:24+0100 - era5land_to_datm.download - INFO - Retrieving Remote for request ID 2204ee3e-dd08-48c8-ad82-eafaee13964f (12/100)...
2025-12-04T11:41:24+0100 - ecmwf.datastores.processing - INFO - Request ID is 2204ee3e-dd08-48c8-ad82-eafaee13964f
2025-12-04T11:41:24+0100 - ecmwf.datastores.processing - INFO - Request ID is 2204ee3e-dd08-48c8-ad82-eafaee13964f
2025-12-04T11:41:24+0100 - era5land_to_datm.download - INFO - Sleeping for 0.5 seconds before next call...
2025-12-04T11:41:25+0100 - era5land_to_datm.download - INFO - Retrieving Remote for request ID 5efd4581-22ba-4e41-b3ed-8effd867e9e5 (13/100)...
2025-12-04T11:41:25+0100 - ecmwf.datastores.processing - INFO - Request ID is 5efd4581-22ba-4e41-b3ed-8effd867e9e5
2025-12-04T11:41:25+0100 - ecmwf.datastores.processing - INFO - Request ID is 5efd4581-22ba-4e41-b3ed-8effd867e9e5
2025-12-04T11:41:25+0100 - era5land_to_datm.download - INFO - Sleeping for 0.5 seconds before next call...
2025-12-04T11:41:25+0100 - era5land_to_datm.download - INFO - Retrieving Remote for request ID 1779c5d8-6b75-4255-ab5e-837edc16ccfb (14/100)...
2025-12-04T11:41:25+0100 - ecmwf.datastores.processing - INFO - Request ID is 1779c5d8-6b75-4255-ab5e-837edc16ccfb
2025-12-04T11:41:25+0100 - ecmwf.datastores.processing - INFO - Request ID is 1779c5d8-6b75-4255-ab5e-837edc16ccfb
2025-12-04T11:41:25+0100 - era5land_to_datm.download - INFO - Sleeping for 0.5 seconds before next call...
2025-12-04T11:41:26+0100 - era5land_to_datm.download - INFO - Retrieving Remote for request ID 148295dd-0022-4947-9e84-985a2ed979ed (15/100)...
2025-12-04T11:41:26+0100 - ecmwf.datastores.processing - INFO - Request ID is 148295dd-0022-4947-9e84-985a2ed979ed
2025-12-04T11:41:26+0100 - ecmwf.datastores.processing - INFO - Request ID is 148295dd-0022-4947-9e84-985a2ed979ed
2025-12-04T11:41:26+0100 - era5land_to_datm.download - INFO - Sleeping for 0.5 seconds before next call...
2025-12-04T11:41:27+0100 - era5land_to_datm.download - INFO - Retrieving Remote for request ID 094c4782-09c4-4665-90a3-a283c4d5f1d3 (16/100)...
2025-12-04T11:41:27+0100 - ecmwf.datastores.processing - INFO - Request ID is 094c4782-09c4-4665-90a3-a283c4d5f1d3
2025-12-04T11:41:27+0100 - ecmwf.datastores.processing - INFO - Request ID is 094c4782-09c4-4665-90a3-a283c4d5f1d3
2025-12-04T11:41:27+0100 - era5land_to_datm.download - INFO - Sleeping for 0.5 seconds before next call...
2025-12-04T11:41:27+0100 - era5land_to_datm.download - INFO - Retrieving Remote for request ID 0233eaee-d06e-49bf-94ec-addd563badbc (17/100)...
2025-12-04T11:41:27+0100 - ecmwf.datastores.processing - INFO - Request ID is 0233eaee-d06e-49bf-94ec-addd563badbc
2025-12-04T11:41:27+0100 - ecmwf.datastores.processing - INFO - Request ID is 0233eaee-d06e-49bf-94ec-addd563badbc
2025-12-04T11:41:27+0100 - era5land_to_datm.download - INFO - Sleeping for 0.5 seconds before next call...
2025-12-04T11:41:28+0100 - era5land_to_datm.download - INFO - Retrieving Remote for request ID 587ead30-4a12-4e1e-9a16-290f953bc215 (18/100)...
2025-12-04T11:41:28+0100 - ecmwf.datastores.processing - INFO - Request ID is 587ead30-4a12-4e1e-9a16-290f953bc215
2025-12-04T11:41:28+0100 - ecmwf.datastores.processing - INFO - Request ID is 587ead30-4a12-4e1e-9a16-290f953bc215
2025-12-04T11:41:28+0100 - era5land_to_datm.download - INFO - Sleeping for 0.5 seconds before next call...
2025-12-04T11:41:28+0100 - era5land_to_datm.download - INFO - Retrieving Remote for request ID 565688a5-a583-4269-b4ca-06bcc5b18714 (19/100)...
2025-12-04T11:41:30+0100 - ecmwf.datastores.processing - INFO - Request ID is 565688a5-a583-4269-b4ca-06bcc5b18714
2025-12-04T11:41:30+0100 - ecmwf.datastores.processing - INFO - Request ID is 565688a5-a583-4269-b4ca-06bcc5b18714
2025-12-04T11:41:30+0100 - era5land_to_datm.download - INFO - Sleeping for 0.5 seconds before next call...
2025-12-04T11:41:30+0100 - era5land_to_datm.download - INFO - Retrieving Remote for request ID d076c2b8-3d2c-4051-940e-522eef35241a (20/100)...
2025-12-04T11:41:30+0100 - ecmwf.datastores.processing - INFO - Request ID is d076c2b8-3d2c-4051-940e-522eef35241a
2025-12-04T11:41:30+0100 - ecmwf.datastores.processing - INFO - Request ID is d076c2b8-3d2c-4051-940e-522eef35241a
2025-12-04T11:41:30+0100 - era5land_to_datm.download - INFO - Sleeping for 0.5 seconds before next call...
2025-12-04T11:41:31+0100 - era5land_to_datm.download - INFO - Retrieving Remote for request ID 65c83e80-db27-42e0-abc4-d4958ddc8e43 (21/100)...
2025-12-04T11:41:31+0100 - ecmwf.datastores.processing - INFO - Request ID is 65c83e80-db27-42e0-abc4-d4958ddc8e43
2025-12-04T11:41:31+0100 - ecmwf.datastores.processing - INFO - Request ID is 65c83e80-db27-42e0-abc4-d4958ddc8e43
2025-12-04T11:41:31+0100 - era5land_to_datm.download - INFO - Sleeping for 0.5 seconds before next call...
2025-12-04T11:41:31+0100 - era5land_to_datm.download - INFO - Retrieving Remote for request ID 702ba7e9-4fe2-4d3e-9d80-e9077cd6a5dc (22/100)...
2025-12-04T11:41:31+0100 - ecmwf.datastores.processing - INFO - Request ID is 702ba7e9-4fe2-4d3e-9d80-e9077cd6a5dc
2025-12-04T11:41:31+0100 - ecmwf.datastores.processing - INFO - Request ID is 702ba7e9-4fe2-4d3e-9d80-e9077cd6a5dc
2025-12-04T11:41:31+0100 - era5land_to_datm.download - INFO - Sleeping for 0.5 seconds before next call...
2025-12-04T11:41:32+0100 - era5land_to_datm.download - INFO - Retrieving Remote for request ID 51461489-fe95-4527-be4e-0eab4ecbbb29 (23/100)...
2025-12-04T11:41:32+0100 - ecmwf.datastores.processing - INFO - Request ID is 51461489-fe95-4527-be4e-0eab4ecbbb29
2025-12-04T11:41:32+0100 - ecmwf.datastores.processing - INFO - Request ID is 51461489-fe95-4527-be4e-0eab4ecbbb29
2025-12-04T11:41:32+0100 - era5land_to_datm.download - INFO - Sleeping for 0.5 seconds before next call...
2025-12-04T11:41:33+0100 - era5land_to_datm.download - INFO - Retrieving Remote for request ID d3e6bb59-5efd-46af-9a90-4fe61e5ff082 (24/100)...
2025-12-04T11:41:33+0100 - ecmwf.datastores.processing - INFO - Request ID is d3e6bb59-5efd-46af-9a90-4fe61e5ff082
2025-12-04T11:41:33+0100 - ecmwf.datastores.processing - INFO - Request ID is d3e6bb59-5efd-46af-9a90-4fe61e5ff082
2025-12-04T11:41:33+0100 - era5land_to_datm.download - INFO - Sleeping for 0.5 seconds before next call...
2025-12-04T11:41:33+0100 - era5land_to_datm.download - INFO - Retrieving Remote for request ID 0129b2ef-7d1e-43cf-a0fb-e91d66f71a06 (25/100)...
2025-12-04T11:41:33+0100 - ecmwf.datastores.processing - INFO - Request ID is 0129b2ef-7d1e-43cf-a0fb-e91d66f71a06
2025-12-04T11:41:33+0100 - ecmwf.datastores.processing - INFO - Request ID is 0129b2ef-7d1e-43cf-a0fb-e91d66f71a06
2025-12-04T11:41:33+0100 - era5land_to_datm.download - INFO - Sleeping for 0.5 seconds before next call...
2025-12-04T11:41:34+0100 - era5land_to_datm.download - INFO - Retrieving Remote for request ID 2754ba75-33fc-4bd2-b988-300ff2127eba (26/100)...
2025-12-04T11:41:34+0100 - ecmwf.datastores.processing - INFO - Request ID is 2754ba75-33fc-4bd2-b988-300ff2127eba
2025-12-04T11:41:34+0100 - ecmwf.datastores.processing - INFO - Request ID is 2754ba75-33fc-4bd2-b988-300ff2127eba
2025-12-04T11:41:34+0100 - era5land_to_datm.download - INFO - Sleeping for 0.5 seconds before next call...
2025-12-04T11:41:34+0100 - era5land_to_datm.download - INFO - Retrieving Remote for request ID 982468e9-6cf3-4538-97ca-88b208a8972e (27/100)...
2025-12-04T11:41:34+0100 - ecmwf.datastores.processing - INFO - Request ID is 982468e9-6cf3-4538-97ca-88b208a8972e
2025-12-04T11:41:34+0100 - ecmwf.datastores.processing - INFO - Request ID is 982468e9-6cf3-4538-97ca-88b208a8972e
2025-12-04T11:41:34+0100 - era5land_to_datm.download - INFO - Sleeping for 0.5 seconds before next call...
2025-12-04T11:41:35+0100 - era5land_to_datm.download - INFO - Retrieving Remote for request ID ae027d37-3a06-48d6-9fd5-2f5dadd97534 (28/100)...
2025-12-04T11:41:35+0100 - ecmwf.datastores.processing - INFO - Request ID is ae027d37-3a06-48d6-9fd5-2f5dadd97534
2025-12-04T11:41:35+0100 - ecmwf.datastores.processing - INFO - Request ID is ae027d37-3a06-48d6-9fd5-2f5dadd97534
2025-12-04T11:41:35+0100 - era5land_to_datm.download - INFO - Sleeping for 0.5 seconds before next call...
2025-12-04T11:41:36+0100 - era5land_to_datm.download - INFO - Retrieving Remote for request ID 827cbf4a-8c27-48f8-b1ec-4a4abd86b32b (29/100)...
2025-12-04T11:41:36+0100 - ecmwf.datastores.processing - INFO - Request ID is 827cbf4a-8c27-48f8-b1ec-4a4abd86b32b
2025-12-04T11:41:36+0100 - ecmwf.datastores.processing - INFO - Request ID is 827cbf4a-8c27-48f8-b1ec-4a4abd86b32b
2025-12-04T11:41:36+0100 - era5land_to_datm.download - INFO - Sleeping for 0.5 seconds before next call...
2025-12-04T11:41:36+0100 - era5land_to_datm.download - INFO - Retrieving Remote for request ID 9ecb736b-d818-4c74-80fd-ef2de0653819 (30/100)...
2025-12-04T11:41:36+0100 - ecmwf.datastores.processing - INFO - Request ID is 9ecb736b-d818-4c74-80fd-ef2de0653819
2025-12-04T11:41:36+0100 - ecmwf.datastores.processing - INFO - Request ID is 9ecb736b-d818-4c74-80fd-ef2de0653819
2025-12-04T11:41:36+0100 - era5land_to_datm.download - INFO - Sleeping for 0.5 seconds before next call...
2025-12-04T11:41:37+0100 - era5land_to_datm.download - INFO - Retrieving Remote for request ID e9904960-a6df-4d2b-8d15-41f6fba7085d (31/100)...
2025-12-04T11:41:37+0100 - ecmwf.datastores.processing - INFO - Request ID is e9904960-a6df-4d2b-8d15-41f6fba7085d
2025-12-04T11:41:37+0100 - ecmwf.datastores.processing - INFO - Request ID is e9904960-a6df-4d2b-8d15-41f6fba7085d
2025-12-04T11:41:37+0100 - era5land_to_datm.download - INFO - Sleeping for 0.5 seconds before next call...
2025-12-04T11:41:38+0100 - era5land_to_datm.download - INFO - Retrieving Remote for request ID d09c3dc5-61bd-4239-9cae-46d18f459d39 (32/100)...
2025-12-04T11:41:38+0100 - ecmwf.datastores.processing - INFO - Request ID is d09c3dc5-61bd-4239-9cae-46d18f459d39
2025-12-04T11:41:38+0100 - ecmwf.datastores.processing - INFO - Request ID is d09c3dc5-61bd-4239-9cae-46d18f459d39
2025-12-04T11:41:38+0100 - era5land_to_datm.download - INFO - Sleeping for 0.5 seconds before next call...
2025-12-04T11:41:38+0100 - era5land_to_datm.download - INFO - Retrieving Remote for request ID 4f3ca3c9-bf7f-4cb1-87f0-01e0f3501c56 (33/100)...
2025-12-04T11:41:38+0100 - ecmwf.datastores.processing - INFO - Request ID is 4f3ca3c9-bf7f-4cb1-87f0-01e0f3501c56
2025-12-04T11:41:38+0100 - ecmwf.datastores.processing - INFO - Request ID is 4f3ca3c9-bf7f-4cb1-87f0-01e0f3501c56
2025-12-04T11:41:38+0100 - era5land_to_datm.download - INFO - Sleeping for 0.5 seconds before next call...
2025-12-04T11:41:39+0100 - era5land_to_datm.download - INFO - Retrieving Remote for request ID 5b598da8-a953-49ad-9654-fea409c8d183 (34/100)...
2025-12-04T11:41:39+0100 - ecmwf.datastores.processing - INFO - Request ID is 5b598da8-a953-49ad-9654-fea409c8d183
2025-12-04T11:41:39+0100 - ecmwf.datastores.processing - INFO - Request ID is 5b598da8-a953-49ad-9654-fea409c8d183
2025-12-04T11:41:39+0100 - era5land_to_datm.download - INFO - Sleeping for 0.5 seconds before next call...
2025-12-04T11:41:39+0100 - era5land_to_datm.download - INFO - Retrieving Remote for request ID 2c87a09c-a479-492e-9743-afe3c0dbf3f2 (35/100)...
2025-12-04T11:41:39+0100 - ecmwf.datastores.processing - INFO - Request ID is 2c87a09c-a479-492e-9743-afe3c0dbf3f2
2025-12-04T11:41:39+0100 - ecmwf.datastores.processing - INFO - Request ID is 2c87a09c-a479-492e-9743-afe3c0dbf3f2
2025-12-04T11:41:39+0100 - era5land_to_datm.download - INFO - Sleeping for 0.5 seconds before next call...
2025-12-04T11:41:40+0100 - era5land_to_datm.download - INFO - Retrieving Remote for request ID 6620ac35-e58f-43d6-b6f2-a27940e71edf (36/100)...
2025-12-04T11:41:40+0100 - ecmwf.datastores.processing - INFO - Request ID is 6620ac35-e58f-43d6-b6f2-a27940e71edf
2025-12-04T11:41:40+0100 - ecmwf.datastores.processing - INFO - Request ID is 6620ac35-e58f-43d6-b6f2-a27940e71edf
2025-12-04T11:41:40+0100 - era5land_to_datm.download - INFO - Sleeping for 0.5 seconds before next call...
2025-12-04T11:41:40+0100 - era5land_to_datm.download - INFO - Retrieving Remote for request ID 208ac64c-bf96-460e-b373-fa3b9e573eb8 (37/100)...
2025-12-04T11:41:41+0100 - ecmwf.datastores.processing - INFO - Request ID is 208ac64c-bf96-460e-b373-fa3b9e573eb8
2025-12-04T11:41:41+0100 - ecmwf.datastores.processing - INFO - Request ID is 208ac64c-bf96-460e-b373-fa3b9e573eb8
2025-12-04T11:41:41+0100 - era5land_to_datm.download - INFO - Sleeping for 0.5 seconds before next call...
2025-12-04T11:41:41+0100 - era5land_to_datm.download - INFO - Retrieving Remote for request ID c3110e84-9f48-45b8-9328-30bc6a6eb723 (38/100)...
2025-12-04T11:41:42+0100 - ecmwf.datastores.processing - INFO - Request ID is c3110e84-9f48-45b8-9328-30bc6a6eb723
2025-12-04T11:41:42+0100 - ecmwf.datastores.processing - INFO - Request ID is c3110e84-9f48-45b8-9328-30bc6a6eb723
2025-12-04T11:41:42+0100 - era5land_to_datm.download - INFO - Sleeping for 0.5 seconds before next call...
2025-12-04T11:41:42+0100 - era5land_to_datm.download - INFO - Retrieving Remote for request ID db3c6789-74da-403c-98c8-0e8614872922 (39/100)...
2025-12-04T11:41:42+0100 - ecmwf.datastores.processing - INFO - Request ID is db3c6789-74da-403c-98c8-0e8614872922
2025-12-04T11:41:42+0100 - ecmwf.datastores.processing - INFO - Request ID is db3c6789-74da-403c-98c8-0e8614872922
2025-12-04T11:41:42+0100 - era5land_to_datm.download - INFO - Sleeping for 0.5 seconds before next call...
2025-12-04T11:41:43+0100 - era5land_to_datm.download - INFO - Retrieving Remote for request ID b1fc0f3d-99a3-49c4-b9ed-183fcd7dfb3f (40/100)...
2025-12-04T11:41:43+0100 - ecmwf.datastores.processing - INFO - Request ID is b1fc0f3d-99a3-49c4-b9ed-183fcd7dfb3f
2025-12-04T11:41:43+0100 - ecmwf.datastores.processing - INFO - Request ID is b1fc0f3d-99a3-49c4-b9ed-183fcd7dfb3f
2025-12-04T11:41:43+0100 - era5land_to_datm.download - INFO - Sleeping for 0.5 seconds before next call...
2025-12-04T11:41:43+0100 - era5land_to_datm.download - INFO - Retrieving Remote for request ID a69faff3-e81a-4a15-aa61-e1ccca5f5159 (41/100)...
2025-12-04T11:41:44+0100 - ecmwf.datastores.processing - INFO - Request ID is a69faff3-e81a-4a15-aa61-e1ccca5f5159
2025-12-04T11:41:44+0100 - ecmwf.datastores.processing - INFO - Request ID is a69faff3-e81a-4a15-aa61-e1ccca5f5159
2025-12-04T11:41:44+0100 - era5land_to_datm.download - INFO - Sleeping for 0.5 seconds before next call...
2025-12-04T11:41:44+0100 - era5land_to_datm.download - INFO - Retrieving Remote for request ID 3f173071-3c17-4fa3-a09e-a984f3a603cc (42/100)...
2025-12-04T11:41:44+0100 - ecmwf.datastores.processing - INFO - Request ID is 3f173071-3c17-4fa3-a09e-a984f3a603cc
2025-12-04T11:41:44+0100 - ecmwf.datastores.processing - INFO - Request ID is 3f173071-3c17-4fa3-a09e-a984f3a603cc
2025-12-04T11:41:44+0100 - era5land_to_datm.download - INFO - Sleeping for 0.5 seconds before next call...
2025-12-04T11:41:45+0100 - era5land_to_datm.download - INFO - Retrieving Remote for request ID 654d0284-8198-4a6a-8da9-af5491f3f342 (43/100)...
2025-12-04T11:41:45+0100 - ecmwf.datastores.processing - INFO - Request ID is 654d0284-8198-4a6a-8da9-af5491f3f342
2025-12-04T11:41:45+0100 - ecmwf.datastores.processing - INFO - Request ID is 654d0284-8198-4a6a-8da9-af5491f3f342
2025-12-04T11:41:45+0100 - era5land_to_datm.download - INFO - Sleeping for 0.5 seconds before next call...
2025-12-04T11:41:45+0100 - era5land_to_datm.download - INFO - Retrieving Remote for request ID dd6f81d0-2780-43ca-8bfe-03261673f8e0 (44/100)...
2025-12-04T11:41:45+0100 - ecmwf.datastores.processing - INFO - Request ID is dd6f81d0-2780-43ca-8bfe-03261673f8e0
2025-12-04T11:41:45+0100 - ecmwf.datastores.processing - INFO - Request ID is dd6f81d0-2780-43ca-8bfe-03261673f8e0
2025-12-04T11:41:45+0100 - era5land_to_datm.download - INFO - Sleeping for 0.5 seconds before next call...
2025-12-04T11:41:46+0100 - era5land_to_datm.download - INFO - Retrieving Remote for request ID 8bf96587-d2e3-4a3d-b39b-8d9f05f97c2c (45/100)...
2025-12-04T11:41:46+0100 - ecmwf.datastores.processing - INFO - Request ID is 8bf96587-d2e3-4a3d-b39b-8d9f05f97c2c
2025-12-04T11:41:46+0100 - ecmwf.datastores.processing - INFO - Request ID is 8bf96587-d2e3-4a3d-b39b-8d9f05f97c2c
2025-12-04T11:41:46+0100 - era5land_to_datm.download - INFO - Sleeping for 0.5 seconds before next call...
2025-12-04T11:41:46+0100 - era5land_to_datm.download - INFO - Retrieving Remote for request ID 085e7bb3-54f7-4d7d-8bce-7e37fad0284f (46/100)...
2025-12-04T11:41:47+0100 - ecmwf.datastores.processing - INFO - Request ID is 085e7bb3-54f7-4d7d-8bce-7e37fad0284f
2025-12-04T11:41:47+0100 - ecmwf.datastores.processing - INFO - Request ID is 085e7bb3-54f7-4d7d-8bce-7e37fad0284f
2025-12-04T11:41:47+0100 - era5land_to_datm.download - INFO - Sleeping for 0.5 seconds before next call...
2025-12-04T11:41:47+0100 - era5land_to_datm.download - INFO - Retrieving Remote for request ID e02a70e5-c65c-43a7-973e-be9592b9d5d4 (47/100)...
2025-12-04T11:41:47+0100 - ecmwf.datastores.processing - INFO - Request ID is e02a70e5-c65c-43a7-973e-be9592b9d5d4
2025-12-04T11:41:47+0100 - ecmwf.datastores.processing - INFO - Request ID is e02a70e5-c65c-43a7-973e-be9592b9d5d4
2025-12-04T11:41:47+0100 - era5land_to_datm.download - INFO - Sleeping for 0.5 seconds before next call...
2025-12-04T11:41:48+0100 - era5land_to_datm.download - INFO - Retrieving Remote for request ID e981d2a7-1e37-4bb5-9429-477f6686dde1 (48/100)...
2025-12-04T11:41:48+0100 - ecmwf.datastores.processing - INFO - Request ID is e981d2a7-1e37-4bb5-9429-477f6686dde1
2025-12-04T11:41:48+0100 - ecmwf.datastores.processing - INFO - Request ID is e981d2a7-1e37-4bb5-9429-477f6686dde1
2025-12-04T11:41:48+0100 - era5land_to_datm.download - INFO - Sleeping for 0.5 seconds before next call...
2025-12-04T11:41:48+0100 - era5land_to_datm.download - INFO - Retrieving Remote for request ID a75efb7e-d7c2-412f-8474-3f0a24f49bb7 (49/100)...
2025-12-04T11:41:48+0100 - ecmwf.datastores.processing - INFO - Request ID is a75efb7e-d7c2-412f-8474-3f0a24f49bb7
2025-12-04T11:41:48+0100 - ecmwf.datastores.processing - INFO - Request ID is a75efb7e-d7c2-412f-8474-3f0a24f49bb7
2025-12-04T11:41:48+0100 - era5land_to_datm.download - INFO - Sleeping for 0.5 seconds before next call...
2025-12-04T11:41:49+0100 - era5land_to_datm.download - INFO - Retrieving Remote for request ID 974b7dd4-8714-4e97-bcf6-e2dda9522ead (50/100)...
2025-12-04T11:41:49+0100 - ecmwf.datastores.processing - INFO - Request ID is 974b7dd4-8714-4e97-bcf6-e2dda9522ead
2025-12-04T11:41:49+0100 - ecmwf.datastores.processing - INFO - Request ID is 974b7dd4-8714-4e97-bcf6-e2dda9522ead
2025-12-04T11:41:49+0100 - era5land_to_datm.download - INFO - Sleeping for 0.5 seconds before next call...
2025-12-04T11:41:49+0100 - era5land_to_datm.download - INFO - Retrieving Remote for request ID 358e8599-88c8-4f42-807a-3953d8d68b1a (51/100)...
2025-12-04T11:41:49+0100 - ecmwf.datastores.processing - INFO - Request ID is 358e8599-88c8-4f42-807a-3953d8d68b1a
2025-12-04T11:41:49+0100 - ecmwf.datastores.processing - INFO - Request ID is 358e8599-88c8-4f42-807a-3953d8d68b1a
2025-12-04T11:41:49+0100 - era5land_to_datm.download - INFO - Sleeping for 0.5 seconds before next call...
2025-12-04T11:41:50+0100 - era5land_to_datm.download - INFO - Retrieving Remote for request ID aff78cf2-9ccd-4d29-9804-1730380e6de8 (52/100)...
2025-12-04T11:41:50+0100 - ecmwf.datastores.processing - INFO - Request ID is aff78cf2-9ccd-4d29-9804-1730380e6de8
2025-12-04T11:41:50+0100 - ecmwf.datastores.processing - INFO - Request ID is aff78cf2-9ccd-4d29-9804-1730380e6de8
2025-12-04T11:41:50+0100 - era5land_to_datm.download - INFO - Sleeping for 0.5 seconds before next call...
2025-12-04T11:41:51+0100 - era5land_to_datm.download - INFO - Retrieving Remote for request ID 00911d75-05e5-4b61-8b57-2312c2d2e66d (53/100)...
2025-12-04T11:41:51+0100 - ecmwf.datastores.processing - INFO - Request ID is 00911d75-05e5-4b61-8b57-2312c2d2e66d
2025-12-04T11:41:51+0100 - ecmwf.datastores.processing - INFO - Request ID is 00911d75-05e5-4b61-8b57-2312c2d2e66d
2025-12-04T11:41:51+0100 - era5land_to_datm.download - INFO - Sleeping for 0.5 seconds before next call...
2025-12-04T11:41:51+0100 - era5land_to_datm.download - INFO - Retrieving Remote for request ID a2564883-752d-4c88-91fb-f20f7c63c320 (54/100)...
2025-12-04T11:41:51+0100 - ecmwf.datastores.processing - INFO - Request ID is a2564883-752d-4c88-91fb-f20f7c63c320
2025-12-04T11:41:51+0100 - ecmwf.datastores.processing - INFO - Request ID is a2564883-752d-4c88-91fb-f20f7c63c320
2025-12-04T11:41:51+0100 - era5land_to_datm.download - INFO - Sleeping for 0.5 seconds before next call...
2025-12-04T11:41:52+0100 - era5land_to_datm.download - INFO - Retrieving Remote for request ID 977e4041-7536-4a5b-8dcc-4c537a43d08d (55/100)...
2025-12-04T11:41:52+0100 - ecmwf.datastores.processing - INFO - Request ID is 977e4041-7536-4a5b-8dcc-4c537a43d08d
2025-12-04T11:41:52+0100 - ecmwf.datastores.processing - INFO - Request ID is 977e4041-7536-4a5b-8dcc-4c537a43d08d
2025-12-04T11:41:52+0100 - era5land_to_datm.download - INFO - Sleeping for 0.5 seconds before next call...
2025-12-04T11:41:52+0100 - era5land_to_datm.download - INFO - Retrieving Remote for request ID 0ec9f114-3378-423f-b8e0-45f1d4db860c (56/100)...
2025-12-04T11:41:52+0100 - ecmwf.datastores.processing - INFO - Request ID is 0ec9f114-3378-423f-b8e0-45f1d4db860c
2025-12-04T11:41:52+0100 - ecmwf.datastores.processing - INFO - Request ID is 0ec9f114-3378-423f-b8e0-45f1d4db860c
2025-12-04T11:41:52+0100 - era5land_to_datm.download - INFO - Sleeping for 0.5 seconds before next call...
2025-12-04T11:41:53+0100 - era5land_to_datm.download - INFO - Retrieving Remote for request ID 1151bbd2-989f-47f6-876d-4efc8ac9006f (57/100)...
2025-12-04T11:41:53+0100 - ecmwf.datastores.processing - INFO - Request ID is 1151bbd2-989f-47f6-876d-4efc8ac9006f
2025-12-04T11:41:53+0100 - ecmwf.datastores.processing - INFO - Request ID is 1151bbd2-989f-47f6-876d-4efc8ac9006f
2025-12-04T11:41:53+0100 - era5land_to_datm.download - INFO - Sleeping for 0.5 seconds before next call...
2025-12-04T11:41:54+0100 - era5land_to_datm.download - INFO - Retrieving Remote for request ID ea7340e1-5955-4b17-b97a-b26866a3b926 (58/100)...
2025-12-04T11:41:54+0100 - ecmwf.datastores.processing - INFO - Request ID is ea7340e1-5955-4b17-b97a-b26866a3b926
2025-12-04T11:41:54+0100 - ecmwf.datastores.processing - INFO - Request ID is ea7340e1-5955-4b17-b97a-b26866a3b926
2025-12-04T11:41:54+0100 - era5land_to_datm.download - INFO - Sleeping for 0.5 seconds before next call...
2025-12-04T11:41:54+0100 - era5land_to_datm.download - INFO - Retrieving Remote for request ID 371f2c3f-3374-4735-8a29-d771fca98352 (59/100)...
2025-12-04T11:41:54+0100 - ecmwf.datastores.processing - INFO - Request ID is 371f2c3f-3374-4735-8a29-d771fca98352
2025-12-04T11:41:54+0100 - ecmwf.datastores.processing - INFO - Request ID is 371f2c3f-3374-4735-8a29-d771fca98352
2025-12-04T11:41:54+0100 - era5land_to_datm.download - INFO - Sleeping for 0.5 seconds before next call...
2025-12-04T11:41:55+0100 - era5land_to_datm.download - INFO - Retrieving Remote for request ID 5535a6a7-77ca-4987-9056-cee22ab60312 (60/100)...
2025-12-04T11:41:55+0100 - ecmwf.datastores.processing - INFO - Request ID is 5535a6a7-77ca-4987-9056-cee22ab60312
2025-12-04T11:41:55+0100 - ecmwf.datastores.processing - INFO - Request ID is 5535a6a7-77ca-4987-9056-cee22ab60312
2025-12-04T11:41:55+0100 - era5land_to_datm.download - INFO - Sleeping for 0.5 seconds before next call...
2025-12-04T11:41:55+0100 - era5land_to_datm.download - INFO - Retrieving Remote for request ID a83f176b-4075-4d3d-9923-294fd163bfa7 (61/100)...
2025-12-04T11:41:56+0100 - ecmwf.datastores.processing - INFO - Request ID is a83f176b-4075-4d3d-9923-294fd163bfa7
2025-12-04T11:41:56+0100 - ecmwf.datastores.processing - INFO - Request ID is a83f176b-4075-4d3d-9923-294fd163bfa7
2025-12-04T11:41:56+0100 - era5land_to_datm.download - INFO - Sleeping for 0.5 seconds before next call...
2025-12-04T11:41:56+0100 - era5land_to_datm.download - INFO - Retrieving Remote for request ID 1980a008-793a-4dd4-849a-cc16326499a0 (62/100)...
2025-12-04T11:41:57+0100 - ecmwf.datastores.processing - INFO - Request ID is 1980a008-793a-4dd4-849a-cc16326499a0
2025-12-04T11:41:57+0100 - ecmwf.datastores.processing - INFO - Request ID is 1980a008-793a-4dd4-849a-cc16326499a0
2025-12-04T11:41:57+0100 - era5land_to_datm.download - INFO - Sleeping for 0.5 seconds before next call...
2025-12-04T11:41:57+0100 - era5land_to_datm.download - INFO - Retrieving Remote for request ID b5ad734f-b552-4e39-9f03-2bb0b3e20cd0 (63/100)...
2025-12-04T11:41:57+0100 - ecmwf.datastores.processing - INFO - Request ID is b5ad734f-b552-4e39-9f03-2bb0b3e20cd0
2025-12-04T11:41:57+0100 - ecmwf.datastores.processing - INFO - Request ID is b5ad734f-b552-4e39-9f03-2bb0b3e20cd0
2025-12-04T11:41:57+0100 - era5land_to_datm.download - INFO - Sleeping for 0.5 seconds before next call...
2025-12-04T11:41:58+0100 - era5land_to_datm.download - INFO - Retrieving Remote for request ID adfc65c8-d0a2-4da3-aac7-2b8b88dd8a78 (64/100)...
2025-12-04T11:41:58+0100 - ecmwf.datastores.processing - INFO - Request ID is adfc65c8-d0a2-4da3-aac7-2b8b88dd8a78
2025-12-04T11:41:58+0100 - ecmwf.datastores.processing - INFO - Request ID is adfc65c8-d0a2-4da3-aac7-2b8b88dd8a78
2025-12-04T11:41:58+0100 - era5land_to_datm.download - INFO - Sleeping for 0.5 seconds before next call...
2025-12-04T11:41:58+0100 - era5land_to_datm.download - INFO - Retrieving Remote for request ID a2f41033-ceb2-4a9f-8a26-680b5cfb3a6f (65/100)...
2025-12-04T11:42:00+0100 - ecmwf.datastores.processing - INFO - Request ID is a2f41033-ceb2-4a9f-8a26-680b5cfb3a6f
2025-12-04T11:42:00+0100 - ecmwf.datastores.processing - INFO - Request ID is a2f41033-ceb2-4a9f-8a26-680b5cfb3a6f
2025-12-04T11:42:00+0100 - era5land_to_datm.download - INFO - Sleeping for 0.5 seconds before next call...
2025-12-04T11:42:00+0100 - era5land_to_datm.download - INFO - Retrieving Remote for request ID 1f92b085-9fde-403e-af43-0f3f2ee58b63 (66/100)...
2025-12-04T11:42:00+0100 - ecmwf.datastores.processing - INFO - Request ID is 1f92b085-9fde-403e-af43-0f3f2ee58b63
2025-12-04T11:42:00+0100 - ecmwf.datastores.processing - INFO - Request ID is 1f92b085-9fde-403e-af43-0f3f2ee58b63
2025-12-04T11:42:00+0100 - era5land_to_datm.download - INFO - Sleeping for 0.5 seconds before next call...
2025-12-04T11:42:01+0100 - era5land_to_datm.download - INFO - Retrieving Remote for request ID dcb01b2f-89c8-4a09-9600-f2fe9abcb0ad (67/100)...
2025-12-04T11:42:01+0100 - ecmwf.datastores.processing - INFO - Request ID is dcb01b2f-89c8-4a09-9600-f2fe9abcb0ad
2025-12-04T11:42:01+0100 - ecmwf.datastores.processing - INFO - Request ID is dcb01b2f-89c8-4a09-9600-f2fe9abcb0ad
2025-12-04T11:42:01+0100 - era5land_to_datm.download - INFO - Sleeping for 0.5 seconds before next call...
2025-12-04T11:42:01+0100 - era5land_to_datm.download - INFO - Retrieving Remote for request ID fbb0003f-dbe7-4e3d-8853-805ac8c04b3e (68/100)...
2025-12-04T11:42:01+0100 - ecmwf.datastores.processing - INFO - Request ID is fbb0003f-dbe7-4e3d-8853-805ac8c04b3e
2025-12-04T11:42:01+0100 - ecmwf.datastores.processing - INFO - Request ID is fbb0003f-dbe7-4e3d-8853-805ac8c04b3e
2025-12-04T11:42:01+0100 - era5land_to_datm.download - INFO - Sleeping for 0.5 seconds before next call...
2025-12-04T11:42:02+0100 - era5land_to_datm.download - INFO - Retrieving Remote for request ID 5a55226f-bddb-4f3a-a9a5-0f80a766e241 (69/100)...
2025-12-04T11:42:02+0100 - ecmwf.datastores.processing - INFO - Request ID is 5a55226f-bddb-4f3a-a9a5-0f80a766e241
2025-12-04T11:42:02+0100 - ecmwf.datastores.processing - INFO - Request ID is 5a55226f-bddb-4f3a-a9a5-0f80a766e241
2025-12-04T11:42:02+0100 - era5land_to_datm.download - INFO - Sleeping for 0.5 seconds before next call...
2025-12-04T11:42:03+0100 - era5land_to_datm.download - INFO - Retrieving Remote for request ID d2f37227-1a1e-409e-9276-8e58ad93f531 (70/100)...
2025-12-04T11:42:03+0100 - ecmwf.datastores.processing - INFO - Request ID is d2f37227-1a1e-409e-9276-8e58ad93f531
2025-12-04T11:42:03+0100 - ecmwf.datastores.processing - INFO - Request ID is d2f37227-1a1e-409e-9276-8e58ad93f531
2025-12-04T11:42:03+0100 - era5land_to_datm.download - INFO - Sleeping for 0.5 seconds before next call...
2025-12-04T11:42:03+0100 - era5land_to_datm.download - INFO - Retrieving Remote for request ID d03ad1cc-8dc9-420f-9ae6-aaaa131049e2 (71/100)...
2025-12-04T11:42:03+0100 - ecmwf.datastores.processing - INFO - Request ID is d03ad1cc-8dc9-420f-9ae6-aaaa131049e2
2025-12-04T11:42:03+0100 - ecmwf.datastores.processing - INFO - Request ID is d03ad1cc-8dc9-420f-9ae6-aaaa131049e2
2025-12-04T11:42:03+0100 - era5land_to_datm.download - INFO - Sleeping for 0.5 seconds before next call...
2025-12-04T11:42:04+0100 - era5land_to_datm.download - INFO - Retrieving Remote for request ID a900e8de-1fdb-46bc-82ba-3e6540f3852d (72/100)...
2025-12-04T11:42:04+0100 - ecmwf.datastores.processing - INFO - Request ID is a900e8de-1fdb-46bc-82ba-3e6540f3852d
2025-12-04T11:42:04+0100 - ecmwf.datastores.processing - INFO - Request ID is a900e8de-1fdb-46bc-82ba-3e6540f3852d
2025-12-04T11:42:04+0100 - era5land_to_datm.download - INFO - Sleeping for 0.5 seconds before next call...
2025-12-04T11:42:04+0100 - era5land_to_datm.download - INFO - Retrieving Remote for request ID cff52fd4-6dc1-4a07-98f1-b85c71bfc650 (73/100)...
2025-12-04T11:42:04+0100 - ecmwf.datastores.processing - INFO - Request ID is cff52fd4-6dc1-4a07-98f1-b85c71bfc650
2025-12-04T11:42:04+0100 - ecmwf.datastores.processing - INFO - Request ID is cff52fd4-6dc1-4a07-98f1-b85c71bfc650
2025-12-04T11:42:04+0100 - era5land_to_datm.download - INFO - Sleeping for 0.5 seconds before next call...
2025-12-04T11:42:05+0100 - era5land_to_datm.download - INFO - Retrieving Remote for request ID 88339403-913a-4c1f-9f56-33054793db8b (74/100)...
2025-12-04T11:42:05+0100 - ecmwf.datastores.processing - INFO - Request ID is 88339403-913a-4c1f-9f56-33054793db8b
2025-12-04T11:42:05+0100 - ecmwf.datastores.processing - INFO - Request ID is 88339403-913a-4c1f-9f56-33054793db8b
2025-12-04T11:42:05+0100 - era5land_to_datm.download - INFO - Sleeping for 0.5 seconds before next call...
2025-12-04T11:42:05+0100 - era5land_to_datm.download - INFO - Retrieving Remote for request ID 326dc626-4245-4024-a0b9-72463b86437d (75/100)...
2025-12-04T11:42:06+0100 - ecmwf.datastores.processing - INFO - Request ID is 326dc626-4245-4024-a0b9-72463b86437d
2025-12-04T11:42:06+0100 - ecmwf.datastores.processing - INFO - Request ID is 326dc626-4245-4024-a0b9-72463b86437d
2025-12-04T11:42:06+0100 - era5land_to_datm.download - INFO - Sleeping for 0.5 seconds before next call...
2025-12-04T11:42:06+0100 - era5land_to_datm.download - INFO - Retrieving Remote for request ID 3895c7fa-8f68-4205-ad0a-4eabd51afda7 (76/100)...
2025-12-04T11:42:06+0100 - ecmwf.datastores.processing - INFO - Request ID is 3895c7fa-8f68-4205-ad0a-4eabd51afda7
2025-12-04T11:42:06+0100 - ecmwf.datastores.processing - INFO - Request ID is 3895c7fa-8f68-4205-ad0a-4eabd51afda7
2025-12-04T11:42:06+0100 - era5land_to_datm.download - INFO - Sleeping for 0.5 seconds before next call...
2025-12-04T11:42:07+0100 - era5land_to_datm.download - INFO - Retrieving Remote for request ID 3f47d85b-9166-400e-8da6-6e9f993f59a5 (77/100)...
2025-12-04T11:42:07+0100 - ecmwf.datastores.processing - INFO - Request ID is 3f47d85b-9166-400e-8da6-6e9f993f59a5
2025-12-04T11:42:07+0100 - ecmwf.datastores.processing - INFO - Request ID is 3f47d85b-9166-400e-8da6-6e9f993f59a5
2025-12-04T11:42:07+0100 - era5land_to_datm.download - INFO - Sleeping for 0.5 seconds before next call...
2025-12-04T11:42:07+0100 - era5land_to_datm.download - INFO - Retrieving Remote for request ID aa84983b-c3c2-4710-80cf-21e66a24495b (78/100)...
2025-12-04T11:42:07+0100 - ecmwf.datastores.processing - INFO - Request ID is aa84983b-c3c2-4710-80cf-21e66a24495b
2025-12-04T11:42:07+0100 - ecmwf.datastores.processing - INFO - Request ID is aa84983b-c3c2-4710-80cf-21e66a24495b
2025-12-04T11:42:07+0100 - era5land_to_datm.download - INFO - Sleeping for 0.5 seconds before next call...
2025-12-04T11:42:08+0100 - era5land_to_datm.download - INFO - Retrieving Remote for request ID 4882e342-e5bf-4d5f-83f2-eb29d9ec15af (79/100)...
2025-12-04T11:42:08+0100 - ecmwf.datastores.processing - INFO - Request ID is 4882e342-e5bf-4d5f-83f2-eb29d9ec15af
2025-12-04T11:42:08+0100 - ecmwf.datastores.processing - INFO - Request ID is 4882e342-e5bf-4d5f-83f2-eb29d9ec15af
2025-12-04T11:42:08+0100 - era5land_to_datm.download - INFO - Sleeping for 0.5 seconds before next call...
2025-12-04T11:42:08+0100 - era5land_to_datm.download - INFO - Retrieving Remote for request ID d88d9253-7917-47e7-b243-d37b1d65ce87 (80/100)...
2025-12-04T11:42:08+0100 - ecmwf.datastores.processing - INFO - Request ID is d88d9253-7917-47e7-b243-d37b1d65ce87
2025-12-04T11:42:08+0100 - ecmwf.datastores.processing - INFO - Request ID is d88d9253-7917-47e7-b243-d37b1d65ce87
2025-12-04T11:42:08+0100 - era5land_to_datm.download - INFO - Sleeping for 0.5 seconds before next call...
2025-12-04T11:42:09+0100 - era5land_to_datm.download - INFO - Retrieving Remote for request ID b3afec11-f121-4f79-8132-bb1e421dc9d0 (81/100)...
2025-12-04T11:42:09+0100 - ecmwf.datastores.processing - INFO - Request ID is b3afec11-f121-4f79-8132-bb1e421dc9d0
2025-12-04T11:42:09+0100 - ecmwf.datastores.processing - INFO - Request ID is b3afec11-f121-4f79-8132-bb1e421dc9d0
2025-12-04T11:42:09+0100 - era5land_to_datm.download - INFO - Sleeping for 0.5 seconds before next call...
2025-12-04T11:42:10+0100 - era5land_to_datm.download - INFO - Retrieving Remote for request ID 42e96652-146d-4b48-ab05-96550a36fd21 (82/100)...
2025-12-04T11:42:10+0100 - ecmwf.datastores.processing - INFO - Request ID is 42e96652-146d-4b48-ab05-96550a36fd21
2025-12-04T11:42:10+0100 - ecmwf.datastores.processing - INFO - Request ID is 42e96652-146d-4b48-ab05-96550a36fd21
2025-12-04T11:42:10+0100 - era5land_to_datm.download - INFO - Sleeping for 0.5 seconds before next call...
2025-12-04T11:42:10+0100 - era5land_to_datm.download - INFO - Retrieving Remote for request ID 0749399b-8229-48ee-819c-f3611d4bca64 (83/100)...
2025-12-04T11:42:10+0100 - ecmwf.datastores.processing - INFO - Request ID is 0749399b-8229-48ee-819c-f3611d4bca64
2025-12-04T11:42:10+0100 - ecmwf.datastores.processing - INFO - Request ID is 0749399b-8229-48ee-819c-f3611d4bca64
2025-12-04T11:42:10+0100 - era5land_to_datm.download - INFO - Sleeping for 0.5 seconds before next call...
2025-12-04T11:42:11+0100 - era5land_to_datm.download - INFO - Retrieving Remote for request ID 57a25b28-c4cb-4d92-b501-c69eb47b35f0 (84/100)...
2025-12-04T11:42:11+0100 - ecmwf.datastores.processing - INFO - Request ID is 57a25b28-c4cb-4d92-b501-c69eb47b35f0
2025-12-04T11:42:11+0100 - ecmwf.datastores.processing - INFO - Request ID is 57a25b28-c4cb-4d92-b501-c69eb47b35f0
2025-12-04T11:42:11+0100 - era5land_to_datm.download - INFO - Sleeping for 0.5 seconds before next call...
2025-12-04T11:42:11+0100 - era5land_to_datm.download - INFO - Retrieving Remote for request ID 0370e8d2-ba20-4094-bf8e-2d8fc4c51023 (85/100)...
2025-12-04T11:42:11+0100 - ecmwf.datastores.processing - INFO - Request ID is 0370e8d2-ba20-4094-bf8e-2d8fc4c51023
2025-12-04T11:42:11+0100 - ecmwf.datastores.processing - INFO - Request ID is 0370e8d2-ba20-4094-bf8e-2d8fc4c51023
2025-12-04T11:42:11+0100 - era5land_to_datm.download - INFO - Sleeping for 0.5 seconds before next call...
2025-12-04T11:42:12+0100 - era5land_to_datm.download - INFO - Retrieving Remote for request ID 35e18e50-f90f-41e7-8e2f-f7b18c0d3f62 (86/100)...
2025-12-04T11:42:12+0100 - ecmwf.datastores.processing - INFO - Request ID is 35e18e50-f90f-41e7-8e2f-f7b18c0d3f62
2025-12-04T11:42:12+0100 - ecmwf.datastores.processing - INFO - Request ID is 35e18e50-f90f-41e7-8e2f-f7b18c0d3f62
2025-12-04T11:42:12+0100 - era5land_to_datm.download - INFO - Sleeping for 0.5 seconds before next call...
2025-12-04T11:42:13+0100 - era5land_to_datm.download - INFO - Retrieving Remote for request ID 0eaba4dd-1e26-40ec-8233-1eb3d2bba8cd (87/100)...
2025-12-04T11:42:13+0100 - ecmwf.datastores.processing - INFO - Request ID is 0eaba4dd-1e26-40ec-8233-1eb3d2bba8cd
2025-12-04T11:42:13+0100 - ecmwf.datastores.processing - INFO - Request ID is 0eaba4dd-1e26-40ec-8233-1eb3d2bba8cd
2025-12-04T11:42:13+0100 - era5land_to_datm.download - INFO - Sleeping for 0.5 seconds before next call...
2025-12-04T11:42:13+0100 - era5land_to_datm.download - INFO - Retrieving Remote for request ID 115d8ae1-8505-4a0a-ba3b-3923573fd573 (88/100)...
2025-12-04T11:42:13+0100 - ecmwf.datastores.processing - INFO - Request ID is 115d8ae1-8505-4a0a-ba3b-3923573fd573
2025-12-04T11:42:13+0100 - ecmwf.datastores.processing - INFO - Request ID is 115d8ae1-8505-4a0a-ba3b-3923573fd573
2025-12-04T11:42:13+0100 - era5land_to_datm.download - INFO - Sleeping for 0.5 seconds before next call...
2025-12-04T11:42:14+0100 - era5land_to_datm.download - INFO - Retrieving Remote for request ID 760ad259-1956-4223-a0ec-5e1a3535d399 (89/100)...
2025-12-04T11:42:14+0100 - ecmwf.datastores.processing - INFO - Request ID is 760ad259-1956-4223-a0ec-5e1a3535d399
2025-12-04T11:42:14+0100 - ecmwf.datastores.processing - INFO - Request ID is 760ad259-1956-4223-a0ec-5e1a3535d399
2025-12-04T11:42:14+0100 - era5land_to_datm.download - INFO - Sleeping for 0.5 seconds before next call...
2025-12-04T11:42:14+0100 - era5land_to_datm.download - INFO - Retrieving Remote for request ID 21f71c86-46b2-499e-9497-9c37e9b65153 (90/100)...
2025-12-04T11:42:15+0100 - ecmwf.datastores.processing - INFO - Request ID is 21f71c86-46b2-499e-9497-9c37e9b65153
2025-12-04T11:42:15+0100 - ecmwf.datastores.processing - INFO - Request ID is 21f71c86-46b2-499e-9497-9c37e9b65153
2025-12-04T11:42:15+0100 - era5land_to_datm.download - INFO - Sleeping for 0.5 seconds before next call...
2025-12-04T11:42:16+0100 - era5land_to_datm.download - INFO - Retrieving Remote for request ID f985f583-2f62-4e1d-a334-5ac39d09e05e (91/100)...
2025-12-04T11:42:16+0100 - ecmwf.datastores.processing - INFO - Request ID is f985f583-2f62-4e1d-a334-5ac39d09e05e
2025-12-04T11:42:16+0100 - ecmwf.datastores.processing - INFO - Request ID is f985f583-2f62-4e1d-a334-5ac39d09e05e
2025-12-04T11:42:16+0100 - era5land_to_datm.download - INFO - Sleeping for 0.5 seconds before next call...
2025-12-04T11:42:17+0100 - era5land_to_datm.download - INFO - Retrieving Remote for request ID eaad43f3-c5db-4dd5-be66-4f238843daa1 (92/100)...
2025-12-04T11:42:17+0100 - ecmwf.datastores.processing - INFO - Request ID is eaad43f3-c5db-4dd5-be66-4f238843daa1
2025-12-04T11:42:17+0100 - ecmwf.datastores.processing - INFO - Request ID is eaad43f3-c5db-4dd5-be66-4f238843daa1
2025-12-04T11:42:17+0100 - era5land_to_datm.download - INFO - Sleeping for 0.5 seconds before next call...
2025-12-04T11:42:17+0100 - era5land_to_datm.download - INFO - Retrieving Remote for request ID 5680c2b3-a04d-4466-b084-4c8861bcac6d (93/100)...
2025-12-04T11:42:19+0100 - ecmwf.datastores.processing - INFO - Request ID is 5680c2b3-a04d-4466-b084-4c8861bcac6d
2025-12-04T11:42:19+0100 - ecmwf.datastores.processing - INFO - Request ID is 5680c2b3-a04d-4466-b084-4c8861bcac6d
2025-12-04T11:42:19+0100 - era5land_to_datm.download - INFO - Sleeping for 0.5 seconds before next call...
2025-12-04T11:42:19+0100 - era5land_to_datm.download - INFO - Retrieving Remote for request ID 1d6cf12e-6454-4eba-845f-3bad81d9a0ab (94/100)...
2025-12-04T11:42:19+0100 - ecmwf.datastores.processing - INFO - Request ID is 1d6cf12e-6454-4eba-845f-3bad81d9a0ab
2025-12-04T11:42:19+0100 - ecmwf.datastores.processing - INFO - Request ID is 1d6cf12e-6454-4eba-845f-3bad81d9a0ab
2025-12-04T11:42:19+0100 - era5land_to_datm.download - INFO - Sleeping for 0.5 seconds before next call...
2025-12-04T11:42:20+0100 - era5land_to_datm.download - INFO - Retrieving Remote for request ID 280d0ade-4e68-4104-be25-cead1a12239a (95/100)...
2025-12-04T11:42:20+0100 - ecmwf.datastores.processing - INFO - Request ID is 280d0ade-4e68-4104-be25-cead1a12239a
2025-12-04T11:42:20+0100 - ecmwf.datastores.processing - INFO - Request ID is 280d0ade-4e68-4104-be25-cead1a12239a
2025-12-04T11:42:20+0100 - era5land_to_datm.download - INFO - Sleeping for 0.5 seconds before next call...
2025-12-04T11:42:20+0100 - era5land_to_datm.download - INFO - Retrieving Remote for request ID 196018bc-16c5-4b23-a2a3-717726573941 (96/100)...
2025-12-04T11:42:20+0100 - ecmwf.datastores.processing - INFO - Request ID is 196018bc-16c5-4b23-a2a3-717726573941
2025-12-04T11:42:20+0100 - ecmwf.datastores.processing - INFO - Request ID is 196018bc-16c5-4b23-a2a3-717726573941
2025-12-04T11:42:20+0100 - era5land_to_datm.download - INFO - Sleeping for 0.5 seconds before next call...
2025-12-04T11:42:21+0100 - era5land_to_datm.download - INFO - Retrieving Remote for request ID ab1591e4-3384-454a-87ad-18b2ba7a789b (97/100)...
2025-12-04T11:42:21+0100 - ecmwf.datastores.processing - INFO - Request ID is ab1591e4-3384-454a-87ad-18b2ba7a789b
2025-12-04T11:42:21+0100 - ecmwf.datastores.processing - INFO - Request ID is ab1591e4-3384-454a-87ad-18b2ba7a789b
2025-12-04T11:42:21+0100 - era5land_to_datm.download - INFO - Sleeping for 0.5 seconds before next call...
2025-12-04T11:42:21+0100 - era5land_to_datm.download - INFO - Retrieving Remote for request ID 79e4f19c-fe3e-4a21-b306-a32df6336323 (98/100)...
2025-12-04T11:42:22+0100 - ecmwf.datastores.processing - INFO - Request ID is 79e4f19c-fe3e-4a21-b306-a32df6336323
2025-12-04T11:42:22+0100 - ecmwf.datastores.processing - INFO - Request ID is 79e4f19c-fe3e-4a21-b306-a32df6336323
2025-12-04T11:42:22+0100 - era5land_to_datm.download - INFO - Sleeping for 0.5 seconds before next call...
2025-12-04T11:42:22+0100 - era5land_to_datm.download - INFO - Retrieving Remote for request ID a6ce0cce-64d1-493b-bd33-febd5081741c (99/100)...
2025-12-04T11:42:22+0100 - ecmwf.datastores.processing - INFO - Request ID is a6ce0cce-64d1-493b-bd33-febd5081741c
2025-12-04T11:42:22+0100 - ecmwf.datastores.processing - INFO - Request ID is a6ce0cce-64d1-493b-bd33-febd5081741c
2025-12-04T11:42:22+0100 - era5land_to_datm.download - INFO - Sleeping for 0.5 seconds before next call...
2025-12-04T11:42:23+0100 - era5land_to_datm.download - INFO - Retrieving Remote for request ID 556ac287-e1ee-40ea-8b01-e79b1542b4c4 (100/100)...
2025-12-04T11:42:23+0100 - ecmwf.datastores.processing - INFO - Request ID is 556ac287-e1ee-40ea-8b01-e79b1542b4c4
2025-12-04T11:42:23+0100 - ecmwf.datastores.processing - INFO - Request ID is 556ac287-e1ee-40ea-8b01-e79b1542b4c4
2025-12-04T11:43:26+0100 - ecmwf.datastores.processing - INFO - status has been updated to accepted
2025-12-04T11:43:26+0100 - ecmwf.datastores.processing - INFO - status has been updated to accepted
2025-12-04T11:43:26+0100 - ecmwf.datastores.processing - INFO - status has been updated to accepted
2025-12-04T11:43:26+0100 - ecmwf.datastores.processing - INFO - status has been updated to accepted
2025-12-04T11:43:26+0100 - ecmwf.datastores.processing - INFO - status has been updated to accepted
2025-12-04T11:43:26+0100 - ecmwf.datastores.processing - INFO - status has been updated to accepted
2025-12-04T11:43:26+0100 - ecmwf.datastores.processing - INFO - status has been updated to accepted
2025-12-04T11:43:26+0100 - ecmwf.datastores.processing - INFO - status has been updated to accepted
2025-12-04T11:43:26+0100 - ecmwf.datastores.processing - INFO - status has been updated to accepted
2025-12-04T11:43:26+0100 - ecmwf.datastores.processing - INFO - status has been updated to accepted
2025-12-04T11:43:27+0100 - ecmwf.datastores.processing - INFO - status has been updated to accepted
2025-12-04T11:43:27+0100 - ecmwf.datastores.processing - INFO - status has been updated to accepted
2025-12-04T11:43:27+0100 - ecmwf.datastores.processing - INFO - status has been updated to accepted
2025-12-04T11:43:27+0100 - ecmwf.datastores.processing - INFO - status has been updated to accepted
2025-12-04T11:43:27+0100 - ecmwf.datastores.processing - INFO - status has been updated to accepted
2025-12-04T11:43:27+0100 - ecmwf.datastores.processing - INFO - status has been updated to accepted
2025-12-04T11:43:27+0100 - ecmwf.datastores.processing - INFO - status has been updated to accepted
2025-12-04T11:43:27+0100 - ecmwf.datastores.processing - INFO - status has been updated to accepted
2025-12-04T11:43:27+0100 - ecmwf.datastores.processing - INFO - status has been updated to accepted
2025-12-04T11:43:27+0100 - ecmwf.datastores.processing - INFO - status has been updated to accepted
2025-12-04T11:43:27+0100 - ecmwf.datastores.processing - INFO - status has been updated to accepted
2025-12-04T11:43:27+0100 - ecmwf.datastores.processing - INFO - status has been updated to successful
2025-12-04T11:43:27+0100 - ecmwf.datastores.processing - INFO - status has been updated to successful
2025-12-04T11:43:28+0100 - ecmwf.datastores.processing - INFO - status has been updated to successful
2025-12-04T11:43:28+0100 - ecmwf.datastores.processing - INFO - status has been updated to successful
2025-12-04T11:43:28+0100 - ecmwf.datastores.processing - INFO - status has been updated to successful
2025-12-04T11:43:28+0100 - ecmwf.datastores.processing - INFO - status has been updated to successful
2025-12-04T11:43:28+0100 - ecmwf.datastores.processing - INFO - status has been updated to successful
2025-12-04T11:43:28+0100 - ecmwf.datastores.processing - INFO - status has been updated to successful
2025-12-04T11:43:28+0100 - ecmwf.datastores.processing - INFO - status has been updated to successful
2025-12-04T11:43:28+0100 - ecmwf.datastores.processing - INFO - status has been updated to successful
2025-12-04T11:43:28+0100 - ecmwf.datastores.processing - INFO - status has been updated to successful
2025-12-04T11:43:28+0100 - ecmwf.datastores.processing - INFO - status has been updated to successful
2025-12-04T11:43:28+0100 - ecmwf.datastores.processing - INFO - status has been updated to successful
2025-12-04T11:43:28+0100 - ecmwf.datastores.processing - INFO - status has been updated to successful
2025-12-04T11:43:28+0100 - ecmwf.datastores.processing - INFO - status has been updated to successful
2025-12-04T11:43:28+0100 - ecmwf.datastores.processing - INFO - status has been updated to successful
2025-12-04T11:43:28+0100 - ecmwf.datastores.processing - INFO - status has been updated to successful
2025-12-04T11:43:29+0100 - ecmwf.datastores.processing - INFO - status has been updated to successful
2025-12-04T11:43:29+0100 - ecmwf.datastores.processing - INFO - status has been updated to successful
2025-12-04T11:43:29+0100 - ecmwf.datastores.processing - INFO - status has been updated to successful
2025-12-04T11:43:29+0100 - ecmwf.datastores.processing - INFO - status has been updated to successful
2025-12-04T11:43:29+0100 - ecmwf.datastores.processing - INFO - status has been updated to successful
2025-12-04T11:43:29+0100 - ecmwf.datastores.processing - INFO - status has been updated to successful
2025-12-04T11:43:29+0100 - ecmwf.datastores.processing - INFO - status has been updated to successful
2025-12-04T11:43:29+0100 - ecmwf.datastores.processing - INFO - status has been updated to successful
2025-12-04T11:43:29+0100 - ecmwf.datastores.processing - INFO - status has been updated to successful
2025-12-04T11:43:29+0100 - ecmwf.datastores.processing - INFO - status has been updated to successful
2025-12-04T11:43:29+0100 - ecmwf.datastores.processing - INFO - status has been updated to successful
2025-12-04T11:43:29+0100 - ecmwf.datastores.processing - INFO - status has been updated to successful
2025-12-04T11:43:30+0100 - ecmwf.datastores.processing - INFO - status has been updated to successful
2025-12-04T11:43:30+0100 - ecmwf.datastores.processing - INFO - status has been updated to successful
2025-12-04T11:43:30+0100 - ecmwf.datastores.processing - INFO - status has been updated to successful
2025-12-04T11:43:30+0100 - ecmwf.datastores.processing - INFO - status has been updated to successful
2025-12-04T11:43:30+0100 - ecmwf.datastores.processing - INFO - status has been updated to successful
2025-12-04T11:43:30+0100 - ecmwf.datastores.processing - INFO - status has been updated to successful
2025-12-04T11:43:30+0100 - ecmwf.datastores.processing - INFO - status has been updated to successful
2025-12-04T11:43:30+0100 - ecmwf.datastores.processing - INFO - status has been updated to successful
2025-12-04T11:43:30+0100 - ecmwf.datastores.processing - INFO - status has been updated to successful
2025-12-04T11:43:30+0100 - ecmwf.datastores.processing - INFO - status has been updated to successful
2025-12-04T11:43:30+0100 - ecmwf.datastores.processing - INFO - status has been updated to successful
2025-12-04T11:43:30+0100 - ecmwf.datastores.processing - INFO - status has been updated to successful
2025-12-04T11:43:30+0100 - ecmwf.datastores.processing - INFO - status has been updated to successful
2025-12-04T11:43:30+0100 - ecmwf.datastores.processing - INFO - status has been updated to successful
2025-12-04T11:43:31+0100 - ecmwf.datastores.processing - INFO - status has been updated to successful
2025-12-04T11:43:31+0100 - ecmwf.datastores.processing - INFO - status has been updated to successful
2025-12-04T11:43:31+0100 - ecmwf.datastores.processing - INFO - status has been updated to successful
2025-12-04T11:43:31+0100 - ecmwf.datastores.processing - INFO - status has been updated to successful
2025-12-04T11:43:31+0100 - ecmwf.datastores.processing - INFO - status has been updated to successful
2025-12-04T11:43:31+0100 - ecmwf.datastores.processing - INFO - status has been updated to successful
2025-12-04T11:43:31+0100 - ecmwf.datastores.processing - INFO - status has been updated to successful
2025-12-04T11:43:31+0100 - ecmwf.datastores.processing - INFO - status has been updated to successful
2025-12-04T11:43:31+0100 - ecmwf.datastores.processing - INFO - status has been updated to successful
2025-12-04T11:43:31+0100 - ecmwf.datastores.processing - INFO - status has been updated to successful
2025-12-04T11:43:31+0100 - ecmwf.datastores.processing - INFO - status has been updated to successful
2025-12-04T11:43:31+0100 - ecmwf.datastores.processing - INFO - status has been updated to successful
2025-12-04T11:43:31+0100 - ecmwf.datastores.processing - INFO - status has been updated to successful
2025-12-04T11:43:32+0100 - ecmwf.datastores.processing - INFO - status has been updated to successful
2025-12-04T11:43:32+0100 - ecmwf.datastores.processing - INFO - status has been updated to successful
2025-12-04T11:43:32+0100 - ecmwf.datastores.processing - INFO - status has been updated to successful
2025-12-04T11:43:32+0100 - ecmwf.datastores.processing - INFO - status has been updated to successful
2025-12-04T11:43:32+0100 - ecmwf.datastores.processing - INFO - status has been updated to successful
2025-12-04T11:43:32+0100 - ecmwf.datastores.processing - INFO - status has been updated to successful
2025-12-04T11:43:32+0100 - ecmwf.datastores.processing - INFO - status has been updated to successful
2025-12-04T11:43:32+0100 - ecmwf.datastores.processing - INFO - status has been updated to successful
2025-12-04T11:43:32+0100 - ecmwf.datastores.processing - INFO - status has been updated to successful
2025-12-04T11:43:32+0100 - ecmwf.datastores.processing - INFO - status has been updated to successful
2025-12-04T11:43:32+0100 - ecmwf.datastores.processing - INFO - status has been updated to successful
2025-12-04T11:43:32+0100 - ecmwf.datastores.processing - INFO - status has been updated to successful
2025-12-04T11:43:32+0100 - ecmwf.datastores.processing - INFO - status has been updated to successful
2025-12-04T11:43:33+0100 - ecmwf.datastores.processing - INFO - status has been updated to successful
2025-12-04T11:43:33+0100 - ecmwf.datastores.processing - INFO - status has been updated to successful
2025-12-04T11:43:33+0100 - ecmwf.datastores.processing - INFO - status has been updated to successful
2025-12-04T11:43:33+0100 - ecmwf.datastores.processing - INFO - status has been updated to successful
2025-12-04T11:43:33+0100 - ecmwf.datastores.processing - INFO - status has been updated to successful
2025-12-04T11:43:33+0100 - ecmwf.datastores.processing - INFO - status has been updated to successful
2025-12-04T11:43:33+0100 - ecmwf.datastores.processing - INFO - status has been updated to successful
2025-12-04T11:43:34+0100 - ecmwf.datastores.processing - INFO - status has been updated to successful
2025-12-04T11:43:34+0100 - ecmwf.datastores.processing - INFO - status has been updated to successful
2025-12-04T11:43:34+0100 - ecmwf.datastores.processing - INFO - status has been updated to successful
2025-12-04T12:03:50+0100 - era5land_to_datm.download - INFO - No files available yet for remote with id fcc73489-a87b-403f-a330-70af2762d3fb; skipping download.
2025-12-04T12:03:50+0100 - era5land_to_datm.download - INFO - No files available yet for remote with id 96c419ad-32b0-4348-8bef-4b457ce56111; skipping download.
2025-12-04T12:03:50+0100 - era5land_to_datm.download - INFO - No files available yet for remote with id c461a9db-7818-454c-860d-1ef1b1ee0228; skipping download.
2025-12-04T12:03:50+0100 - era5land_to_datm.download - INFO - No files available yet for remote with id 3323b9a9-9a94-4abf-a3fc-b90d4be8240a; skipping download.
2025-12-04T12:03:51+0100 - era5land_to_datm.download - INFO - No files available yet for remote with id 437848e3-41be-4e1f-9944-d1ebbe9c1690; skipping download.
2025-12-04T12:03:51+0100 - era5land_to_datm.download - INFO - No files available yet for remote with id a1dfdef8-2ef2-4660-8d8c-a932b3e8a96e; skipping download.
2025-12-04T12:03:51+0100 - era5land_to_datm.download - INFO - No files available yet for remote with id b7471044-70e9-409d-a630-b58ecaa6cb09; skipping download.
2025-12-04T12:03:51+0100 - era5land_to_datm.download - INFO - No files available yet for remote with id 57e13a7f-e604-47bd-ae34-f60f9eb40bbf; skipping download.
2025-12-04T12:03:52+0100 - era5land_to_datm.download - INFO - No files available yet for remote with id ce510530-4c82-46b4-b2db-f34a39e06a78; skipping download.
2025-12-04T12:03:52+0100 - era5land_to_datm.download - INFO - No files available yet for remote with id 942368d5-3dd5-49fe-984b-b1a55db5c6c8; skipping download.
2025-12-04T12:03:52+0100 - era5land_to_datm.download - INFO - No files available yet for remote with id 4232b7d3-8334-485f-a0b6-1cd11ecae2c3; skipping download.
2025-12-04T12:03:52+0100 - era5land_to_datm.download - INFO - No files available yet for remote with id 2204ee3e-dd08-48c8-ad82-eafaee13964f; skipping download.
2025-12-04T12:03:52+0100 - era5land_to_datm.download - INFO - No files available yet for remote with id 5efd4581-22ba-4e41-b3ed-8effd867e9e5; skipping download.
2025-12-04T12:03:52+0100 - era5land_to_datm.download - INFO - No files available yet for remote with id 1779c5d8-6b75-4255-ab5e-837edc16ccfb; skipping download.
2025-12-04T12:03:52+0100 - era5land_to_datm.download - INFO - No files available yet for remote with id 148295dd-0022-4947-9e84-985a2ed979ed; skipping download.
2025-12-04T12:03:52+0100 - era5land_to_datm.download - INFO - No files available yet for remote with id 094c4782-09c4-4665-90a3-a283c4d5f1d3; skipping download.
2025-12-04T12:03:53+0100 - era5land_to_datm.download - INFO - No files available yet for remote with id 0233eaee-d06e-49bf-94ec-addd563badbc; skipping download.
2025-12-04T12:03:53+0100 - era5land_to_datm.download - INFO - No files available yet for remote with id 587ead30-4a12-4e1e-9a16-290f953bc215; skipping download.
2025-12-04T12:03:53+0100 - era5land_to_datm.download - INFO - No files available yet for remote with id 565688a5-a583-4269-b4ca-06bcc5b18714; skipping download.
2025-12-04T12:03:53+0100 - ecmwf.datastores.processing - INFO - status has been updated to running
2025-12-04T12:03:53+0100 - era5land_to_datm.download - INFO - No files available yet for remote with id d076c2b8-3d2c-4051-940e-522eef35241a; skipping download.
2025-12-04T12:03:53+0100 - ecmwf.datastores.processing - INFO - status has been updated to successful
2025-12-04T12:03:53+0100 - multiurl.base - INFO - Downloading https://object-store.os-api.cci2.ecmwf.int:443/cci2-prod-cache-3/2025-12-04/aa34056b3842997c2a0d1165a9e641ff.grib
2025-12-04T12:04:11+0100 - multiurl.base - INFO - Downloading https://object-store.os-api.cci2.ecmwf.int:443/cci2-prod-cache-3/2025-12-04/4da70dbf1733d1880d79a17c8c6c4d59.grib
2025-12-04T12:04:34+0100 - multiurl.base - INFO - Downloading https://object-store.os-api.cci2.ecmwf.int:443/cci2-prod-cache-2/2025-12-04/3306af57f3a935dce9605eca1c3cc044.grib
2025-12-04T12:06:55+0100 - multiurl.base - INFO - Downloading https://object-store.os-api.cci2.ecmwf.int:443/cci2-prod-cache-1/2025-12-04/4697ee7804f4081ab2842dac09dc731b.grib
2025-12-04T12:08:15+0100 - multiurl.base - INFO - Downloading https://object-store.os-api.cci2.ecmwf.int:443/cci2-prod-cache-2/2025-12-04/24ce25114299c3129b36120bfce554aa.grib
2025-12-04T12:08:28+0100 - multiurl.base - INFO - Downloading https://object-store.os-api.cci2.ecmwf.int:443/cci2-prod-cache-1/2025-12-04/ce6840cba5c2070d949aab7dcd6d7c2f.grib
2025-12-04T12:09:10+0100 - multiurl.base - INFO - Downloading https://object-store.os-api.cci2.ecmwf.int:443/cci2-prod-cache-2/2025-12-04/a54fa478e0e5e8aedc5a5e2195bb1144.grib
2025-12-04T12:09:32+0100 - multiurl.base - INFO - Downloading https://object-store.os-api.cci2.ecmwf.int:443/cci2-prod-cache-2/2025-12-04/c8a08cc911290d449b4c9c20b732c227.grib
2025-12-04T12:09:45+0100 - multiurl.base - INFO - Downloading https://object-store.os-api.cci2.ecmwf.int:443/cci2-prod-cache-1/2025-12-04/70242deaffe9204c5800c34c56689e73.grib
2025-12-04T12:10:01+0100 - multiurl.base - INFO - Downloading https://object-store.os-api.cci2.ecmwf.int:443/cci2-prod-cache-2/2025-12-04/85a5369503eccd5e05e498a10ad1ae92.grib
2025-12-04T12:10:27+0100 - multiurl.base - INFO - Downloading https://object-store.os-api.cci2.ecmwf.int:443/cci2-prod-cache-2/2025-12-04/b7f272df7180f8e049605384b9f686e4.grib
2025-12-04T12:10:38+0100 - multiurl.base - INFO - Downloading https://object-store.os-api.cci2.ecmwf.int:443/cci2-prod-cache-3/2025-12-04/21a15d43b3ac33fd32d8a2c76bf3841a.grib
2025-12-04T12:11:04+0100 - multiurl.base - INFO - Downloading https://object-store.os-api.cci2.ecmwf.int:443/cci2-prod-cache-1/2025-12-04/6751cfe6124b3dfef34e96e1b23c0ef8.grib
2025-12-04T12:11:21+0100 - multiurl.base - INFO - Downloading https://object-store.os-api.cci2.ecmwf.int:443/cci2-prod-cache-3/2025-12-04/5f9812a1caf0f7625fdf7667890c3758.grib
2025-12-04T12:12:36+0100 - multiurl.base - INFO - Downloading https://object-store.os-api.cci2.ecmwf.int:443/cci2-prod-cache-2/2025-12-04/18a46036976269a3bb45b33bc359605.grib
2025-12-04T12:12:53+0100 - multiurl.base - INFO - Downloading https://object-store.os-api.cci2.ecmwf.int:443/cci2-prod-cache-2/2025-12-04/110f0dce15afbbdafab35c33173707a7.grib
2025-12-04T12:14:14+0100 - multiurl.base - INFO - Downloading https://object-store.os-api.cci2.ecmwf.int:443/cci2-prod-cache-2/2025-12-04/ff162196b774131bb4a5e5a0231ae5e7.grib
2025-12-04T12:14:48+0100 - multiurl.base - INFO - Downloading https://object-store.os-api.cci2.ecmwf.int:443/cci2-prod-cache-1/2025-12-04/5c92aff8df0ece7bfb4631380191ee03.grib
2025-12-04T12:15:17+0100 - multiurl.base - INFO - Downloading https://object-store.os-api.cci2.ecmwf.int:443/cci2-prod-cache-2/2025-12-04/4545448dbca4e99c42b69d6890fa956a.grib
2025-12-04T12:16:18+0100 - multiurl.base - INFO - Downloading https://object-store.os-api.cci2.ecmwf.int:443/cci2-prod-cache-2/2025-12-04/e47bfa3de538571e5031d389effc952.grib
2025-12-04T12:16:53+0100 - multiurl.base - INFO - Downloading https://object-store.os-api.cci2.ecmwf.int:443/cci2-prod-cache-3/2025-12-04/48e3b80ba1834d93c0b4b93853193971.grib
2025-12-04T12:17:52+0100 - multiurl.base - INFO - Downloading https://object-store.os-api.cci2.ecmwf.int:443/cci2-prod-cache-2/2025-12-04/e41256baf94426cf9561ee5ab28685ac.grib
2025-12-04T12:18:39+0100 - multiurl.base - INFO - Downloading https://object-store.os-api.cci2.ecmwf.int:443/cci2-prod-cache-2/2025-12-04/3e424ee16641b819afec52c7399830b.grib
2025-12-04T12:18:53+0100 - multiurl.base - INFO - Downloading https://object-store.os-api.cci2.ecmwf.int:443/cci2-prod-cache-2/2025-12-04/395c3c3535649d288e6679d8ef99fb16.grib
2025-12-04T12:19:20+0100 - multiurl.base - INFO - Downloading https://object-store.os-api.cci2.ecmwf.int:443/cci2-prod-cache-2/2025-12-04/51b5847c3843d37375364aa2951de6fc.grib
2025-12-04T12:19:42+0100 - multiurl.base - INFO - Downloading https://object-store.os-api.cci2.ecmwf.int:443/cci2-prod-cache-2/2025-12-04/ca54a11f4c5d505ffd4d16af075b0f98.grib
2025-12-04T12:19:52+0100 - multiurl.base - INFO - Downloading https://object-store.os-api.cci2.ecmwf.int:443/cci2-prod-cache-2/2025-12-04/c0feea2027c2fa47a2b7adcf3afab76.grib
2025-12-04T12:20:16+0100 - multiurl.base - INFO - Downloading https://object-store.os-api.cci2.ecmwf.int:443/cci2-prod-cache-2/2025-12-04/15535b4a417a703b60f1e00b69fb74a3.grib
2025-12-04T12:23:02+0100 - multiurl.base - INFO - Downloading https://object-store.os-api.cci2.ecmwf.int:443/cci2-prod-cache-3/2025-12-04/3556503fad89ba817f3c4c3ae82e0d29.grib
2025-12-04T12:23:50+0100 - multiurl.base - INFO - Downloading https://object-store.os-api.cci2.ecmwf.int:443/cci2-prod-cache-1/2025-12-04/a595211b12be3e3de3de010176ae0d20.grib
2025-12-04T12:24:31+0100 - multiurl.base - INFO - Downloading https://object-store.os-api.cci2.ecmwf.int:443/cci2-prod-cache-1/2025-12-04/35b38d46e7c8815a4f52b677d1072059.grib
2025-12-04T12:26:53+0100 - multiurl.base - INFO - Downloading https://object-store.os-api.cci2.ecmwf.int:443/cci2-prod-cache-3/2025-12-04/35980e68b2d4dc098a7b066e0ba28537.grib
2025-12-04T12:27:37+0100 - multiurl.base - INFO - Downloading https://object-store.os-api.cci2.ecmwf.int:443/cci2-prod-cache-1/2025-12-04/42e57e17fd62e1701bf0401e05d6faee.grib
2025-12-04T12:27:54+0100 - multiurl.base - INFO - Downloading https://object-store.os-api.cci2.ecmwf.int:443/cci2-prod-cache-1/2025-12-04/20c69f80a8110ddb1df58c0e46e03d91.grib
2025-12-04T12:28:09+0100 - multiurl.base - INFO - Downloading https://object-store.os-api.cci2.ecmwf.int:443/cci2-prod-cache-2/2025-12-04/6b3fb3bf83fef096634e2273f692e055.grib
2025-12-04T12:28:22+0100 - multiurl.base - INFO - Downloading https://object-store.os-api.cci2.ecmwf.int:443/cci2-prod-cache-3/2025-12-04/b942c7011cbf65742f27039e9a7e0e21.grib
2025-12-04T12:28:33+0100 - multiurl.base - INFO - Downloading https://object-store.os-api.cci2.ecmwf.int:443/cci2-prod-cache-3/2025-12-03/d4272d26a00bf849bdb5caf2869e7b7b.grib
2025-12-04T12:28:44+0100 - multiurl.base - INFO - Downloading https://object-store.os-api.cci2.ecmwf.int:443/cci2-prod-cache-3/2025-12-03/163076b8ae6af4b5e1ea9ed45a69a73.grib
2025-12-04T12:29:07+0100 - multiurl.base - INFO - Downloading https://object-store.os-api.cci2.ecmwf.int:443/cci2-prod-cache-3/2025-12-03/abed7f514462d7e1ddcbedd4da434f89.grib
2025-12-04T12:29:49+0100 - multiurl.base - INFO - Downloading https://object-store.os-api.cci2.ecmwf.int:443/cci2-prod-cache-2/2025-12-03/b4a520d9255f93e71e230e49e8eda100.grib
2025-12-04T12:30:34+0100 - multiurl.base - INFO - Downloading https://object-store.os-api.cci2.ecmwf.int:443/cci2-prod-cache-3/2025-12-03/be7501d7e215ab7da5f62bd949b5b7ea.grib
2025-12-04T12:31:39+0100 - multiurl.base - INFO - Downloading https://object-store.os-api.cci2.ecmwf.int:443/cci2-prod-cache-2/2025-12-03/c54bc1e94651687067933fdac5c037fa.grib
2025-12-04T12:33:17+0100 - multiurl.base - INFO - Downloading https://object-store.os-api.cci2.ecmwf.int:443/cci2-prod-cache-3/2025-12-03/1bdb1527763a9b7bc03897486ce3f71a.grib
2025-12-04T12:33:36+0100 - multiurl.base - INFO - Downloading https://object-store.os-api.cci2.ecmwf.int:443/cci2-prod-cache-3/2025-12-03/a1fdf3bef7e7c55ade62916fe6f8bb58.grib
2025-12-04T12:33:57+0100 - multiurl.base - INFO - Downloading https://object-store.os-api.cci2.ecmwf.int:443/cci2-prod-cache-2/2025-12-03/d3166f3b371d165e50fb3131d0032d24.grib
2025-12-04T12:34:16+0100 - multiurl.base - INFO - Downloading https://object-store.os-api.cci2.ecmwf.int:443/cci2-prod-cache-3/2025-12-03/6987d547c2ebb50b5dfd5f19df47e5f0.grib
2025-12-04T12:34:42+0100 - multiurl.base - INFO - Downloading https://object-store.os-api.cci2.ecmwf.int:443/cci2-prod-cache-1/2025-12-03/3186e1c9f8f49e2613084e78d05ac8f5.grib
2025-12-04T12:35:04+0100 - multiurl.base - INFO - Downloading https://object-store.os-api.cci2.ecmwf.int:443/cci2-prod-cache-1/2025-12-03/6fdcf71fdaea8bc9de999da7af192e9a.grib
2025-12-04T12:35:19+0100 - multiurl.base - INFO - Downloading https://object-store.os-api.cci2.ecmwf.int:443/cci2-prod-cache-2/2025-12-03/560503952bd72a899340457392d9b5a7.grib
2025-12-04T12:36:18+0100 - multiurl.base - INFO - Downloading https://object-store.os-api.cci2.ecmwf.int:443/cci2-prod-cache-1/2025-12-03/5c69ccfc3ba7bd23d50be5108a607bd3.grib
2025-12-04T12:36:32+0100 - multiurl.base - INFO - Downloading https://object-store.os-api.cci2.ecmwf.int:443/cci2-prod-cache-3/2025-12-03/79c693a01d4e8a45b70c50a8d97a7731.grib
2025-12-04T12:36:50+0100 - multiurl.base - INFO - Downloading https://object-store.os-api.cci2.ecmwf.int:443/cci2-prod-cache-2/2025-12-03/a11da4e1328061da0af987b09f32a441.grib
2025-12-04T12:38:21+0100 - multiurl.base - INFO - Downloading https://object-store.os-api.cci2.ecmwf.int:443/cci2-prod-cache-3/2025-12-03/ddef2fde64f099b79c306d7ce6c417ee.grib
2025-12-04T12:39:10+0100 - multiurl.base - INFO - Downloading https://object-store.os-api.cci2.ecmwf.int:443/cci2-prod-cache-2/2025-12-03/4c9da26d263879002f7770bc05ee7e66.grib
2025-12-04T12:39:30+0100 - multiurl.base - INFO - Downloading https://object-store.os-api.cci2.ecmwf.int:443/cci2-prod-cache-3/2025-12-03/2e46faf79bcdcaaac165928c8e2974a8.grib
2025-12-04T12:41:01+0100 - multiurl.base - INFO - Downloading https://object-store.os-api.cci2.ecmwf.int:443/cci2-prod-cache-3/2025-12-03/b408743dd6678f958d6e33e58c0b648.grib
2025-12-04T12:45:09+0100 - multiurl.base - INFO - Downloading https://object-store.os-api.cci2.ecmwf.int:443/cci2-prod-cache-1/2025-12-03/47ed5c7e24843dd2e3cbd4143fd5bbe2.grib
2025-12-04T12:45:21+0100 - multiurl.base - INFO - Downloading https://object-store.os-api.cci2.ecmwf.int:443/cci2-prod-cache-2/2025-12-03/e8cf276f645ea32f8d1e5b51849a681e.grib
2025-12-04T12:46:39+0100 - multiurl.base - INFO - Downloading https://object-store.os-api.cci2.ecmwf.int:443/cci2-prod-cache-2/2025-12-03/c2e3dd15eead156cec47344905131b1f.grib
2025-12-04T12:47:34+0100 - multiurl.base - INFO - Downloading https://object-store.os-api.cci2.ecmwf.int:443/cci2-prod-cache-3/2025-12-03/74b479d61a2fe0618347a6017fe3c08d.grib
2025-12-04T12:47:44+0100 - multiurl.base - INFO - Downloading https://object-store.os-api.cci2.ecmwf.int:443/cci2-prod-cache-1/2025-12-03/d6ee671ef794d813bcb31cdd9069409b.grib
2025-12-04T12:48:12+0100 - multiurl.base - INFO - Downloading https://object-store.os-api.cci2.ecmwf.int:443/cci2-prod-cache-2/2025-12-03/8fd333cd6f6f59e1f01ab9f32979603c.grib
2025-12-04T12:48:37+0100 - multiurl.base - INFO - Downloading https://object-store.os-api.cci2.ecmwf.int:443/cci2-prod-cache-1/2025-12-03/6230973c677a65c1bd5af15c63a8b3c2.grib
2025-12-04T12:48:54+0100 - multiurl.base - INFO - Downloading https://object-store.os-api.cci2.ecmwf.int:443/cci2-prod-cache-3/2025-12-03/a79525f544952800a871a00168806a1.grib
2025-12-04T12:49:31+0100 - multiurl.base - INFO - Downloading https://object-store.os-api.cci2.ecmwf.int:443/cci2-prod-cache-1/2025-12-03/eb376863123dbb418196f8d1c0b8ae6b.grib
2025-12-04T12:49:59+0100 - multiurl.base - INFO - Downloading https://object-store.os-api.cci2.ecmwf.int:443/cci2-prod-cache-2/2025-12-03/4f502d10011dcc081de3ca535663340a.grib
2025-12-04T12:50:15+0100 - multiurl.base - INFO - Downloading https://object-store.os-api.cci2.ecmwf.int:443/cci2-prod-cache-3/2025-12-03/f9015053780fd13db5c9bb5beefc16df.grib
2025-12-04T12:51:02+0100 - multiurl.base - INFO - Downloading https://object-store.os-api.cci2.ecmwf.int:443/cci2-prod-cache-3/2025-12-03/7b153621071e10753968242bb203c69a.grib
2025-12-04T12:53:26+0100 - multiurl.base - INFO - Downloading https://object-store.os-api.cci2.ecmwf.int:443/cci2-prod-cache-3/2025-12-03/ef3716293626349210195ed5cd77ac86.grib
2025-12-04T12:53:53+0100 - multiurl.base - INFO - Downloading https://object-store.os-api.cci2.ecmwf.int:443/cci2-prod-cache-3/2025-12-03/b270c596f7fd1e32b52982ae6ae49a73.grib
2025-12-04T12:54:03+0100 - multiurl.base - INFO - Downloading https://object-store.os-api.cci2.ecmwf.int:443/cci2-prod-cache-1/2025-12-03/8ef42937e8f11840f229779a44aec3e6.grib
2025-12-04T12:54:22+0100 - multiurl.base - INFO - Downloading https://object-store.os-api.cci2.ecmwf.int:443/cci2-prod-cache-3/2025-12-03/5947513d0460fcb95af3997665385f56.grib
2025-12-04T12:54:40+0100 - multiurl.base - INFO - Downloading https://object-store.os-api.cci2.ecmwf.int:443/cci2-prod-cache-2/2025-12-03/99874080875572222597738569ce666d.grib
2025-12-04T12:54:57+0100 - multiurl.base - INFO - Downloading https://object-store.os-api.cci2.ecmwf.int:443/cci2-prod-cache-3/2025-12-03/3d41371328a77cbd48ba2dd6634c709.grib
2025-12-04T12:55:21+0100 - multiurl.base - INFO - Downloading https://object-store.os-api.cci2.ecmwf.int:443/cci2-prod-cache-2/2025-12-02/836a5e45010c7039214c618dc551e58d.grib
2025-12-04T12:56:47+0100 - multiurl.base - INFO - Downloading https://object-store.os-api.cci2.ecmwf.int:443/cci2-prod-cache-3/2025-12-02/70d1ecf74c9dedd9e0b09ee1dd09f6d.grib
2025-12-04T12:56:59+0100 - multiurl.base - INFO - Downloading https://object-store.os-api.cci2.ecmwf.int:443/cci2-prod-cache-3/2025-12-02/f29e57c754a9aebcfb3c352c364ff8e.grib
2025-12-04T12:57:26+0100 - multiurl.base - INFO - Downloading https://object-store.os-api.cci2.ecmwf.int:443/cci2-prod-cache-1/2025-12-03/5a3c61edc1b5c63fbcf89714ae5f789a.grib
2025-12-04T12:57:45+0100 - multiurl.base - INFO - Downloading https://object-store.os-api.cci2.ecmwf.int:443/cci2-prod-cache-1/2025-12-02/c8320576f348494aeabf60afcc41d959.grib
2025-12-04T13:19:09+0100 - era5land_to_datm.download - INFO - Received 26 request IDs from server.
2025-12-04T13:19:09+0100 - era5land_to_datm.download - INFO - Retrieving Remote for request ID fcc73489-a87b-403f-a330-70af2762d3fb (1/26)...
2025-12-04T13:19:09+0100 - era5land_to_datm.download - INFO - Sleeping for 0.5 seconds before next call...
2025-12-04T13:19:10+0100 - era5land_to_datm.download - INFO - Retrieving Remote for request ID 96c419ad-32b0-4348-8bef-4b457ce56111 (2/26)...
2025-12-04T13:19:10+0100 - era5land_to_datm.download - INFO - Sleeping for 0.5 seconds before next call...
2025-12-04T13:19:10+0100 - era5land_to_datm.download - INFO - Retrieving Remote for request ID c461a9db-7818-454c-860d-1ef1b1ee0228 (3/26)...
2025-12-04T13:19:10+0100 - era5land_to_datm.download - INFO - Sleeping for 0.5 seconds before next call...
2025-12-04T13:19:11+0100 - era5land_to_datm.download - INFO - Retrieving Remote for request ID 3323b9a9-9a94-4abf-a3fc-b90d4be8240a (4/26)...
2025-12-04T13:19:11+0100 - era5land_to_datm.download - INFO - Sleeping for 0.5 seconds before next call...
2025-12-04T13:19:11+0100 - era5land_to_datm.download - INFO - Retrieving Remote for request ID 437848e3-41be-4e1f-9944-d1ebbe9c1690 (5/26)...
2025-12-04T13:19:11+0100 - era5land_to_datm.download - INFO - Sleeping for 0.5 seconds before next call...
2025-12-04T13:19:12+0100 - era5land_to_datm.download - INFO - Retrieving Remote for request ID a1dfdef8-2ef2-4660-8d8c-a932b3e8a96e (6/26)...
2025-12-04T13:19:12+0100 - era5land_to_datm.download - INFO - Sleeping for 0.5 seconds before next call...
2025-12-04T13:19:12+0100 - era5land_to_datm.download - INFO - Retrieving Remote for request ID b7471044-70e9-409d-a630-b58ecaa6cb09 (7/26)...
2025-12-04T13:19:12+0100 - era5land_to_datm.download - INFO - Sleeping for 0.5 seconds before next call...
2025-12-04T13:19:13+0100 - era5land_to_datm.download - INFO - Retrieving Remote for request ID 57e13a7f-e604-47bd-ae34-f60f9eb40bbf (8/26)...
2025-12-04T13:19:13+0100 - era5land_to_datm.download - INFO - Sleeping for 0.5 seconds before next call...
2025-12-04T13:19:13+0100 - era5land_to_datm.download - INFO - Retrieving Remote for request ID ce510530-4c82-46b4-b2db-f34a39e06a78 (9/26)...
2025-12-04T13:19:13+0100 - era5land_to_datm.download - INFO - Sleeping for 0.5 seconds before next call...
2025-12-04T13:19:14+0100 - era5land_to_datm.download - INFO - Retrieving Remote for request ID 942368d5-3dd5-49fe-984b-b1a55db5c6c8 (10/26)...
2025-12-04T13:19:14+0100 - era5land_to_datm.download - INFO - Sleeping for 0.5 seconds before next call...
2025-12-04T13:19:14+0100 - era5land_to_datm.download - INFO - Retrieving Remote for request ID 4232b7d3-8334-485f-a0b6-1cd11ecae2c3 (11/26)...
2025-12-04T13:19:14+0100 - era5land_to_datm.download - INFO - Sleeping for 0.5 seconds before next call...
2025-12-04T13:19:15+0100 - era5land_to_datm.download - INFO - Retrieving Remote for request ID 2204ee3e-dd08-48c8-ad82-eafaee13964f (12/26)...
2025-12-04T13:19:15+0100 - era5land_to_datm.download - INFO - Sleeping for 0.5 seconds before next call...
2025-12-04T13:19:15+0100 - era5land_to_datm.download - INFO - Retrieving Remote for request ID 5efd4581-22ba-4e41-b3ed-8effd867e9e5 (13/26)...
2025-12-04T13:19:15+0100 - era5land_to_datm.download - INFO - Sleeping for 0.5 seconds before next call...
2025-12-04T13:19:16+0100 - era5land_to_datm.download - INFO - Retrieving Remote for request ID 1779c5d8-6b75-4255-ab5e-837edc16ccfb (14/26)...
2025-12-04T13:19:16+0100 - era5land_to_datm.download - INFO - Sleeping for 0.5 seconds before next call...
2025-12-04T13:19:16+0100 - era5land_to_datm.download - INFO - Retrieving Remote for request ID 148295dd-0022-4947-9e84-985a2ed979ed (15/26)...
2025-12-04T13:19:16+0100 - era5land_to_datm.download - INFO - Sleeping for 0.5 seconds before next call...
2025-12-04T13:19:17+0100 - era5land_to_datm.download - INFO - Retrieving Remote for request ID 094c4782-09c4-4665-90a3-a283c4d5f1d3 (16/26)...
2025-12-04T13:19:17+0100 - era5land_to_datm.download - INFO - Sleeping for 0.5 seconds before next call...
2025-12-04T13:19:17+0100 - era5land_to_datm.download - INFO - Retrieving Remote for request ID 0233eaee-d06e-49bf-94ec-addd563badbc (17/26)...
2025-12-04T13:19:17+0100 - era5land_to_datm.download - INFO - Sleeping for 0.5 seconds before next call...
2025-12-04T13:19:18+0100 - era5land_to_datm.download - INFO - Retrieving Remote for request ID 587ead30-4a12-4e1e-9a16-290f953bc215 (18/26)...
2025-12-04T13:19:18+0100 - era5land_to_datm.download - INFO - Sleeping for 0.5 seconds before next call...
2025-12-04T13:19:18+0100 - era5land_to_datm.download - INFO - Retrieving Remote for request ID 565688a5-a583-4269-b4ca-06bcc5b18714 (19/26)...
2025-12-04T13:19:18+0100 - era5land_to_datm.download - INFO - Sleeping for 0.5 seconds before next call...
2025-12-04T13:19:19+0100 - era5land_to_datm.download - INFO - Retrieving Remote for request ID d076c2b8-3d2c-4051-940e-522eef35241a (20/26)...
2025-12-04T13:19:19+0100 - era5land_to_datm.download - INFO - Sleeping for 0.5 seconds before next call...
2025-12-04T13:19:19+0100 - era5land_to_datm.download - INFO - Retrieving Remote for request ID 00911d75-05e5-4b61-8b57-2312c2d2e66d (21/26)...
2025-12-04T13:19:19+0100 - era5land_to_datm.download - INFO - Sleeping for 0.5 seconds before next call...
2025-12-04T13:19:20+0100 - era5land_to_datm.download - INFO - Retrieving Remote for request ID 3a2125b4-a440-43f1-a7f3-10e104feb548 (22/26)...
2025-12-04T13:19:20+0100 - ecmwf.datastores.processing - INFO - Request ID is 3a2125b4-a440-43f1-a7f3-10e104feb548
2025-12-04T13:19:20+0100 - ecmwf.datastores.processing - INFO - Request ID is 3a2125b4-a440-43f1-a7f3-10e104feb548
2025-12-04T13:19:20+0100 - era5land_to_datm.download - INFO - Sleeping for 0.5 seconds before next call...
2025-12-04T13:19:20+0100 - era5land_to_datm.download - INFO - Retrieving Remote for request ID 167094bc-a958-4ead-92ae-f0b9f59d54f6 (23/26)...
2025-12-04T13:19:20+0100 - ecmwf.datastores.processing - INFO - Request ID is 167094bc-a958-4ead-92ae-f0b9f59d54f6
2025-12-04T13:19:20+0100 - ecmwf.datastores.processing - INFO - Request ID is 167094bc-a958-4ead-92ae-f0b9f59d54f6
2025-12-04T13:19:20+0100 - era5land_to_datm.download - INFO - Sleeping for 0.5 seconds before next call...
2025-12-04T13:19:21+0100 - era5land_to_datm.download - INFO - Retrieving Remote for request ID 21efe35f-a337-4cc2-9e61-1a40cbe0d702 (24/26)...
2025-12-04T13:19:21+0100 - ecmwf.datastores.processing - INFO - Request ID is 21efe35f-a337-4cc2-9e61-1a40cbe0d702
2025-12-04T13:19:21+0100 - ecmwf.datastores.processing - INFO - Request ID is 21efe35f-a337-4cc2-9e61-1a40cbe0d702
2025-12-04T13:19:21+0100 - era5land_to_datm.download - INFO - Sleeping for 0.5 seconds before next call...
2025-12-04T13:19:22+0100 - era5land_to_datm.download - INFO - Retrieving Remote for request ID 01543aa0-92f8-4a5b-b9f8-497867b1348d (25/26)...
2025-12-04T13:19:22+0100 - ecmwf.datastores.processing - INFO - Request ID is 01543aa0-92f8-4a5b-b9f8-497867b1348d
2025-12-04T13:19:22+0100 - ecmwf.datastores.processing - INFO - Request ID is 01543aa0-92f8-4a5b-b9f8-497867b1348d
2025-12-04T13:19:22+0100 - era5land_to_datm.download - INFO - Sleeping for 0.5 seconds before next call...
2025-12-04T13:19:22+0100 - era5land_to_datm.download - INFO - Retrieving Remote for request ID c2eae788-4303-480f-b428-6942bf8b6cb3 (26/26)...
2025-12-04T13:19:22+0100 - ecmwf.datastores.processing - INFO - Request ID is c2eae788-4303-480f-b428-6942bf8b6cb3
2025-12-04T13:19:22+0100 - ecmwf.datastores.processing - INFO - Request ID is c2eae788-4303-480f-b428-6942bf8b6cb3
2025-12-04T13:19:32+0100 - ecmwf.datastores.processing - INFO - status has been updated to successful
2025-12-04T13:19:32+0100 - ecmwf.datastores.processing - INFO - status has been updated to successful
2025-12-04T13:19:32+0100 - ecmwf.datastores.processing - INFO - status has been updated to successful
2025-12-04T13:19:32+0100 - ecmwf.datastores.processing - INFO - status has been updated to successful
2025-12-04T13:19:33+0100 - ecmwf.datastores.processing - INFO - status has been updated to successful
2025-12-04T13:19:33+0100 - ecmwf.datastores.processing - INFO - status has been updated to successful
2025-12-04T13:19:33+0100 - ecmwf.datastores.processing - INFO - status has been updated to successful
2025-12-04T13:19:33+0100 - ecmwf.datastores.processing - INFO - status has been updated to successful
2025-12-04T13:20:04+0100 - era5land_to_datm.download - INFO - No files available yet for remote with id fcc73489-a87b-403f-a330-70af2762d3fb; skipping download.
2025-12-04T13:20:04+0100 - era5land_to_datm.download - INFO - No files available yet for remote with id 96c419ad-32b0-4348-8bef-4b457ce56111; skipping download.
2025-12-04T13:20:04+0100 - era5land_to_datm.download - INFO - No files available yet for remote with id c461a9db-7818-454c-860d-1ef1b1ee0228; skipping download.
2025-12-04T13:20:04+0100 - era5land_to_datm.download - INFO - No files available yet for remote with id 3323b9a9-9a94-4abf-a3fc-b90d4be8240a; skipping download.
2025-12-04T13:20:04+0100 - era5land_to_datm.download - INFO - No files available yet for remote with id 437848e3-41be-4e1f-9944-d1ebbe9c1690; skipping download.
2025-12-04T13:20:05+0100 - era5land_to_datm.download - INFO - No files available yet for remote with id a1dfdef8-2ef2-4660-8d8c-a932b3e8a96e; skipping download.
2025-12-04T13:20:05+0100 - era5land_to_datm.download - INFO - No files available yet for remote with id b7471044-70e9-409d-a630-b58ecaa6cb09; skipping download.
2025-12-04T13:20:05+0100 - era5land_to_datm.download - INFO - No files available yet for remote with id 57e13a7f-e604-47bd-ae34-f60f9eb40bbf; skipping download.
2025-12-04T13:20:06+0100 - era5land_to_datm.download - INFO - No files available yet for remote with id ce510530-4c82-46b4-b2db-f34a39e06a78; skipping download.
2025-12-04T13:20:06+0100 - era5land_to_datm.download - INFO - No files available yet for remote with id 942368d5-3dd5-49fe-984b-b1a55db5c6c8; skipping download.
2025-12-04T13:20:06+0100 - era5land_to_datm.download - INFO - No files available yet for remote with id 4232b7d3-8334-485f-a0b6-1cd11ecae2c3; skipping download.
2025-12-04T13:20:06+0100 - era5land_to_datm.download - INFO - No files available yet for remote with id 2204ee3e-dd08-48c8-ad82-eafaee13964f; skipping download.
2025-12-04T13:20:06+0100 - era5land_to_datm.download - INFO - No files available yet for remote with id 5efd4581-22ba-4e41-b3ed-8effd867e9e5; skipping download.
2025-12-04T13:20:06+0100 - era5land_to_datm.download - INFO - No files available yet for remote with id 1779c5d8-6b75-4255-ab5e-837edc16ccfb; skipping download.
2025-12-04T13:20:07+0100 - era5land_to_datm.download - INFO - No files available yet for remote with id 148295dd-0022-4947-9e84-985a2ed979ed; skipping download.
2025-12-04T13:20:07+0100 - era5land_to_datm.download - INFO - No files available yet for remote with id 094c4782-09c4-4665-90a3-a283c4d5f1d3; skipping download.
2025-12-04T13:20:08+0100 - era5land_to_datm.download - INFO - No files available yet for remote with id 0233eaee-d06e-49bf-94ec-addd563badbc; skipping download.
2025-12-04T13:20:09+0100 - multiurl.base - INFO - Downloading https://object-store.os-api.cci2.ecmwf.int:443/cci2-prod-cache-2/2025-12-04/2279375ffd253adee06df714ddfad8ee.grib
2025-12-04T13:20:22+0100 - multiurl.base - INFO - Downloading https://object-store.os-api.cci2.ecmwf.int:443/cci2-prod-cache-2/2025-12-04/50c97bf51125980497ba5bad6a75daa6.grib
2025-12-04T13:20:35+0100 - multiurl.base - INFO - Downloading https://object-store.os-api.cci2.ecmwf.int:443/cci2-prod-cache-1/2025-12-04/ee53fc677a860c8ad50aa9aba5b15ee7.grib
2025-12-04T13:23:20+0100 - multiurl.base - INFO - Downloading https://object-store.os-api.cci2.ecmwf.int:443/cci2-prod-cache-1/2025-12-02/83e5e11279e2cc59191354c4f4a2af23.grib
2025-12-04T13:24:18+0100 - multiurl.base - INFO - Downloading https://object-store.os-api.cci2.ecmwf.int:443/cci2-prod-cache-2/2025-12-02/da1c3db1d0ca9268b1d41e64d45c21c5.grib
2025-12-04T13:24:33+0100 - multiurl.base - INFO - Downloading https://object-store.os-api.cci2.ecmwf.int:443/cci2-prod-cache-1/2025-12-02/50373b8689f1e7185246d4b084df964e.grib
2025-12-04T13:24:43+0100 - multiurl.base - INFO - Downloading https://object-store.os-api.cci2.ecmwf.int:443/cci2-prod-cache-3/2025-12-02/7c0ab94b3333274bd42304d24f52ddc7.grib
2025-12-04T13:26:18+0100 - multiurl.base - INFO - Downloading https://object-store.os-api.cci2.ecmwf.int:443/cci2-prod-cache-1/2025-12-02/7e9154aa4ec773c82615e56c913d40f9.grib
