2025-12-08T10:57:33+0100 - root - INFO - Logger initialized.
2025-12-08T10:57:33+0100 - root - INFO - Logging to file: /cluster/home/janko/src/era5land_to_datm/scripts/era5land_to_datm_script_20251208T095733.log
2025-12-08T10:57:37+0100 - ecmwf.datastores.processing - INFO - [2025-12-03T00:00:00Z] To improve our C3S service, we need to hear from you! Please complete this very short [survey](https://confluence.ecmwf.int/x/E7uBEQ/). Thank you.
2025-12-08T10:57:38+0100 - era5land_to_datm.download - INFO - Received 15 request IDs from server.
2025-12-08T10:57:38+0100 - era5land_to_datm.download - INFO - Retrieving Remote for request ID 743c082f-3934-48bb-8fb8-e9c570285a94 (1/15)...
2025-12-08T10:57:38+0100 - ecmwf.datastores.processing - INFO - Request ID is 743c082f-3934-48bb-8fb8-e9c570285a94
2025-12-08T10:57:38+0100 - ecmwf.datastores.processing - INFO - Request ID is 743c082f-3934-48bb-8fb8-e9c570285a94
2025-12-08T10:57:38+0100 - era5land_to_datm.download - INFO - Sleeping for 0.5 seconds before next call...
2025-12-08T10:57:38+0100 - era5land_to_datm.download - INFO - Retrieving Remote for request ID 84a8d8e2-df2a-4843-9127-e51b03b1f917 (2/15)...
2025-12-08T10:57:38+0100 - ecmwf.datastores.processing - INFO - Request ID is 84a8d8e2-df2a-4843-9127-e51b03b1f917
2025-12-08T10:57:38+0100 - ecmwf.datastores.processing - INFO - Request ID is 84a8d8e2-df2a-4843-9127-e51b03b1f917
2025-12-08T10:57:38+0100 - era5land_to_datm.download - INFO - Sleeping for 0.5 seconds before next call...
2025-12-08T10:57:39+0100 - era5land_to_datm.download - INFO - Retrieving Remote for request ID 071088e4-5b2f-43ea-b483-b1c1322f5134 (3/15)...
2025-12-08T10:57:39+0100 - ecmwf.datastores.processing - INFO - Request ID is 071088e4-5b2f-43ea-b483-b1c1322f5134
2025-12-08T10:57:39+0100 - ecmwf.datastores.processing - INFO - Request ID is 071088e4-5b2f-43ea-b483-b1c1322f5134
2025-12-08T10:57:39+0100 - era5land_to_datm.download - INFO - Sleeping for 0.5 seconds before next call...
2025-12-08T10:57:39+0100 - era5land_to_datm.download - INFO - Retrieving Remote for request ID 792319ba-4784-452d-9b6c-b009c4cf92e4 (4/15)...
2025-12-08T10:57:39+0100 - ecmwf.datastores.processing - INFO - Request ID is 792319ba-4784-452d-9b6c-b009c4cf92e4
2025-12-08T10:57:39+0100 - ecmwf.datastores.processing - INFO - Request ID is 792319ba-4784-452d-9b6c-b009c4cf92e4
2025-12-08T10:57:39+0100 - era5land_to_datm.download - INFO - Sleeping for 0.5 seconds before next call...
2025-12-08T10:57:40+0100 - era5land_to_datm.download - INFO - Retrieving Remote for request ID eedf45d5-2f18-41cc-ba7f-5fd2100612aa (5/15)...
2025-12-08T10:57:40+0100 - ecmwf.datastores.processing - INFO - Request ID is eedf45d5-2f18-41cc-ba7f-5fd2100612aa
2025-12-08T10:57:40+0100 - ecmwf.datastores.processing - INFO - Request ID is eedf45d5-2f18-41cc-ba7f-5fd2100612aa
2025-12-08T10:57:40+0100 - era5land_to_datm.download - INFO - Sleeping for 0.5 seconds before next call...
2025-12-08T10:57:40+0100 - era5land_to_datm.download - INFO - Retrieving Remote for request ID 8c0fdc7c-0429-4c26-bc43-d070c578d025 (6/15)...
2025-12-08T10:57:40+0100 - ecmwf.datastores.processing - INFO - Request ID is 8c0fdc7c-0429-4c26-bc43-d070c578d025
2025-12-08T10:57:40+0100 - ecmwf.datastores.processing - INFO - Request ID is 8c0fdc7c-0429-4c26-bc43-d070c578d025
2025-12-08T10:57:40+0100 - era5land_to_datm.download - INFO - Sleeping for 0.5 seconds before next call...
2025-12-08T10:57:41+0100 - era5land_to_datm.download - INFO - Retrieving Remote for request ID 898c1c6c-c8c6-4ec6-a2cf-5266b2ad3088 (7/15)...
2025-12-08T10:57:41+0100 - ecmwf.datastores.processing - INFO - Request ID is 898c1c6c-c8c6-4ec6-a2cf-5266b2ad3088
2025-12-08T10:57:41+0100 - ecmwf.datastores.processing - INFO - Request ID is 898c1c6c-c8c6-4ec6-a2cf-5266b2ad3088
2025-12-08T10:57:41+0100 - era5land_to_datm.download - INFO - Sleeping for 0.5 seconds before next call...
2025-12-08T10:57:42+0100 - era5land_to_datm.download - INFO - Retrieving Remote for request ID 7c448c77-1b4a-4442-ad9c-1020175680b7 (8/15)...
2025-12-08T10:57:42+0100 - ecmwf.datastores.processing - INFO - Request ID is 7c448c77-1b4a-4442-ad9c-1020175680b7
2025-12-08T10:57:42+0100 - ecmwf.datastores.processing - INFO - Request ID is 7c448c77-1b4a-4442-ad9c-1020175680b7
2025-12-08T10:57:42+0100 - era5land_to_datm.download - INFO - Sleeping for 0.5 seconds before next call...
2025-12-08T10:57:42+0100 - era5land_to_datm.download - INFO - Retrieving Remote for request ID 319dda4e-3a5e-43a2-a44a-0e530af5b314 (9/15)...
2025-12-08T10:57:42+0100 - ecmwf.datastores.processing - INFO - Request ID is 319dda4e-3a5e-43a2-a44a-0e530af5b314
2025-12-08T10:57:42+0100 - ecmwf.datastores.processing - INFO - Request ID is 319dda4e-3a5e-43a2-a44a-0e530af5b314
2025-12-08T10:57:42+0100 - era5land_to_datm.download - INFO - Sleeping for 0.5 seconds before next call...
2025-12-08T10:57:43+0100 - era5land_to_datm.download - INFO - Retrieving Remote for request ID cd5dc9d2-8e7d-4b59-aba5-cc62bb2f66d9 (10/15)...
2025-12-08T10:57:43+0100 - ecmwf.datastores.processing - INFO - Request ID is cd5dc9d2-8e7d-4b59-aba5-cc62bb2f66d9
2025-12-08T10:57:43+0100 - ecmwf.datastores.processing - INFO - Request ID is cd5dc9d2-8e7d-4b59-aba5-cc62bb2f66d9
2025-12-08T10:57:43+0100 - era5land_to_datm.download - INFO - Sleeping for 0.5 seconds before next call...
2025-12-08T10:57:43+0100 - era5land_to_datm.download - INFO - Retrieving Remote for request ID ba734d90-8d0b-4b08-8ac7-f17bd8506fba (11/15)...
2025-12-08T10:57:43+0100 - ecmwf.datastores.processing - INFO - Request ID is ba734d90-8d0b-4b08-8ac7-f17bd8506fba
2025-12-08T10:57:43+0100 - ecmwf.datastores.processing - INFO - Request ID is ba734d90-8d0b-4b08-8ac7-f17bd8506fba
2025-12-08T10:57:43+0100 - era5land_to_datm.download - INFO - Sleeping for 0.5 seconds before next call...
2025-12-08T10:57:44+0100 - era5land_to_datm.download - INFO - Retrieving Remote for request ID 23306b0d-e0bb-461e-98f9-e68b1f183368 (12/15)...
2025-12-08T10:57:44+0100 - ecmwf.datastores.processing - INFO - Request ID is 23306b0d-e0bb-461e-98f9-e68b1f183368
2025-12-08T10:57:44+0100 - ecmwf.datastores.processing - INFO - Request ID is 23306b0d-e0bb-461e-98f9-e68b1f183368
2025-12-08T10:57:44+0100 - era5land_to_datm.download - INFO - Sleeping for 0.5 seconds before next call...
2025-12-08T10:57:44+0100 - era5land_to_datm.download - INFO - Retrieving Remote for request ID 1a308bcc-f7fa-44c4-b0d2-ccbd90572377 (13/15)...
2025-12-08T10:57:45+0100 - ecmwf.datastores.processing - INFO - Request ID is 1a308bcc-f7fa-44c4-b0d2-ccbd90572377
2025-12-08T10:57:45+0100 - ecmwf.datastores.processing - INFO - Request ID is 1a308bcc-f7fa-44c4-b0d2-ccbd90572377
2025-12-08T10:57:45+0100 - era5land_to_datm.download - INFO - Sleeping for 0.5 seconds before next call...
2025-12-08T10:57:45+0100 - era5land_to_datm.download - INFO - Retrieving Remote for request ID 17550798-2d60-4406-87bc-9b52d13c855e (14/15)...
2025-12-08T10:57:45+0100 - ecmwf.datastores.processing - INFO - Request ID is 17550798-2d60-4406-87bc-9b52d13c855e
2025-12-08T10:57:45+0100 - ecmwf.datastores.processing - INFO - Request ID is 17550798-2d60-4406-87bc-9b52d13c855e
2025-12-08T10:57:45+0100 - era5land_to_datm.download - INFO - Sleeping for 0.5 seconds before next call...
2025-12-08T10:57:46+0100 - era5land_to_datm.download - INFO - Retrieving Remote for request ID f8cbc074-fc3c-47a4-b01b-3fad0d3f7a7c (15/15)...
2025-12-08T10:57:46+0100 - ecmwf.datastores.processing - INFO - Request ID is f8cbc074-fc3c-47a4-b01b-3fad0d3f7a7c
2025-12-08T10:57:46+0100 - ecmwf.datastores.processing - INFO - Request ID is f8cbc074-fc3c-47a4-b01b-3fad0d3f7a7c
2025-12-08T10:57:54+0100 - ecmwf.datastores.processing - INFO - status has been updated to successful
2025-12-08T10:57:54+0100 - ecmwf.datastores.processing - INFO - status has been updated to successful
2025-12-08T10:57:54+0100 - ecmwf.datastores.processing - INFO - status has been updated to successful
2025-12-08T10:57:54+0100 - ecmwf.datastores.processing - INFO - status has been updated to successful
2025-12-08T10:57:54+0100 - ecmwf.datastores.processing - INFO - status has been updated to successful
2025-12-08T10:57:54+0100 - ecmwf.datastores.processing - INFO - status has been updated to successful
2025-12-08T10:57:54+0100 - ecmwf.datastores.processing - INFO - status has been updated to successful
2025-12-08T10:57:54+0100 - ecmwf.datastores.processing - INFO - status has been updated to successful
2025-12-08T10:57:54+0100 - ecmwf.datastores.processing - INFO - status has been updated to successful
2025-12-08T10:57:54+0100 - ecmwf.datastores.processing - INFO - status has been updated to successful
2025-12-08T10:57:56+0100 - ecmwf.datastores.processing - INFO - status has been updated to successful
2025-12-08T10:57:56+0100 - ecmwf.datastores.processing - INFO - status has been updated to successful
2025-12-08T10:57:56+0100 - ecmwf.datastores.processing - INFO - status has been updated to successful
2025-12-08T10:57:56+0100 - ecmwf.datastores.processing - INFO - status has been updated to successful
2025-12-08T10:57:56+0100 - ecmwf.datastores.processing - INFO - status has been updated to successful
2025-12-08T10:58:20+0100 - era5land_to_datm.download - INFO - Results ready for remote with id 743c082f-3934-48bb-8fb8-e9c570285a94; downloading to /cluster/shared/noresm/inputdata/cicero_mods/ERA5-Land_NorSink/original_GRIB_NorwayRect/era5land_d2m_sp_ssrd_strd_t2m_tp_u10_v10_2011_04.grib...
2025-12-08T10:58:20+0100 - multiurl.base - INFO - Downloading https://object-store.os-api.cci2.ecmwf.int:443/cci2-prod-cache-2/2025-12-08/7c76281f87e285dff0da9b5482fa650.grib
2025-12-08T10:58:30+0100 - era5land_to_datm.download - INFO - Results ready for remote with id 84a8d8e2-df2a-4843-9127-e51b03b1f917; downloading to /cluster/shared/noresm/inputdata/cicero_mods/ERA5-Land_NorSink/original_GRIB_NorwayRect/era5land_d2m_sp_ssrd_strd_t2m_tp_u10_v10_2012_08.grib...
2025-12-08T10:58:31+0100 - multiurl.base - INFO - Downloading https://object-store.os-api.cci2.ecmwf.int:443/cci2-prod-cache-3/2025-12-08/3f73cb3b2984996e4801a69f22b44026.grib
2025-12-08T10:59:29+0100 - era5land_to_datm.download - INFO - Results ready for remote with id 071088e4-5b2f-43ea-b483-b1c1322f5134; downloading to /cluster/shared/noresm/inputdata/cicero_mods/ERA5-Land_NorSink/original_GRIB_NorwayRect/era5land_d2m_sp_ssrd_strd_t2m_tp_u10_v10_2012_02.grib...
2025-12-08T10:59:29+0100 - multiurl.base - INFO - Downloading https://object-store.os-api.cci2.ecmwf.int:443/cci2-prod-cache-3/2025-12-08/8692f09fb784e1b1322f0861c77dbd46.grib
2025-12-08T10:59:38+0100 - era5land_to_datm.download - INFO - Results ready for remote with id 792319ba-4784-452d-9b6c-b009c4cf92e4; downloading to /cluster/shared/noresm/inputdata/cicero_mods/ERA5-Land_NorSink/original_GRIB_NorwayRect/era5land_d2m_sp_ssrd_strd_t2m_tp_u10_v10_2012_03.grib...
2025-12-08T10:59:38+0100 - multiurl.base - INFO - Downloading https://object-store.os-api.cci2.ecmwf.int:443/cci2-prod-cache-3/2025-12-08/ae3eee8f9fc65f9476fff921a401c7b2.grib
2025-12-08T10:59:48+0100 - era5land_to_datm.download - INFO - Results ready for remote with id eedf45d5-2f18-41cc-ba7f-5fd2100612aa; downloading to /cluster/shared/noresm/inputdata/cicero_mods/ERA5-Land_NorSink/original_GRIB_NorwayRect/era5land_d2m_sp_ssrd_strd_t2m_tp_u10_v10_2011_08.grib...
2025-12-08T10:59:49+0100 - multiurl.base - INFO - Downloading https://object-store.os-api.cci2.ecmwf.int:443/cci2-prod-cache-3/2025-12-08/15f44822c5aa927a692bdfcb97af63fa.grib
2025-12-08T11:00:12+0100 - era5land_to_datm.download - INFO - Results ready for remote with id 8c0fdc7c-0429-4c26-bc43-d070c578d025; downloading to /cluster/shared/noresm/inputdata/cicero_mods/ERA5-Land_NorSink/original_GRIB_NorwayRect/era5land_d2m_sp_ssrd_strd_t2m_tp_u10_v10_2010_04.grib...
2025-12-08T11:00:15+0100 - multiurl.base - INFO - Downloading https://object-store.os-api.cci2.ecmwf.int:443/cci2-prod-cache-1/2025-12-07/de3734da21c0823b8aba9de00676a61e.grib
2025-12-08T11:00:32+0100 - era5land_to_datm.download - INFO - Results ready for remote with id 898c1c6c-c8c6-4ec6-a2cf-5266b2ad3088; downloading to /cluster/shared/noresm/inputdata/cicero_mods/ERA5-Land_NorSink/original_GRIB_NorwayRect/era5land_d2m_sp_ssrd_strd_t2m_tp_u10_v10_2010_06.grib...
2025-12-08T11:00:33+0100 - multiurl.base - INFO - Downloading https://object-store.os-api.cci2.ecmwf.int:443/cci2-prod-cache-2/2025-12-07/53641b17e2b9b666b37fbb253117a26a.grib
2025-12-08T11:00:45+0100 - era5land_to_datm.download - INFO - Results ready for remote with id 7c448c77-1b4a-4442-ad9c-1020175680b7; downloading to /cluster/shared/noresm/inputdata/cicero_mods/ERA5-Land_NorSink/original_GRIB_NorwayRect/era5land_d2m_sp_ssrd_strd_t2m_tp_u10_v10_2013_02.grib...
2025-12-08T11:00:45+0100 - multiurl.base - INFO - Downloading https://object-store.os-api.cci2.ecmwf.int:443/cci2-prod-cache-1/2025-12-08/20e179832b62189a35ac61d2b89f05e5.grib
2025-12-08T11:00:53+0100 - era5land_to_datm.download - INFO - Results ready for remote with id 319dda4e-3a5e-43a2-a44a-0e530af5b314; downloading to /cluster/shared/noresm/inputdata/cicero_mods/ERA5-Land_NorSink/original_GRIB_NorwayRect/era5land_d2m_sp_ssrd_strd_t2m_tp_u10_v10_2012_01.grib...
2025-12-08T11:00:55+0100 - multiurl.base - INFO - Downloading https://object-store.os-api.cci2.ecmwf.int:443/cci2-prod-cache-3/2025-12-07/97cad469de6db0f5f301a13c46b3743d.grib
2025-12-08T11:01:08+0100 - era5land_to_datm.download - INFO - Results ready for remote with id cd5dc9d2-8e7d-4b59-aba5-cc62bb2f66d9; downloading to /cluster/shared/noresm/inputdata/cicero_mods/ERA5-Land_NorSink/original_GRIB_NorwayRect/era5land_d2m_sp_ssrd_strd_t2m_tp_u10_v10_2010_10.grib...
2025-12-08T11:01:08+0100 - multiurl.base - INFO - Downloading https://object-store.os-api.cci2.ecmwf.int:443/cci2-prod-cache-3/2025-12-07/7ce3c1b08202dead7b96bd064ea6ea44.grib
2025-12-08T11:01:21+0100 - era5land_to_datm.download - INFO - File /cluster/shared/noresm/inputdata/cicero_mods/ERA5-Land_NorSink/original_GRIB_NorwayRect/era5land_d2m_sp_ssrd_strd_t2m_tp_u10_v10_2012_09.grib already exists locally; skipping download for Remote with variables VarSet({<Era5LandVar.T2M: '2m_temperature'>, <Era5LandVar.D2M: '2m_dewpoint_temperature'>, <Era5LandVar.U10: '10m_u_component_of_wind'>, <Era5LandVar.TP: 'total_precipitation'>, <Era5LandVar.V10: '10m_v_component_of_wind'>, <Era5LandVar.STRD: 'surface_thermal_radiation_downwards'>, <Era5LandVar.SSRD: 'surface_solar_radiation_downwards'>, <Era5LandVar.SP: 'surface_pressure'>}) for 2012-09 (delete it if you want to re-download).
2025-12-08T11:01:21+0100 - era5land_to_datm.download - INFO - File /cluster/shared/noresm/inputdata/cicero_mods/ERA5-Land_NorSink/original_GRIB_NorwayRect/era5land_d2m_sp_ssrd_strd_t2m_tp_u10_v10_2010_02.grib already exists locally; skipping download for Remote with variables VarSet({<Era5LandVar.T2M: '2m_temperature'>, <Era5LandVar.D2M: '2m_dewpoint_temperature'>, <Era5LandVar.U10: '10m_u_component_of_wind'>, <Era5LandVar.TP: 'total_precipitation'>, <Era5LandVar.V10: '10m_v_component_of_wind'>, <Era5LandVar.STRD: 'surface_thermal_radiation_downwards'>, <Era5LandVar.SSRD: 'surface_solar_radiation_downwards'>, <Era5LandVar.SP: 'surface_pressure'>}) for 2010-02 (delete it if you want to re-download).
2025-12-08T11:01:21+0100 - era5land_to_datm.download - INFO - File /cluster/shared/noresm/inputdata/cicero_mods/ERA5-Land_NorSink/original_GRIB_NorwayRect/era5land_d2m_sp_ssrd_strd_t2m_tp_u10_v10_2011_01.grib already exists locally; skipping download for Remote with variables VarSet({<Era5LandVar.T2M: '2m_temperature'>, <Era5LandVar.D2M: '2m_dewpoint_temperature'>, <Era5LandVar.U10: '10m_u_component_of_wind'>, <Era5LandVar.TP: 'total_precipitation'>, <Era5LandVar.V10: '10m_v_component_of_wind'>, <Era5LandVar.STRD: 'surface_thermal_radiation_downwards'>, <Era5LandVar.SSRD: 'surface_solar_radiation_downwards'>, <Era5LandVar.SP: 'surface_pressure'>}) for 2011-01 (delete it if you want to re-download).
2025-12-08T11:01:21+0100 - era5land_to_datm.download - INFO - File /cluster/shared/noresm/inputdata/cicero_mods/ERA5-Land_NorSink/original_GRIB_NorwayRect/era5land_d2m_sp_ssrd_strd_t2m_tp_u10_v10_2011_02.grib already exists locally; skipping download for Remote with variables VarSet({<Era5LandVar.T2M: '2m_temperature'>, <Era5LandVar.D2M: '2m_dewpoint_temperature'>, <Era5LandVar.U10: '10m_u_component_of_wind'>, <Era5LandVar.TP: 'total_precipitation'>, <Era5LandVar.V10: '10m_v_component_of_wind'>, <Era5LandVar.STRD: 'surface_thermal_radiation_downwards'>, <Era5LandVar.SSRD: 'surface_solar_radiation_downwards'>, <Era5LandVar.SP: 'surface_pressure'>}) for 2011-02 (delete it if you want to re-download).
2025-12-08T11:01:21+0100 - era5land_to_datm.download - INFO - File /cluster/shared/noresm/inputdata/cicero_mods/ERA5-Land_NorSink/original_GRIB_NorwayRect/era5land_d2m_sp_ssrd_strd_t2m_tp_u10_v10_2012_10.grib already exists locally; skipping download for Remote with variables VarSet({<Era5LandVar.T2M: '2m_temperature'>, <Era5LandVar.D2M: '2m_dewpoint_temperature'>, <Era5LandVar.U10: '10m_u_component_of_wind'>, <Era5LandVar.TP: 'total_precipitation'>, <Era5LandVar.V10: '10m_v_component_of_wind'>, <Era5LandVar.STRD: 'surface_thermal_radiation_downwards'>, <Era5LandVar.SSRD: 'surface_solar_radiation_downwards'>, <Era5LandVar.SP: 'surface_pressure'>}) for 2012-10 (delete it if you want to re-download).
2025-12-08T11:23:45+0100 - root - INFO - Deleting downloaded remotes...
2025-12-08T11:23:45+0100 - root - INFO - Deleting Remote with id 743c082f-3934-48bb-8fb8-e9c570285a94 for 2011-04 after downloading file /cluster/shared/noresm/inputdata/cicero_mods/ERA5-Land_NorSink/original_GRIB_NorwayRect/era5land_d2m_sp_ssrd_strd_t2m_tp_u10_v10_2011_04.grib...
2025-12-08T11:23:46+0100 - root - INFO - Deleting Remote with id 84a8d8e2-df2a-4843-9127-e51b03b1f917 for 2012-08 after downloading file /cluster/shared/noresm/inputdata/cicero_mods/ERA5-Land_NorSink/original_GRIB_NorwayRect/era5land_d2m_sp_ssrd_strd_t2m_tp_u10_v10_2012_08.grib...
2025-12-08T11:23:47+0100 - root - INFO - Deleting Remote with id 071088e4-5b2f-43ea-b483-b1c1322f5134 for 2012-02 after downloading file /cluster/shared/noresm/inputdata/cicero_mods/ERA5-Land_NorSink/original_GRIB_NorwayRect/era5land_d2m_sp_ssrd_strd_t2m_tp_u10_v10_2012_02.grib...
2025-12-08T11:23:48+0100 - root - INFO - Deleting Remote with id 792319ba-4784-452d-9b6c-b009c4cf92e4 for 2012-03 after downloading file /cluster/shared/noresm/inputdata/cicero_mods/ERA5-Land_NorSink/original_GRIB_NorwayRect/era5land_d2m_sp_ssrd_strd_t2m_tp_u10_v10_2012_03.grib...
2025-12-08T11:23:48+0100 - root - INFO - Deleting Remote with id eedf45d5-2f18-41cc-ba7f-5fd2100612aa for 2011-08 after downloading file /cluster/shared/noresm/inputdata/cicero_mods/ERA5-Land_NorSink/original_GRIB_NorwayRect/era5land_d2m_sp_ssrd_strd_t2m_tp_u10_v10_2011_08.grib...
2025-12-08T11:23:49+0100 - root - INFO - Deleting Remote with id 8c0fdc7c-0429-4c26-bc43-d070c578d025 for 2010-04 after downloading file /cluster/shared/noresm/inputdata/cicero_mods/ERA5-Land_NorSink/original_GRIB_NorwayRect/era5land_d2m_sp_ssrd_strd_t2m_tp_u10_v10_2010_04.grib...
2025-12-08T11:23:49+0100 - root - INFO - Deleting Remote with id 898c1c6c-c8c6-4ec6-a2cf-5266b2ad3088 for 2010-06 after downloading file /cluster/shared/noresm/inputdata/cicero_mods/ERA5-Land_NorSink/original_GRIB_NorwayRect/era5land_d2m_sp_ssrd_strd_t2m_tp_u10_v10_2010_06.grib...
2025-12-08T11:23:50+0100 - root - INFO - Deleting Remote with id 7c448c77-1b4a-4442-ad9c-1020175680b7 for 2013-02 after downloading file /cluster/shared/noresm/inputdata/cicero_mods/ERA5-Land_NorSink/original_GRIB_NorwayRect/era5land_d2m_sp_ssrd_strd_t2m_tp_u10_v10_2013_02.grib...
2025-12-08T11:23:51+0100 - root - INFO - Deleting Remote with id 319dda4e-3a5e-43a2-a44a-0e530af5b314 for 2012-01 after downloading file /cluster/shared/noresm/inputdata/cicero_mods/ERA5-Land_NorSink/original_GRIB_NorwayRect/era5land_d2m_sp_ssrd_strd_t2m_tp_u10_v10_2012_01.grib...
2025-12-08T11:23:51+0100 - root - INFO - Deleting Remote with id cd5dc9d2-8e7d-4b59-aba5-cc62bb2f66d9 for 2010-10 after downloading file /cluster/shared/noresm/inputdata/cicero_mods/ERA5-Land_NorSink/original_GRIB_NorwayRect/era5land_d2m_sp_ssrd_strd_t2m_tp_u10_v10_2010_10.grib...
2025-12-08T11:24:00+0100 - root - INFO - Deleting remotes for files already present locally...
2025-12-08T11:24:00+0100 - root - INFO - Deleting Remote with id ba734d90-8d0b-4b08-8ac7-f17bd8506fba for 2012-09 after not downloading file /cluster/shared/noresm/inputdata/cicero_mods/ERA5-Land_NorSink/original_GRIB_NorwayRect/era5land_d2m_sp_ssrd_strd_t2m_tp_u10_v10_2012_09.grib (already present locally)...
2025-12-08T11:24:00+0100 - root - INFO - Deleting Remote with id 23306b0d-e0bb-461e-98f9-e68b1f183368 for 2010-02 after not downloading file /cluster/shared/noresm/inputdata/cicero_mods/ERA5-Land_NorSink/original_GRIB_NorwayRect/era5land_d2m_sp_ssrd_strd_t2m_tp_u10_v10_2010_02.grib (already present locally)...
2025-12-08T11:24:01+0100 - root - INFO - Deleting Remote with id 1a308bcc-f7fa-44c4-b0d2-ccbd90572377 for 2011-01 after not downloading file /cluster/shared/noresm/inputdata/cicero_mods/ERA5-Land_NorSink/original_GRIB_NorwayRect/era5land_d2m_sp_ssrd_strd_t2m_tp_u10_v10_2011_01.grib (already present locally)...
2025-12-08T11:24:02+0100 - root - INFO - Deleting Remote with id 17550798-2d60-4406-87bc-9b52d13c855e for 2011-02 after not downloading file /cluster/shared/noresm/inputdata/cicero_mods/ERA5-Land_NorSink/original_GRIB_NorwayRect/era5land_d2m_sp_ssrd_strd_t2m_tp_u10_v10_2011_02.grib (already present locally)...
2025-12-08T11:24:02+0100 - root - INFO - Deleting Remote with id f8cbc074-fc3c-47a4-b01b-3fad0d3f7a7c for 2012-10 after not downloading file /cluster/shared/noresm/inputdata/cicero_mods/ERA5-Land_NorSink/original_GRIB_NorwayRect/era5land_d2m_sp_ssrd_strd_t2m_tp_u10_v10_2012_10.grib (already present locally)...
2025-12-08T11:35:19+0100 - root - WARNING - File /cluster/shared/noresm/inputdata/cicero_mods/ERA5-Land_NorSink/original_GRIB_NorwayRect/era5land_d2m_sp_ssrd_strd_t2m_tp_u10_v10_2013_05.grib does not match expected filename pattern; skipping...
2025-12-08T11:35:19+0100 - root - WARNING - File /cluster/shared/noresm/inputdata/cicero_mods/ERA5-Land_NorSink/original_GRIB_NorwayRect/era5land_d2m_sp_ssrd_strd_t2m_tp_u10_v10_2018_07.grib does not match expected filename pattern; skipping...
2025-12-08T11:35:19+0100 - root - WARNING - File /cluster/shared/noresm/inputdata/cicero_mods/ERA5-Land_NorSink/original_GRIB_NorwayRect/era5land_d2m_sp_ssrd_strd_t2m_tp_u10_v10_2011_06.grib does not match expected filename pattern; skipping...
2025-12-08T11:35:19+0100 - root - WARNING - File /cluster/shared/noresm/inputdata/cicero_mods/ERA5-Land_NorSink/original_GRIB_NorwayRect/era5land_d2m_sp_ssrd_strd_t2m_tp_u10_v10_2002_12.grib does not match expected filename pattern; skipping...
2025-12-08T11:35:19+0100 - root - WARNING - File /cluster/shared/noresm/inputdata/cicero_mods/ERA5-Land_NorSink/original_GRIB_NorwayRect/era5land_d2m_sp_ssrd_strd_t2m_tp_u10_v10_2001_07.grib does not match expected filename pattern; skipping...
2025-12-08T11:35:19+0100 - root - WARNING - File /cluster/shared/noresm/inputdata/cicero_mods/ERA5-Land_NorSink/original_GRIB_NorwayRect/era5land_d2m_sp_ssrd_strd_t2m_tp_u10_v10_2018_08.grib does not match expected filename pattern; skipping...
2025-12-08T11:35:19+0100 - root - WARNING - File /cluster/shared/noresm/inputdata/cicero_mods/ERA5-Land_NorSink/original_GRIB_NorwayRect/era5land_d2m_sp_ssrd_strd_t2m_tp_u10_v10_2019_11.grib does not match expected filename pattern; skipping...
2025-12-08T11:35:19+0100 - root - WARNING - File /cluster/shared/noresm/inputdata/cicero_mods/ERA5-Land_NorSink/original_GRIB_NorwayRect/era5land_d2m_sp_ssrd_strd_t2m_tp_u10_v10_2011_07.grib does not match expected filename pattern; skipping...
2025-12-08T11:35:19+0100 - root - WARNING - File /cluster/shared/noresm/inputdata/cicero_mods/ERA5-Land_NorSink/original_GRIB_NorwayRect/era5land_d2m_sp_ssrd_strd_t2m_tp_u10_v10_2012_10.grib does not match expected filename pattern; skipping...
2025-12-08T11:35:19+0100 - root - WARNING - File /cluster/shared/noresm/inputdata/cicero_mods/ERA5-Land_NorSink/original_GRIB_NorwayRect/era5land_d2m_sp_ssrd_strd_t2m_tp_u10_v10_2008_12.grib does not match expected filename pattern; skipping...
2025-12-08T11:35:19+0100 - root - WARNING - File /cluster/shared/noresm/inputdata/cicero_mods/ERA5-Land_NorSink/original_GRIB_NorwayRect/era5land_d2m_sp_ssrd_strd_t2m_tp_u10_v10_2005_06.grib does not match expected filename pattern; skipping...
2025-12-08T11:35:19+0100 - root - WARNING - File /cluster/shared/noresm/inputdata/cicero_mods/ERA5-Land_NorSink/original_GRIB_NorwayRect/era5land_d2m_sp_ssrd_strd_t2m_tp_u10_v10_2012_06.grib does not match expected filename pattern; skipping...
2025-12-08T11:35:19+0100 - root - WARNING - File /cluster/shared/noresm/inputdata/cicero_mods/ERA5-Land_NorSink/original_GRIB_NorwayRect/era5land_d2m_sp_ssrd_strd_t2m_tp_u10_v10_2017_09.grib does not match expected filename pattern; skipping...
2025-12-08T11:35:19+0100 - root - WARNING - File /cluster/shared/noresm/inputdata/cicero_mods/ERA5-Land_NorSink/original_GRIB_NorwayRect/era5land_d2m_sp_ssrd_strd_t2m_tp_u10_v10_2004_08.grib does not match expected filename pattern; skipping...
2025-12-08T11:35:19+0100 - root - WARNING - File /cluster/shared/noresm/inputdata/cicero_mods/ERA5-Land_NorSink/original_GRIB_NorwayRect/era5land_d2m_sp_ssrd_strd_t2m_tp_u10_v10_2013_08.grib does not match expected filename pattern; skipping...
2025-12-08T11:35:19+0100 - root - WARNING - File /cluster/shared/noresm/inputdata/cicero_mods/ERA5-Land_NorSink/original_GRIB_NorwayRect/era5land_d2m_sp_ssrd_strd_t2m_tp_u10_v10_2010_09.grib does not match expected filename pattern; skipping...
2025-12-08T11:35:19+0100 - root - WARNING - File /cluster/shared/noresm/inputdata/cicero_mods/ERA5-Land_NorSink/original_GRIB_NorwayRect/era5land_d2m_sp_ssrd_strd_t2m_tp_u10_v10_2009_05.grib does not match expected filename pattern; skipping...
2025-12-08T11:35:19+0100 - root - WARNING - File /cluster/shared/noresm/inputdata/cicero_mods/ERA5-Land_NorSink/original_GRIB_NorwayRect/era5land_d2m_sp_ssrd_strd_t2m_tp_u10_v10_2014_05.grib does not match expected filename pattern; skipping...
2025-12-08T11:35:19+0100 - root - WARNING - File /cluster/shared/noresm/inputdata/cicero_mods/ERA5-Land_NorSink/original_GRIB_NorwayRect/era5land_d2m_sp_ssrd_strd_t2m_tp_u10_v10_2001_12.grib does not match expected filename pattern; skipping...
2025-12-08T11:35:19+0100 - root - WARNING - File /cluster/shared/noresm/inputdata/cicero_mods/ERA5-Land_NorSink/original_GRIB_NorwayRect/era5land_d2m_sp_ssrd_strd_t2m_tp_u10_v10_2001_06.grib does not match expected filename pattern; skipping...
2025-12-08T11:35:19+0100 - root - WARNING - File /cluster/shared/noresm/inputdata/cicero_mods/ERA5-Land_NorSink/original_GRIB_NorwayRect/era5land_d2m_sp_ssrd_strd_t2m_tp_u10_v10_2014_04.grib does not match expected filename pattern; skipping...
2025-12-08T11:35:19+0100 - root - WARNING - File /cluster/shared/noresm/inputdata/cicero_mods/ERA5-Land_NorSink/original_GRIB_NorwayRect/era5land_d2m_sp_ssrd_strd_t2m_tp_u10_v10_2001_08.grib does not match expected filename pattern; skipping...
2025-12-08T11:35:19+0100 - root - WARNING - File /cluster/shared/noresm/inputdata/cicero_mods/ERA5-Land_NorSink/original_GRIB_NorwayRect/era5land_d2m_sp_ssrd_strd_t2m_tp_u10_v10_2018_06.grib does not match expected filename pattern; skipping...
2025-12-08T11:35:19+0100 - root - WARNING - File /cluster/shared/noresm/inputdata/cicero_mods/ERA5-Land_NorSink/original_GRIB_NorwayRect/era5land_d2m_sp_ssrd_strd_t2m_tp_u10_v10_2017_11.grib does not match expected filename pattern; skipping...
2025-12-08T11:35:19+0100 - root - WARNING - File /cluster/shared/noresm/inputdata/cicero_mods/ERA5-Land_NorSink/original_GRIB_NorwayRect/era5land_d2m_sp_ssrd_strd_t2m_tp_u10_v10_2019_01.grib does not match expected filename pattern; skipping...
2025-12-08T11:35:19+0100 - root - WARNING - File /cluster/shared/noresm/inputdata/cicero_mods/ERA5-Land_NorSink/original_GRIB_NorwayRect/era5land_d2m_sp_ssrd_strd_t2m_tp_u10_v10_2013_03.grib does not match expected filename pattern; skipping...
2025-12-08T11:35:19+0100 - root - WARNING - File /cluster/shared/noresm/inputdata/cicero_mods/ERA5-Land_NorSink/original_GRIB_NorwayRect/era5land_d2m_sp_ssrd_strd_t2m_tp_u10_v10_2019_10.grib does not match expected filename pattern; skipping...
2025-12-08T11:35:19+0100 - root - WARNING - File /cluster/shared/noresm/inputdata/cicero_mods/ERA5-Land_NorSink/original_GRIB_NorwayRect/era5land_d2m_sp_ssrd_strd_t2m_tp_u10_v10_2017_07.grib does not match expected filename pattern; skipping...
2025-12-08T11:35:19+0100 - root - WARNING - File /cluster/shared/noresm/inputdata/cicero_mods/ERA5-Land_NorSink/original_GRIB_NorwayRect/era5land_d2m_sp_ssrd_strd_t2m_tp_u10_v10_2015_09.grib does not match expected filename pattern; skipping...
2025-12-08T11:35:19+0100 - root - WARNING - File /cluster/shared/noresm/inputdata/cicero_mods/ERA5-Land_NorSink/original_GRIB_NorwayRect/era5land_d2m_sp_ssrd_strd_t2m_tp_u10_v10_2019_08.grib does not match expected filename pattern; skipping...
2025-12-08T11:35:19+0100 - root - WARNING - File /cluster/shared/noresm/inputdata/cicero_mods/ERA5-Land_NorSink/original_GRIB_NorwayRect/era5land_d2m_sp_ssrd_strd_t2m_tp_u10_v10_2016_10.grib does not match expected filename pattern; skipping...
2025-12-08T11:35:19+0100 - root - WARNING - File /cluster/shared/noresm/inputdata/cicero_mods/ERA5-Land_NorSink/original_GRIB_NorwayRect/era5land_d2m_sp_ssrd_strd_t2m_tp_u10_v10_2018_03.grib does not match expected filename pattern; skipping...
2025-12-08T11:35:19+0100 - root - WARNING - File /cluster/shared/noresm/inputdata/cicero_mods/ERA5-Land_NorSink/original_GRIB_NorwayRect/era5land_d2m_sp_ssrd_strd_t2m_tp_u10_v10_2005_11.grib does not match expected filename pattern; skipping...
2025-12-08T11:35:19+0100 - root - WARNING - File /cluster/shared/noresm/inputdata/cicero_mods/ERA5-Land_NorSink/original_GRIB_NorwayRect/era5land_d2m_sp_ssrd_strd_t2m_tp_u10_v10_2016_04.grib does not match expected filename pattern; skipping...
2025-12-08T11:35:19+0100 - root - WARNING - File /cluster/shared/noresm/inputdata/cicero_mods/ERA5-Land_NorSink/original_GRIB_NorwayRect/era5land_d2m_sp_ssrd_strd_t2m_tp_u10_v10_2005_07.grib does not match expected filename pattern; skipping...
2025-12-08T11:35:19+0100 - root - WARNING - File /cluster/shared/noresm/inputdata/cicero_mods/ERA5-Land_NorSink/original_GRIB_NorwayRect/era5land_d2m_sp_ssrd_strd_t2m_tp_u10_v10_2014_01.grib does not match expected filename pattern; skipping...
2025-12-08T11:35:19+0100 - root - WARNING - File /cluster/shared/noresm/inputdata/cicero_mods/ERA5-Land_NorSink/original_GRIB_NorwayRect/era5land_d2m_sp_ssrd_strd_t2m_tp_u10_v10_2005_03.grib does not match expected filename pattern; skipping...
2025-12-08T11:35:19+0100 - root - WARNING - File /cluster/shared/noresm/inputdata/cicero_mods/ERA5-Land_NorSink/original_GRIB_NorwayRect/era5land_d2m_sp_ssrd_strd_t2m_tp_u10_v10_2013_06.grib does not match expected filename pattern; skipping...
2025-12-08T11:35:19+0100 - root - WARNING - File /cluster/shared/noresm/inputdata/cicero_mods/ERA5-Land_NorSink/original_GRIB_NorwayRect/era5land_d2m_sp_ssrd_strd_t2m_tp_u10_v10_2011_02.grib does not match expected filename pattern; skipping...
2025-12-08T11:35:19+0100 - root - WARNING - File /cluster/shared/noresm/inputdata/cicero_mods/ERA5-Land_NorSink/original_GRIB_NorwayRect/era5land_d2m_sp_ssrd_strd_t2m_tp_u10_v10_2009_04.grib does not match expected filename pattern; skipping...
2025-12-08T11:35:19+0100 - root - WARNING - File /cluster/shared/noresm/inputdata/cicero_mods/ERA5-Land_NorSink/original_GRIB_NorwayRect/era5land_d2m_sp_ssrd_strd_t2m_tp_u10_v10_2011_12.grib does not match expected filename pattern; skipping...
2025-12-08T11:35:19+0100 - root - WARNING - File /cluster/shared/noresm/inputdata/cicero_mods/ERA5-Land_NorSink/original_GRIB_NorwayRect/era5land_d2m_sp_ssrd_strd_t2m_tp_u10_v10_2012_05.grib does not match expected filename pattern; skipping...
2025-12-08T11:35:19+0100 - root - WARNING - File /cluster/shared/noresm/inputdata/cicero_mods/ERA5-Land_NorSink/original_GRIB_NorwayRect/era5land_d2m_sp_ssrd_strd_t2m_tp_u10_v10_2007_08.grib does not match expected filename pattern; skipping...
2025-12-08T11:35:19+0100 - root - WARNING - File /cluster/shared/noresm/inputdata/cicero_mods/ERA5-Land_NorSink/original_GRIB_NorwayRect/era5land_d2m_sp_ssrd_strd_t2m_tp_u10_v10_2002_04.grib does not match expected filename pattern; skipping...
2025-12-08T11:35:19+0100 - root - WARNING - File /cluster/shared/noresm/inputdata/cicero_mods/ERA5-Land_NorSink/original_GRIB_NorwayRect/era5land_d2m_sp_ssrd_strd_t2m_tp_u10_v10_2016_05.grib does not match expected filename pattern; skipping...
2025-12-08T11:35:19+0100 - root - WARNING - File /cluster/shared/noresm/inputdata/cicero_mods/ERA5-Land_NorSink/original_GRIB_NorwayRect/era5land_d2m_sp_ssrd_strd_t2m_tp_u10_v10_2008_05.grib does not match expected filename pattern; skipping...
2025-12-08T11:35:19+0100 - root - WARNING - File /cluster/shared/noresm/inputdata/cicero_mods/ERA5-Land_NorSink/original_GRIB_NorwayRect/era5land_d2m_sp_ssrd_strd_t2m_tp_u10_v10_2011_01.grib does not match expected filename pattern; skipping...
2025-12-08T11:35:19+0100 - root - WARNING - File /cluster/shared/noresm/inputdata/cicero_mods/ERA5-Land_NorSink/original_GRIB_NorwayRect/era5land_d2m_sp_ssrd_strd_t2m_tp_u10_v10_2003_09.grib does not match expected filename pattern; skipping...
2025-12-08T11:35:19+0100 - root - WARNING - File /cluster/shared/noresm/inputdata/cicero_mods/ERA5-Land_NorSink/original_GRIB_NorwayRect/era5land_d2m_sp_ssrd_strd_t2m_tp_u10_v10_2000_05.grib does not match expected filename pattern; skipping...
2025-12-08T11:35:19+0100 - root - WARNING - File /cluster/shared/noresm/inputdata/cicero_mods/ERA5-Land_NorSink/original_GRIB_NorwayRect/era5land_d2m_sp_ssrd_strd_t2m_tp_u10_v10_2007_07.grib does not match expected filename pattern; skipping...
2025-12-08T11:35:19+0100 - root - WARNING - File /cluster/shared/noresm/inputdata/cicero_mods/ERA5-Land_NorSink/original_GRIB_NorwayRect/era5land_d2m_sp_ssrd_strd_t2m_tp_u10_v10_2018_10.grib does not match expected filename pattern; skipping...
2025-12-08T11:35:19+0100 - root - WARNING - File /cluster/shared/noresm/inputdata/cicero_mods/ERA5-Land_NorSink/original_GRIB_NorwayRect/era5land_d2m_sp_ssrd_strd_t2m_tp_u10_v10_2016_11.grib does not match expected filename pattern; skipping...
2025-12-08T11:35:19+0100 - root - WARNING - File /cluster/shared/noresm/inputdata/cicero_mods/ERA5-Land_NorSink/original_GRIB_NorwayRect/era5land_d2m_sp_ssrd_strd_t2m_tp_u10_v10_2019_12.grib does not match expected filename pattern; skipping...
2025-12-08T11:35:19+0100 - root - WARNING - File /cluster/shared/noresm/inputdata/cicero_mods/ERA5-Land_NorSink/original_GRIB_NorwayRect/era5land_d2m_sp_ssrd_strd_t2m_tp_u10_v10_2010_02.grib does not match expected filename pattern; skipping...
2025-12-08T11:35:19+0100 - root - WARNING - File /cluster/shared/noresm/inputdata/cicero_mods/ERA5-Land_NorSink/original_GRIB_NorwayRect/era5land_d2m_sp_ssrd_strd_t2m_tp_u10_v10_2012_11.grib does not match expected filename pattern; skipping...
2025-12-08T11:35:19+0100 - root - WARNING - File /cluster/shared/noresm/inputdata/cicero_mods/ERA5-Land_NorSink/original_GRIB_NorwayRect/era5land_d2m_sp_ssrd_strd_t2m_tp_u10_v10_2008_11.grib does not match expected filename pattern; skipping...
2025-12-08T11:35:19+0100 - root - WARNING - File /cluster/shared/noresm/inputdata/cicero_mods/ERA5-Land_NorSink/original_GRIB_NorwayRect/era5land_d2m_sp_ssrd_strd_t2m_tp_u10_v10_2010_07.grib does not match expected filename pattern; skipping...
2025-12-08T11:35:19+0100 - root - WARNING - File /cluster/shared/noresm/inputdata/cicero_mods/ERA5-Land_NorSink/original_GRIB_NorwayRect/era5land_d2m_sp_ssrd_strd_t2m_tp_u10_v10_2009_01.grib does not match expected filename pattern; skipping...
2025-12-08T11:35:19+0100 - root - WARNING - File /cluster/shared/noresm/inputdata/cicero_mods/ERA5-Land_NorSink/original_GRIB_NorwayRect/era5land_d2m_sp_ssrd_strd_t2m_tp_u10_v10_2006_03.grib does not match expected filename pattern; skipping...
2025-12-08T11:35:19+0100 - root - WARNING - File /cluster/shared/noresm/inputdata/cicero_mods/ERA5-Land_NorSink/original_GRIB_NorwayRect/era5land_d2m_sp_ssrd_strd_t2m_tp_u10_v10_2014_10.grib does not match expected filename pattern; skipping...
2025-12-08T11:35:19+0100 - root - WARNING - File /cluster/shared/noresm/inputdata/cicero_mods/ERA5-Land_NorSink/original_GRIB_NorwayRect/era5land_d2m_sp_ssrd_strd_t2m_tp_u10_v10_2016_01.grib does not match expected filename pattern; skipping...
2025-12-08T11:35:19+0100 - root - WARNING - File /cluster/shared/noresm/inputdata/cicero_mods/ERA5-Land_NorSink/original_GRIB_NorwayRect/era5land_d2m_sp_ssrd_strd_t2m_tp_u10_v10_2012_09.grib does not match expected filename pattern; skipping...
2025-12-08T11:35:19+0100 - root - WARNING - File /cluster/shared/noresm/inputdata/cicero_mods/ERA5-Land_NorSink/original_GRIB_NorwayRect/era5land_d2m_sp_ssrd_strd_t2m_tp_u10_v10_2003_05.grib does not match expected filename pattern; skipping...
2025-12-08T11:35:19+0100 - root - WARNING - File /cluster/shared/noresm/inputdata/cicero_mods/ERA5-Land_NorSink/original_GRIB_NorwayRect/era5land_d2m_sp_ssrd_strd_t2m_tp_u10_v10_2014_06.grib does not match expected filename pattern; skipping...
2025-12-08T11:35:19+0100 - root - WARNING - File /cluster/shared/noresm/inputdata/cicero_mods/ERA5-Land_NorSink/original_GRIB_NorwayRect/era5land_d2m_sp_ssrd_strd_t2m_tp_u10_v10_2006_08.grib does not match expected filename pattern; skipping...
2025-12-08T11:35:19+0100 - root - WARNING - File /cluster/shared/noresm/inputdata/cicero_mods/ERA5-Land_NorSink/original_GRIB_NorwayRect/era5land_d2m_sp_ssrd_strd_t2m_tp_u10_v10_2009_02.grib does not match expected filename pattern; skipping...
2025-12-08T11:35:19+0100 - root - WARNING - File /cluster/shared/noresm/inputdata/cicero_mods/ERA5-Land_NorSink/original_GRIB_NorwayRect/era5land_d2m_sp_ssrd_strd_t2m_tp_u10_v10_2008_10.grib does not match expected filename pattern; skipping...
2025-12-08T11:35:19+0100 - root - WARNING - File /cluster/shared/noresm/inputdata/cicero_mods/ERA5-Land_NorSink/original_GRIB_NorwayRect/era5land_d2m_sp_ssrd_strd_t2m_tp_u10_v10_2016_03.grib does not match expected filename pattern; skipping...
2025-12-08T11:35:19+0100 - root - WARNING - File /cluster/shared/noresm/inputdata/cicero_mods/ERA5-Land_NorSink/original_GRIB_NorwayRect/era5land_d2m_sp_ssrd_strd_t2m_tp_u10_v10_2009_03.grib does not match expected filename pattern; skipping...
2025-12-08T11:35:19+0100 - root - WARNING - File /cluster/shared/noresm/inputdata/cicero_mods/ERA5-Land_NorSink/original_GRIB_NorwayRect/era5land_d2m_sp_ssrd_strd_t2m_tp_u10_v10_2003_06.grib does not match expected filename pattern; skipping...
2025-12-08T11:35:19+0100 - root - WARNING - File /cluster/shared/noresm/inputdata/cicero_mods/ERA5-Land_NorSink/original_GRIB_NorwayRect/era5land_d2m_sp_ssrd_strd_t2m_tp_u10_v10_2016_08.grib does not match expected filename pattern; skipping...
2025-12-08T11:35:19+0100 - root - WARNING - File /cluster/shared/noresm/inputdata/cicero_mods/ERA5-Land_NorSink/original_GRIB_NorwayRect/era5land_d2m_sp_ssrd_strd_t2m_tp_u10_v10_2010_12.grib does not match expected filename pattern; skipping...
2025-12-08T11:35:19+0100 - root - WARNING - File /cluster/shared/noresm/inputdata/cicero_mods/ERA5-Land_NorSink/original_GRIB_NorwayRect/era5land_d2m_sp_ssrd_strd_t2m_tp_u10_v10_2014_02.grib does not match expected filename pattern; skipping...
2025-12-08T11:35:19+0100 - root - WARNING - File /cluster/shared/noresm/inputdata/cicero_mods/ERA5-Land_NorSink/original_GRIB_NorwayRect/era5land_d2m_sp_ssrd_strd_t2m_tp_u10_v10_2004_01.grib does not match expected filename pattern; skipping...
2025-12-08T11:35:19+0100 - root - WARNING - File /cluster/shared/noresm/inputdata/cicero_mods/ERA5-Land_NorSink/original_GRIB_NorwayRect/era5land_d2m_sp_ssrd_strd_t2m_tp_u10_v10_2005_01.grib does not match expected filename pattern; skipping...
2025-12-08T11:35:19+0100 - root - WARNING - File /cluster/shared/noresm/inputdata/cicero_mods/ERA5-Land_NorSink/original_GRIB_NorwayRect/era5land_d2m_sp_ssrd_strd_t2m_tp_u10_v10_2007_09.grib does not match expected filename pattern; skipping...
2025-12-08T11:35:19+0100 - root - WARNING - File /cluster/shared/noresm/inputdata/cicero_mods/ERA5-Land_NorSink/original_GRIB_NorwayRect/era5land_d2m_sp_ssrd_strd_t2m_tp_u10_v10_2002_11.grib does not match expected filename pattern; skipping...
2025-12-08T11:35:19+0100 - root - WARNING - File /cluster/shared/noresm/inputdata/cicero_mods/ERA5-Land_NorSink/original_GRIB_NorwayRect/era5land_d2m_sp_ssrd_strd_t2m_tp_u10_v10_2000_03.grib does not match expected filename pattern; skipping...
2025-12-08T11:35:19+0100 - root - WARNING - File /cluster/shared/noresm/inputdata/cicero_mods/ERA5-Land_NorSink/original_GRIB_NorwayRect/era5land_d2m_sp_ssrd_strd_t2m_tp_u10_v10_2009_10.grib does not match expected filename pattern; skipping...
2025-12-08T11:35:19+0100 - root - WARNING - File /cluster/shared/noresm/inputdata/cicero_mods/ERA5-Land_NorSink/original_GRIB_NorwayRect/era5land_d2m_sp_ssrd_strd_t2m_tp_u10_v10_2006_02.grib does not match expected filename pattern; skipping...
2025-12-08T11:35:19+0100 - root - WARNING - File /cluster/shared/noresm/inputdata/cicero_mods/ERA5-Land_NorSink/original_GRIB_NorwayRect/era5land_d2m_sp_ssrd_strd_t2m_tp_u10_v10_2014_12.grib does not match expected filename pattern; skipping...
2025-12-08T11:35:19+0100 - root - WARNING - File /cluster/shared/noresm/inputdata/cicero_mods/ERA5-Land_NorSink/original_GRIB_NorwayRect/era5land_d2m_sp_ssrd_strd_t2m_tp_u10_v10_2005_10.grib does not match expected filename pattern; skipping...
2025-12-08T11:35:19+0100 - root - WARNING - File /cluster/shared/noresm/inputdata/cicero_mods/ERA5-Land_NorSink/original_GRIB_NorwayRect/era5land_d2m_sp_ssrd_strd_t2m_tp_u10_v10_2015_11.grib does not match expected filename pattern; skipping...
2025-12-08T11:35:19+0100 - root - WARNING - File /cluster/shared/noresm/inputdata/cicero_mods/ERA5-Land_NorSink/original_GRIB_NorwayRect/era5land_d2m_sp_ssrd_strd_t2m_tp_u10_v10_2015_02.grib does not match expected filename pattern; skipping...
2025-12-08T11:35:19+0100 - root - WARNING - File /cluster/shared/noresm/inputdata/cicero_mods/ERA5-Land_NorSink/original_GRIB_NorwayRect/era5land_d2m_sp_ssrd_strd_t2m_tp_u10_v10_2019_09.grib does not match expected filename pattern; skipping...
2025-12-08T11:35:19+0100 - root - WARNING - File /cluster/shared/noresm/inputdata/cicero_mods/ERA5-Land_NorSink/original_GRIB_NorwayRect/era5land_d2m_sp_ssrd_strd_t2m_tp_u10_v10_2001_04.grib does not match expected filename pattern; skipping...
2025-12-08T11:35:19+0100 - root - WARNING - File /cluster/shared/noresm/inputdata/cicero_mods/ERA5-Land_NorSink/original_GRIB_NorwayRect/era5land_d2m_sp_ssrd_strd_t2m_tp_u10_v10_2016_02.grib does not match expected filename pattern; skipping...
2025-12-08T11:35:19+0100 - root - WARNING - File /cluster/shared/noresm/inputdata/cicero_mods/ERA5-Land_NorSink/original_GRIB_NorwayRect/era5land_d2m_sp_ssrd_strd_t2m_tp_u10_v10_2007_03.grib does not match expected filename pattern; skipping...
2025-12-08T11:35:19+0100 - root - WARNING - File /cluster/shared/noresm/inputdata/cicero_mods/ERA5-Land_NorSink/original_GRIB_NorwayRect/era5land_d2m_sp_ssrd_strd_t2m_tp_u10_v10_2012_07.grib does not match expected filename pattern; skipping...
2025-12-08T11:35:19+0100 - root - WARNING - File /cluster/shared/noresm/inputdata/cicero_mods/ERA5-Land_NorSink/original_GRIB_NorwayRect/era5land_d2m_sp_ssrd_strd_t2m_tp_u10_v10_2000_08.grib does not match expected filename pattern; skipping...
2025-12-08T11:35:19+0100 - root - WARNING - File /cluster/shared/noresm/inputdata/cicero_mods/ERA5-Land_NorSink/original_GRIB_NorwayRect/era5land_d2m_sp_ssrd_strd_t2m_tp_u10_v10_2011_10.grib does not match expected filename pattern; skipping...
2025-12-08T11:35:19+0100 - root - WARNING - File /cluster/shared/noresm/inputdata/cicero_mods/ERA5-Land_NorSink/original_GRIB_NorwayRect/era5land_d2m_sp_ssrd_strd_t2m_tp_u10_v10_2001_05.grib does not match expected filename pattern; skipping...
2025-12-08T11:35:19+0100 - root - WARNING - File /cluster/shared/noresm/inputdata/cicero_mods/ERA5-Land_NorSink/original_GRIB_NorwayRect/era5land_d2m_sp_ssrd_strd_t2m_tp_u10_v10_2019_02.grib does not match expected filename pattern; skipping...
2025-12-08T11:35:19+0100 - root - WARNING - File /cluster/shared/noresm/inputdata/cicero_mods/ERA5-Land_NorSink/original_GRIB_NorwayRect/era5land_d2m_sp_ssrd_strd_t2m_tp_u10_v10_2015_04.grib does not match expected filename pattern; skipping...
2025-12-08T11:35:19+0100 - root - WARNING - File /cluster/shared/noresm/inputdata/cicero_mods/ERA5-Land_NorSink/original_GRIB_NorwayRect/era5land_d2m_sp_ssrd_strd_t2m_tp_u10_v10_2003_10.grib does not match expected filename pattern; skipping...
2025-12-08T11:35:19+0100 - root - WARNING - File /cluster/shared/noresm/inputdata/cicero_mods/ERA5-Land_NorSink/original_GRIB_NorwayRect/era5land_d2m_sp_ssrd_strd_t2m_tp_u10_v10_2012_04.grib does not match expected filename pattern; skipping...
2025-12-08T11:35:19+0100 - root - WARNING - File /cluster/shared/noresm/inputdata/cicero_mods/ERA5-Land_NorSink/original_GRIB_NorwayRect/era5land_d2m_sp_ssrd_strd_t2m_tp_u10_v10_2002_01.grib does not match expected filename pattern; skipping...
2025-12-08T11:35:19+0100 - root - WARNING - File /cluster/shared/noresm/inputdata/cicero_mods/ERA5-Land_NorSink/original_GRIB_NorwayRect/era5land_d2m_sp_ssrd_strd_t2m_tp_u10_v10_2010_10.grib does not match expected filename pattern; skipping...
2025-12-08T11:35:19+0100 - root - WARNING - File /cluster/shared/noresm/inputdata/cicero_mods/ERA5-Land_NorSink/original_GRIB_NorwayRect/era5land_d2m_sp_ssrd_strd_t2m_tp_u10_v10_2014_08.grib does not match expected filename pattern; skipping...
2025-12-08T11:35:19+0100 - root - WARNING - File /cluster/shared/noresm/inputdata/cicero_mods/ERA5-Land_NorSink/original_GRIB_NorwayRect/era5land_d2m_sp_ssrd_strd_t2m_tp_u10_v10_2004_05.grib does not match expected filename pattern; skipping...
2025-12-08T11:35:19+0100 - root - WARNING - File /cluster/shared/noresm/inputdata/cicero_mods/ERA5-Land_NorSink/original_GRIB_NorwayRect/era5land_d2m_sp_ssrd_strd_t2m_tp_u10_v10_2012_01.grib does not match expected filename pattern; skipping...
2025-12-08T11:35:19+0100 - root - WARNING - File /cluster/shared/noresm/inputdata/cicero_mods/ERA5-Land_NorSink/original_GRIB_NorwayRect/era5land_d2m_sp_ssrd_strd_t2m_tp_u10_v10_2006_12.grib does not match expected filename pattern; skipping...
2025-12-08T11:35:19+0100 - root - WARNING - File /cluster/shared/noresm/inputdata/cicero_mods/ERA5-Land_NorSink/original_GRIB_NorwayRect/era5land_d2m_sp_ssrd_strd_t2m_tp_u10_v10_2013_10.grib does not match expected filename pattern; skipping...
2025-12-08T11:35:19+0100 - root - WARNING - File /cluster/shared/noresm/inputdata/cicero_mods/ERA5-Land_NorSink/original_GRIB_NorwayRect/era5land_d2m_sp_ssrd_strd_t2m_tp_u10_v10_2015_07.grib does not match expected filename pattern; skipping...
2025-12-08T11:35:19+0100 - root - WARNING - File /cluster/shared/noresm/inputdata/cicero_mods/ERA5-Land_NorSink/original_GRIB_NorwayRect/era5land_d2m_sp_ssrd_strd_t2m_tp_u10_v10_2002_09.grib does not match expected filename pattern; skipping...
2025-12-08T11:35:19+0100 - root - WARNING - File /cluster/shared/noresm/inputdata/cicero_mods/ERA5-Land_NorSink/original_GRIB_NorwayRect/era5land_d2m_sp_ssrd_strd_t2m_tp_u10_v10_2005_09.grib does not match expected filename pattern; skipping...
2025-12-08T11:35:19+0100 - root - WARNING - File /cluster/shared/noresm/inputdata/cicero_mods/ERA5-Land_NorSink/original_GRIB_NorwayRect/era5land_d2m_sp_ssrd_strd_t2m_tp_u10_v10_2001_09.grib does not match expected filename pattern; skipping...
2025-12-08T11:35:19+0100 - root - WARNING - File /cluster/shared/noresm/inputdata/cicero_mods/ERA5-Land_NorSink/original_GRIB_NorwayRect/era5land_d2m_sp_ssrd_strd_t2m_tp_u10_v10_2005_08.grib does not match expected filename pattern; skipping...
2025-12-08T11:35:19+0100 - root - WARNING - File /cluster/shared/noresm/inputdata/cicero_mods/ERA5-Land_NorSink/original_GRIB_NorwayRect/era5land_d2m_sp_ssrd_strd_t2m_tp_u10_v10_2018_05.grib does not match expected filename pattern; skipping...
2025-12-08T11:35:19+0100 - root - WARNING - File /cluster/shared/noresm/inputdata/cicero_mods/ERA5-Land_NorSink/original_GRIB_NorwayRect/era5land_d2m_sp_ssrd_strd_t2m_tp_u10_v10_2013_01.grib does not match expected filename pattern; skipping...
2025-12-08T11:35:19+0100 - root - WARNING - File /cluster/shared/noresm/inputdata/cicero_mods/ERA5-Land_NorSink/original_GRIB_NorwayRect/era5land_d2m_sp_ssrd_strd_t2m_tp_u10_v10_2013_02.grib does not match expected filename pattern; skipping...
2025-12-08T11:35:19+0100 - root - WARNING - File /cluster/shared/noresm/inputdata/cicero_mods/ERA5-Land_NorSink/original_GRIB_NorwayRect/era5land_d2m_sp_ssrd_strd_t2m_tp_u10_v10_2006_05.grib does not match expected filename pattern; skipping...
2025-12-08T11:35:19+0100 - root - WARNING - File /cluster/shared/noresm/inputdata/cicero_mods/ERA5-Land_NorSink/original_GRIB_NorwayRect/era5land_d2m_sp_ssrd_strd_t2m_tp_u10_v10_2007_04.grib does not match expected filename pattern; skipping...
2025-12-08T11:35:19+0100 - root - WARNING - File /cluster/shared/noresm/inputdata/cicero_mods/ERA5-Land_NorSink/original_GRIB_NorwayRect/era5land_d2m_sp_ssrd_strd_t2m_tp_u10_v10_2010_06.grib does not match expected filename pattern; skipping...
2025-12-08T11:35:19+0100 - root - WARNING - File /cluster/shared/noresm/inputdata/cicero_mods/ERA5-Land_NorSink/original_GRIB_NorwayRect/era5land_d2m_sp_ssrd_strd_t2m_tp_u10_v10_2003_12.grib does not match expected filename pattern; skipping...
2025-12-08T11:35:19+0100 - root - WARNING - File /cluster/shared/noresm/inputdata/cicero_mods/ERA5-Land_NorSink/original_GRIB_NorwayRect/era5land_d2m_sp_ssrd_strd_t2m_tp_u10_v10_2010_08.grib does not match expected filename pattern; skipping...
2025-12-08T11:35:19+0100 - root - WARNING - File /cluster/shared/noresm/inputdata/cicero_mods/ERA5-Land_NorSink/original_GRIB_NorwayRect/era5land_d2m_sp_ssrd_strd_t2m_tp_u10_v10_2000_04.grib does not match expected filename pattern; skipping...
2025-12-08T11:35:19+0100 - root - WARNING - File /cluster/shared/noresm/inputdata/cicero_mods/ERA5-Land_NorSink/original_GRIB_NorwayRect/era5land_d2m_sp_ssrd_strd_t2m_tp_u10_v10_2018_04.grib does not match expected filename pattern; skipping...
2025-12-08T11:35:19+0100 - root - WARNING - File /cluster/shared/noresm/inputdata/cicero_mods/ERA5-Land_NorSink/original_GRIB_NorwayRect/era5land_d2m_sp_ssrd_strd_t2m_tp_u10_v10_2007_05.grib does not match expected filename pattern; skipping...
2025-12-08T11:35:19+0100 - root - WARNING - File /cluster/shared/noresm/inputdata/cicero_mods/ERA5-Land_NorSink/original_GRIB_NorwayRect/era5land_d2m_sp_ssrd_strd_t2m_tp_u10_v10_2008_09.grib does not match expected filename pattern; skipping...
2025-12-08T11:35:19+0100 - root - WARNING - File /cluster/shared/noresm/inputdata/cicero_mods/ERA5-Land_NorSink/original_GRIB_NorwayRect/era5land_d2m_sp_ssrd_strd_t2m_tp_u10_v10_2003_11.grib does not match expected filename pattern; skipping...
2025-12-08T11:35:19+0100 - root - WARNING - File /cluster/shared/noresm/inputdata/cicero_mods/ERA5-Land_NorSink/original_GRIB_NorwayRect/era5land_d2m_sp_ssrd_strd_t2m_tp_u10_v10_2014_11.grib does not match expected filename pattern; skipping...
2025-12-08T11:35:19+0100 - root - WARNING - File /cluster/shared/noresm/inputdata/cicero_mods/ERA5-Land_NorSink/original_GRIB_NorwayRect/era5land_d2m_sp_ssrd_strd_t2m_tp_u10_v10_2004_10.grib does not match expected filename pattern; skipping...
2025-12-08T11:35:19+0100 - root - WARNING - File /cluster/shared/noresm/inputdata/cicero_mods/ERA5-Land_NorSink/original_GRIB_NorwayRect/era5land_d2m_sp_ssrd_strd_t2m_tp_u10_v10_2009_12.grib does not match expected filename pattern; skipping...
2025-12-08T11:35:19+0100 - root - WARNING - File /cluster/shared/noresm/inputdata/cicero_mods/ERA5-Land_NorSink/original_GRIB_NorwayRect/era5land_d2m_sp_ssrd_strd_t2m_tp_u10_v10_2015_03.grib does not match expected filename pattern; skipping...
2025-12-08T11:35:19+0100 - root - WARNING - File /cluster/shared/noresm/inputdata/cicero_mods/ERA5-Land_NorSink/original_GRIB_NorwayRect/era5land_d2m_sp_ssrd_strd_t2m_tp_u10_v10_2014_07.grib does not match expected filename pattern; skipping...
2025-12-08T11:35:19+0100 - root - WARNING - File /cluster/shared/noresm/inputdata/cicero_mods/ERA5-Land_NorSink/original_GRIB_NorwayRect/era5land_d2m_sp_ssrd_strd_t2m_tp_u10_v10_2016_06.grib does not match expected filename pattern; skipping...
2025-12-08T11:35:19+0100 - root - WARNING - File /cluster/shared/noresm/inputdata/cicero_mods/ERA5-Land_NorSink/original_GRIB_NorwayRect/era5land_d2m_sp_ssrd_strd_t2m_tp_u10_v10_2019_04.grib does not match expected filename pattern; skipping...
2025-12-08T11:35:19+0100 - root - WARNING - File /cluster/shared/noresm/inputdata/cicero_mods/ERA5-Land_NorSink/original_GRIB_NorwayRect/era5land_d2m_sp_ssrd_strd_t2m_tp_u10_v10_2014_03.grib does not match expected filename pattern; skipping...
2025-12-08T11:35:19+0100 - root - WARNING - File /cluster/shared/noresm/inputdata/cicero_mods/ERA5-Land_NorSink/original_GRIB_NorwayRect/era5land_d2m_sp_ssrd_strd_t2m_tp_u10_v10_2018_12.grib does not match expected filename pattern; skipping...
2025-12-08T11:35:19+0100 - root - WARNING - File /cluster/shared/noresm/inputdata/cicero_mods/ERA5-Land_NorSink/original_GRIB_NorwayRect/era5land_d2m_sp_ssrd_strd_t2m_tp_u10_v10_2015_10.grib does not match expected filename pattern; skipping...
2025-12-08T11:35:19+0100 - root - WARNING - File /cluster/shared/noresm/inputdata/cicero_mods/ERA5-Land_NorSink/original_GRIB_NorwayRect/era5land_d2m_sp_ssrd_strd_t2m_tp_u10_v10_2018_02.grib does not match expected filename pattern; skipping...
2025-12-08T11:35:19+0100 - root - WARNING - File /cluster/shared/noresm/inputdata/cicero_mods/ERA5-Land_NorSink/original_GRIB_NorwayRect/era5land_d2m_sp_ssrd_strd_t2m_tp_u10_v10_2017_04.grib does not match expected filename pattern; skipping...
2025-12-08T11:35:19+0100 - root - WARNING - File /cluster/shared/noresm/inputdata/cicero_mods/ERA5-Land_NorSink/original_GRIB_NorwayRect/era5land_d2m_sp_ssrd_strd_t2m_tp_u10_v10_2015_05.grib does not match expected filename pattern; skipping...
2025-12-08T11:35:19+0100 - root - WARNING - File /cluster/shared/noresm/inputdata/cicero_mods/ERA5-Land_NorSink/original_GRIB_NorwayRect/era5land_d2m_sp_ssrd_strd_t2m_tp_u10_v10_2008_08.grib does not match expected filename pattern; skipping...
2025-12-08T11:35:19+0100 - root - WARNING - File /cluster/shared/noresm/inputdata/cicero_mods/ERA5-Land_NorSink/original_GRIB_NorwayRect/era5land_d2m_sp_ssrd_strd_t2m_tp_u10_v10_2010_04.grib does not match expected filename pattern; skipping...
2025-12-08T11:35:19+0100 - root - WARNING - File /cluster/shared/noresm/inputdata/cicero_mods/ERA5-Land_NorSink/original_GRIB_NorwayRect/era5land_d2m_sp_ssrd_strd_t2m_tp_u10_v10_2005_05.grib does not match expected filename pattern; skipping...
2025-12-08T11:35:19+0100 - root - WARNING - File /cluster/shared/noresm/inputdata/cicero_mods/ERA5-Land_NorSink/original_GRIB_NorwayRect/era5land_d2m_sp_ssrd_strd_t2m_tp_u10_v10_2019_03.grib does not match expected filename pattern; skipping...
2025-12-08T11:35:19+0100 - root - WARNING - File /cluster/shared/noresm/inputdata/cicero_mods/ERA5-Land_NorSink/original_GRIB_NorwayRect/era5land_d2m_sp_ssrd_strd_t2m_tp_u10_v10_2008_07.grib does not match expected filename pattern; skipping...
2025-12-08T11:35:19+0100 - root - WARNING - File /cluster/shared/noresm/inputdata/cicero_mods/ERA5-Land_NorSink/original_GRIB_NorwayRect/era5land_d2m_sp_ssrd_strd_t2m_tp_u10_v10_2001_11.grib does not match expected filename pattern; skipping...
2025-12-08T11:35:19+0100 - root - WARNING - File /cluster/shared/noresm/inputdata/cicero_mods/ERA5-Land_NorSink/original_GRIB_NorwayRect/era5land_d2m_sp_ssrd_strd_t2m_tp_u10_v10_2011_08.grib does not match expected filename pattern; skipping...
2025-12-08T11:35:19+0100 - root - WARNING - File /cluster/shared/noresm/inputdata/cicero_mods/ERA5-Land_NorSink/original_GRIB_NorwayRect/era5land_d2m_sp_ssrd_strd_t2m_tp_u10_v10_2012_03.grib does not match expected filename pattern; skipping...
2025-12-08T11:35:19+0100 - root - WARNING - File /cluster/shared/noresm/inputdata/cicero_mods/ERA5-Land_NorSink/original_GRIB_NorwayRect/era5land_d2m_sp_ssrd_strd_t2m_tp_u10_v10_2015_01.grib does not match expected filename pattern; skipping...
2025-12-08T11:35:19+0100 - root - WARNING - File /cluster/shared/noresm/inputdata/cicero_mods/ERA5-Land_NorSink/original_GRIB_NorwayRect/era5land_d2m_sp_ssrd_strd_t2m_tp_u10_v10_2000_10.grib does not match expected filename pattern; skipping...
2025-12-08T11:35:19+0100 - root - WARNING - File /cluster/shared/noresm/inputdata/cicero_mods/ERA5-Land_NorSink/original_GRIB_NorwayRect/era5land_d2m_sp_ssrd_strd_t2m_tp_u10_v10_2007_12.grib does not match expected filename pattern; skipping...
2025-12-08T11:35:19+0100 - root - WARNING - File /cluster/shared/noresm/inputdata/cicero_mods/ERA5-Land_NorSink/original_GRIB_NorwayRect/era5land_d2m_sp_ssrd_strd_t2m_tp_u10_v10_2009_11.grib does not match expected filename pattern; skipping...
2025-12-08T11:35:19+0100 - root - WARNING - File /cluster/shared/noresm/inputdata/cicero_mods/ERA5-Land_NorSink/original_GRIB_NorwayRect/era5land_d2m_sp_ssrd_strd_t2m_tp_u10_v10_2018_09.grib does not match expected filename pattern; skipping...
2025-12-08T11:35:19+0100 - root - WARNING - File /cluster/shared/noresm/inputdata/cicero_mods/ERA5-Land_NorSink/original_GRIB_NorwayRect/era5land_d2m_sp_ssrd_strd_t2m_tp_u10_v10_2002_08.grib does not match expected filename pattern; skipping...
2025-12-08T11:35:19+0100 - root - WARNING - File /cluster/shared/noresm/inputdata/cicero_mods/ERA5-Land_NorSink/original_GRIB_NorwayRect/era5land_d2m_sp_ssrd_strd_t2m_tp_u10_v10_2015_12.grib does not match expected filename pattern; skipping...
2025-12-08T11:35:19+0100 - root - WARNING - File /cluster/shared/noresm/inputdata/cicero_mods/ERA5-Land_NorSink/original_GRIB_NorwayRect/era5land_d2m_sp_ssrd_strd_t2m_tp_u10_v10_2017_06.grib does not match expected filename pattern; skipping...
2025-12-08T11:35:19+0100 - root - WARNING - File /cluster/shared/noresm/inputdata/cicero_mods/ERA5-Land_NorSink/original_GRIB_NorwayRect/era5land_d2m_sp_ssrd_strd_t2m_tp_u10_v10_2007_01.grib does not match expected filename pattern; skipping...
2025-12-08T11:35:19+0100 - root - WARNING - File /cluster/shared/noresm/inputdata/cicero_mods/ERA5-Land_NorSink/original_GRIB_NorwayRect/era5land_d2m_sp_ssrd_strd_t2m_tp_u10_v10_2004_07.grib does not match expected filename pattern; skipping...
2025-12-08T11:35:19+0100 - root - WARNING - File /cluster/shared/noresm/inputdata/cicero_mods/ERA5-Land_NorSink/original_GRIB_NorwayRect/era5land_d2m_sp_ssrd_strd_t2m_tp_u10_v10_2019_05.grib does not match expected filename pattern; skipping...
2025-12-08T11:35:19+0100 - root - WARNING - File /cluster/shared/noresm/inputdata/cicero_mods/ERA5-Land_NorSink/original_GRIB_NorwayRect/era5land_d2m_sp_ssrd_strd_t2m_tp_u10_v10_2010_03.grib does not match expected filename pattern; skipping...
2025-12-08T11:35:19+0100 - root - WARNING - File /cluster/shared/noresm/inputdata/cicero_mods/ERA5-Land_NorSink/original_GRIB_NorwayRect/era5land_d2m_sp_ssrd_strd_t2m_tp_u10_v10_2019_07.grib does not match expected filename pattern; skipping...
2025-12-08T11:35:19+0100 - root - WARNING - File /cluster/shared/noresm/inputdata/cicero_mods/ERA5-Land_NorSink/original_GRIB_NorwayRect/era5land_d2m_sp_ssrd_strd_t2m_tp_u10_v10_2009_08.grib does not match expected filename pattern; skipping...
2025-12-08T11:35:19+0100 - root - WARNING - File /cluster/shared/noresm/inputdata/cicero_mods/ERA5-Land_NorSink/original_GRIB_NorwayRect/era5land_d2m_sp_ssrd_strd_t2m_tp_u10_v10_2001_01.grib does not match expected filename pattern; skipping...
2025-12-08T11:35:19+0100 - root - WARNING - File /cluster/shared/noresm/inputdata/cicero_mods/ERA5-Land_NorSink/original_GRIB_NorwayRect/era5land_d2m_sp_ssrd_strd_t2m_tp_u10_v10_2008_02.grib does not match expected filename pattern; skipping...
2025-12-08T11:35:19+0100 - root - WARNING - File /cluster/shared/noresm/inputdata/cicero_mods/ERA5-Land_NorSink/original_GRIB_NorwayRect/era5land_d2m_sp_ssrd_strd_t2m_tp_u10_v10_2017_12.grib does not match expected filename pattern; skipping...
2025-12-08T11:35:19+0100 - root - WARNING - File /cluster/shared/noresm/inputdata/cicero_mods/ERA5-Land_NorSink/original_GRIB_NorwayRect/era5land_d2m_sp_ssrd_strd_t2m_tp_u10_v10_2002_10.grib does not match expected filename pattern; skipping...
2025-12-08T11:35:19+0100 - root - WARNING - File /cluster/shared/noresm/inputdata/cicero_mods/ERA5-Land_NorSink/original_GRIB_NorwayRect/era5land_d2m_sp_ssrd_strd_t2m_tp_u10_v10_2006_01.grib does not match expected filename pattern; skipping...
2025-12-08T11:35:19+0100 - root - WARNING - File /cluster/shared/noresm/inputdata/cicero_mods/ERA5-Land_NorSink/original_GRIB_NorwayRect/era5land_d2m_sp_ssrd_strd_t2m_tp_u10_v10_2017_05.grib does not match expected filename pattern; skipping...
2025-12-08T11:35:19+0100 - root - WARNING - File /cluster/shared/noresm/inputdata/cicero_mods/ERA5-Land_NorSink/original_GRIB_NorwayRect/era5land_d2m_sp_ssrd_strd_t2m_tp_u10_v10_2008_04.grib does not match expected filename pattern; skipping...
2025-12-08T11:35:19+0100 - root - WARNING - File /cluster/shared/noresm/inputdata/cicero_mods/ERA5-Land_NorSink/original_GRIB_NorwayRect/era5land_d2m_sp_ssrd_strd_t2m_tp_u10_v10_2016_12.grib does not match expected filename pattern; skipping...
2025-12-08T11:35:19+0100 - root - WARNING - File /cluster/shared/noresm/inputdata/cicero_mods/ERA5-Land_NorSink/original_GRIB_NorwayRect/era5land_d2m_sp_ssrd_strd_t2m_tp_u10_v10_2013_07.grib does not match expected filename pattern; skipping...
2025-12-08T11:35:19+0100 - root - WARNING - File /cluster/shared/noresm/inputdata/cicero_mods/ERA5-Land_NorSink/original_GRIB_NorwayRect/era5land_d2m_sp_ssrd_strd_t2m_tp_u10_v10_2000_11.grib does not match expected filename pattern; skipping...
2025-12-08T11:35:19+0100 - root - WARNING - File /cluster/shared/noresm/inputdata/cicero_mods/ERA5-Land_NorSink/original_GRIB_NorwayRect/era5land_d2m_sp_ssrd_strd_t2m_tp_u10_v10_2005_02.grib does not match expected filename pattern; skipping...
2025-12-08T11:35:19+0100 - root - WARNING - File /cluster/shared/noresm/inputdata/cicero_mods/ERA5-Land_NorSink/original_GRIB_NorwayRect/era5land_d2m_sp_ssrd_strd_t2m_tp_u10_v10_2003_08.grib does not match expected filename pattern; skipping...
2025-12-08T11:35:19+0100 - root - WARNING - File /cluster/shared/noresm/inputdata/cicero_mods/ERA5-Land_NorSink/original_GRIB_NorwayRect/era5land_d2m_sp_ssrd_strd_t2m_tp_u10_v10_2011_03.grib does not match expected filename pattern; skipping...
2025-12-08T11:35:19+0100 - root - WARNING - File /cluster/shared/noresm/inputdata/cicero_mods/ERA5-Land_NorSink/original_GRIB_NorwayRect/era5land_d2m_sp_ssrd_strd_t2m_tp_u10_v10_2000_06.grib does not match expected filename pattern; skipping...
2025-12-08T11:35:19+0100 - root - WARNING - File /cluster/shared/noresm/inputdata/cicero_mods/ERA5-Land_NorSink/original_GRIB_NorwayRect/era5land_d2m_sp_ssrd_strd_t2m_tp_u10_v10_2002_06.grib does not match expected filename pattern; skipping...
2025-12-08T11:35:19+0100 - root - WARNING - File /cluster/shared/noresm/inputdata/cicero_mods/ERA5-Land_NorSink/original_GRIB_NorwayRect/era5land_d2m_sp_ssrd_strd_t2m_tp_u10_v10_2001_10.grib does not match expected filename pattern; skipping...
2025-12-08T11:35:19+0100 - root - WARNING - File /cluster/shared/noresm/inputdata/cicero_mods/ERA5-Land_NorSink/original_GRIB_NorwayRect/era5land_d2m_sp_ssrd_strd_t2m_tp_u10_v10_2012_02.grib does not match expected filename pattern; skipping...
2025-12-08T11:35:19+0100 - root - WARNING - File /cluster/shared/noresm/inputdata/cicero_mods/ERA5-Land_NorSink/original_GRIB_NorwayRect/era5land_d2m_sp_ssrd_strd_t2m_tp_u10_v10_2018_11.grib does not match expected filename pattern; skipping...
2025-12-08T11:35:19+0100 - root - WARNING - File /cluster/shared/noresm/inputdata/cicero_mods/ERA5-Land_NorSink/original_GRIB_NorwayRect/era5land_d2m_sp_ssrd_strd_t2m_tp_u10_v10_2011_09.grib does not match expected filename pattern; skipping...
2025-12-08T11:35:19+0100 - root - WARNING - File /cluster/shared/noresm/inputdata/cicero_mods/ERA5-Land_NorSink/original_GRIB_NorwayRect/era5land_d2m_sp_ssrd_strd_t2m_tp_u10_v10_2004_09.grib does not match expected filename pattern; skipping...
2025-12-08T11:35:19+0100 - root - WARNING - File /cluster/shared/noresm/inputdata/cicero_mods/ERA5-Land_NorSink/original_GRIB_NorwayRect/era5land_d2m_sp_ssrd_strd_t2m_tp_u10_v10_2017_02.grib does not match expected filename pattern; skipping...
2025-12-08T11:35:19+0100 - root - WARNING - File /cluster/shared/noresm/inputdata/cicero_mods/ERA5-Land_NorSink/original_GRIB_NorwayRect/era5land_d2m_sp_ssrd_strd_t2m_tp_u10_v10_2004_12.grib does not match expected filename pattern; skipping...
2025-12-08T11:35:19+0100 - root - WARNING - File /cluster/shared/noresm/inputdata/cicero_mods/ERA5-Land_NorSink/original_GRIB_NorwayRect/era5land_d2m_sp_ssrd_strd_t2m_tp_u10_v10_2008_03.grib does not match expected filename pattern; skipping...
2025-12-08T11:35:19+0100 - root - WARNING - File /cluster/shared/noresm/inputdata/cicero_mods/ERA5-Land_NorSink/original_GRIB_NorwayRect/era5land_d2m_sp_ssrd_strd_t2m_tp_u10_v10_2000_01.grib does not match expected filename pattern; skipping...
2025-12-08T11:35:19+0100 - root - WARNING - File /cluster/shared/noresm/inputdata/cicero_mods/ERA5-Land_NorSink/original_GRIB_NorwayRect/era5land_d2m_sp_ssrd_strd_t2m_tp_u10_v10_2007_10.grib does not match expected filename pattern; skipping...
2025-12-08T11:35:19+0100 - root - WARNING - File /cluster/shared/noresm/inputdata/cicero_mods/ERA5-Land_NorSink/original_GRIB_NorwayRect/era5land_d2m_sp_ssrd_strd_t2m_tp_u10_v10_2006_10.grib does not match expected filename pattern; skipping...
2025-12-08T11:35:19+0100 - root - WARNING - File /cluster/shared/noresm/inputdata/cicero_mods/ERA5-Land_NorSink/original_GRIB_NorwayRect/era5land_d2m_sp_ssrd_strd_t2m_tp_u10_v10_2017_10.grib does not match expected filename pattern; skipping...
2025-12-08T11:35:19+0100 - root - WARNING - File /cluster/shared/noresm/inputdata/cicero_mods/ERA5-Land_NorSink/original_GRIB_NorwayRect/era5land_d2m_sp_ssrd_strd_t2m_tp_u10_v10_2007_02.grib does not match expected filename pattern; skipping...
2025-12-08T11:35:19+0100 - root - WARNING - File /cluster/shared/noresm/inputdata/cicero_mods/ERA5-Land_NorSink/original_GRIB_NorwayRect/era5land_d2m_sp_ssrd_strd_t2m_tp_u10_v10_2001_03.grib does not match expected filename pattern; skipping...
2025-12-08T11:35:19+0100 - root - WARNING - File /cluster/shared/noresm/inputdata/cicero_mods/ERA5-Land_NorSink/original_GRIB_NorwayRect/era5land_d2m_sp_ssrd_strd_t2m_tp_u10_v10_2002_05.grib does not match expected filename pattern; skipping...
2025-12-08T11:35:19+0100 - root - WARNING - File /cluster/shared/noresm/inputdata/cicero_mods/ERA5-Land_NorSink/original_GRIB_NorwayRect/era5land_d2m_sp_ssrd_strd_t2m_tp_u10_v10_2013_12.grib does not match expected filename pattern; skipping...
2025-12-08T11:35:19+0100 - root - WARNING - File /cluster/shared/noresm/inputdata/cicero_mods/ERA5-Land_NorSink/original_GRIB_NorwayRect/era5land_d2m_sp_ssrd_strd_t2m_tp_u10_v10_2012_12.grib does not match expected filename pattern; skipping...
2025-12-08T11:35:19+0100 - root - WARNING - File /cluster/shared/noresm/inputdata/cicero_mods/ERA5-Land_NorSink/original_GRIB_NorwayRect/era5land_d2m_sp_ssrd_strd_t2m_tp_u10_v10_2019_06.grib does not match expected filename pattern; skipping...
2025-12-08T11:35:19+0100 - root - WARNING - File /cluster/shared/noresm/inputdata/cicero_mods/ERA5-Land_NorSink/original_GRIB_NorwayRect/era5land_d2m_sp_ssrd_strd_t2m_tp_u10_v10_2005_12.grib does not match expected filename pattern; skipping...
2025-12-08T11:35:19+0100 - root - WARNING - File /cluster/shared/noresm/inputdata/cicero_mods/ERA5-Land_NorSink/original_GRIB_NorwayRect/era5land_d2m_sp_ssrd_strd_t2m_tp_u10_v10_2013_11.grib does not match expected filename pattern; skipping...
2025-12-08T11:35:19+0100 - root - WARNING - File /cluster/shared/noresm/inputdata/cicero_mods/ERA5-Land_NorSink/original_GRIB_NorwayRect/era5land_d2m_sp_ssrd_strd_t2m_tp_u10_v10_2007_06.grib does not match expected filename pattern; skipping...
2025-12-08T11:35:19+0100 - root - WARNING - File /cluster/shared/noresm/inputdata/cicero_mods/ERA5-Land_NorSink/original_GRIB_NorwayRect/era5land_d2m_sp_ssrd_strd_t2m_tp_u10_v10_2000_02.grib does not match expected filename pattern; skipping...
2025-12-08T11:35:19+0100 - root - WARNING - File /cluster/shared/noresm/inputdata/cicero_mods/ERA5-Land_NorSink/original_GRIB_NorwayRect/era5land_d2m_sp_ssrd_strd_t2m_tp_u10_v10_2015_06.grib does not match expected filename pattern; skipping...
2025-12-08T11:35:19+0100 - root - WARNING - File /cluster/shared/noresm/inputdata/cicero_mods/ERA5-Land_NorSink/original_GRIB_NorwayRect/era5land_d2m_sp_ssrd_strd_t2m_tp_u10_v10_2009_06.grib does not match expected filename pattern; skipping...
2025-12-08T11:35:19+0100 - root - WARNING - File /cluster/shared/noresm/inputdata/cicero_mods/ERA5-Land_NorSink/original_GRIB_NorwayRect/era5land_d2m_sp_ssrd_strd_t2m_tp_u10_v10_2010_05.grib does not match expected filename pattern; skipping...
2025-12-08T11:35:19+0100 - root - WARNING - File /cluster/shared/noresm/inputdata/cicero_mods/ERA5-Land_NorSink/original_GRIB_NorwayRect/era5land_d2m_sp_ssrd_strd_t2m_tp_u10_v10_2003_04.grib does not match expected filename pattern; skipping...
2025-12-08T11:35:19+0100 - root - WARNING - File /cluster/shared/noresm/inputdata/cicero_mods/ERA5-Land_NorSink/original_GRIB_NorwayRect/era5land_d2m_sp_ssrd_strd_t2m_tp_u10_v10_2007_11.grib does not match expected filename pattern; skipping...
2025-12-08T11:35:19+0100 - root - WARNING - File /cluster/shared/noresm/inputdata/cicero_mods/ERA5-Land_NorSink/original_GRIB_NorwayRect/era5land_d2m_sp_ssrd_strd_t2m_tp_u10_v10_2000_12.grib does not match expected filename pattern; skipping...
2025-12-08T11:35:19+0100 - root - WARNING - File /cluster/shared/noresm/inputdata/cicero_mods/ERA5-Land_NorSink/original_GRIB_NorwayRect/era5land_d2m_sp_ssrd_strd_t2m_tp_u10_v10_2004_06.grib does not match expected filename pattern; skipping...
2025-12-08T11:35:19+0100 - root - WARNING - File /cluster/shared/noresm/inputdata/cicero_mods/ERA5-Land_NorSink/original_GRIB_NorwayRect/era5land_d2m_sp_ssrd_strd_t2m_tp_u10_v10_2013_04.grib does not match expected filename pattern; skipping...
2025-12-08T11:35:19+0100 - root - WARNING - File /cluster/shared/noresm/inputdata/cicero_mods/ERA5-Land_NorSink/original_GRIB_NorwayRect/era5land_d2m_sp_ssrd_strd_t2m_tp_u10_v10_2013_09.grib does not match expected filename pattern; skipping...
2025-12-08T11:35:19+0100 - root - WARNING - File /cluster/shared/noresm/inputdata/cicero_mods/ERA5-Land_NorSink/original_GRIB_NorwayRect/era5land_d2m_sp_ssrd_strd_t2m_tp_u10_v10_2002_02.grib does not match expected filename pattern; skipping...
2025-12-08T11:35:19+0100 - root - WARNING - File /cluster/shared/noresm/inputdata/cicero_mods/ERA5-Land_NorSink/original_GRIB_NorwayRect/era5land_d2m_sp_ssrd_strd_t2m_tp_u10_v10_2004_03.grib does not match expected filename pattern; skipping...
2025-12-08T11:35:19+0100 - root - WARNING - File /cluster/shared/noresm/inputdata/cicero_mods/ERA5-Land_NorSink/original_GRIB_NorwayRect/era5land_d2m_sp_ssrd_strd_t2m_tp_u10_v10_2018_01.grib does not match expected filename pattern; skipping...
2025-12-08T11:35:19+0100 - root - WARNING - File /cluster/shared/noresm/inputdata/cicero_mods/ERA5-Land_NorSink/original_GRIB_NorwayRect/era5land_d2m_sp_ssrd_strd_t2m_tp_u10_v10_2003_07.grib does not match expected filename pattern; skipping...
2025-12-08T11:35:19+0100 - root - WARNING - File /cluster/shared/noresm/inputdata/cicero_mods/ERA5-Land_NorSink/original_GRIB_NorwayRect/era5land_d2m_sp_ssrd_strd_t2m_tp_u10_v10_2002_07.grib does not match expected filename pattern; skipping...
2025-12-08T11:35:19+0100 - root - WARNING - File /cluster/shared/noresm/inputdata/cicero_mods/ERA5-Land_NorSink/original_GRIB_NorwayRect/era5land_d2m_sp_ssrd_strd_t2m_tp_u10_v10_2017_01.grib does not match expected filename pattern; skipping...
2025-12-08T11:35:19+0100 - root - WARNING - File /cluster/shared/noresm/inputdata/cicero_mods/ERA5-Land_NorSink/original_GRIB_NorwayRect/era5land_d2m_sp_ssrd_strd_t2m_tp_u10_v10_2011_11.grib does not match expected filename pattern; skipping...
2025-12-08T11:35:19+0100 - root - WARNING - File /cluster/shared/noresm/inputdata/cicero_mods/ERA5-Land_NorSink/original_GRIB_NorwayRect/era5land_d2m_sp_ssrd_strd_t2m_tp_u10_v10_2011_05.grib does not match expected filename pattern; skipping...
2025-12-08T11:35:19+0100 - root - WARNING - File /cluster/shared/noresm/inputdata/cicero_mods/ERA5-Land_NorSink/original_GRIB_NorwayRect/era5land_d2m_sp_ssrd_strd_t2m_tp_u10_v10_2003_01.grib does not match expected filename pattern; skipping...
2025-12-08T11:35:19+0100 - root - WARNING - File /cluster/shared/noresm/inputdata/cicero_mods/ERA5-Land_NorSink/original_GRIB_NorwayRect/era5land_d2m_sp_ssrd_strd_t2m_tp_u10_v10_2003_03.grib does not match expected filename pattern; skipping...
2025-12-08T11:35:19+0100 - root - WARNING - File /cluster/shared/noresm/inputdata/cicero_mods/ERA5-Land_NorSink/original_GRIB_NorwayRect/era5land_d2m_sp_ssrd_strd_t2m_tp_u10_v10_2000_07.grib does not match expected filename pattern; skipping...
2025-12-08T11:35:19+0100 - root - WARNING - File /cluster/shared/noresm/inputdata/cicero_mods/ERA5-Land_NorSink/original_GRIB_NorwayRect/era5land_d2m_sp_ssrd_strd_t2m_tp_u10_v10_2001_02.grib does not match expected filename pattern; skipping...
2025-12-08T11:35:19+0100 - root - WARNING - File /cluster/shared/noresm/inputdata/cicero_mods/ERA5-Land_NorSink/original_GRIB_NorwayRect/era5land_d2m_sp_ssrd_strd_t2m_tp_u10_v10_2016_07.grib does not match expected filename pattern; skipping...
2025-12-08T11:35:19+0100 - root - WARNING - File /cluster/shared/noresm/inputdata/cicero_mods/ERA5-Land_NorSink/original_GRIB_NorwayRect/era5land_d2m_sp_ssrd_strd_t2m_tp_u10_v10_2010_01.grib does not match expected filename pattern; skipping...
2025-12-08T11:35:19+0100 - root - WARNING - File /cluster/shared/noresm/inputdata/cicero_mods/ERA5-Land_NorSink/original_GRIB_NorwayRect/era5land_d2m_sp_ssrd_strd_t2m_tp_u10_v10_2000_09.grib does not match expected filename pattern; skipping...
2025-12-08T11:35:19+0100 - root - WARNING - File /cluster/shared/noresm/inputdata/cicero_mods/ERA5-Land_NorSink/original_GRIB_NorwayRect/era5land_d2m_sp_ssrd_strd_t2m_tp_u10_v10_2010_11.grib does not match expected filename pattern; skipping...
2025-12-08T11:35:19+0100 - root - WARNING - File /cluster/shared/noresm/inputdata/cicero_mods/ERA5-Land_NorSink/original_GRIB_NorwayRect/era5land_d2m_sp_ssrd_strd_t2m_tp_u10_v10_2014_09.grib does not match expected filename pattern; skipping...
2025-12-08T11:35:19+0100 - root - WARNING - File /cluster/shared/noresm/inputdata/cicero_mods/ERA5-Land_NorSink/original_GRIB_NorwayRect/era5land_d2m_sp_ssrd_strd_t2m_tp_u10_v10_2009_09.grib does not match expected filename pattern; skipping...
2025-12-08T11:35:19+0100 - root - WARNING - File /cluster/shared/noresm/inputdata/cicero_mods/ERA5-Land_NorSink/original_GRIB_NorwayRect/era5land_d2m_sp_ssrd_strd_t2m_tp_u10_v10_2006_11.grib does not match expected filename pattern; skipping...
2025-12-08T11:35:19+0100 - root - WARNING - File /cluster/shared/noresm/inputdata/cicero_mods/ERA5-Land_NorSink/original_GRIB_NorwayRect/era5land_d2m_sp_ssrd_strd_t2m_tp_u10_v10_2006_07.grib does not match expected filename pattern; skipping...
2025-12-08T11:35:19+0100 - root - WARNING - File /cluster/shared/noresm/inputdata/cicero_mods/ERA5-Land_NorSink/original_GRIB_NorwayRect/era5land_d2m_sp_ssrd_strd_t2m_tp_u10_v10_2004_11.grib does not match expected filename pattern; skipping...
2025-12-08T11:35:19+0100 - root - WARNING - File /cluster/shared/noresm/inputdata/cicero_mods/ERA5-Land_NorSink/original_GRIB_NorwayRect/era5land_d2m_sp_ssrd_strd_t2m_tp_u10_v10_2005_04.grib does not match expected filename pattern; skipping...
2025-12-08T11:35:19+0100 - root - WARNING - File /cluster/shared/noresm/inputdata/cicero_mods/ERA5-Land_NorSink/original_GRIB_NorwayRect/era5land_d2m_sp_ssrd_strd_t2m_tp_u10_v10_2009_07.grib does not match expected filename pattern; skipping...
2025-12-08T11:35:19+0100 - root - WARNING - File /cluster/shared/noresm/inputdata/cicero_mods/ERA5-Land_NorSink/original_GRIB_NorwayRect/era5land_d2m_sp_ssrd_strd_t2m_tp_u10_v10_2017_03.grib does not match expected filename pattern; skipping...
2025-12-08T11:35:19+0100 - root - WARNING - File /cluster/shared/noresm/inputdata/cicero_mods/ERA5-Land_NorSink/original_GRIB_NorwayRect/era5land_d2m_sp_ssrd_strd_t2m_tp_u10_v10_2003_02.grib does not match expected filename pattern; skipping...
2025-12-08T11:35:19+0100 - root - WARNING - File /cluster/shared/noresm/inputdata/cicero_mods/ERA5-Land_NorSink/original_GRIB_NorwayRect/era5land_d2m_sp_ssrd_strd_t2m_tp_u10_v10_2008_06.grib does not match expected filename pattern; skipping...
2025-12-08T11:35:19+0100 - root - WARNING - File /cluster/shared/noresm/inputdata/cicero_mods/ERA5-Land_NorSink/original_GRIB_NorwayRect/era5land_d2m_sp_ssrd_strd_t2m_tp_u10_v10_2016_09.grib does not match expected filename pattern; skipping...
2025-12-08T11:35:19+0100 - root - WARNING - File /cluster/shared/noresm/inputdata/cicero_mods/ERA5-Land_NorSink/original_GRIB_NorwayRect/era5land_d2m_sp_ssrd_strd_t2m_tp_u10_v10_2012_08.grib does not match expected filename pattern; skipping...
2025-12-08T11:35:19+0100 - root - WARNING - File /cluster/shared/noresm/inputdata/cicero_mods/ERA5-Land_NorSink/original_GRIB_NorwayRect/era5land_d2m_sp_ssrd_strd_t2m_tp_u10_v10_2006_06.grib does not match expected filename pattern; skipping...
2025-12-08T11:35:19+0100 - root - WARNING - File /cluster/shared/noresm/inputdata/cicero_mods/ERA5-Land_NorSink/original_GRIB_NorwayRect/era5land_d2m_sp_ssrd_strd_t2m_tp_u10_v10_2006_09.grib does not match expected filename pattern; skipping...
2025-12-08T11:35:19+0100 - root - WARNING - File /cluster/shared/noresm/inputdata/cicero_mods/ERA5-Land_NorSink/original_GRIB_NorwayRect/era5land_d2m_sp_ssrd_strd_t2m_tp_u10_v10_2006_04.grib does not match expected filename pattern; skipping...
2025-12-08T11:35:19+0100 - root - WARNING - File /cluster/shared/noresm/inputdata/cicero_mods/ERA5-Land_NorSink/original_GRIB_NorwayRect/era5land_d2m_sp_ssrd_strd_t2m_tp_u10_v10_2004_02.grib does not match expected filename pattern; skipping...
2025-12-08T11:35:19+0100 - root - WARNING - File /cluster/shared/noresm/inputdata/cicero_mods/ERA5-Land_NorSink/original_GRIB_NorwayRect/era5land_d2m_sp_ssrd_strd_t2m_tp_u10_v10_2008_01.grib does not match expected filename pattern; skipping...
2025-12-08T11:35:19+0100 - root - WARNING - File /cluster/shared/noresm/inputdata/cicero_mods/ERA5-Land_NorSink/original_GRIB_NorwayRect/era5land_d2m_sp_ssrd_strd_t2m_tp_u10_v10_2004_04.grib does not match expected filename pattern; skipping...
2025-12-08T11:35:19+0100 - root - WARNING - File /cluster/shared/noresm/inputdata/cicero_mods/ERA5-Land_NorSink/original_GRIB_NorwayRect/era5land_d2m_sp_ssrd_strd_t2m_tp_u10_v10_2017_08.grib does not match expected filename pattern; skipping...
2025-12-08T11:35:19+0100 - root - WARNING - File /cluster/shared/noresm/inputdata/cicero_mods/ERA5-Land_NorSink/original_GRIB_NorwayRect/era5land_d2m_sp_ssrd_strd_t2m_tp_u10_v10_2015_08.grib does not match expected filename pattern; skipping...
2025-12-08T11:35:19+0100 - root - WARNING - File /cluster/shared/noresm/inputdata/cicero_mods/ERA5-Land_NorSink/original_GRIB_NorwayRect/era5land_d2m_sp_ssrd_strd_t2m_tp_u10_v10_2002_03.grib does not match expected filename pattern; skipping...
2025-12-08T11:35:19+0100 - root - WARNING - File /cluster/shared/noresm/inputdata/cicero_mods/ERA5-Land_NorSink/original_GRIB_NorwayRect/era5land_d2m_sp_ssrd_strd_t2m_tp_u10_v10_2011_04.grib does not match expected filename pattern; skipping...
