2025-12-08T00:25:01+0100 - root - INFO - Logger initialized.
2025-12-08T00:25:01+0100 - root - INFO - Logging to file: /cluster/home/janko/src/era5land_to_datm/scripts/era5land_to_datm_script_20251207T232501.log
2025-12-08T00:25:06+0100 - ecmwf.datastores.processing - INFO - [2025-12-03T00:00:00Z] To improve our C3S service, we need to hear from you! Please complete this very short [survey](https://confluence.ecmwf.int/x/E7uBEQ/). Thank you.
2025-12-08T00:25:06+0100 - era5land_to_datm.download - INFO - Received 15 request IDs from server.
2025-12-08T00:25:06+0100 - era5land_to_datm.download - INFO - Retrieving Remote for request ID 743c082f-3934-48bb-8fb8-e9c570285a94 (1/15)...
2025-12-08T00:25:06+0100 - ecmwf.datastores.processing - INFO - Request ID is 743c082f-3934-48bb-8fb8-e9c570285a94
2025-12-08T00:25:06+0100 - ecmwf.datastores.processing - INFO - Request ID is 743c082f-3934-48bb-8fb8-e9c570285a94
2025-12-08T00:25:06+0100 - era5land_to_datm.download - INFO - Sleeping for 0.5 seconds before next call...
2025-12-08T00:25:07+0100 - era5land_to_datm.download - INFO - Retrieving Remote for request ID 84a8d8e2-df2a-4843-9127-e51b03b1f917 (2/15)...
2025-12-08T00:25:07+0100 - ecmwf.datastores.processing - INFO - Request ID is 84a8d8e2-df2a-4843-9127-e51b03b1f917
2025-12-08T00:25:07+0100 - ecmwf.datastores.processing - INFO - Request ID is 84a8d8e2-df2a-4843-9127-e51b03b1f917
2025-12-08T00:25:07+0100 - era5land_to_datm.download - INFO - Sleeping for 0.5 seconds before next call...
2025-12-08T00:25:08+0100 - era5land_to_datm.download - INFO - Retrieving Remote for request ID 071088e4-5b2f-43ea-b483-b1c1322f5134 (3/15)...
2025-12-08T00:25:08+0100 - ecmwf.datastores.processing - INFO - Request ID is 071088e4-5b2f-43ea-b483-b1c1322f5134
2025-12-08T00:25:08+0100 - ecmwf.datastores.processing - INFO - Request ID is 071088e4-5b2f-43ea-b483-b1c1322f5134
2025-12-08T00:25:08+0100 - era5land_to_datm.download - INFO - Sleeping for 0.5 seconds before next call...
2025-12-08T00:25:08+0100 - era5land_to_datm.download - INFO - Retrieving Remote for request ID 792319ba-4784-452d-9b6c-b009c4cf92e4 (4/15)...
2025-12-08T00:25:08+0100 - ecmwf.datastores.processing - INFO - Request ID is 792319ba-4784-452d-9b6c-b009c4cf92e4
2025-12-08T00:25:08+0100 - ecmwf.datastores.processing - INFO - Request ID is 792319ba-4784-452d-9b6c-b009c4cf92e4
2025-12-08T00:25:08+0100 - era5land_to_datm.download - INFO - Sleeping for 0.5 seconds before next call...
2025-12-08T00:25:09+0100 - era5land_to_datm.download - INFO - Retrieving Remote for request ID eedf45d5-2f18-41cc-ba7f-5fd2100612aa (5/15)...
2025-12-08T00:25:09+0100 - ecmwf.datastores.processing - INFO - Request ID is eedf45d5-2f18-41cc-ba7f-5fd2100612aa
2025-12-08T00:25:09+0100 - ecmwf.datastores.processing - INFO - Request ID is eedf45d5-2f18-41cc-ba7f-5fd2100612aa
2025-12-08T00:25:09+0100 - era5land_to_datm.download - INFO - Sleeping for 0.5 seconds before next call...
2025-12-08T00:25:09+0100 - era5land_to_datm.download - INFO - Retrieving Remote for request ID 8c0fdc7c-0429-4c26-bc43-d070c578d025 (6/15)...
2025-12-08T00:25:09+0100 - ecmwf.datastores.processing - INFO - Request ID is 8c0fdc7c-0429-4c26-bc43-d070c578d025
2025-12-08T00:25:09+0100 - ecmwf.datastores.processing - INFO - Request ID is 8c0fdc7c-0429-4c26-bc43-d070c578d025
2025-12-08T00:25:09+0100 - era5land_to_datm.download - INFO - Sleeping for 0.5 seconds before next call...
2025-12-08T00:25:10+0100 - era5land_to_datm.download - INFO - Retrieving Remote for request ID 898c1c6c-c8c6-4ec6-a2cf-5266b2ad3088 (7/15)...
2025-12-08T00:25:10+0100 - ecmwf.datastores.processing - INFO - Request ID is 898c1c6c-c8c6-4ec6-a2cf-5266b2ad3088
2025-12-08T00:25:10+0100 - ecmwf.datastores.processing - INFO - Request ID is 898c1c6c-c8c6-4ec6-a2cf-5266b2ad3088
2025-12-08T00:25:10+0100 - era5land_to_datm.download - INFO - Sleeping for 0.5 seconds before next call...
2025-12-08T00:25:10+0100 - era5land_to_datm.download - INFO - Retrieving Remote for request ID 7c448c77-1b4a-4442-ad9c-1020175680b7 (8/15)...
2025-12-08T00:25:11+0100 - ecmwf.datastores.processing - INFO - Request ID is 7c448c77-1b4a-4442-ad9c-1020175680b7
2025-12-08T00:25:11+0100 - ecmwf.datastores.processing - INFO - Request ID is 7c448c77-1b4a-4442-ad9c-1020175680b7
2025-12-08T00:25:11+0100 - era5land_to_datm.download - INFO - Sleeping for 0.5 seconds before next call...
2025-12-08T00:25:11+0100 - era5land_to_datm.download - INFO - Retrieving Remote for request ID 319dda4e-3a5e-43a2-a44a-0e530af5b314 (9/15)...
2025-12-08T00:25:11+0100 - ecmwf.datastores.processing - INFO - Request ID is 319dda4e-3a5e-43a2-a44a-0e530af5b314
2025-12-08T00:25:11+0100 - ecmwf.datastores.processing - INFO - Request ID is 319dda4e-3a5e-43a2-a44a-0e530af5b314
2025-12-08T00:25:11+0100 - era5land_to_datm.download - INFO - Sleeping for 0.5 seconds before next call...
2025-12-08T00:25:12+0100 - era5land_to_datm.download - INFO - Retrieving Remote for request ID cd5dc9d2-8e7d-4b59-aba5-cc62bb2f66d9 (10/15)...
2025-12-08T00:25:12+0100 - ecmwf.datastores.processing - INFO - Request ID is cd5dc9d2-8e7d-4b59-aba5-cc62bb2f66d9
2025-12-08T00:25:12+0100 - ecmwf.datastores.processing - INFO - Request ID is cd5dc9d2-8e7d-4b59-aba5-cc62bb2f66d9
2025-12-08T00:25:12+0100 - era5land_to_datm.download - INFO - Sleeping for 0.5 seconds before next call...
2025-12-08T00:25:12+0100 - era5land_to_datm.download - INFO - Retrieving Remote for request ID ba734d90-8d0b-4b08-8ac7-f17bd8506fba (11/15)...
2025-12-08T00:25:12+0100 - ecmwf.datastores.processing - INFO - Request ID is ba734d90-8d0b-4b08-8ac7-f17bd8506fba
2025-12-08T00:25:12+0100 - ecmwf.datastores.processing - INFO - Request ID is ba734d90-8d0b-4b08-8ac7-f17bd8506fba
2025-12-08T00:25:12+0100 - era5land_to_datm.download - INFO - Sleeping for 0.5 seconds before next call...
2025-12-08T00:25:13+0100 - era5land_to_datm.download - INFO - Retrieving Remote for request ID 23306b0d-e0bb-461e-98f9-e68b1f183368 (12/15)...
2025-12-08T00:25:13+0100 - ecmwf.datastores.processing - INFO - Request ID is 23306b0d-e0bb-461e-98f9-e68b1f183368
2025-12-08T00:25:13+0100 - ecmwf.datastores.processing - INFO - Request ID is 23306b0d-e0bb-461e-98f9-e68b1f183368
2025-12-08T00:25:13+0100 - era5land_to_datm.download - INFO - Sleeping for 0.5 seconds before next call...
2025-12-08T00:25:13+0100 - era5land_to_datm.download - INFO - Retrieving Remote for request ID 1a308bcc-f7fa-44c4-b0d2-ccbd90572377 (13/15)...
2025-12-08T00:25:13+0100 - ecmwf.datastores.processing - INFO - Request ID is 1a308bcc-f7fa-44c4-b0d2-ccbd90572377
2025-12-08T00:25:13+0100 - ecmwf.datastores.processing - INFO - Request ID is 1a308bcc-f7fa-44c4-b0d2-ccbd90572377
2025-12-08T00:25:13+0100 - era5land_to_datm.download - INFO - Sleeping for 0.5 seconds before next call...
2025-12-08T00:25:14+0100 - era5land_to_datm.download - INFO - Retrieving Remote for request ID 17550798-2d60-4406-87bc-9b52d13c855e (14/15)...
2025-12-08T00:25:14+0100 - ecmwf.datastores.processing - INFO - Request ID is 17550798-2d60-4406-87bc-9b52d13c855e
2025-12-08T00:25:14+0100 - ecmwf.datastores.processing - INFO - Request ID is 17550798-2d60-4406-87bc-9b52d13c855e
2025-12-08T00:25:14+0100 - era5land_to_datm.download - INFO - Sleeping for 0.5 seconds before next call...
2025-12-08T00:25:15+0100 - era5land_to_datm.download - INFO - Retrieving Remote for request ID f8cbc074-fc3c-47a4-b01b-3fad0d3f7a7c (15/15)...
2025-12-08T00:25:15+0100 - ecmwf.datastores.processing - INFO - Request ID is f8cbc074-fc3c-47a4-b01b-3fad0d3f7a7c
2025-12-08T00:25:15+0100 - ecmwf.datastores.processing - INFO - Request ID is f8cbc074-fc3c-47a4-b01b-3fad0d3f7a7c
2025-12-08T00:25:28+0100 - ecmwf.datastores.processing - INFO - status has been updated to accepted
2025-12-08T00:25:28+0100 - ecmwf.datastores.processing - INFO - status has been updated to accepted
2025-12-08T00:25:28+0100 - ecmwf.datastores.processing - INFO - status has been updated to accepted
2025-12-08T00:25:28+0100 - ecmwf.datastores.processing - INFO - status has been updated to accepted
2025-12-08T00:25:28+0100 - ecmwf.datastores.processing - INFO - status has been updated to accepted
2025-12-08T00:25:28+0100 - ecmwf.datastores.processing - INFO - status has been updated to accepted
2025-12-08T00:25:28+0100 - ecmwf.datastores.processing - INFO - status has been updated to accepted
2025-12-08T00:25:28+0100 - ecmwf.datastores.processing - INFO - status has been updated to accepted
2025-12-08T00:25:28+0100 - ecmwf.datastores.processing - INFO - status has been updated to accepted
2025-12-08T00:25:28+0100 - ecmwf.datastores.processing - INFO - status has been updated to running
2025-12-08T00:25:28+0100 - ecmwf.datastores.processing - INFO - status has been updated to successful
2025-12-08T00:25:28+0100 - ecmwf.datastores.processing - INFO - status has been updated to successful
2025-12-08T00:25:28+0100 - ecmwf.datastores.processing - INFO - status has been updated to successful
2025-12-08T00:25:29+0100 - ecmwf.datastores.processing - INFO - status has been updated to successful
2025-12-08T00:25:29+0100 - ecmwf.datastores.processing - INFO - status has been updated to successful
2025-12-08T00:25:50+0100 - era5land_to_datm.download - INFO - File /cluster/shared/noresm/inputdata/cicero_mods/ERA5-Land_NorSink/original_GRIB_NorwayRect/era5land_d2m_sp_ssrd_strd_t2m_tp_u10_v10_2011_04.grib already exists locally; skipping download for Remote with variables VarSet({<Era5LandVar.SSRD: 'surface_solar_radiation_downwards'>, <Era5LandVar.U10: '10m_u_component_of_wind'>, <Era5LandVar.STRD: 'surface_thermal_radiation_downwards'>, <Era5LandVar.SP: 'surface_pressure'>, <Era5LandVar.T2M: '2m_temperature'>, <Era5LandVar.TP: 'total_precipitation'>, <Era5LandVar.V10: '10m_v_component_of_wind'>, <Era5LandVar.D2M: '2m_dewpoint_temperature'>}) for 2011-04 (delete it if you want to re-download).
2025-12-08T00:25:50+0100 - era5land_to_datm.download - INFO - File /cluster/shared/noresm/inputdata/cicero_mods/ERA5-Land_NorSink/original_GRIB_NorwayRect/era5land_d2m_sp_ssrd_strd_t2m_tp_u10_v10_2012_08.grib already exists locally; skipping download for Remote with variables VarSet({<Era5LandVar.SSRD: 'surface_solar_radiation_downwards'>, <Era5LandVar.U10: '10m_u_component_of_wind'>, <Era5LandVar.STRD: 'surface_thermal_radiation_downwards'>, <Era5LandVar.SP: 'surface_pressure'>, <Era5LandVar.T2M: '2m_temperature'>, <Era5LandVar.TP: 'total_precipitation'>, <Era5LandVar.V10: '10m_v_component_of_wind'>, <Era5LandVar.D2M: '2m_dewpoint_temperature'>}) for 2012-08 (delete it if you want to re-download).
2025-12-08T00:25:50+0100 - era5land_to_datm.download - INFO - File /cluster/shared/noresm/inputdata/cicero_mods/ERA5-Land_NorSink/original_GRIB_NorwayRect/era5land_d2m_sp_ssrd_strd_t2m_tp_u10_v10_2012_02.grib already exists locally; skipping download for Remote with variables VarSet({<Era5LandVar.SSRD: 'surface_solar_radiation_downwards'>, <Era5LandVar.U10: '10m_u_component_of_wind'>, <Era5LandVar.STRD: 'surface_thermal_radiation_downwards'>, <Era5LandVar.SP: 'surface_pressure'>, <Era5LandVar.T2M: '2m_temperature'>, <Era5LandVar.TP: 'total_precipitation'>, <Era5LandVar.V10: '10m_v_component_of_wind'>, <Era5LandVar.D2M: '2m_dewpoint_temperature'>}) for 2012-02 (delete it if you want to re-download).
2025-12-08T00:25:50+0100 - era5land_to_datm.download - INFO - File /cluster/shared/noresm/inputdata/cicero_mods/ERA5-Land_NorSink/original_GRIB_NorwayRect/era5land_d2m_sp_ssrd_strd_t2m_tp_u10_v10_2012_03.grib already exists locally; skipping download for Remote with variables VarSet({<Era5LandVar.SSRD: 'surface_solar_radiation_downwards'>, <Era5LandVar.U10: '10m_u_component_of_wind'>, <Era5LandVar.STRD: 'surface_thermal_radiation_downwards'>, <Era5LandVar.SP: 'surface_pressure'>, <Era5LandVar.T2M: '2m_temperature'>, <Era5LandVar.TP: 'total_precipitation'>, <Era5LandVar.V10: '10m_v_component_of_wind'>, <Era5LandVar.D2M: '2m_dewpoint_temperature'>}) for 2012-03 (delete it if you want to re-download).
2025-12-08T00:25:50+0100 - era5land_to_datm.download - INFO - File /cluster/shared/noresm/inputdata/cicero_mods/ERA5-Land_NorSink/original_GRIB_NorwayRect/era5land_d2m_sp_ssrd_strd_t2m_tp_u10_v10_2011_08.grib already exists locally; skipping download for Remote with variables VarSet({<Era5LandVar.SSRD: 'surface_solar_radiation_downwards'>, <Era5LandVar.U10: '10m_u_component_of_wind'>, <Era5LandVar.STRD: 'surface_thermal_radiation_downwards'>, <Era5LandVar.SP: 'surface_pressure'>, <Era5LandVar.T2M: '2m_temperature'>, <Era5LandVar.TP: 'total_precipitation'>, <Era5LandVar.V10: '10m_v_component_of_wind'>, <Era5LandVar.D2M: '2m_dewpoint_temperature'>}) for 2011-08 (delete it if you want to re-download).
2025-12-08T00:25:50+0100 - era5land_to_datm.download - INFO - File /cluster/shared/noresm/inputdata/cicero_mods/ERA5-Land_NorSink/original_GRIB_NorwayRect/era5land_d2m_sp_ssrd_strd_t2m_tp_u10_v10_2010_04.grib already exists locally; skipping download for Remote with variables VarSet({<Era5LandVar.SSRD: 'surface_solar_radiation_downwards'>, <Era5LandVar.U10: '10m_u_component_of_wind'>, <Era5LandVar.STRD: 'surface_thermal_radiation_downwards'>, <Era5LandVar.SP: 'surface_pressure'>, <Era5LandVar.T2M: '2m_temperature'>, <Era5LandVar.TP: 'total_precipitation'>, <Era5LandVar.V10: '10m_v_component_of_wind'>, <Era5LandVar.D2M: '2m_dewpoint_temperature'>}) for 2010-04 (delete it if you want to re-download).
2025-12-08T00:25:50+0100 - era5land_to_datm.download - INFO - File /cluster/shared/noresm/inputdata/cicero_mods/ERA5-Land_NorSink/original_GRIB_NorwayRect/era5land_d2m_sp_ssrd_strd_t2m_tp_u10_v10_2010_06.grib already exists locally; skipping download for Remote with variables VarSet({<Era5LandVar.SSRD: 'surface_solar_radiation_downwards'>, <Era5LandVar.U10: '10m_u_component_of_wind'>, <Era5LandVar.STRD: 'surface_thermal_radiation_downwards'>, <Era5LandVar.SP: 'surface_pressure'>, <Era5LandVar.T2M: '2m_temperature'>, <Era5LandVar.TP: 'total_precipitation'>, <Era5LandVar.V10: '10m_v_component_of_wind'>, <Era5LandVar.D2M: '2m_dewpoint_temperature'>}) for 2010-06 (delete it if you want to re-download).
2025-12-08T00:25:50+0100 - era5land_to_datm.download - INFO - File /cluster/shared/noresm/inputdata/cicero_mods/ERA5-Land_NorSink/original_GRIB_NorwayRect/era5land_d2m_sp_ssrd_strd_t2m_tp_u10_v10_2013_02.grib already exists locally; skipping download for Remote with variables VarSet({<Era5LandVar.SSRD: 'surface_solar_radiation_downwards'>, <Era5LandVar.U10: '10m_u_component_of_wind'>, <Era5LandVar.STRD: 'surface_thermal_radiation_downwards'>, <Era5LandVar.SP: 'surface_pressure'>, <Era5LandVar.T2M: '2m_temperature'>, <Era5LandVar.TP: 'total_precipitation'>, <Era5LandVar.V10: '10m_v_component_of_wind'>, <Era5LandVar.D2M: '2m_dewpoint_temperature'>}) for 2013-02 (delete it if you want to re-download).
2025-12-08T00:25:50+0100 - era5land_to_datm.download - INFO - File /cluster/shared/noresm/inputdata/cicero_mods/ERA5-Land_NorSink/original_GRIB_NorwayRect/era5land_d2m_sp_ssrd_strd_t2m_tp_u10_v10_2012_01.grib already exists locally; skipping download for Remote with variables VarSet({<Era5LandVar.SSRD: 'surface_solar_radiation_downwards'>, <Era5LandVar.U10: '10m_u_component_of_wind'>, <Era5LandVar.STRD: 'surface_thermal_radiation_downwards'>, <Era5LandVar.SP: 'surface_pressure'>, <Era5LandVar.T2M: '2m_temperature'>, <Era5LandVar.TP: 'total_precipitation'>, <Era5LandVar.V10: '10m_v_component_of_wind'>, <Era5LandVar.D2M: '2m_dewpoint_temperature'>}) for 2012-01 (delete it if you want to re-download).
2025-12-08T00:25:50+0100 - era5land_to_datm.download - INFO - File /cluster/shared/noresm/inputdata/cicero_mods/ERA5-Land_NorSink/original_GRIB_NorwayRect/era5land_d2m_sp_ssrd_strd_t2m_tp_u10_v10_2010_10.grib already exists locally; skipping download for Remote with variables VarSet({<Era5LandVar.SSRD: 'surface_solar_radiation_downwards'>, <Era5LandVar.U10: '10m_u_component_of_wind'>, <Era5LandVar.STRD: 'surface_thermal_radiation_downwards'>, <Era5LandVar.SP: 'surface_pressure'>, <Era5LandVar.T2M: '2m_temperature'>, <Era5LandVar.TP: 'total_precipitation'>, <Era5LandVar.V10: '10m_v_component_of_wind'>, <Era5LandVar.D2M: '2m_dewpoint_temperature'>}) for 2010-10 (delete it if you want to re-download).
2025-12-08T00:25:50+0100 - era5land_to_datm.download - INFO - File /cluster/shared/noresm/inputdata/cicero_mods/ERA5-Land_NorSink/original_GRIB_NorwayRect/era5land_d2m_sp_ssrd_strd_t2m_tp_u10_v10_2012_09.grib already exists locally; skipping download for Remote with variables VarSet({<Era5LandVar.SSRD: 'surface_solar_radiation_downwards'>, <Era5LandVar.U10: '10m_u_component_of_wind'>, <Era5LandVar.STRD: 'surface_thermal_radiation_downwards'>, <Era5LandVar.SP: 'surface_pressure'>, <Era5LandVar.T2M: '2m_temperature'>, <Era5LandVar.TP: 'total_precipitation'>, <Era5LandVar.V10: '10m_v_component_of_wind'>, <Era5LandVar.D2M: '2m_dewpoint_temperature'>}) for 2012-09 (delete it if you want to re-download).
2025-12-08T00:25:50+0100 - era5land_to_datm.download - INFO - File /cluster/shared/noresm/inputdata/cicero_mods/ERA5-Land_NorSink/original_GRIB_NorwayRect/era5land_d2m_sp_ssrd_strd_t2m_tp_u10_v10_2010_02.grib already exists locally; skipping download for Remote with variables VarSet({<Era5LandVar.SSRD: 'surface_solar_radiation_downwards'>, <Era5LandVar.U10: '10m_u_component_of_wind'>, <Era5LandVar.STRD: 'surface_thermal_radiation_downwards'>, <Era5LandVar.SP: 'surface_pressure'>, <Era5LandVar.T2M: '2m_temperature'>, <Era5LandVar.TP: 'total_precipitation'>, <Era5LandVar.V10: '10m_v_component_of_wind'>, <Era5LandVar.D2M: '2m_dewpoint_temperature'>}) for 2010-02 (delete it if you want to re-download).
2025-12-08T00:25:50+0100 - era5land_to_datm.download - INFO - File /cluster/shared/noresm/inputdata/cicero_mods/ERA5-Land_NorSink/original_GRIB_NorwayRect/era5land_d2m_sp_ssrd_strd_t2m_tp_u10_v10_2011_01.grib already exists locally; skipping download for Remote with variables VarSet({<Era5LandVar.SSRD: 'surface_solar_radiation_downwards'>, <Era5LandVar.U10: '10m_u_component_of_wind'>, <Era5LandVar.STRD: 'surface_thermal_radiation_downwards'>, <Era5LandVar.SP: 'surface_pressure'>, <Era5LandVar.T2M: '2m_temperature'>, <Era5LandVar.TP: 'total_precipitation'>, <Era5LandVar.V10: '10m_v_component_of_wind'>, <Era5LandVar.D2M: '2m_dewpoint_temperature'>}) for 2011-01 (delete it if you want to re-download).
2025-12-08T00:25:50+0100 - era5land_to_datm.download - INFO - File /cluster/shared/noresm/inputdata/cicero_mods/ERA5-Land_NorSink/original_GRIB_NorwayRect/era5land_d2m_sp_ssrd_strd_t2m_tp_u10_v10_2011_02.grib already exists locally; skipping download for Remote with variables VarSet({<Era5LandVar.SSRD: 'surface_solar_radiation_downwards'>, <Era5LandVar.U10: '10m_u_component_of_wind'>, <Era5LandVar.STRD: 'surface_thermal_radiation_downwards'>, <Era5LandVar.SP: 'surface_pressure'>, <Era5LandVar.T2M: '2m_temperature'>, <Era5LandVar.TP: 'total_precipitation'>, <Era5LandVar.V10: '10m_v_component_of_wind'>, <Era5LandVar.D2M: '2m_dewpoint_temperature'>}) for 2011-02 (delete it if you want to re-download).
2025-12-08T00:25:50+0100 - era5land_to_datm.download - INFO - File /cluster/shared/noresm/inputdata/cicero_mods/ERA5-Land_NorSink/original_GRIB_NorwayRect/era5land_d2m_sp_ssrd_strd_t2m_tp_u10_v10_2012_10.grib already exists locally; skipping download for Remote with variables VarSet({<Era5LandVar.SSRD: 'surface_solar_radiation_downwards'>, <Era5LandVar.U10: '10m_u_component_of_wind'>, <Era5LandVar.STRD: 'surface_thermal_radiation_downwards'>, <Era5LandVar.SP: 'surface_pressure'>, <Era5LandVar.T2M: '2m_temperature'>, <Era5LandVar.TP: 'total_precipitation'>, <Era5LandVar.V10: '10m_v_component_of_wind'>, <Era5LandVar.D2M: '2m_dewpoint_temperature'>}) for 2012-10 (delete it if you want to re-download).
2025-12-08T00:28:36+0100 - era5land_to_datm.download - INFO - No files available yet for remote with id 743c082f-3934-48bb-8fb8-e9c570285a94; skipping download.
2025-12-08T00:28:36+0100 - era5land_to_datm.download - INFO - No files available yet for remote with id 84a8d8e2-df2a-4843-9127-e51b03b1f917; skipping download.
2025-12-08T00:28:37+0100 - era5land_to_datm.download - INFO - No files available yet for remote with id 071088e4-5b2f-43ea-b483-b1c1322f5134; skipping download.
2025-12-08T00:28:37+0100 - era5land_to_datm.download - INFO - No files available yet for remote with id 792319ba-4784-452d-9b6c-b009c4cf92e4; skipping download.
2025-12-08T00:28:37+0100 - era5land_to_datm.download - INFO - No files available yet for remote with id eedf45d5-2f18-41cc-ba7f-5fd2100612aa; skipping download.
2025-12-08T00:28:37+0100 - era5land_to_datm.download - INFO - No files available yet for remote with id 8c0fdc7c-0429-4c26-bc43-d070c578d025; skipping download.
2025-12-08T00:28:37+0100 - era5land_to_datm.download - INFO - No files available yet for remote with id 898c1c6c-c8c6-4ec6-a2cf-5266b2ad3088; skipping download.
2025-12-08T00:28:37+0100 - era5land_to_datm.download - INFO - No files available yet for remote with id 7c448c77-1b4a-4442-ad9c-1020175680b7; skipping download.
2025-12-08T00:28:38+0100 - era5land_to_datm.download - INFO - No files available yet for remote with id 319dda4e-3a5e-43a2-a44a-0e530af5b314; skipping download.
2025-12-08T00:28:38+0100 - era5land_to_datm.download - INFO - No files available yet for remote with id cd5dc9d2-8e7d-4b59-aba5-cc62bb2f66d9; skipping download.
2025-12-08T00:28:38+0100 - era5land_to_datm.download - INFO - Results ready for remote with id ba734d90-8d0b-4b08-8ac7-f17bd8506fba; downloading to /cluster/shared/noresm/inputdata/cicero_mods/ERA5-Land_NorSink/original_GRIB_NorwayRect/era5land_d2m_sp_ssrd_strd_t2m_tp_u10_v10_2012_09.grib...
2025-12-08T00:28:38+0100 - multiurl.base - INFO - Downloading https://object-store.os-api.cci2.ecmwf.int:443/cci2-prod-cache-1/2025-12-07/94e1492a1d97d82b69cc9d49082fe063.grib
2025-12-08T00:28:46+0100 - era5land_to_datm.download - INFO - Results ready for remote with id 23306b0d-e0bb-461e-98f9-e68b1f183368; downloading to /cluster/shared/noresm/inputdata/cicero_mods/ERA5-Land_NorSink/original_GRIB_NorwayRect/era5land_d2m_sp_ssrd_strd_t2m_tp_u10_v10_2010_02.grib...
2025-12-08T00:28:47+0100 - multiurl.base - INFO - Downloading https://object-store.os-api.cci2.ecmwf.int:443/cci2-prod-cache-2/2025-12-07/98a88a125ea035c980829463c04f3327.grib
2025-12-08T00:28:56+0100 - era5land_to_datm.download - INFO - Results ready for remote with id 1a308bcc-f7fa-44c4-b0d2-ccbd90572377; downloading to /cluster/shared/noresm/inputdata/cicero_mods/ERA5-Land_NorSink/original_GRIB_NorwayRect/era5land_d2m_sp_ssrd_strd_t2m_tp_u10_v10_2011_01.grib...
2025-12-08T00:28:57+0100 - multiurl.base - INFO - Downloading https://object-store.os-api.cci2.ecmwf.int:443/cci2-prod-cache-1/2025-12-07/f39ef9945373eb1549dd09d619ec2f5a.grib
2025-12-08T00:30:22+0100 - era5land_to_datm.download - INFO - Results ready for remote with id 17550798-2d60-4406-87bc-9b52d13c855e; downloading to /cluster/shared/noresm/inputdata/cicero_mods/ERA5-Land_NorSink/original_GRIB_NorwayRect/era5land_d2m_sp_ssrd_strd_t2m_tp_u10_v10_2011_02.grib...
2025-12-08T00:30:22+0100 - multiurl.base - INFO - Downloading https://object-store.os-api.cci2.ecmwf.int:443/cci2-prod-cache-3/2025-12-07/73399c61d19df93aeeae7dabc53bd91.grib
2025-12-08T00:30:36+0100 - era5land_to_datm.download - INFO - Results ready for remote with id f8cbc074-fc3c-47a4-b01b-3fad0d3f7a7c; downloading to /cluster/shared/noresm/inputdata/cicero_mods/ERA5-Land_NorSink/original_GRIB_NorwayRect/era5land_d2m_sp_ssrd_strd_t2m_tp_u10_v10_2012_10.grib...
2025-12-08T00:30:36+0100 - multiurl.base - INFO - Downloading https://object-store.os-api.cci2.ecmwf.int:443/cci2-prod-cache-1/2025-12-07/47b2d33fb68c46af8eb6308c8ad61603.grib
