2026-01-04T12:18:56+0100 - root - INFO - Logger initialized.
2026-01-04T12:18:56+0100 - root - INFO - Logging to file: /cluster/home/janko/src/era5land_to_datm/scripts/era5land_to_datm_script_20260104T111856.log
2026-01-04T12:18:59+0100 - ecmwf.datastores.processing - INFO - [2025-12-03T00:00:00Z] To improve our C3S service, we need to hear from you! Please complete this very short [survey](https://confluence.ecmwf.int/x/E7uBEQ/). Thank you.
2026-01-04T12:18:59+0100 - era5land_to_datm.download - INFO - Received 48 request IDs from server.
2026-01-04T12:18:59+0100 - era5land_to_datm.download - INFO - Retrieving Remote for request ID 3cacc539-65c2-4b28-98ea-86944ca1b417 (1/48)...
2026-01-04T12:18:59+0100 - ecmwf.datastores.processing - INFO - Request ID is 3cacc539-65c2-4b28-98ea-86944ca1b417
2026-01-04T12:18:59+0100 - ecmwf.datastores.processing - INFO - Request ID is 3cacc539-65c2-4b28-98ea-86944ca1b417
2026-01-04T12:18:59+0100 - era5land_to_datm.download - INFO - Sleeping for 0.5 seconds before next call...
2026-01-04T12:19:00+0100 - era5land_to_datm.download - INFO - Retrieving Remote for request ID 470a7754-8b97-45d3-8328-397819a1060b (2/48)...
2026-01-04T12:19:00+0100 - ecmwf.datastores.processing - INFO - Request ID is 470a7754-8b97-45d3-8328-397819a1060b
2026-01-04T12:19:00+0100 - ecmwf.datastores.processing - INFO - Request ID is 470a7754-8b97-45d3-8328-397819a1060b
2026-01-04T12:19:00+0100 - era5land_to_datm.download - INFO - Sleeping for 0.5 seconds before next call...
2026-01-04T12:19:00+0100 - era5land_to_datm.download - INFO - Retrieving Remote for request ID 633a4668-777b-4696-8c30-c02a400e9d64 (3/48)...
2026-01-04T12:19:00+0100 - ecmwf.datastores.processing - INFO - Request ID is 633a4668-777b-4696-8c30-c02a400e9d64
2026-01-04T12:19:00+0100 - ecmwf.datastores.processing - INFO - Request ID is 633a4668-777b-4696-8c30-c02a400e9d64
2026-01-04T12:19:00+0100 - era5land_to_datm.download - INFO - Sleeping for 0.5 seconds before next call...
2026-01-04T12:19:01+0100 - era5land_to_datm.download - INFO - Retrieving Remote for request ID 9bdfae12-9e32-4ce7-bc65-8faeed1ae526 (4/48)...
2026-01-04T12:19:01+0100 - ecmwf.datastores.processing - INFO - Request ID is 9bdfae12-9e32-4ce7-bc65-8faeed1ae526
2026-01-04T12:19:01+0100 - ecmwf.datastores.processing - INFO - Request ID is 9bdfae12-9e32-4ce7-bc65-8faeed1ae526
2026-01-04T12:19:01+0100 - era5land_to_datm.download - INFO - Sleeping for 0.5 seconds before next call...
2026-01-04T12:19:01+0100 - era5land_to_datm.download - INFO - Retrieving Remote for request ID b197302e-99e6-45c4-b7dc-43bbec28adc6 (5/48)...
2026-01-04T12:19:02+0100 - ecmwf.datastores.processing - INFO - Request ID is b197302e-99e6-45c4-b7dc-43bbec28adc6
2026-01-04T12:19:02+0100 - ecmwf.datastores.processing - INFO - Request ID is b197302e-99e6-45c4-b7dc-43bbec28adc6
2026-01-04T12:19:02+0100 - era5land_to_datm.download - INFO - Sleeping for 0.5 seconds before next call...
2026-01-04T12:19:02+0100 - era5land_to_datm.download - INFO - Retrieving Remote for request ID 71d208db-0341-474a-9351-741aece57867 (6/48)...
2026-01-04T12:19:02+0100 - ecmwf.datastores.processing - INFO - Request ID is 71d208db-0341-474a-9351-741aece57867
2026-01-04T12:19:02+0100 - ecmwf.datastores.processing - INFO - Request ID is 71d208db-0341-474a-9351-741aece57867
2026-01-04T12:19:02+0100 - era5land_to_datm.download - INFO - Sleeping for 0.5 seconds before next call...
2026-01-04T12:19:03+0100 - era5land_to_datm.download - INFO - Retrieving Remote for request ID a5372584-7597-4919-8ba6-3b3f6b4067d9 (7/48)...
2026-01-04T12:19:03+0100 - ecmwf.datastores.processing - INFO - Request ID is a5372584-7597-4919-8ba6-3b3f6b4067d9
2026-01-04T12:19:03+0100 - ecmwf.datastores.processing - INFO - Request ID is a5372584-7597-4919-8ba6-3b3f6b4067d9
2026-01-04T12:19:03+0100 - era5land_to_datm.download - INFO - Sleeping for 0.5 seconds before next call...
2026-01-04T12:19:03+0100 - era5land_to_datm.download - INFO - Retrieving Remote for request ID d574b6cc-1a8a-4897-a636-7041bb0b3643 (8/48)...
2026-01-04T12:19:03+0100 - ecmwf.datastores.processing - INFO - Request ID is d574b6cc-1a8a-4897-a636-7041bb0b3643
2026-01-04T12:19:03+0100 - ecmwf.datastores.processing - INFO - Request ID is d574b6cc-1a8a-4897-a636-7041bb0b3643
2026-01-04T12:19:03+0100 - era5land_to_datm.download - INFO - Sleeping for 0.5 seconds before next call...
2026-01-04T12:19:04+0100 - era5land_to_datm.download - INFO - Retrieving Remote for request ID 0a567890-3970-42b1-9fdc-83c46d9cbfe7 (9/48)...
2026-01-04T12:19:04+0100 - ecmwf.datastores.processing - INFO - Request ID is 0a567890-3970-42b1-9fdc-83c46d9cbfe7
2026-01-04T12:19:04+0100 - ecmwf.datastores.processing - INFO - Request ID is 0a567890-3970-42b1-9fdc-83c46d9cbfe7
2026-01-04T12:19:04+0100 - era5land_to_datm.download - INFO - Sleeping for 0.5 seconds before next call...
2026-01-04T12:19:04+0100 - era5land_to_datm.download - INFO - Retrieving Remote for request ID 0923bef1-204e-4b14-8d91-872c55738456 (10/48)...
2026-01-04T12:19:04+0100 - ecmwf.datastores.processing - INFO - Request ID is 0923bef1-204e-4b14-8d91-872c55738456
2026-01-04T12:19:04+0100 - ecmwf.datastores.processing - INFO - Request ID is 0923bef1-204e-4b14-8d91-872c55738456
2026-01-04T12:19:04+0100 - era5land_to_datm.download - INFO - Sleeping for 0.5 seconds before next call...
2026-01-04T12:19:05+0100 - era5land_to_datm.download - INFO - Retrieving Remote for request ID c258ddf3-babc-4a61-baf5-47d2aedc9e40 (11/48)...
2026-01-04T12:19:05+0100 - ecmwf.datastores.processing - INFO - Request ID is c258ddf3-babc-4a61-baf5-47d2aedc9e40
2026-01-04T12:19:05+0100 - ecmwf.datastores.processing - INFO - Request ID is c258ddf3-babc-4a61-baf5-47d2aedc9e40
2026-01-04T12:19:05+0100 - era5land_to_datm.download - INFO - Sleeping for 0.5 seconds before next call...
2026-01-04T12:19:05+0100 - era5land_to_datm.download - INFO - Retrieving Remote for request ID b970d02e-4d15-48a4-a485-9de092274fdb (12/48)...
2026-01-04T12:19:06+0100 - ecmwf.datastores.processing - INFO - Request ID is b970d02e-4d15-48a4-a485-9de092274fdb
2026-01-04T12:19:06+0100 - ecmwf.datastores.processing - INFO - Request ID is b970d02e-4d15-48a4-a485-9de092274fdb
2026-01-04T12:19:06+0100 - era5land_to_datm.download - INFO - Sleeping for 0.5 seconds before next call...
2026-01-04T12:19:06+0100 - era5land_to_datm.download - INFO - Retrieving Remote for request ID 3659e1d1-06f9-4868-a227-b901f60bcd65 (13/48)...
2026-01-04T12:19:06+0100 - ecmwf.datastores.processing - INFO - Request ID is 3659e1d1-06f9-4868-a227-b901f60bcd65
2026-01-04T12:19:06+0100 - ecmwf.datastores.processing - INFO - Request ID is 3659e1d1-06f9-4868-a227-b901f60bcd65
2026-01-04T12:19:06+0100 - era5land_to_datm.download - INFO - Sleeping for 0.5 seconds before next call...
2026-01-04T12:19:07+0100 - era5land_to_datm.download - INFO - Retrieving Remote for request ID c1c9f417-070a-42cc-8766-8320e6e7255c (14/48)...
2026-01-04T12:19:07+0100 - ecmwf.datastores.processing - INFO - Request ID is c1c9f417-070a-42cc-8766-8320e6e7255c
2026-01-04T12:19:07+0100 - ecmwf.datastores.processing - INFO - Request ID is c1c9f417-070a-42cc-8766-8320e6e7255c
2026-01-04T12:19:07+0100 - era5land_to_datm.download - INFO - Sleeping for 0.5 seconds before next call...
2026-01-04T12:19:07+0100 - era5land_to_datm.download - INFO - Retrieving Remote for request ID 0915e6b9-f96c-45c1-8470-74f079c6adb9 (15/48)...
2026-01-04T12:19:07+0100 - ecmwf.datastores.processing - INFO - Request ID is 0915e6b9-f96c-45c1-8470-74f079c6adb9
2026-01-04T12:19:07+0100 - ecmwf.datastores.processing - INFO - Request ID is 0915e6b9-f96c-45c1-8470-74f079c6adb9
2026-01-04T12:19:07+0100 - era5land_to_datm.download - INFO - Sleeping for 0.5 seconds before next call...
2026-01-04T12:19:08+0100 - era5land_to_datm.download - INFO - Retrieving Remote for request ID 66149419-e53e-483f-91d4-dcce33450a86 (16/48)...
2026-01-04T12:19:08+0100 - ecmwf.datastores.processing - INFO - Request ID is 66149419-e53e-483f-91d4-dcce33450a86
2026-01-04T12:19:08+0100 - ecmwf.datastores.processing - INFO - Request ID is 66149419-e53e-483f-91d4-dcce33450a86
2026-01-04T12:19:08+0100 - era5land_to_datm.download - INFO - Sleeping for 0.5 seconds before next call...
2026-01-04T12:19:08+0100 - era5land_to_datm.download - INFO - Retrieving Remote for request ID c29aad4d-2d62-474e-b0e1-a1c972fd0a41 (17/48)...
2026-01-04T12:19:08+0100 - ecmwf.datastores.processing - INFO - Request ID is c29aad4d-2d62-474e-b0e1-a1c972fd0a41
2026-01-04T12:19:08+0100 - ecmwf.datastores.processing - INFO - Request ID is c29aad4d-2d62-474e-b0e1-a1c972fd0a41
2026-01-04T12:19:08+0100 - era5land_to_datm.download - INFO - Sleeping for 0.5 seconds before next call...
2026-01-04T12:19:09+0100 - era5land_to_datm.download - INFO - Retrieving Remote for request ID f03d6a2e-a09d-40a0-b8d6-02ca74879e13 (18/48)...
2026-01-04T12:19:09+0100 - ecmwf.datastores.processing - INFO - Request ID is f03d6a2e-a09d-40a0-b8d6-02ca74879e13
2026-01-04T12:19:09+0100 - ecmwf.datastores.processing - INFO - Request ID is f03d6a2e-a09d-40a0-b8d6-02ca74879e13
2026-01-04T12:19:09+0100 - era5land_to_datm.download - INFO - Sleeping for 0.5 seconds before next call...
2026-01-04T12:19:10+0100 - era5land_to_datm.download - INFO - Retrieving Remote for request ID e4d14caf-e685-43b7-bb16-93ecf135de89 (19/48)...
2026-01-04T12:19:10+0100 - ecmwf.datastores.processing - INFO - Request ID is e4d14caf-e685-43b7-bb16-93ecf135de89
2026-01-04T12:19:10+0100 - ecmwf.datastores.processing - INFO - Request ID is e4d14caf-e685-43b7-bb16-93ecf135de89
2026-01-04T12:19:10+0100 - era5land_to_datm.download - INFO - Sleeping for 0.5 seconds before next call...
2026-01-04T12:19:10+0100 - era5land_to_datm.download - INFO - Retrieving Remote for request ID f7150ed5-2d1e-421f-9bf0-1a05112ec965 (20/48)...
2026-01-04T12:19:10+0100 - ecmwf.datastores.processing - INFO - Request ID is f7150ed5-2d1e-421f-9bf0-1a05112ec965
2026-01-04T12:19:10+0100 - ecmwf.datastores.processing - INFO - Request ID is f7150ed5-2d1e-421f-9bf0-1a05112ec965
2026-01-04T12:19:10+0100 - era5land_to_datm.download - INFO - Sleeping for 0.5 seconds before next call...
2026-01-04T12:19:11+0100 - era5land_to_datm.download - INFO - Retrieving Remote for request ID b9c19867-d883-40ef-991d-6ab0415ca186 (21/48)...
2026-01-04T12:19:11+0100 - ecmwf.datastores.processing - INFO - Request ID is b9c19867-d883-40ef-991d-6ab0415ca186
2026-01-04T12:19:11+0100 - ecmwf.datastores.processing - INFO - Request ID is b9c19867-d883-40ef-991d-6ab0415ca186
2026-01-04T12:19:11+0100 - era5land_to_datm.download - INFO - Sleeping for 0.5 seconds before next call...
2026-01-04T12:19:11+0100 - era5land_to_datm.download - INFO - Retrieving Remote for request ID c4b3463e-c9f3-491c-88ab-b56eacacec09 (22/48)...
2026-01-04T12:19:11+0100 - ecmwf.datastores.processing - INFO - Request ID is c4b3463e-c9f3-491c-88ab-b56eacacec09
2026-01-04T12:19:11+0100 - ecmwf.datastores.processing - INFO - Request ID is c4b3463e-c9f3-491c-88ab-b56eacacec09
2026-01-04T12:19:11+0100 - era5land_to_datm.download - INFO - Sleeping for 0.5 seconds before next call...
2026-01-04T12:19:12+0100 - era5land_to_datm.download - INFO - Retrieving Remote for request ID d3006db9-66fe-4837-8abd-62d386eb521a (23/48)...
2026-01-04T12:19:12+0100 - ecmwf.datastores.processing - INFO - Request ID is d3006db9-66fe-4837-8abd-62d386eb521a
2026-01-04T12:19:12+0100 - ecmwf.datastores.processing - INFO - Request ID is d3006db9-66fe-4837-8abd-62d386eb521a
2026-01-04T12:19:12+0100 - era5land_to_datm.download - INFO - Sleeping for 0.5 seconds before next call...
2026-01-04T12:19:12+0100 - era5land_to_datm.download - INFO - Retrieving Remote for request ID 0625d555-f1c0-4db6-8c26-e06df4dbafe0 (24/48)...
2026-01-04T12:19:12+0100 - ecmwf.datastores.processing - INFO - Request ID is 0625d555-f1c0-4db6-8c26-e06df4dbafe0
2026-01-04T12:19:12+0100 - ecmwf.datastores.processing - INFO - Request ID is 0625d555-f1c0-4db6-8c26-e06df4dbafe0
2026-01-04T12:19:12+0100 - era5land_to_datm.download - INFO - Sleeping for 0.5 seconds before next call...
2026-01-04T12:19:13+0100 - era5land_to_datm.download - INFO - Retrieving Remote for request ID 76ddb59e-e5cf-49dc-b22c-79c88be327eb (25/48)...
2026-01-04T12:19:13+0100 - ecmwf.datastores.processing - INFO - Request ID is 76ddb59e-e5cf-49dc-b22c-79c88be327eb
2026-01-04T12:19:13+0100 - ecmwf.datastores.processing - INFO - Request ID is 76ddb59e-e5cf-49dc-b22c-79c88be327eb
2026-01-04T12:19:13+0100 - era5land_to_datm.download - INFO - Sleeping for 0.5 seconds before next call...
2026-01-04T12:19:14+0100 - era5land_to_datm.download - INFO - Retrieving Remote for request ID 6d7dd294-5ddd-421a-bb7f-091f554ed85b (26/48)...
2026-01-04T12:19:14+0100 - ecmwf.datastores.processing - INFO - Request ID is 6d7dd294-5ddd-421a-bb7f-091f554ed85b
2026-01-04T12:19:14+0100 - ecmwf.datastores.processing - INFO - Request ID is 6d7dd294-5ddd-421a-bb7f-091f554ed85b
2026-01-04T12:19:14+0100 - era5land_to_datm.download - INFO - Sleeping for 0.5 seconds before next call...
2026-01-04T12:19:14+0100 - era5land_to_datm.download - INFO - Retrieving Remote for request ID 29e08862-5131-4881-bb1e-d590cc0238e9 (27/48)...
2026-01-04T12:19:14+0100 - ecmwf.datastores.processing - INFO - Request ID is 29e08862-5131-4881-bb1e-d590cc0238e9
2026-01-04T12:19:14+0100 - ecmwf.datastores.processing - INFO - Request ID is 29e08862-5131-4881-bb1e-d590cc0238e9
2026-01-04T12:19:14+0100 - era5land_to_datm.download - INFO - Sleeping for 0.5 seconds before next call...
2026-01-04T12:19:15+0100 - era5land_to_datm.download - INFO - Retrieving Remote for request ID 354a3521-5a86-4d62-bec9-382fd5617511 (28/48)...
2026-01-04T12:19:15+0100 - ecmwf.datastores.processing - INFO - Request ID is 354a3521-5a86-4d62-bec9-382fd5617511
2026-01-04T12:19:15+0100 - ecmwf.datastores.processing - INFO - Request ID is 354a3521-5a86-4d62-bec9-382fd5617511
2026-01-04T12:19:15+0100 - era5land_to_datm.download - INFO - Sleeping for 0.5 seconds before next call...
2026-01-04T12:19:15+0100 - era5land_to_datm.download - INFO - Retrieving Remote for request ID c02e568d-8306-475e-a8b4-944dbf95c48e (29/48)...
2026-01-04T12:19:15+0100 - ecmwf.datastores.processing - INFO - Request ID is c02e568d-8306-475e-a8b4-944dbf95c48e
2026-01-04T12:19:15+0100 - ecmwf.datastores.processing - INFO - Request ID is c02e568d-8306-475e-a8b4-944dbf95c48e
2026-01-04T12:19:15+0100 - era5land_to_datm.download - INFO - Sleeping for 0.5 seconds before next call...
2026-01-04T12:19:16+0100 - era5land_to_datm.download - INFO - Retrieving Remote for request ID aa5dae3a-9aea-48b1-a6e8-e68ddd15f937 (30/48)...
2026-01-04T12:19:16+0100 - ecmwf.datastores.processing - INFO - Request ID is aa5dae3a-9aea-48b1-a6e8-e68ddd15f937
2026-01-04T12:19:16+0100 - ecmwf.datastores.processing - INFO - Request ID is aa5dae3a-9aea-48b1-a6e8-e68ddd15f937
2026-01-04T12:19:16+0100 - era5land_to_datm.download - INFO - Sleeping for 0.5 seconds before next call...
2026-01-04T12:19:16+0100 - era5land_to_datm.download - INFO - Retrieving Remote for request ID 8f310761-48f6-4979-ac1e-1068e272b746 (31/48)...
2026-01-04T12:19:16+0100 - ecmwf.datastores.processing - INFO - Request ID is 8f310761-48f6-4979-ac1e-1068e272b746
2026-01-04T12:19:16+0100 - ecmwf.datastores.processing - INFO - Request ID is 8f310761-48f6-4979-ac1e-1068e272b746
2026-01-04T12:19:16+0100 - era5land_to_datm.download - INFO - Sleeping for 0.5 seconds before next call...
2026-01-04T12:19:17+0100 - era5land_to_datm.download - INFO - Retrieving Remote for request ID 5a1d47f0-d7cb-4832-8939-0da674bac750 (32/48)...
2026-01-04T12:19:17+0100 - ecmwf.datastores.processing - INFO - Request ID is 5a1d47f0-d7cb-4832-8939-0da674bac750
2026-01-04T12:19:17+0100 - ecmwf.datastores.processing - INFO - Request ID is 5a1d47f0-d7cb-4832-8939-0da674bac750
2026-01-04T12:19:17+0100 - era5land_to_datm.download - INFO - Sleeping for 0.5 seconds before next call...
2026-01-04T12:19:18+0100 - era5land_to_datm.download - INFO - Retrieving Remote for request ID 9a4645b0-2b0f-40d0-aa3e-38168de40230 (33/48)...
2026-01-04T12:19:18+0100 - ecmwf.datastores.processing - INFO - Request ID is 9a4645b0-2b0f-40d0-aa3e-38168de40230
2026-01-04T12:19:18+0100 - ecmwf.datastores.processing - INFO - Request ID is 9a4645b0-2b0f-40d0-aa3e-38168de40230
2026-01-04T12:19:18+0100 - era5land_to_datm.download - INFO - Sleeping for 0.5 seconds before next call...
2026-01-04T12:19:18+0100 - era5land_to_datm.download - INFO - Retrieving Remote for request ID 93f26cc2-3587-40fd-ad8f-ef4247e62772 (34/48)...
2026-01-04T12:19:18+0100 - ecmwf.datastores.processing - INFO - Request ID is 93f26cc2-3587-40fd-ad8f-ef4247e62772
2026-01-04T12:19:18+0100 - ecmwf.datastores.processing - INFO - Request ID is 93f26cc2-3587-40fd-ad8f-ef4247e62772
2026-01-04T12:19:18+0100 - era5land_to_datm.download - INFO - Sleeping for 0.5 seconds before next call...
2026-01-04T12:19:19+0100 - era5land_to_datm.download - INFO - Retrieving Remote for request ID 6825c219-dedf-4c05-96fd-7dc4e1b3a0f1 (35/48)...
2026-01-04T12:19:19+0100 - ecmwf.datastores.processing - INFO - Request ID is 6825c219-dedf-4c05-96fd-7dc4e1b3a0f1
2026-01-04T12:19:19+0100 - ecmwf.datastores.processing - INFO - Request ID is 6825c219-dedf-4c05-96fd-7dc4e1b3a0f1
2026-01-04T12:19:19+0100 - era5land_to_datm.download - INFO - Sleeping for 0.5 seconds before next call...
2026-01-04T12:19:19+0100 - era5land_to_datm.download - INFO - Retrieving Remote for request ID 3ecb023d-79b3-4116-9dbc-6ec0af03222e (36/48)...
2026-01-04T12:19:19+0100 - ecmwf.datastores.processing - INFO - Request ID is 3ecb023d-79b3-4116-9dbc-6ec0af03222e
2026-01-04T12:19:19+0100 - ecmwf.datastores.processing - INFO - Request ID is 3ecb023d-79b3-4116-9dbc-6ec0af03222e
2026-01-04T12:19:19+0100 - era5land_to_datm.download - INFO - Sleeping for 0.5 seconds before next call...
2026-01-04T12:19:20+0100 - era5land_to_datm.download - INFO - Retrieving Remote for request ID b5bbdaad-6bbe-4485-8e5e-cf9adc3ed532 (37/48)...
2026-01-04T12:19:20+0100 - ecmwf.datastores.processing - INFO - Request ID is b5bbdaad-6bbe-4485-8e5e-cf9adc3ed532
2026-01-04T12:19:20+0100 - ecmwf.datastores.processing - INFO - Request ID is b5bbdaad-6bbe-4485-8e5e-cf9adc3ed532
2026-01-04T12:19:20+0100 - era5land_to_datm.download - INFO - Sleeping for 0.5 seconds before next call...
2026-01-04T12:19:20+0100 - era5land_to_datm.download - INFO - Retrieving Remote for request ID efe54a2a-1a80-4e8f-a57b-ac214540de01 (38/48)...
2026-01-04T12:19:20+0100 - ecmwf.datastores.processing - INFO - Request ID is efe54a2a-1a80-4e8f-a57b-ac214540de01
2026-01-04T12:19:20+0100 - ecmwf.datastores.processing - INFO - Request ID is efe54a2a-1a80-4e8f-a57b-ac214540de01
2026-01-04T12:19:20+0100 - era5land_to_datm.download - INFO - Sleeping for 0.5 seconds before next call...
2026-01-04T12:19:21+0100 - era5land_to_datm.download - INFO - Retrieving Remote for request ID 75bd798e-e4ee-4b9a-a62f-596c8f12c33c (39/48)...
2026-01-04T12:19:21+0100 - ecmwf.datastores.processing - INFO - Request ID is 75bd798e-e4ee-4b9a-a62f-596c8f12c33c
2026-01-04T12:19:21+0100 - ecmwf.datastores.processing - INFO - Request ID is 75bd798e-e4ee-4b9a-a62f-596c8f12c33c
2026-01-04T12:19:21+0100 - era5land_to_datm.download - INFO - Sleeping for 0.5 seconds before next call...
2026-01-04T12:19:22+0100 - era5land_to_datm.download - INFO - Retrieving Remote for request ID 619563a9-9dea-45b2-abee-c3985edab199 (40/48)...
2026-01-04T12:19:22+0100 - ecmwf.datastores.processing - INFO - Request ID is 619563a9-9dea-45b2-abee-c3985edab199
2026-01-04T12:19:22+0100 - ecmwf.datastores.processing - INFO - Request ID is 619563a9-9dea-45b2-abee-c3985edab199
2026-01-04T12:19:22+0100 - era5land_to_datm.download - INFO - Sleeping for 0.5 seconds before next call...
2026-01-04T12:19:22+0100 - era5land_to_datm.download - INFO - Retrieving Remote for request ID 5382bf14-efc1-456b-8f3b-ffcedafa143e (41/48)...
2026-01-04T12:19:22+0100 - ecmwf.datastores.processing - INFO - Request ID is 5382bf14-efc1-456b-8f3b-ffcedafa143e
2026-01-04T12:19:22+0100 - ecmwf.datastores.processing - INFO - Request ID is 5382bf14-efc1-456b-8f3b-ffcedafa143e
2026-01-04T12:19:22+0100 - era5land_to_datm.download - INFO - Sleeping for 0.5 seconds before next call...
2026-01-04T12:19:23+0100 - era5land_to_datm.download - INFO - Retrieving Remote for request ID 2fade56f-601d-4a00-aa09-9551d78c4f05 (42/48)...
2026-01-04T12:19:23+0100 - ecmwf.datastores.processing - INFO - Request ID is 2fade56f-601d-4a00-aa09-9551d78c4f05
2026-01-04T12:19:23+0100 - ecmwf.datastores.processing - INFO - Request ID is 2fade56f-601d-4a00-aa09-9551d78c4f05
2026-01-04T12:19:23+0100 - era5land_to_datm.download - INFO - Sleeping for 0.5 seconds before next call...
2026-01-04T12:19:23+0100 - era5land_to_datm.download - INFO - Retrieving Remote for request ID 47f29794-7ad3-4bf3-afa6-b36d3d901ecc (43/48)...
2026-01-04T12:19:23+0100 - ecmwf.datastores.processing - INFO - Request ID is 47f29794-7ad3-4bf3-afa6-b36d3d901ecc
2026-01-04T12:19:23+0100 - ecmwf.datastores.processing - INFO - Request ID is 47f29794-7ad3-4bf3-afa6-b36d3d901ecc
2026-01-04T12:19:23+0100 - era5land_to_datm.download - INFO - Sleeping for 0.5 seconds before next call...
2026-01-04T12:19:24+0100 - era5land_to_datm.download - INFO - Retrieving Remote for request ID b92dea50-50a3-4b4f-a026-8a09f606771a (44/48)...
2026-01-04T12:19:24+0100 - ecmwf.datastores.processing - INFO - Request ID is b92dea50-50a3-4b4f-a026-8a09f606771a
2026-01-04T12:19:24+0100 - ecmwf.datastores.processing - INFO - Request ID is b92dea50-50a3-4b4f-a026-8a09f606771a
2026-01-04T12:19:24+0100 - era5land_to_datm.download - INFO - Sleeping for 0.5 seconds before next call...
2026-01-04T12:19:25+0100 - era5land_to_datm.download - INFO - Retrieving Remote for request ID 29aad85c-3fd2-4cf0-a0a7-2ca8f4592afe (45/48)...
2026-01-04T12:19:25+0100 - ecmwf.datastores.processing - INFO - Request ID is 29aad85c-3fd2-4cf0-a0a7-2ca8f4592afe
2026-01-04T12:19:25+0100 - ecmwf.datastores.processing - INFO - Request ID is 29aad85c-3fd2-4cf0-a0a7-2ca8f4592afe
2026-01-04T12:19:25+0100 - era5land_to_datm.download - INFO - Sleeping for 0.5 seconds before next call...
2026-01-04T12:19:25+0100 - era5land_to_datm.download - INFO - Retrieving Remote for request ID 525e584a-e5a7-452e-9a0b-76fd29f2dc38 (46/48)...
2026-01-04T12:19:25+0100 - ecmwf.datastores.processing - INFO - Request ID is 525e584a-e5a7-452e-9a0b-76fd29f2dc38
2026-01-04T12:19:25+0100 - ecmwf.datastores.processing - INFO - Request ID is 525e584a-e5a7-452e-9a0b-76fd29f2dc38
2026-01-04T12:19:25+0100 - era5land_to_datm.download - INFO - Sleeping for 0.5 seconds before next call...
2026-01-04T12:19:26+0100 - era5land_to_datm.download - INFO - Retrieving Remote for request ID a2577227-9acf-433c-9a65-14b47f56bf40 (47/48)...
2026-01-04T12:19:26+0100 - ecmwf.datastores.processing - INFO - Request ID is a2577227-9acf-433c-9a65-14b47f56bf40
2026-01-04T12:19:26+0100 - ecmwf.datastores.processing - INFO - Request ID is a2577227-9acf-433c-9a65-14b47f56bf40
2026-01-04T12:19:26+0100 - era5land_to_datm.download - INFO - Sleeping for 0.5 seconds before next call...
2026-01-04T12:19:27+0100 - era5land_to_datm.download - INFO - Retrieving Remote for request ID bdd2f5d9-1a31-4850-aa34-3f28c6c02434 (48/48)...
2026-01-04T12:19:27+0100 - ecmwf.datastores.processing - INFO - Request ID is bdd2f5d9-1a31-4850-aa34-3f28c6c02434
2026-01-04T12:19:27+0100 - ecmwf.datastores.processing - INFO - Request ID is bdd2f5d9-1a31-4850-aa34-3f28c6c02434
2026-01-04T12:19:31+0100 - ecmwf.datastores.processing - INFO - status has been updated to successful
2026-01-04T12:19:31+0100 - ecmwf.datastores.processing - INFO - status has been updated to successful
2026-01-04T12:19:31+0100 - ecmwf.datastores.processing - INFO - status has been updated to successful
2026-01-04T12:19:31+0100 - ecmwf.datastores.processing - INFO - status has been updated to successful
2026-01-04T12:19:31+0100 - ecmwf.datastores.processing - INFO - status has been updated to successful
2026-01-04T12:19:31+0100 - ecmwf.datastores.processing - INFO - status has been updated to successful
2026-01-04T12:19:31+0100 - ecmwf.datastores.processing - INFO - status has been updated to successful
2026-01-04T12:19:31+0100 - ecmwf.datastores.processing - INFO - status has been updated to successful
2026-01-04T12:19:31+0100 - ecmwf.datastores.processing - INFO - status has been updated to successful
2026-01-04T12:19:31+0100 - ecmwf.datastores.processing - INFO - status has been updated to successful
2026-01-04T12:19:31+0100 - ecmwf.datastores.processing - INFO - status has been updated to successful
2026-01-04T12:19:31+0100 - ecmwf.datastores.processing - INFO - status has been updated to successful
2026-01-04T12:19:31+0100 - ecmwf.datastores.processing - INFO - status has been updated to successful
2026-01-04T12:19:32+0100 - ecmwf.datastores.processing - INFO - status has been updated to successful
2026-01-04T12:19:32+0100 - ecmwf.datastores.processing - INFO - status has been updated to successful
2026-01-04T12:19:32+0100 - ecmwf.datastores.processing - INFO - status has been updated to successful
2026-01-04T12:19:32+0100 - ecmwf.datastores.processing - INFO - status has been updated to successful
2026-01-04T12:19:32+0100 - ecmwf.datastores.processing - INFO - status has been updated to successful
2026-01-04T12:19:32+0100 - ecmwf.datastores.processing - INFO - status has been updated to successful
2026-01-04T12:19:32+0100 - ecmwf.datastores.processing - INFO - status has been updated to successful
2026-01-04T12:19:32+0100 - ecmwf.datastores.processing - INFO - status has been updated to successful
2026-01-04T12:19:32+0100 - ecmwf.datastores.processing - INFO - status has been updated to successful
2026-01-04T12:19:32+0100 - ecmwf.datastores.processing - INFO - status has been updated to successful
2026-01-04T12:19:32+0100 - ecmwf.datastores.processing - INFO - status has been updated to successful
2026-01-04T12:19:32+0100 - ecmwf.datastores.processing - INFO - status has been updated to failed
2026-01-04T12:19:32+0100 - ecmwf.datastores.processing - INFO - status has been updated to failed
2026-01-04T12:19:32+0100 - ecmwf.datastores.processing - INFO - status has been updated to failed
2026-01-04T12:19:33+0100 - ecmwf.datastores.processing - INFO - status has been updated to failed
2026-01-04T12:19:33+0100 - ecmwf.datastores.processing - INFO - status has been updated to failed
2026-01-04T12:19:33+0100 - ecmwf.datastores.processing - INFO - status has been updated to failed
2026-01-04T12:19:33+0100 - ecmwf.datastores.processing - INFO - status has been updated to failed
2026-01-04T12:19:33+0100 - ecmwf.datastores.processing - INFO - status has been updated to failed
2026-01-04T12:19:33+0100 - ecmwf.datastores.processing - INFO - status has been updated to failed
2026-01-04T12:19:33+0100 - ecmwf.datastores.processing - INFO - status has been updated to failed
2026-01-04T12:19:33+0100 - ecmwf.datastores.processing - INFO - status has been updated to failed
2026-01-04T12:19:33+0100 - ecmwf.datastores.processing - INFO - status has been updated to failed
2026-01-04T12:19:33+0100 - ecmwf.datastores.processing - INFO - status has been updated to failed
2026-01-04T12:19:33+0100 - ecmwf.datastores.processing - INFO - status has been updated to failed
2026-01-04T12:19:33+0100 - ecmwf.datastores.processing - INFO - status has been updated to failed
2026-01-04T12:19:33+0100 - ecmwf.datastores.processing - INFO - status has been updated to failed
2026-01-04T12:19:33+0100 - ecmwf.datastores.processing - INFO - status has been updated to failed
2026-01-04T12:19:34+0100 - ecmwf.datastores.processing - INFO - status has been updated to failed
2026-01-04T12:19:34+0100 - ecmwf.datastores.processing - INFO - status has been updated to failed
2026-01-04T12:19:34+0100 - ecmwf.datastores.processing - INFO - status has been updated to failed
2026-01-04T12:19:34+0100 - ecmwf.datastores.processing - INFO - status has been updated to failed
2026-01-04T12:19:34+0100 - ecmwf.datastores.processing - INFO - status has been updated to failed
2026-01-04T12:19:34+0100 - ecmwf.datastores.processing - INFO - status has been updated to failed
2026-01-04T12:19:34+0100 - ecmwf.datastores.processing - INFO - status has been updated to failed
2026-01-04T12:19:47+0100 - era5land_to_datm.download - INFO - Results ready for remote with id 3cacc539-65c2-4b28-98ea-86944ca1b417; downloading to /cluster/shared/noresm/inputdata/cicero_mods/ERA5-Land_NorSink/original_GRIB_NorwayRect/era5land_d2m_sp_ssrd_strd_t2m_tp_u10_v10_1951_12.grib...
2026-01-04T12:19:47+0100 - multiurl.base - INFO - Downloading https://object-store.os-api.cci2.ecmwf.int:443/cci2-prod-cache-3/2026-01-03/a883d7850bb20bed16da3cf9e0e5938b.grib
2026-01-04T12:20:00+0100 - era5land_to_datm.download - INFO - Results ready for remote with id 470a7754-8b97-45d3-8328-397819a1060b; downloading to /cluster/shared/noresm/inputdata/cicero_mods/ERA5-Land_NorSink/original_GRIB_NorwayRect/era5land_d2m_sp_ssrd_strd_t2m_tp_u10_v10_1951_11.grib...
2026-01-04T12:20:00+0100 - multiurl.base - INFO - Downloading https://object-store.os-api.cci2.ecmwf.int:443/cci2-prod-cache-3/2026-01-03/a32564c3f30e433573bcbec851b7a08c.grib
2026-01-04T12:20:14+0100 - era5land_to_datm.download - INFO - Results ready for remote with id 633a4668-777b-4696-8c30-c02a400e9d64; downloading to /cluster/shared/noresm/inputdata/cicero_mods/ERA5-Land_NorSink/original_GRIB_NorwayRect/era5land_d2m_sp_ssrd_strd_t2m_tp_u10_v10_1951_10.grib...
2026-01-04T12:20:14+0100 - multiurl.base - INFO - Downloading https://object-store.os-api.cci2.ecmwf.int:443/cci2-prod-cache-3/2026-01-03/607dc67901c538252030468c9b71dacd.grib
2026-01-04T12:20:22+0100 - era5land_to_datm.download - INFO - Results ready for remote with id 9bdfae12-9e32-4ce7-bc65-8faeed1ae526; downloading to /cluster/shared/noresm/inputdata/cicero_mods/ERA5-Land_NorSink/original_GRIB_NorwayRect/era5land_d2m_sp_ssrd_strd_t2m_tp_u10_v10_1951_09.grib...
2026-01-04T12:20:22+0100 - multiurl.base - INFO - Downloading https://object-store.os-api.cci2.ecmwf.int:443/cci2-prod-cache-1/2026-01-03/960c73976124156d923345cae336103f.grib
2026-01-04T12:20:31+0100 - era5land_to_datm.download - INFO - Results ready for remote with id b197302e-99e6-45c4-b7dc-43bbec28adc6; downloading to /cluster/shared/noresm/inputdata/cicero_mods/ERA5-Land_NorSink/original_GRIB_NorwayRect/era5land_d2m_sp_ssrd_strd_t2m_tp_u10_v10_1951_08.grib...
2026-01-04T12:20:31+0100 - multiurl.base - INFO - Downloading https://object-store.os-api.cci2.ecmwf.int:443/cci2-prod-cache-1/2026-01-03/2dce31af1b00f52160274e042ccb6afc.grib
2026-01-04T12:20:40+0100 - era5land_to_datm.download - INFO - Results ready for remote with id 71d208db-0341-474a-9351-741aece57867; downloading to /cluster/shared/noresm/inputdata/cicero_mods/ERA5-Land_NorSink/original_GRIB_NorwayRect/era5land_d2m_sp_ssrd_strd_t2m_tp_u10_v10_1951_07.grib...
2026-01-04T12:20:40+0100 - multiurl.base - INFO - Downloading https://object-store.os-api.cci2.ecmwf.int:443/cci2-prod-cache-1/2026-01-03/db6de5e1a8e1b0fc83972f6d8ca95e2f.grib
2026-01-04T12:21:10+0100 - era5land_to_datm.download - INFO - Results ready for remote with id a5372584-7597-4919-8ba6-3b3f6b4067d9; downloading to /cluster/shared/noresm/inputdata/cicero_mods/ERA5-Land_NorSink/original_GRIB_NorwayRect/era5land_d2m_sp_ssrd_strd_t2m_tp_u10_v10_1951_06.grib...
2026-01-04T12:21:11+0100 - multiurl.base - INFO - Downloading https://object-store.os-api.cci2.ecmwf.int:443/cci2-prod-cache-3/2026-01-03/be8be6ec9eefbcba7dd95ef955e63de5.grib
2026-01-04T12:21:19+0100 - era5land_to_datm.download - INFO - Results ready for remote with id d574b6cc-1a8a-4897-a636-7041bb0b3643; downloading to /cluster/shared/noresm/inputdata/cicero_mods/ERA5-Land_NorSink/original_GRIB_NorwayRect/era5land_d2m_sp_ssrd_strd_t2m_tp_u10_v10_1951_05.grib...
2026-01-04T12:21:19+0100 - multiurl.base - INFO - Downloading https://object-store.os-api.cci2.ecmwf.int:443/cci2-prod-cache-1/2026-01-03/e0fc1947832db3dbc23ce1c6d161383.grib
2026-01-04T12:21:31+0100 - era5land_to_datm.download - INFO - Results ready for remote with id 0a567890-3970-42b1-9fdc-83c46d9cbfe7; downloading to /cluster/shared/noresm/inputdata/cicero_mods/ERA5-Land_NorSink/original_GRIB_NorwayRect/era5land_d2m_sp_ssrd_strd_t2m_tp_u10_v10_1951_04.grib...
2026-01-04T12:21:31+0100 - multiurl.base - INFO - Downloading https://object-store.os-api.cci2.ecmwf.int:443/cci2-prod-cache-2/2026-01-03/6baa3c4b28842df244f36899d2d5ab1a.grib
2026-01-04T12:24:51+0100 - era5land_to_datm.download - INFO - Results ready for remote with id 0923bef1-204e-4b14-8d91-872c55738456; downloading to /cluster/shared/noresm/inputdata/cicero_mods/ERA5-Land_NorSink/original_GRIB_NorwayRect/era5land_d2m_sp_ssrd_strd_t2m_tp_u10_v10_1951_03.grib...
2026-01-04T12:24:51+0100 - multiurl.base - INFO - Downloading https://object-store.os-api.cci2.ecmwf.int:443/cci2-prod-cache-2/2026-01-03/e2715442e172111dd4d3c66d4805aaaf.grib
2026-01-04T12:25:45+0100 - era5land_to_datm.download - INFO - Results ready for remote with id c258ddf3-babc-4a61-baf5-47d2aedc9e40; downloading to /cluster/shared/noresm/inputdata/cicero_mods/ERA5-Land_NorSink/original_GRIB_NorwayRect/era5land_d2m_sp_ssrd_strd_t2m_tp_u10_v10_1951_02.grib...
2026-01-04T12:25:45+0100 - multiurl.base - INFO - Downloading https://object-store.os-api.cci2.ecmwf.int:443/cci2-prod-cache-2/2026-01-03/b7eac6c9482f96c538174ded8f5148be.grib
2026-01-04T12:26:04+0100 - era5land_to_datm.download - INFO - Results ready for remote with id b970d02e-4d15-48a4-a485-9de092274fdb; downloading to /cluster/shared/noresm/inputdata/cicero_mods/ERA5-Land_NorSink/original_GRIB_NorwayRect/era5land_d2m_sp_ssrd_strd_t2m_tp_u10_v10_1951_01.grib...
2026-01-04T12:26:04+0100 - multiurl.base - INFO - Downloading https://object-store.os-api.cci2.ecmwf.int:443/cci2-prod-cache-3/2026-01-03/9f0fa6fdacb40550fa4cec2d513d342b.grib
2026-01-04T12:26:35+0100 - era5land_to_datm.download - INFO - Results ready for remote with id 3659e1d1-06f9-4868-a227-b901f60bcd65; downloading to /cluster/shared/noresm/inputdata/cicero_mods/ERA5-Land_NorSink/original_GRIB_NorwayRect/era5land_d2m_sp_ssrd_strd_t2m_tp_u10_v10_1950_12.grib...
2026-01-04T12:26:35+0100 - multiurl.base - INFO - Downloading https://object-store.os-api.cci2.ecmwf.int:443/cci2-prod-cache-3/2026-01-03/a9c2c7305721c45cb773a2bdfef8702.grib
2026-01-04T12:26:50+0100 - era5land_to_datm.download - INFO - Results ready for remote with id c1c9f417-070a-42cc-8766-8320e6e7255c; downloading to /cluster/shared/noresm/inputdata/cicero_mods/ERA5-Land_NorSink/original_GRIB_NorwayRect/era5land_d2m_sp_ssrd_strd_t2m_tp_u10_v10_1950_11.grib...
2026-01-04T12:26:51+0100 - multiurl.base - INFO - Downloading https://object-store.os-api.cci2.ecmwf.int:443/cci2-prod-cache-2/2026-01-03/24802fa1ad591ce354a897d1128d16b0.grib
2026-01-04T12:26:58+0100 - era5land_to_datm.download - INFO - Results ready for remote with id 0915e6b9-f96c-45c1-8470-74f079c6adb9; downloading to /cluster/shared/noresm/inputdata/cicero_mods/ERA5-Land_NorSink/original_GRIB_NorwayRect/era5land_d2m_sp_ssrd_strd_t2m_tp_u10_v10_1950_10.grib...
2026-01-04T12:26:58+0100 - multiurl.base - INFO - Downloading https://object-store.os-api.cci2.ecmwf.int:443/cci2-prod-cache-3/2026-01-03/7e128f583b28891f93de62ae68e7a352.grib
2026-01-04T12:27:07+0100 - era5land_to_datm.download - INFO - Results ready for remote with id 66149419-e53e-483f-91d4-dcce33450a86; downloading to /cluster/shared/noresm/inputdata/cicero_mods/ERA5-Land_NorSink/original_GRIB_NorwayRect/era5land_d2m_sp_ssrd_strd_t2m_tp_u10_v10_1950_09.grib...
2026-01-04T12:27:07+0100 - multiurl.base - INFO - Downloading https://object-store.os-api.cci2.ecmwf.int:443/cci2-prod-cache-3/2026-01-03/120552a43b7b20dca7ffad4ea6775106.grib
2026-01-04T12:27:15+0100 - era5land_to_datm.download - INFO - Results ready for remote with id c29aad4d-2d62-474e-b0e1-a1c972fd0a41; downloading to /cluster/shared/noresm/inputdata/cicero_mods/ERA5-Land_NorSink/original_GRIB_NorwayRect/era5land_d2m_sp_ssrd_strd_t2m_tp_u10_v10_1950_08.grib...
2026-01-04T12:27:16+0100 - multiurl.base - INFO - Downloading https://object-store.os-api.cci2.ecmwf.int:443/cci2-prod-cache-2/2026-01-03/56f884f275ad7acddc09392603b142b2.grib
2026-01-04T12:27:31+0100 - era5land_to_datm.download - INFO - Results ready for remote with id f03d6a2e-a09d-40a0-b8d6-02ca74879e13; downloading to /cluster/shared/noresm/inputdata/cicero_mods/ERA5-Land_NorSink/original_GRIB_NorwayRect/era5land_d2m_sp_ssrd_strd_t2m_tp_u10_v10_1950_07.grib...
2026-01-04T12:27:31+0100 - multiurl.base - INFO - Downloading https://object-store.os-api.cci2.ecmwf.int:443/cci2-prod-cache-2/2026-01-03/57db03315f528919486d0255d96da913.grib
2026-01-04T12:27:40+0100 - era5land_to_datm.download - INFO - Results ready for remote with id e4d14caf-e685-43b7-bb16-93ecf135de89; downloading to /cluster/shared/noresm/inputdata/cicero_mods/ERA5-Land_NorSink/original_GRIB_NorwayRect/era5land_d2m_sp_ssrd_strd_t2m_tp_u10_v10_1950_06.grib...
2026-01-04T12:27:40+0100 - multiurl.base - INFO - Downloading https://object-store.os-api.cci2.ecmwf.int:443/cci2-prod-cache-1/2026-01-03/5776cb164449704b9edd9bf72ba4dfcd.grib
2026-01-04T12:27:58+0100 - era5land_to_datm.download - INFO - Results ready for remote with id f7150ed5-2d1e-421f-9bf0-1a05112ec965; downloading to /cluster/shared/noresm/inputdata/cicero_mods/ERA5-Land_NorSink/original_GRIB_NorwayRect/era5land_d2m_sp_ssrd_strd_t2m_tp_u10_v10_1950_05.grib...
2026-01-04T12:27:58+0100 - multiurl.base - INFO - Downloading https://object-store.os-api.cci2.ecmwf.int:443/cci2-prod-cache-1/2026-01-03/3bcd10f6b938895ae4b80cdb5dc61ef.grib
2026-01-04T12:28:07+0100 - era5land_to_datm.download - INFO - Results ready for remote with id b9c19867-d883-40ef-991d-6ab0415ca186; downloading to /cluster/shared/noresm/inputdata/cicero_mods/ERA5-Land_NorSink/original_GRIB_NorwayRect/era5land_d2m_sp_ssrd_strd_t2m_tp_u10_v10_1950_04.grib...
2026-01-04T12:28:07+0100 - multiurl.base - INFO - Downloading https://object-store.os-api.cci2.ecmwf.int:443/cci2-prod-cache-3/2026-01-03/fa9e7cf602b19aa752f6b4a88ab32134.grib
2026-01-04T12:28:14+0100 - era5land_to_datm.download - INFO - Results ready for remote with id c4b3463e-c9f3-491c-88ab-b56eacacec09; downloading to /cluster/shared/noresm/inputdata/cicero_mods/ERA5-Land_NorSink/original_GRIB_NorwayRect/era5land_d2m_sp_ssrd_strd_t2m_tp_u10_v10_1950_03.grib...
2026-01-04T12:28:15+0100 - multiurl.base - INFO - Downloading https://object-store.os-api.cci2.ecmwf.int:443/cci2-prod-cache-1/2026-01-03/db33b57a213c54c063fdb47f2ba235d8.grib
2026-01-04T12:28:22+0100 - era5land_to_datm.download - INFO - Results ready for remote with id d3006db9-66fe-4837-8abd-62d386eb521a; downloading to /cluster/shared/noresm/inputdata/cicero_mods/ERA5-Land_NorSink/original_GRIB_NorwayRect/era5land_d2m_sp_ssrd_strd_t2m_tp_u10_v10_1950_02.grib...
2026-01-04T12:28:23+0100 - multiurl.base - INFO - Downloading https://object-store.os-api.cci2.ecmwf.int:443/cci2-prod-cache-3/2026-01-03/f245e7ec43e3c913c2dbc3b79b7a0dad.grib
2026-01-04T12:29:00+0100 - era5land_to_datm.download - INFO - Results ready for remote with id 0625d555-f1c0-4db6-8c26-e06df4dbafe0; downloading to /cluster/shared/noresm/inputdata/cicero_mods/ERA5-Land_NorSink/original_GRIB_NorwayRect/era5land_d2m_sp_ssrd_strd_t2m_tp_u10_v10_1950_01.grib...
2026-01-04T12:29:00+0100 - multiurl.base - INFO - Downloading https://object-store.os-api.cci2.ecmwf.int:443/cci2-prod-cache-3/2026-01-03/48e68dfdcf0d14a88a210fcbbd714b7a.grib
2026-01-04T12:29:08+0100 - era5land_to_datm.download - WARNING - Remote with id 76ddb59e-e5cf-49dc-b22c-79c88be327eb has status "failed"; skipping download.
2026-01-04T12:29:08+0100 - era5land_to_datm.download - WARNING - Remote with id 6d7dd294-5ddd-421a-bb7f-091f554ed85b has status "failed"; skipping download.
2026-01-04T12:29:08+0100 - era5land_to_datm.download - WARNING - Remote with id 29e08862-5131-4881-bb1e-d590cc0238e9 has status "failed"; skipping download.
2026-01-04T12:29:09+0100 - era5land_to_datm.download - WARNING - Remote with id 354a3521-5a86-4d62-bec9-382fd5617511 has status "failed"; skipping download.
2026-01-04T12:29:09+0100 - era5land_to_datm.download - WARNING - Remote with id c02e568d-8306-475e-a8b4-944dbf95c48e has status "failed"; skipping download.
2026-01-04T12:29:09+0100 - era5land_to_datm.download - WARNING - Remote with id aa5dae3a-9aea-48b1-a6e8-e68ddd15f937 has status "failed"; skipping download.
2026-01-04T12:29:09+0100 - era5land_to_datm.download - WARNING - Remote with id 8f310761-48f6-4979-ac1e-1068e272b746 has status "failed"; skipping download.
2026-01-04T12:29:09+0100 - era5land_to_datm.download - WARNING - Remote with id 5a1d47f0-d7cb-4832-8939-0da674bac750 has status "failed"; skipping download.
2026-01-04T12:29:09+0100 - era5land_to_datm.download - WARNING - Remote with id 9a4645b0-2b0f-40d0-aa3e-38168de40230 has status "failed"; skipping download.
2026-01-04T12:29:09+0100 - era5land_to_datm.download - WARNING - Remote with id 93f26cc2-3587-40fd-ad8f-ef4247e62772 has status "failed"; skipping download.
2026-01-04T12:29:09+0100 - era5land_to_datm.download - WARNING - Remote with id 6825c219-dedf-4c05-96fd-7dc4e1b3a0f1 has status "failed"; skipping download.
2026-01-04T12:29:09+0100 - era5land_to_datm.download - WARNING - Remote with id 3ecb023d-79b3-4116-9dbc-6ec0af03222e has status "failed"; skipping download.
2026-01-04T12:29:09+0100 - era5land_to_datm.download - WARNING - Remote with id b5bbdaad-6bbe-4485-8e5e-cf9adc3ed532 has status "failed"; skipping download.
2026-01-04T12:29:09+0100 - era5land_to_datm.download - WARNING - Remote with id efe54a2a-1a80-4e8f-a57b-ac214540de01 has status "failed"; skipping download.
2026-01-04T12:29:09+0100 - era5land_to_datm.download - WARNING - Remote with id 75bd798e-e4ee-4b9a-a62f-596c8f12c33c has status "failed"; skipping download.
2026-01-04T12:29:10+0100 - era5land_to_datm.download - WARNING - Remote with id 619563a9-9dea-45b2-abee-c3985edab199 has status "failed"; skipping download.
2026-01-04T12:29:10+0100 - era5land_to_datm.download - WARNING - Remote with id 5382bf14-efc1-456b-8f3b-ffcedafa143e has status "failed"; skipping download.
2026-01-04T12:29:10+0100 - era5land_to_datm.download - WARNING - Remote with id 2fade56f-601d-4a00-aa09-9551d78c4f05 has status "failed"; skipping download.
2026-01-04T12:29:10+0100 - era5land_to_datm.download - WARNING - Remote with id 47f29794-7ad3-4bf3-afa6-b36d3d901ecc has status "failed"; skipping download.
2026-01-04T12:29:10+0100 - era5land_to_datm.download - WARNING - Remote with id b92dea50-50a3-4b4f-a026-8a09f606771a has status "failed"; skipping download.
2026-01-04T12:29:10+0100 - era5land_to_datm.download - WARNING - Remote with id 29aad85c-3fd2-4cf0-a0a7-2ca8f4592afe has status "failed"; skipping download.
2026-01-04T12:29:10+0100 - era5land_to_datm.download - WARNING - Remote with id 525e584a-e5a7-452e-9a0b-76fd29f2dc38 has status "failed"; skipping download.
2026-01-04T12:29:10+0100 - era5land_to_datm.download - WARNING - Remote with id a2577227-9acf-433c-9a65-14b47f56bf40 has status "failed"; skipping download.
2026-01-04T12:29:10+0100 - era5land_to_datm.download - WARNING - Remote with id bdd2f5d9-1a31-4850-aa34-3f28c6c02434 has status "failed"; skipping download.
2026-01-04T12:38:02+0100 - root - INFO - Deleting downloaded remotes...
2026-01-04T12:38:02+0100 - root - INFO - Deleting Remote with id 3cacc539-65c2-4b28-98ea-86944ca1b417 for 1951-12 after downloading file /cluster/shared/noresm/inputdata/cicero_mods/ERA5-Land_NorSink/original_GRIB_NorwayRect/era5land_d2m_sp_ssrd_strd_t2m_tp_u10_v10_1951_12.grib...
2026-01-04T12:38:04+0100 - root - INFO - Deleting Remote with id 470a7754-8b97-45d3-8328-397819a1060b for 1951-11 after downloading file /cluster/shared/noresm/inputdata/cicero_mods/ERA5-Land_NorSink/original_GRIB_NorwayRect/era5land_d2m_sp_ssrd_strd_t2m_tp_u10_v10_1951_11.grib...
2026-01-04T12:38:05+0100 - root - INFO - Deleting Remote with id 633a4668-777b-4696-8c30-c02a400e9d64 for 1951-10 after downloading file /cluster/shared/noresm/inputdata/cicero_mods/ERA5-Land_NorSink/original_GRIB_NorwayRect/era5land_d2m_sp_ssrd_strd_t2m_tp_u10_v10_1951_10.grib...
2026-01-04T12:38:05+0100 - root - INFO - Deleting Remote with id 9bdfae12-9e32-4ce7-bc65-8faeed1ae526 for 1951-09 after downloading file /cluster/shared/noresm/inputdata/cicero_mods/ERA5-Land_NorSink/original_GRIB_NorwayRect/era5land_d2m_sp_ssrd_strd_t2m_tp_u10_v10_1951_09.grib...
2026-01-04T12:38:06+0100 - root - INFO - Deleting Remote with id b197302e-99e6-45c4-b7dc-43bbec28adc6 for 1951-08 after downloading file /cluster/shared/noresm/inputdata/cicero_mods/ERA5-Land_NorSink/original_GRIB_NorwayRect/era5land_d2m_sp_ssrd_strd_t2m_tp_u10_v10_1951_08.grib...
2026-01-04T12:38:07+0100 - root - INFO - Deleting Remote with id 71d208db-0341-474a-9351-741aece57867 for 1951-07 after downloading file /cluster/shared/noresm/inputdata/cicero_mods/ERA5-Land_NorSink/original_GRIB_NorwayRect/era5land_d2m_sp_ssrd_strd_t2m_tp_u10_v10_1951_07.grib...
2026-01-04T12:38:07+0100 - root - INFO - Deleting Remote with id a5372584-7597-4919-8ba6-3b3f6b4067d9 for 1951-06 after downloading file /cluster/shared/noresm/inputdata/cicero_mods/ERA5-Land_NorSink/original_GRIB_NorwayRect/era5land_d2m_sp_ssrd_strd_t2m_tp_u10_v10_1951_06.grib...
2026-01-04T12:38:08+0100 - root - INFO - Deleting Remote with id d574b6cc-1a8a-4897-a636-7041bb0b3643 for 1951-05 after downloading file /cluster/shared/noresm/inputdata/cicero_mods/ERA5-Land_NorSink/original_GRIB_NorwayRect/era5land_d2m_sp_ssrd_strd_t2m_tp_u10_v10_1951_05.grib...
2026-01-04T12:38:08+0100 - root - INFO - Deleting Remote with id 0a567890-3970-42b1-9fdc-83c46d9cbfe7 for 1951-04 after downloading file /cluster/shared/noresm/inputdata/cicero_mods/ERA5-Land_NorSink/original_GRIB_NorwayRect/era5land_d2m_sp_ssrd_strd_t2m_tp_u10_v10_1951_04.grib...
2026-01-04T12:38:09+0100 - root - INFO - Deleting Remote with id 0923bef1-204e-4b14-8d91-872c55738456 for 1951-03 after downloading file /cluster/shared/noresm/inputdata/cicero_mods/ERA5-Land_NorSink/original_GRIB_NorwayRect/era5land_d2m_sp_ssrd_strd_t2m_tp_u10_v10_1951_03.grib...
2026-01-04T12:38:10+0100 - root - INFO - Deleting Remote with id c258ddf3-babc-4a61-baf5-47d2aedc9e40 for 1951-02 after downloading file /cluster/shared/noresm/inputdata/cicero_mods/ERA5-Land_NorSink/original_GRIB_NorwayRect/era5land_d2m_sp_ssrd_strd_t2m_tp_u10_v10_1951_02.grib...
2026-01-04T12:38:10+0100 - root - INFO - Deleting Remote with id b970d02e-4d15-48a4-a485-9de092274fdb for 1951-01 after downloading file /cluster/shared/noresm/inputdata/cicero_mods/ERA5-Land_NorSink/original_GRIB_NorwayRect/era5land_d2m_sp_ssrd_strd_t2m_tp_u10_v10_1951_01.grib...
2026-01-04T12:38:11+0100 - root - INFO - Deleting Remote with id 3659e1d1-06f9-4868-a227-b901f60bcd65 for 1950-12 after downloading file /cluster/shared/noresm/inputdata/cicero_mods/ERA5-Land_NorSink/original_GRIB_NorwayRect/era5land_d2m_sp_ssrd_strd_t2m_tp_u10_v10_1950_12.grib...
2026-01-04T12:38:11+0100 - root - INFO - Deleting Remote with id c1c9f417-070a-42cc-8766-8320e6e7255c for 1950-11 after downloading file /cluster/shared/noresm/inputdata/cicero_mods/ERA5-Land_NorSink/original_GRIB_NorwayRect/era5land_d2m_sp_ssrd_strd_t2m_tp_u10_v10_1950_11.grib...
2026-01-04T12:38:12+0100 - root - INFO - Deleting Remote with id 0915e6b9-f96c-45c1-8470-74f079c6adb9 for 1950-10 after downloading file /cluster/shared/noresm/inputdata/cicero_mods/ERA5-Land_NorSink/original_GRIB_NorwayRect/era5land_d2m_sp_ssrd_strd_t2m_tp_u10_v10_1950_10.grib...
2026-01-04T12:38:13+0100 - root - INFO - Deleting Remote with id 66149419-e53e-483f-91d4-dcce33450a86 for 1950-09 after downloading file /cluster/shared/noresm/inputdata/cicero_mods/ERA5-Land_NorSink/original_GRIB_NorwayRect/era5land_d2m_sp_ssrd_strd_t2m_tp_u10_v10_1950_09.grib...
2026-01-04T12:38:13+0100 - root - INFO - Deleting Remote with id c29aad4d-2d62-474e-b0e1-a1c972fd0a41 for 1950-08 after downloading file /cluster/shared/noresm/inputdata/cicero_mods/ERA5-Land_NorSink/original_GRIB_NorwayRect/era5land_d2m_sp_ssrd_strd_t2m_tp_u10_v10_1950_08.grib...
2026-01-04T12:38:14+0100 - root - INFO - Deleting Remote with id f03d6a2e-a09d-40a0-b8d6-02ca74879e13 for 1950-07 after downloading file /cluster/shared/noresm/inputdata/cicero_mods/ERA5-Land_NorSink/original_GRIB_NorwayRect/era5land_d2m_sp_ssrd_strd_t2m_tp_u10_v10_1950_07.grib...
2026-01-04T12:38:14+0100 - root - INFO - Deleting Remote with id e4d14caf-e685-43b7-bb16-93ecf135de89 for 1950-06 after downloading file /cluster/shared/noresm/inputdata/cicero_mods/ERA5-Land_NorSink/original_GRIB_NorwayRect/era5land_d2m_sp_ssrd_strd_t2m_tp_u10_v10_1950_06.grib...
2026-01-04T12:38:15+0100 - root - INFO - Deleting Remote with id f7150ed5-2d1e-421f-9bf0-1a05112ec965 for 1950-05 after downloading file /cluster/shared/noresm/inputdata/cicero_mods/ERA5-Land_NorSink/original_GRIB_NorwayRect/era5land_d2m_sp_ssrd_strd_t2m_tp_u10_v10_1950_05.grib...
2026-01-04T12:38:16+0100 - root - INFO - Deleting Remote with id b9c19867-d883-40ef-991d-6ab0415ca186 for 1950-04 after downloading file /cluster/shared/noresm/inputdata/cicero_mods/ERA5-Land_NorSink/original_GRIB_NorwayRect/era5land_d2m_sp_ssrd_strd_t2m_tp_u10_v10_1950_04.grib...
2026-01-04T12:38:16+0100 - root - INFO - Deleting Remote with id c4b3463e-c9f3-491c-88ab-b56eacacec09 for 1950-03 after downloading file /cluster/shared/noresm/inputdata/cicero_mods/ERA5-Land_NorSink/original_GRIB_NorwayRect/era5land_d2m_sp_ssrd_strd_t2m_tp_u10_v10_1950_03.grib...
2026-01-04T12:38:17+0100 - root - INFO - Deleting Remote with id d3006db9-66fe-4837-8abd-62d386eb521a for 1950-02 after downloading file /cluster/shared/noresm/inputdata/cicero_mods/ERA5-Land_NorSink/original_GRIB_NorwayRect/era5land_d2m_sp_ssrd_strd_t2m_tp_u10_v10_1950_02.grib...
2026-01-04T12:38:17+0100 - root - INFO - Deleting Remote with id 0625d555-f1c0-4db6-8c26-e06df4dbafe0 for 1950-01 after downloading file /cluster/shared/noresm/inputdata/cicero_mods/ERA5-Land_NorSink/original_GRIB_NorwayRect/era5land_d2m_sp_ssrd_strd_t2m_tp_u10_v10_1950_01.grib...
