2025-12-09T07:30:22+0100 - root - INFO - Logger initialized.
2025-12-09T07:30:22+0100 - root - INFO - Logging to file: /cluster/home/janko/src/era5land_to_datm/scripts/era5land_to_datm_script_20251209T063022.log
2025-12-09T07:30:24+0100 - ecmwf.datastores.processing - INFO - [2025-12-03T00:00:00Z] To improve our C3S service, we need to hear from you! Please complete this very short [survey](https://confluence.ecmwf.int/x/E7uBEQ/). Thank you.
2025-12-09T07:30:24+0100 - era5land_to_datm.download - INFO - Received 18 request IDs from server.
2025-12-09T07:30:24+0100 - era5land_to_datm.download - INFO - Retrieving Remote for request ID dc43b816-486b-41fe-89a3-b9dc107c9ec5 (1/18)...
2025-12-09T07:30:25+0100 - ecmwf.datastores.processing - INFO - Request ID is dc43b816-486b-41fe-89a3-b9dc107c9ec5
2025-12-09T07:30:25+0100 - ecmwf.datastores.processing - INFO - Request ID is dc43b816-486b-41fe-89a3-b9dc107c9ec5
2025-12-09T07:30:25+0100 - era5land_to_datm.download - INFO - Sleeping for 0.5 seconds before next call...
2025-12-09T07:30:26+0100 - era5land_to_datm.download - INFO - Retrieving Remote for request ID df3c698a-ff9b-4079-b339-caab19584531 (2/18)...
2025-12-09T07:30:26+0100 - ecmwf.datastores.processing - INFO - Request ID is df3c698a-ff9b-4079-b339-caab19584531
2025-12-09T07:30:26+0100 - ecmwf.datastores.processing - INFO - Request ID is df3c698a-ff9b-4079-b339-caab19584531
2025-12-09T07:30:26+0100 - era5land_to_datm.download - INFO - Sleeping for 0.5 seconds before next call...
2025-12-09T07:30:26+0100 - era5land_to_datm.download - INFO - Retrieving Remote for request ID 6832445d-f6f5-417e-82ab-17aa3f2e9f5b (3/18)...
2025-12-09T07:30:26+0100 - ecmwf.datastores.processing - INFO - Request ID is 6832445d-f6f5-417e-82ab-17aa3f2e9f5b
2025-12-09T07:30:26+0100 - ecmwf.datastores.processing - INFO - Request ID is 6832445d-f6f5-417e-82ab-17aa3f2e9f5b
2025-12-09T07:30:26+0100 - era5land_to_datm.download - INFO - Sleeping for 0.5 seconds before next call...
2025-12-09T07:30:27+0100 - era5land_to_datm.download - INFO - Retrieving Remote for request ID a74d607e-a275-49d6-b997-5d2605b8a7fc (4/18)...
2025-12-09T07:30:27+0100 - ecmwf.datastores.processing - INFO - Request ID is a74d607e-a275-49d6-b997-5d2605b8a7fc
2025-12-09T07:30:27+0100 - ecmwf.datastores.processing - INFO - Request ID is a74d607e-a275-49d6-b997-5d2605b8a7fc
2025-12-09T07:30:27+0100 - era5land_to_datm.download - INFO - Sleeping for 0.5 seconds before next call...
2025-12-09T07:30:27+0100 - era5land_to_datm.download - INFO - Retrieving Remote for request ID f8e8a360-2559-4e38-aec2-c83512f05bba (5/18)...
2025-12-09T07:30:28+0100 - ecmwf.datastores.processing - INFO - Request ID is f8e8a360-2559-4e38-aec2-c83512f05bba
2025-12-09T07:30:28+0100 - ecmwf.datastores.processing - INFO - Request ID is f8e8a360-2559-4e38-aec2-c83512f05bba
2025-12-09T07:30:28+0100 - era5land_to_datm.download - INFO - Sleeping for 0.5 seconds before next call...
2025-12-09T07:30:28+0100 - era5land_to_datm.download - INFO - Retrieving Remote for request ID 49b44c9c-f960-4887-a72a-bddb69a8123e (6/18)...
2025-12-09T07:30:29+0100 - ecmwf.datastores.processing - INFO - Request ID is 49b44c9c-f960-4887-a72a-bddb69a8123e
2025-12-09T07:30:29+0100 - ecmwf.datastores.processing - INFO - Request ID is 49b44c9c-f960-4887-a72a-bddb69a8123e
2025-12-09T07:30:29+0100 - era5land_to_datm.download - INFO - Sleeping for 0.5 seconds before next call...
2025-12-09T07:30:29+0100 - era5land_to_datm.download - INFO - Retrieving Remote for request ID b794c638-1fb2-493c-9da6-35380ad2465d (7/18)...
2025-12-09T07:30:29+0100 - ecmwf.datastores.processing - INFO - Request ID is b794c638-1fb2-493c-9da6-35380ad2465d
2025-12-09T07:30:29+0100 - ecmwf.datastores.processing - INFO - Request ID is b794c638-1fb2-493c-9da6-35380ad2465d
2025-12-09T07:30:29+0100 - era5land_to_datm.download - INFO - Sleeping for 0.5 seconds before next call...
2025-12-09T07:30:30+0100 - era5land_to_datm.download - INFO - Retrieving Remote for request ID e5a0914a-37d4-4b00-b81b-3ce81914f41c (8/18)...
2025-12-09T07:30:30+0100 - ecmwf.datastores.processing - INFO - Request ID is e5a0914a-37d4-4b00-b81b-3ce81914f41c
2025-12-09T07:30:30+0100 - ecmwf.datastores.processing - INFO - Request ID is e5a0914a-37d4-4b00-b81b-3ce81914f41c
2025-12-09T07:30:30+0100 - era5land_to_datm.download - INFO - Sleeping for 0.5 seconds before next call...
2025-12-09T07:30:30+0100 - era5land_to_datm.download - INFO - Retrieving Remote for request ID ce109c65-a5e1-4614-8835-fd9bfda00b74 (9/18)...
2025-12-09T07:30:30+0100 - ecmwf.datastores.processing - INFO - Request ID is ce109c65-a5e1-4614-8835-fd9bfda00b74
2025-12-09T07:30:30+0100 - ecmwf.datastores.processing - INFO - Request ID is ce109c65-a5e1-4614-8835-fd9bfda00b74
2025-12-09T07:30:30+0100 - era5land_to_datm.download - INFO - Sleeping for 0.5 seconds before next call...
2025-12-09T07:30:31+0100 - era5land_to_datm.download - INFO - Retrieving Remote for request ID c4745bb7-3ef9-4ceb-a86e-ff933cbd4274 (10/18)...
2025-12-09T07:30:31+0100 - ecmwf.datastores.processing - INFO - Request ID is c4745bb7-3ef9-4ceb-a86e-ff933cbd4274
2025-12-09T07:30:31+0100 - ecmwf.datastores.processing - INFO - Request ID is c4745bb7-3ef9-4ceb-a86e-ff933cbd4274
2025-12-09T07:30:31+0100 - era5land_to_datm.download - INFO - Sleeping for 0.5 seconds before next call...
2025-12-09T07:30:31+0100 - era5land_to_datm.download - INFO - Retrieving Remote for request ID f0853b54-165d-4c6e-b992-7a42ec7e35ba (11/18)...
2025-12-09T07:30:31+0100 - ecmwf.datastores.processing - INFO - Request ID is f0853b54-165d-4c6e-b992-7a42ec7e35ba
2025-12-09T07:30:31+0100 - ecmwf.datastores.processing - INFO - Request ID is f0853b54-165d-4c6e-b992-7a42ec7e35ba
2025-12-09T07:30:31+0100 - era5land_to_datm.download - INFO - Sleeping for 0.5 seconds before next call...
2025-12-09T07:30:32+0100 - era5land_to_datm.download - INFO - Retrieving Remote for request ID 89be7916-19d9-46d1-b7ff-5bb0fdc174c1 (12/18)...
2025-12-09T07:30:32+0100 - ecmwf.datastores.processing - INFO - Request ID is 89be7916-19d9-46d1-b7ff-5bb0fdc174c1
2025-12-09T07:30:32+0100 - ecmwf.datastores.processing - INFO - Request ID is 89be7916-19d9-46d1-b7ff-5bb0fdc174c1
2025-12-09T07:30:32+0100 - era5land_to_datm.download - INFO - Sleeping for 0.5 seconds before next call...
2025-12-09T07:30:33+0100 - era5land_to_datm.download - INFO - Retrieving Remote for request ID 15b1eb4b-cb65-43d7-80be-bb4710ba2565 (13/18)...
2025-12-09T07:30:33+0100 - ecmwf.datastores.processing - INFO - Request ID is 15b1eb4b-cb65-43d7-80be-bb4710ba2565
2025-12-09T07:30:33+0100 - ecmwf.datastores.processing - INFO - Request ID is 15b1eb4b-cb65-43d7-80be-bb4710ba2565
2025-12-09T07:30:33+0100 - era5land_to_datm.download - INFO - Sleeping for 0.5 seconds before next call...
2025-12-09T07:30:33+0100 - era5land_to_datm.download - INFO - Retrieving Remote for request ID 76552e47-6670-4e56-becf-646638c7d920 (14/18)...
2025-12-09T07:30:33+0100 - ecmwf.datastores.processing - INFO - Request ID is 76552e47-6670-4e56-becf-646638c7d920
2025-12-09T07:30:33+0100 - ecmwf.datastores.processing - INFO - Request ID is 76552e47-6670-4e56-becf-646638c7d920
2025-12-09T07:30:33+0100 - era5land_to_datm.download - INFO - Sleeping for 0.5 seconds before next call...
2025-12-09T07:30:34+0100 - era5land_to_datm.download - INFO - Retrieving Remote for request ID a6a7c311-5eb4-45c2-9ad2-6733bb91f2c6 (15/18)...
2025-12-09T07:30:34+0100 - ecmwf.datastores.processing - INFO - Request ID is a6a7c311-5eb4-45c2-9ad2-6733bb91f2c6
2025-12-09T07:30:34+0100 - ecmwf.datastores.processing - INFO - Request ID is a6a7c311-5eb4-45c2-9ad2-6733bb91f2c6
2025-12-09T07:30:34+0100 - era5land_to_datm.download - INFO - Sleeping for 0.5 seconds before next call...
2025-12-09T07:30:34+0100 - era5land_to_datm.download - INFO - Retrieving Remote for request ID 42326d44-6b75-4f87-ae8b-d5b8f45d2b34 (16/18)...
2025-12-09T07:30:34+0100 - ecmwf.datastores.processing - INFO - Request ID is 42326d44-6b75-4f87-ae8b-d5b8f45d2b34
2025-12-09T07:30:34+0100 - ecmwf.datastores.processing - INFO - Request ID is 42326d44-6b75-4f87-ae8b-d5b8f45d2b34
2025-12-09T07:30:34+0100 - era5land_to_datm.download - INFO - Sleeping for 0.5 seconds before next call...
2025-12-09T07:30:35+0100 - era5land_to_datm.download - INFO - Retrieving Remote for request ID 5e4434b2-3bfc-420e-a5b5-0f17c7c1541d (17/18)...
2025-12-09T07:30:35+0100 - ecmwf.datastores.processing - INFO - Request ID is 5e4434b2-3bfc-420e-a5b5-0f17c7c1541d
2025-12-09T07:30:35+0100 - ecmwf.datastores.processing - INFO - Request ID is 5e4434b2-3bfc-420e-a5b5-0f17c7c1541d
2025-12-09T07:30:35+0100 - era5land_to_datm.download - INFO - Sleeping for 0.5 seconds before next call...
2025-12-09T07:30:35+0100 - era5land_to_datm.download - INFO - Retrieving Remote for request ID 97234024-9a45-410a-a5f5-445f41065f2b (18/18)...
2025-12-09T07:30:35+0100 - ecmwf.datastores.processing - INFO - Request ID is 97234024-9a45-410a-a5f5-445f41065f2b
2025-12-09T07:30:35+0100 - ecmwf.datastores.processing - INFO - Request ID is 97234024-9a45-410a-a5f5-445f41065f2b
2025-12-09T07:30:46+0100 - ecmwf.datastores.processing - INFO - status has been updated to accepted
2025-12-09T07:30:46+0100 - ecmwf.datastores.processing - INFO - status has been updated to accepted
2025-12-09T07:30:46+0100 - ecmwf.datastores.processing - INFO - status has been updated to running
2025-12-09T07:30:46+0100 - ecmwf.datastores.processing - INFO - status has been updated to successful
2025-12-09T07:30:46+0100 - ecmwf.datastores.processing - INFO - status has been updated to successful
2025-12-09T07:30:46+0100 - ecmwf.datastores.processing - INFO - status has been updated to successful
2025-12-09T07:30:46+0100 - ecmwf.datastores.processing - INFO - status has been updated to successful
2025-12-09T07:30:47+0100 - ecmwf.datastores.processing - INFO - status has been updated to successful
2025-12-09T07:30:47+0100 - ecmwf.datastores.processing - INFO - status has been updated to successful
2025-12-09T07:30:47+0100 - ecmwf.datastores.processing - INFO - status has been updated to successful
2025-12-09T07:30:47+0100 - ecmwf.datastores.processing - INFO - status has been updated to successful
2025-12-09T07:30:47+0100 - ecmwf.datastores.processing - INFO - status has been updated to successful
2025-12-09T07:30:47+0100 - ecmwf.datastores.processing - INFO - status has been updated to successful
2025-12-09T07:30:47+0100 - ecmwf.datastores.processing - INFO - status has been updated to successful
2025-12-09T07:30:48+0100 - ecmwf.datastores.processing - INFO - status has been updated to successful
2025-12-09T07:30:48+0100 - ecmwf.datastores.processing - INFO - status has been updated to successful
2025-12-09T07:30:48+0100 - ecmwf.datastores.processing - INFO - status has been updated to successful
2025-12-09T07:30:48+0100 - ecmwf.datastores.processing - INFO - status has been updated to successful
2025-12-09T07:31:11+0100 - era5land_to_datm.download - INFO - No files available yet for remote with id dc43b816-486b-41fe-89a3-b9dc107c9ec5; skipping download.
2025-12-09T07:31:11+0100 - era5land_to_datm.download - INFO - No files available yet for remote with id df3c698a-ff9b-4079-b339-caab19584531; skipping download.
2025-12-09T07:31:11+0100 - era5land_to_datm.download - INFO - No files available yet for remote with id 6832445d-f6f5-417e-82ab-17aa3f2e9f5b; skipping download.
2025-12-09T07:31:11+0100 - era5land_to_datm.download - INFO - Results ready for remote with id a74d607e-a275-49d6-b997-5d2605b8a7fc; downloading to /cluster/shared/noresm/inputdata/cicero_mods/ERA5-Land_NorSink/original_GRIB_NorwayRect/era5land_d2m_sp_ssrd_strd_t2m_tp_u10_v10_2020_09.grib...
2025-12-09T07:31:12+0100 - multiurl.base - INFO - Downloading https://object-store.os-api.cci2.ecmwf.int:443/cci2-prod-cache-3/2025-12-09/63b2225136b6e348e9b254489d04e938.grib
2025-12-09T07:31:22+0100 - era5land_to_datm.download - INFO - Results ready for remote with id f8e8a360-2559-4e38-aec2-c83512f05bba; downloading to /cluster/shared/noresm/inputdata/cicero_mods/ERA5-Land_NorSink/original_GRIB_NorwayRect/era5land_d2m_sp_ssrd_strd_t2m_tp_u10_v10_2020_08.grib...
2025-12-09T07:31:22+0100 - multiurl.base - INFO - Downloading https://object-store.os-api.cci2.ecmwf.int:443/cci2-prod-cache-3/2025-12-09/b94a2d5e01e919de1288a9defae84f83.grib
2025-12-09T07:31:32+0100 - era5land_to_datm.download - INFO - Results ready for remote with id 49b44c9c-f960-4887-a72a-bddb69a8123e; downloading to /cluster/shared/noresm/inputdata/cicero_mods/ERA5-Land_NorSink/original_GRIB_NorwayRect/era5land_d2m_sp_ssrd_strd_t2m_tp_u10_v10_2020_07.grib...
2025-12-09T07:31:32+0100 - multiurl.base - INFO - Downloading https://object-store.os-api.cci2.ecmwf.int:443/cci2-prod-cache-3/2025-12-09/6ccb92852a89da01046d5e5640722927.grib
2025-12-09T07:31:41+0100 - era5land_to_datm.download - INFO - Results ready for remote with id b794c638-1fb2-493c-9da6-35380ad2465d; downloading to /cluster/shared/noresm/inputdata/cicero_mods/ERA5-Land_NorSink/original_GRIB_NorwayRect/era5land_d2m_sp_ssrd_strd_t2m_tp_u10_v10_2020_06.grib...
2025-12-09T07:31:41+0100 - multiurl.base - INFO - Downloading https://object-store.os-api.cci2.ecmwf.int:443/cci2-prod-cache-1/2025-12-09/426deba468c83d830a97fc3d248b0885.grib
2025-12-09T07:31:56+0100 - era5land_to_datm.download - INFO - Results ready for remote with id e5a0914a-37d4-4b00-b81b-3ce81914f41c; downloading to /cluster/shared/noresm/inputdata/cicero_mods/ERA5-Land_NorSink/original_GRIB_NorwayRect/era5land_d2m_sp_ssrd_strd_t2m_tp_u10_v10_2020_05.grib...
2025-12-09T07:31:56+0100 - multiurl.base - INFO - Downloading https://object-store.os-api.cci2.ecmwf.int:443/cci2-prod-cache-1/2025-12-09/a402c2659569e3f8c264bfe84852ba2c.grib
2025-12-09T07:32:08+0100 - era5land_to_datm.download - INFO - Results ready for remote with id ce109c65-a5e1-4614-8835-fd9bfda00b74; downloading to /cluster/shared/noresm/inputdata/cicero_mods/ERA5-Land_NorSink/original_GRIB_NorwayRect/era5land_d2m_sp_ssrd_strd_t2m_tp_u10_v10_2020_04.grib...
2025-12-09T07:32:08+0100 - multiurl.base - INFO - Downloading https://object-store.os-api.cci2.ecmwf.int:443/cci2-prod-cache-2/2025-12-09/b765d79ad7a13be2e08cd7fa0e0ab739.grib
2025-12-09T07:32:18+0100 - era5land_to_datm.download - INFO - Results ready for remote with id c4745bb7-3ef9-4ceb-a86e-ff933cbd4274; downloading to /cluster/shared/noresm/inputdata/cicero_mods/ERA5-Land_NorSink/original_GRIB_NorwayRect/era5land_d2m_sp_ssrd_strd_t2m_tp_u10_v10_2020_03.grib...
2025-12-09T07:32:18+0100 - multiurl.base - INFO - Downloading https://object-store.os-api.cci2.ecmwf.int:443/cci2-prod-cache-1/2025-12-09/8acce6b39efef7b2e318bbef0cdc0955.grib
2025-12-09T07:32:27+0100 - era5land_to_datm.download - INFO - Results ready for remote with id f0853b54-165d-4c6e-b992-7a42ec7e35ba; downloading to /cluster/shared/noresm/inputdata/cicero_mods/ERA5-Land_NorSink/original_GRIB_NorwayRect/era5land_d2m_sp_ssrd_strd_t2m_tp_u10_v10_2020_02.grib...
2025-12-09T07:32:27+0100 - multiurl.base - INFO - Downloading https://object-store.os-api.cci2.ecmwf.int:443/cci2-prod-cache-1/2025-12-09/9ad3c063806468a86a0491df6718238f.grib
2025-12-09T07:32:35+0100 - era5land_to_datm.download - INFO - Results ready for remote with id 89be7916-19d9-46d1-b7ff-5bb0fdc174c1; downloading to /cluster/shared/noresm/inputdata/cicero_mods/ERA5-Land_NorSink/original_GRIB_NorwayRect/era5land_d2m_sp_ssrd_strd_t2m_tp_u10_v10_2020_01.grib...
2025-12-09T07:32:35+0100 - multiurl.base - INFO - Downloading https://object-store.os-api.cci2.ecmwf.int:443/cci2-prod-cache-3/2025-12-09/9456ccba1422dd007d89f8ce72bd12d6.grib
2025-12-09T07:32:43+0100 - era5land_to_datm.download - INFO - Results ready for remote with id 15b1eb4b-cb65-43d7-80be-bb4710ba2565; downloading to /cluster/shared/noresm/inputdata/cicero_mods/ERA5-Land_NorSink/original_GRIB_NorwayRect/era5land_d2m_sp_ssrd_strd_t2m_tp_u10_v10_2024_12.grib...
2025-12-09T07:32:44+0100 - multiurl.base - INFO - Downloading https://object-store.os-api.cci2.ecmwf.int:443/cci2-prod-cache-2/2025-12-09/bff36c097dfd9cb58478ce97864c143f.grib
2025-12-09T07:32:52+0100 - era5land_to_datm.download - INFO - Results ready for remote with id 76552e47-6670-4e56-becf-646638c7d920; downloading to /cluster/shared/noresm/inputdata/cicero_mods/ERA5-Land_NorSink/original_GRIB_NorwayRect/era5land_d2m_sp_ssrd_strd_t2m_tp_u10_v10_2024_11.grib...
2025-12-09T07:32:52+0100 - multiurl.base - INFO - Downloading https://object-store.os-api.cci2.ecmwf.int:443/cci2-prod-cache-3/2025-12-09/b45dd8ff28106cc55cc163f8042cf067.grib
2025-12-09T07:33:03+0100 - era5land_to_datm.download - INFO - Results ready for remote with id a6a7c311-5eb4-45c2-9ad2-6733bb91f2c6; downloading to /cluster/shared/noresm/inputdata/cicero_mods/ERA5-Land_NorSink/original_GRIB_NorwayRect/era5land_d2m_sp_ssrd_strd_t2m_tp_u10_v10_2024_10.grib...
2025-12-09T07:33:03+0100 - multiurl.base - INFO - Downloading https://object-store.os-api.cci2.ecmwf.int:443/cci2-prod-cache-1/2025-12-09/62c405f87559547077924f9f1a62477c.grib
2025-12-09T07:33:22+0100 - era5land_to_datm.download - INFO - Results ready for remote with id 42326d44-6b75-4f87-ae8b-d5b8f45d2b34; downloading to /cluster/shared/noresm/inputdata/cicero_mods/ERA5-Land_NorSink/original_GRIB_NorwayRect/era5land_d2m_sp_ssrd_strd_t2m_tp_u10_v10_2024_09.grib...
2025-12-09T07:33:22+0100 - multiurl.base - INFO - Downloading https://object-store.os-api.cci2.ecmwf.int:443/cci2-prod-cache-1/2025-12-09/52ab7f9eceaa19187a15d1b3775e2e3.grib
2025-12-09T07:33:31+0100 - era5land_to_datm.download - INFO - Results ready for remote with id 5e4434b2-3bfc-420e-a5b5-0f17c7c1541d; downloading to /cluster/shared/noresm/inputdata/cicero_mods/ERA5-Land_NorSink/original_GRIB_NorwayRect/era5land_d2m_sp_ssrd_strd_t2m_tp_u10_v10_2024_08.grib...
2025-12-09T07:33:31+0100 - multiurl.base - INFO - Downloading https://object-store.os-api.cci2.ecmwf.int:443/cci2-prod-cache-1/2025-12-08/6cc221603b63cd11f36ff15247e6a61b.grib
2025-12-09T07:33:40+0100 - era5land_to_datm.download - INFO - Results ready for remote with id 97234024-9a45-410a-a5f5-445f41065f2b; downloading to /cluster/shared/noresm/inputdata/cicero_mods/ERA5-Land_NorSink/original_GRIB_NorwayRect/era5land_d2m_sp_ssrd_strd_t2m_tp_u10_v10_2024_07.grib...
2025-12-09T07:33:40+0100 - multiurl.base - INFO - Downloading https://object-store.os-api.cci2.ecmwf.int:443/cci2-prod-cache-1/2025-12-08/bc5b3cc54158135143fd5bebbef73158.grib
2025-12-09T07:35:05+0100 - root - INFO - Deleting downloaded remotes...
2025-12-09T07:35:05+0100 - root - INFO - Deleting Remote with id a74d607e-a275-49d6-b997-5d2605b8a7fc for 2020-09 after downloading file /cluster/shared/noresm/inputdata/cicero_mods/ERA5-Land_NorSink/original_GRIB_NorwayRect/era5land_d2m_sp_ssrd_strd_t2m_tp_u10_v10_2020_09.grib...
2025-12-09T07:35:07+0100 - root - INFO - Deleting Remote with id f8e8a360-2559-4e38-aec2-c83512f05bba for 2020-08 after downloading file /cluster/shared/noresm/inputdata/cicero_mods/ERA5-Land_NorSink/original_GRIB_NorwayRect/era5land_d2m_sp_ssrd_strd_t2m_tp_u10_v10_2020_08.grib...
2025-12-09T07:35:07+0100 - root - INFO - Deleting Remote with id 49b44c9c-f960-4887-a72a-bddb69a8123e for 2020-07 after downloading file /cluster/shared/noresm/inputdata/cicero_mods/ERA5-Land_NorSink/original_GRIB_NorwayRect/era5land_d2m_sp_ssrd_strd_t2m_tp_u10_v10_2020_07.grib...
2025-12-09T07:35:08+0100 - root - INFO - Deleting Remote with id b794c638-1fb2-493c-9da6-35380ad2465d for 2020-06 after downloading file /cluster/shared/noresm/inputdata/cicero_mods/ERA5-Land_NorSink/original_GRIB_NorwayRect/era5land_d2m_sp_ssrd_strd_t2m_tp_u10_v10_2020_06.grib...
2025-12-09T07:35:09+0100 - root - INFO - Deleting Remote with id e5a0914a-37d4-4b00-b81b-3ce81914f41c for 2020-05 after downloading file /cluster/shared/noresm/inputdata/cicero_mods/ERA5-Land_NorSink/original_GRIB_NorwayRect/era5land_d2m_sp_ssrd_strd_t2m_tp_u10_v10_2020_05.grib...
2025-12-09T07:35:09+0100 - root - INFO - Deleting Remote with id ce109c65-a5e1-4614-8835-fd9bfda00b74 for 2020-04 after downloading file /cluster/shared/noresm/inputdata/cicero_mods/ERA5-Land_NorSink/original_GRIB_NorwayRect/era5land_d2m_sp_ssrd_strd_t2m_tp_u10_v10_2020_04.grib...
2025-12-09T07:35:11+0100 - root - INFO - Deleting Remote with id c4745bb7-3ef9-4ceb-a86e-ff933cbd4274 for 2020-03 after downloading file /cluster/shared/noresm/inputdata/cicero_mods/ERA5-Land_NorSink/original_GRIB_NorwayRect/era5land_d2m_sp_ssrd_strd_t2m_tp_u10_v10_2020_03.grib...
2025-12-09T07:35:12+0100 - root - INFO - Deleting Remote with id f0853b54-165d-4c6e-b992-7a42ec7e35ba for 2020-02 after downloading file /cluster/shared/noresm/inputdata/cicero_mods/ERA5-Land_NorSink/original_GRIB_NorwayRect/era5land_d2m_sp_ssrd_strd_t2m_tp_u10_v10_2020_02.grib...
2025-12-09T07:35:13+0100 - root - INFO - Deleting Remote with id 89be7916-19d9-46d1-b7ff-5bb0fdc174c1 for 2020-01 after downloading file /cluster/shared/noresm/inputdata/cicero_mods/ERA5-Land_NorSink/original_GRIB_NorwayRect/era5land_d2m_sp_ssrd_strd_t2m_tp_u10_v10_2020_01.grib...
2025-12-09T07:35:13+0100 - root - INFO - Deleting Remote with id 15b1eb4b-cb65-43d7-80be-bb4710ba2565 for 2024-12 after downloading file /cluster/shared/noresm/inputdata/cicero_mods/ERA5-Land_NorSink/original_GRIB_NorwayRect/era5land_d2m_sp_ssrd_strd_t2m_tp_u10_v10_2024_12.grib...
2025-12-09T07:35:14+0100 - root - INFO - Deleting Remote with id 76552e47-6670-4e56-becf-646638c7d920 for 2024-11 after downloading file /cluster/shared/noresm/inputdata/cicero_mods/ERA5-Land_NorSink/original_GRIB_NorwayRect/era5land_d2m_sp_ssrd_strd_t2m_tp_u10_v10_2024_11.grib...
2025-12-09T07:35:14+0100 - root - INFO - Deleting Remote with id a6a7c311-5eb4-45c2-9ad2-6733bb91f2c6 for 2024-10 after downloading file /cluster/shared/noresm/inputdata/cicero_mods/ERA5-Land_NorSink/original_GRIB_NorwayRect/era5land_d2m_sp_ssrd_strd_t2m_tp_u10_v10_2024_10.grib...
2025-12-09T07:35:15+0100 - root - INFO - Deleting Remote with id 42326d44-6b75-4f87-ae8b-d5b8f45d2b34 for 2024-09 after downloading file /cluster/shared/noresm/inputdata/cicero_mods/ERA5-Land_NorSink/original_GRIB_NorwayRect/era5land_d2m_sp_ssrd_strd_t2m_tp_u10_v10_2024_09.grib...
2025-12-09T07:35:16+0100 - root - INFO - Deleting Remote with id 5e4434b2-3bfc-420e-a5b5-0f17c7c1541d for 2024-08 after downloading file /cluster/shared/noresm/inputdata/cicero_mods/ERA5-Land_NorSink/original_GRIB_NorwayRect/era5land_d2m_sp_ssrd_strd_t2m_tp_u10_v10_2024_08.grib...
2025-12-09T07:35:16+0100 - root - INFO - Deleting Remote with id 97234024-9a45-410a-a5f5-445f41065f2b for 2024-07 after downloading file /cluster/shared/noresm/inputdata/cicero_mods/ERA5-Land_NorSink/original_GRIB_NorwayRect/era5land_d2m_sp_ssrd_strd_t2m_tp_u10_v10_2024_07.grib...
2025-12-09T07:35:19+0100 - root - INFO - Deleting remotes for files already present locally...
