2025-12-04T23:16:13+0100 - root - INFO - Logger initialized.
2025-12-04T23:16:13+0100 - root - INFO - Logging to file: /cluster/home/janko/src/era5land_to_datm/scripts/era5land_to_datm_script_20251204T221613.log
2025-12-04T23:16:18+0100 - ecmwf.datastores.processing - INFO - [2025-12-03T00:00:00Z] To improve our C3S service, we need to hear from you! Please complete this very short [survey](https://confluence.ecmwf.int/x/E7uBEQ/). Thank you.
2025-12-04T23:16:18+0100 - era5land_to_datm.download - INFO - Received 17 request IDs from server.
2025-12-04T23:16:18+0100 - era5land_to_datm.download - INFO - Retrieving Remote for request ID fcc73489-a87b-403f-a330-70af2762d3fb (1/17)...
2025-12-04T23:16:18+0100 - ecmwf.datastores.processing - INFO - Request ID is fcc73489-a87b-403f-a330-70af2762d3fb
2025-12-04T23:16:18+0100 - ecmwf.datastores.processing - INFO - Request ID is fcc73489-a87b-403f-a330-70af2762d3fb
2025-12-04T23:16:18+0100 - era5land_to_datm.download - INFO - Sleeping for 0.5 seconds before next call...
2025-12-04T23:16:18+0100 - era5land_to_datm.download - INFO - Retrieving Remote for request ID 96c419ad-32b0-4348-8bef-4b457ce56111 (2/17)...
2025-12-04T23:16:18+0100 - ecmwf.datastores.processing - INFO - Request ID is 96c419ad-32b0-4348-8bef-4b457ce56111
2025-12-04T23:16:19+0100 - ecmwf.datastores.processing - INFO - Request ID is 96c419ad-32b0-4348-8bef-4b457ce56111
2025-12-04T23:16:19+0100 - era5land_to_datm.download - INFO - Sleeping for 0.5 seconds before next call...
2025-12-04T23:16:19+0100 - era5land_to_datm.download - INFO - Retrieving Remote for request ID c461a9db-7818-454c-860d-1ef1b1ee0228 (3/17)...
2025-12-04T23:16:19+0100 - ecmwf.datastores.processing - INFO - Request ID is c461a9db-7818-454c-860d-1ef1b1ee0228
2025-12-04T23:16:19+0100 - ecmwf.datastores.processing - INFO - Request ID is c461a9db-7818-454c-860d-1ef1b1ee0228
2025-12-04T23:16:19+0100 - era5land_to_datm.download - INFO - Sleeping for 0.5 seconds before next call...
2025-12-04T23:16:20+0100 - era5land_to_datm.download - INFO - Retrieving Remote for request ID 3323b9a9-9a94-4abf-a3fc-b90d4be8240a (4/17)...
2025-12-04T23:16:20+0100 - ecmwf.datastores.processing - INFO - Request ID is 3323b9a9-9a94-4abf-a3fc-b90d4be8240a
2025-12-04T23:16:20+0100 - ecmwf.datastores.processing - INFO - Request ID is 3323b9a9-9a94-4abf-a3fc-b90d4be8240a
2025-12-04T23:16:20+0100 - era5land_to_datm.download - INFO - Sleeping for 0.5 seconds before next call...
2025-12-04T23:16:20+0100 - era5land_to_datm.download - INFO - Retrieving Remote for request ID 437848e3-41be-4e1f-9944-d1ebbe9c1690 (5/17)...
2025-12-04T23:16:20+0100 - ecmwf.datastores.processing - INFO - Request ID is 437848e3-41be-4e1f-9944-d1ebbe9c1690
2025-12-04T23:16:20+0100 - ecmwf.datastores.processing - INFO - Request ID is 437848e3-41be-4e1f-9944-d1ebbe9c1690
2025-12-04T23:16:20+0100 - era5land_to_datm.download - INFO - Sleeping for 0.5 seconds before next call...
2025-12-04T23:16:21+0100 - era5land_to_datm.download - INFO - Retrieving Remote for request ID a1dfdef8-2ef2-4660-8d8c-a932b3e8a96e (6/17)...
2025-12-04T23:16:21+0100 - ecmwf.datastores.processing - INFO - Request ID is a1dfdef8-2ef2-4660-8d8c-a932b3e8a96e
2025-12-04T23:16:21+0100 - ecmwf.datastores.processing - INFO - Request ID is a1dfdef8-2ef2-4660-8d8c-a932b3e8a96e
2025-12-04T23:16:21+0100 - era5land_to_datm.download - INFO - Sleeping for 0.5 seconds before next call...
2025-12-04T23:16:22+0100 - era5land_to_datm.download - INFO - Retrieving Remote for request ID b7471044-70e9-409d-a630-b58ecaa6cb09 (7/17)...
2025-12-04T23:16:22+0100 - ecmwf.datastores.processing - INFO - Request ID is b7471044-70e9-409d-a630-b58ecaa6cb09
2025-12-04T23:16:22+0100 - ecmwf.datastores.processing - INFO - Request ID is b7471044-70e9-409d-a630-b58ecaa6cb09
2025-12-04T23:16:22+0100 - era5land_to_datm.download - INFO - Sleeping for 0.5 seconds before next call...
2025-12-04T23:16:22+0100 - era5land_to_datm.download - INFO - Retrieving Remote for request ID 57e13a7f-e604-47bd-ae34-f60f9eb40bbf (8/17)...
2025-12-04T23:16:22+0100 - ecmwf.datastores.processing - INFO - Request ID is 57e13a7f-e604-47bd-ae34-f60f9eb40bbf
2025-12-04T23:16:22+0100 - ecmwf.datastores.processing - INFO - Request ID is 57e13a7f-e604-47bd-ae34-f60f9eb40bbf
2025-12-04T23:16:22+0100 - era5land_to_datm.download - INFO - Sleeping for 0.5 seconds before next call...
2025-12-04T23:16:23+0100 - era5land_to_datm.download - INFO - Retrieving Remote for request ID ce510530-4c82-46b4-b2db-f34a39e06a78 (9/17)...
2025-12-04T23:16:23+0100 - ecmwf.datastores.processing - INFO - Request ID is ce510530-4c82-46b4-b2db-f34a39e06a78
2025-12-04T23:16:23+0100 - ecmwf.datastores.processing - INFO - Request ID is ce510530-4c82-46b4-b2db-f34a39e06a78
2025-12-04T23:16:23+0100 - era5land_to_datm.download - INFO - Sleeping for 0.5 seconds before next call...
2025-12-04T23:16:23+0100 - era5land_to_datm.download - INFO - Retrieving Remote for request ID 942368d5-3dd5-49fe-984b-b1a55db5c6c8 (10/17)...
2025-12-04T23:16:23+0100 - ecmwf.datastores.processing - INFO - Request ID is 942368d5-3dd5-49fe-984b-b1a55db5c6c8
2025-12-04T23:16:23+0100 - ecmwf.datastores.processing - INFO - Request ID is 942368d5-3dd5-49fe-984b-b1a55db5c6c8
2025-12-04T23:16:23+0100 - era5land_to_datm.download - INFO - Sleeping for 0.5 seconds before next call...
2025-12-04T23:16:24+0100 - era5land_to_datm.download - INFO - Retrieving Remote for request ID 4232b7d3-8334-485f-a0b6-1cd11ecae2c3 (11/17)...
2025-12-04T23:16:24+0100 - ecmwf.datastores.processing - INFO - Request ID is 4232b7d3-8334-485f-a0b6-1cd11ecae2c3
2025-12-04T23:16:24+0100 - ecmwf.datastores.processing - INFO - Request ID is 4232b7d3-8334-485f-a0b6-1cd11ecae2c3
2025-12-04T23:16:24+0100 - era5land_to_datm.download - INFO - Sleeping for 0.5 seconds before next call...
2025-12-04T23:16:24+0100 - era5land_to_datm.download - INFO - Retrieving Remote for request ID 2204ee3e-dd08-48c8-ad82-eafaee13964f (12/17)...
2025-12-04T23:16:25+0100 - ecmwf.datastores.processing - INFO - Request ID is 2204ee3e-dd08-48c8-ad82-eafaee13964f
2025-12-04T23:16:25+0100 - ecmwf.datastores.processing - INFO - Request ID is 2204ee3e-dd08-48c8-ad82-eafaee13964f
2025-12-04T23:16:25+0100 - era5land_to_datm.download - INFO - Sleeping for 0.5 seconds before next call...
2025-12-04T23:16:25+0100 - era5land_to_datm.download - INFO - Retrieving Remote for request ID 5efd4581-22ba-4e41-b3ed-8effd867e9e5 (13/17)...
2025-12-04T23:16:25+0100 - ecmwf.datastores.processing - INFO - Request ID is 5efd4581-22ba-4e41-b3ed-8effd867e9e5
2025-12-04T23:16:25+0100 - ecmwf.datastores.processing - INFO - Request ID is 5efd4581-22ba-4e41-b3ed-8effd867e9e5
2025-12-04T23:16:25+0100 - era5land_to_datm.download - INFO - Sleeping for 0.5 seconds before next call...
2025-12-04T23:16:26+0100 - era5land_to_datm.download - INFO - Retrieving Remote for request ID 1779c5d8-6b75-4255-ab5e-837edc16ccfb (14/17)...
2025-12-04T23:16:26+0100 - ecmwf.datastores.processing - INFO - Request ID is 1779c5d8-6b75-4255-ab5e-837edc16ccfb
2025-12-04T23:16:26+0100 - ecmwf.datastores.processing - INFO - Request ID is 1779c5d8-6b75-4255-ab5e-837edc16ccfb
2025-12-04T23:16:26+0100 - era5land_to_datm.download - INFO - Sleeping for 0.5 seconds before next call...
2025-12-04T23:16:26+0100 - era5land_to_datm.download - INFO - Retrieving Remote for request ID 148295dd-0022-4947-9e84-985a2ed979ed (15/17)...
2025-12-04T23:16:26+0100 - ecmwf.datastores.processing - INFO - Request ID is 148295dd-0022-4947-9e84-985a2ed979ed
2025-12-04T23:16:26+0100 - ecmwf.datastores.processing - INFO - Request ID is 148295dd-0022-4947-9e84-985a2ed979ed
2025-12-04T23:16:26+0100 - era5land_to_datm.download - INFO - Sleeping for 0.5 seconds before next call...
2025-12-04T23:16:27+0100 - era5land_to_datm.download - INFO - Retrieving Remote for request ID 094c4782-09c4-4665-90a3-a283c4d5f1d3 (16/17)...
2025-12-04T23:16:27+0100 - ecmwf.datastores.processing - INFO - Request ID is 094c4782-09c4-4665-90a3-a283c4d5f1d3
2025-12-04T23:16:27+0100 - ecmwf.datastores.processing - INFO - Request ID is 094c4782-09c4-4665-90a3-a283c4d5f1d3
2025-12-04T23:16:27+0100 - era5land_to_datm.download - INFO - Sleeping for 0.5 seconds before next call...
2025-12-04T23:16:27+0100 - era5land_to_datm.download - INFO - Retrieving Remote for request ID 0233eaee-d06e-49bf-94ec-addd563badbc (17/17)...
2025-12-04T23:16:27+0100 - ecmwf.datastores.processing - INFO - Request ID is 0233eaee-d06e-49bf-94ec-addd563badbc
2025-12-04T23:16:27+0100 - ecmwf.datastores.processing - INFO - Request ID is 0233eaee-d06e-49bf-94ec-addd563badbc
2025-12-04T23:16:48+0100 - ecmwf.datastores.processing - INFO - status has been updated to accepted
2025-12-04T23:16:48+0100 - ecmwf.datastores.processing - INFO - status has been updated to accepted
2025-12-04T23:16:48+0100 - ecmwf.datastores.processing - INFO - status has been updated to accepted
2025-12-04T23:16:48+0100 - ecmwf.datastores.processing - INFO - status has been updated to accepted
2025-12-04T23:16:48+0100 - ecmwf.datastores.processing - INFO - status has been updated to accepted
2025-12-04T23:16:48+0100 - ecmwf.datastores.processing - INFO - status has been updated to successful
2025-12-04T23:16:48+0100 - ecmwf.datastores.processing - INFO - status has been updated to successful
2025-12-04T23:16:49+0100 - ecmwf.datastores.processing - INFO - status has been updated to successful
2025-12-04T23:16:49+0100 - ecmwf.datastores.processing - INFO - status has been updated to successful
2025-12-04T23:16:49+0100 - ecmwf.datastores.processing - INFO - status has been updated to successful
2025-12-04T23:16:49+0100 - ecmwf.datastores.processing - INFO - status has been updated to successful
2025-12-04T23:16:49+0100 - ecmwf.datastores.processing - INFO - status has been updated to successful
2025-12-04T23:16:49+0100 - ecmwf.datastores.processing - INFO - status has been updated to successful
2025-12-04T23:16:49+0100 - ecmwf.datastores.processing - INFO - status has been updated to successful
2025-12-04T23:16:49+0100 - ecmwf.datastores.processing - INFO - status has been updated to successful
2025-12-04T23:16:49+0100 - ecmwf.datastores.processing - INFO - status has been updated to successful
2025-12-04T23:16:49+0100 - ecmwf.datastores.processing - INFO - status has been updated to successful
2025-12-04T23:19:25+0100 - era5land_to_datm.download - INFO - No files available yet for remote with id fcc73489-a87b-403f-a330-70af2762d3fb; skipping download.
2025-12-04T23:19:25+0100 - era5land_to_datm.download - INFO - No files available yet for remote with id 96c419ad-32b0-4348-8bef-4b457ce56111; skipping download.
2025-12-04T23:19:25+0100 - era5land_to_datm.download - INFO - No files available yet for remote with id c461a9db-7818-454c-860d-1ef1b1ee0228; skipping download.
2025-12-04T23:19:25+0100 - era5land_to_datm.download - INFO - No files available yet for remote with id 3323b9a9-9a94-4abf-a3fc-b90d4be8240a; skipping download.
2025-12-04T23:19:25+0100 - ecmwf.datastores.processing - INFO - status has been updated to running
2025-12-04T23:19:25+0100 - era5land_to_datm.download - INFO - No files available yet for remote with id 437848e3-41be-4e1f-9944-d1ebbe9c1690; skipping download.
2025-12-04T23:19:26+0100 - era5land_to_datm.download - INFO - Results ready for remote with id a1dfdef8-2ef2-4660-8d8c-a932b3e8a96e; downloading to /cluster/shared/noresm/inputdata/cicero_mods/ERA5-Land_NorSink/original_GRIB_NorwayRect/era5land_d2m_sp_ssrd_strd_t2m_tp_u10_v10_2009_07.grib...
2025-12-04T23:19:26+0100 - multiurl.base - INFO - Downloading https://object-store.os-api.cci2.ecmwf.int:443/cci2-prod-cache-2/2025-12-04/a5ba457cad04cda060aef9f081888e2a.grib
2025-12-04T23:19:36+0100 - era5land_to_datm.download - INFO - Results ready for remote with id b7471044-70e9-409d-a630-b58ecaa6cb09; downloading to /cluster/shared/noresm/inputdata/cicero_mods/ERA5-Land_NorSink/original_GRIB_NorwayRect/era5land_d2m_sp_ssrd_strd_t2m_tp_u10_v10_2009_06.grib...
2025-12-04T23:19:37+0100 - multiurl.base - INFO - Downloading https://object-store.os-api.cci2.ecmwf.int:443/cci2-prod-cache-2/2025-12-04/384b09dbdf3b0c9f300716487a03b3fa.grib
2025-12-04T23:19:46+0100 - era5land_to_datm.download - INFO - Results ready for remote with id 57e13a7f-e604-47bd-ae34-f60f9eb40bbf; downloading to /cluster/shared/noresm/inputdata/cicero_mods/ERA5-Land_NorSink/original_GRIB_NorwayRect/era5land_d2m_sp_ssrd_strd_t2m_tp_u10_v10_2009_05.grib...
2025-12-04T23:19:46+0100 - multiurl.base - INFO - Downloading https://object-store.os-api.cci2.ecmwf.int:443/cci2-prod-cache-3/2025-12-04/286aaa14277f0fc6233d8486b199b9a5.grib
2025-12-04T23:19:56+0100 - era5land_to_datm.download - INFO - Results ready for remote with id ce510530-4c82-46b4-b2db-f34a39e06a78; downloading to /cluster/shared/noresm/inputdata/cicero_mods/ERA5-Land_NorSink/original_GRIB_NorwayRect/era5land_d2m_sp_ssrd_strd_t2m_tp_u10_v10_2009_04.grib...
2025-12-04T23:19:56+0100 - multiurl.base - INFO - Downloading https://object-store.os-api.cci2.ecmwf.int:443/cci2-prod-cache-3/2025-12-04/b32587c816cab878c409fb4dc7c1aca5.grib
2025-12-04T23:20:08+0100 - era5land_to_datm.download - INFO - Results ready for remote with id 942368d5-3dd5-49fe-984b-b1a55db5c6c8; downloading to /cluster/shared/noresm/inputdata/cicero_mods/ERA5-Land_NorSink/original_GRIB_NorwayRect/era5land_d2m_sp_ssrd_strd_t2m_tp_u10_v10_2009_03.grib...
2025-12-04T23:20:09+0100 - multiurl.base - INFO - Downloading https://object-store.os-api.cci2.ecmwf.int:443/cci2-prod-cache-1/2025-12-04/21fc49dbb04d5822cd495e2369e57c19.grib
2025-12-04T23:20:20+0100 - era5land_to_datm.download - INFO - Results ready for remote with id 4232b7d3-8334-485f-a0b6-1cd11ecae2c3; downloading to /cluster/shared/noresm/inputdata/cicero_mods/ERA5-Land_NorSink/original_GRIB_NorwayRect/era5land_d2m_sp_ssrd_strd_t2m_tp_u10_v10_2009_02.grib...
2025-12-04T23:20:20+0100 - multiurl.base - INFO - Downloading https://object-store.os-api.cci2.ecmwf.int:443/cci2-prod-cache-3/2025-12-04/59785cd66704de89ff24d8e6fc1b3123.grib
2025-12-04T23:20:32+0100 - era5land_to_datm.download - INFO - Results ready for remote with id 2204ee3e-dd08-48c8-ad82-eafaee13964f; downloading to /cluster/shared/noresm/inputdata/cicero_mods/ERA5-Land_NorSink/original_GRIB_NorwayRect/era5land_d2m_sp_ssrd_strd_t2m_tp_u10_v10_2009_01.grib...
2025-12-04T23:20:33+0100 - multiurl.base - INFO - Downloading https://object-store.os-api.cci2.ecmwf.int:443/cci2-prod-cache-1/2025-12-04/123a215411c37bb00a4cb6e67a115e19.grib
2025-12-04T23:20:44+0100 - era5land_to_datm.download - INFO - Results ready for remote with id 5efd4581-22ba-4e41-b3ed-8effd867e9e5; downloading to /cluster/shared/noresm/inputdata/cicero_mods/ERA5-Land_NorSink/original_GRIB_NorwayRect/era5land_d2m_sp_ssrd_strd_t2m_tp_u10_v10_2008_12.grib...
2025-12-04T23:20:45+0100 - multiurl.base - INFO - Downloading https://object-store.os-api.cci2.ecmwf.int:443/cci2-prod-cache-2/2025-12-04/9e11fc0c48c573c6770b6e75d82a377c.grib
2025-12-04T23:20:55+0100 - era5land_to_datm.download - INFO - Results ready for remote with id 1779c5d8-6b75-4255-ab5e-837edc16ccfb; downloading to /cluster/shared/noresm/inputdata/cicero_mods/ERA5-Land_NorSink/original_GRIB_NorwayRect/era5land_d2m_sp_ssrd_strd_t2m_tp_u10_v10_2008_11.grib...
2025-12-04T23:20:55+0100 - multiurl.base - INFO - Downloading https://object-store.os-api.cci2.ecmwf.int:443/cci2-prod-cache-3/2025-12-04/ef943e6fdbe75a51c7ac8232bcbff5ab.grib
2025-12-04T23:21:05+0100 - era5land_to_datm.download - INFO - Results ready for remote with id 148295dd-0022-4947-9e84-985a2ed979ed; downloading to /cluster/shared/noresm/inputdata/cicero_mods/ERA5-Land_NorSink/original_GRIB_NorwayRect/era5land_d2m_sp_ssrd_strd_t2m_tp_u10_v10_2008_10.grib...
2025-12-04T23:21:06+0100 - multiurl.base - INFO - Downloading https://object-store.os-api.cci2.ecmwf.int:443/cci2-prod-cache-1/2025-12-04/97117b836a3a7e4f4ec65a5ccf246515.grib
2025-12-04T23:21:16+0100 - era5land_to_datm.download - INFO - Results ready for remote with id 094c4782-09c4-4665-90a3-a283c4d5f1d3; downloading to /cluster/shared/noresm/inputdata/cicero_mods/ERA5-Land_NorSink/original_GRIB_NorwayRect/era5land_d2m_sp_ssrd_strd_t2m_tp_u10_v10_2008_09.grib...
2025-12-04T23:21:16+0100 - multiurl.base - INFO - Downloading https://object-store.os-api.cci2.ecmwf.int:443/cci2-prod-cache-3/2025-12-04/677e234af6117c21e652330f9c10bf8f.grib
2025-12-04T23:21:41+0100 - era5land_to_datm.download - INFO - Results ready for remote with id 0233eaee-d06e-49bf-94ec-addd563badbc; downloading to /cluster/shared/noresm/inputdata/cicero_mods/ERA5-Land_NorSink/original_GRIB_NorwayRect/era5land_d2m_sp_ssrd_strd_t2m_tp_u10_v10_2008_08.grib...
2025-12-04T23:21:41+0100 - multiurl.base - INFO - Downloading https://object-store.os-api.cci2.ecmwf.int:443/cci2-prod-cache-3/2025-12-04/49a8360c3db6173b8413273302221c04.grib
2025-12-04T23:25:46+0100 - root - INFO - Deleting downloaded remotes...
2025-12-04T23:25:46+0100 - root - INFO - Deleting Remote with id a1dfdef8-2ef2-4660-8d8c-a932b3e8a96e for 2009-07 after downloading file /cluster/shared/noresm/inputdata/cicero_mods/ERA5-Land_NorSink/original_GRIB_NorwayRect/era5land_d2m_sp_ssrd_strd_t2m_tp_u10_v10_2009_07.grib...
2025-12-04T23:26:07+0100 - root - INFO - Deleting downloaded remotes...
2025-12-04T23:26:07+0100 - root - INFO - Deleting Remote with id a1dfdef8-2ef2-4660-8d8c-a932b3e8a96e for 2009-07 after downloading file /cluster/shared/noresm/inputdata/cicero_mods/ERA5-Land_NorSink/original_GRIB_NorwayRect/era5land_d2m_sp_ssrd_strd_t2m_tp_u10_v10_2009_07.grib...
2025-12-04T23:26:08+0100 - root - INFO - Deleting Remote with id b7471044-70e9-409d-a630-b58ecaa6cb09 for 2009-06 after downloading file /cluster/shared/noresm/inputdata/cicero_mods/ERA5-Land_NorSink/original_GRIB_NorwayRect/era5land_d2m_sp_ssrd_strd_t2m_tp_u10_v10_2009_06.grib...
2025-12-04T23:26:08+0100 - root - INFO - Deleting Remote with id 57e13a7f-e604-47bd-ae34-f60f9eb40bbf for 2009-05 after downloading file /cluster/shared/noresm/inputdata/cicero_mods/ERA5-Land_NorSink/original_GRIB_NorwayRect/era5land_d2m_sp_ssrd_strd_t2m_tp_u10_v10_2009_05.grib...
2025-12-04T23:26:09+0100 - root - INFO - Deleting Remote with id ce510530-4c82-46b4-b2db-f34a39e06a78 for 2009-04 after downloading file /cluster/shared/noresm/inputdata/cicero_mods/ERA5-Land_NorSink/original_GRIB_NorwayRect/era5land_d2m_sp_ssrd_strd_t2m_tp_u10_v10_2009_04.grib...
2025-12-04T23:26:09+0100 - root - INFO - Deleting Remote with id 942368d5-3dd5-49fe-984b-b1a55db5c6c8 for 2009-03 after downloading file /cluster/shared/noresm/inputdata/cicero_mods/ERA5-Land_NorSink/original_GRIB_NorwayRect/era5land_d2m_sp_ssrd_strd_t2m_tp_u10_v10_2009_03.grib...
2025-12-04T23:26:10+0100 - root - INFO - Deleting Remote with id 4232b7d3-8334-485f-a0b6-1cd11ecae2c3 for 2009-02 after downloading file /cluster/shared/noresm/inputdata/cicero_mods/ERA5-Land_NorSink/original_GRIB_NorwayRect/era5land_d2m_sp_ssrd_strd_t2m_tp_u10_v10_2009_02.grib...
2025-12-04T23:26:10+0100 - root - INFO - Deleting Remote with id 2204ee3e-dd08-48c8-ad82-eafaee13964f for 2009-01 after downloading file /cluster/shared/noresm/inputdata/cicero_mods/ERA5-Land_NorSink/original_GRIB_NorwayRect/era5land_d2m_sp_ssrd_strd_t2m_tp_u10_v10_2009_01.grib...
2025-12-04T23:26:11+0100 - root - INFO - Deleting Remote with id 5efd4581-22ba-4e41-b3ed-8effd867e9e5 for 2008-12 after downloading file /cluster/shared/noresm/inputdata/cicero_mods/ERA5-Land_NorSink/original_GRIB_NorwayRect/era5land_d2m_sp_ssrd_strd_t2m_tp_u10_v10_2008_12.grib...
2025-12-04T23:26:11+0100 - root - INFO - Deleting Remote with id 1779c5d8-6b75-4255-ab5e-837edc16ccfb for 2008-11 after downloading file /cluster/shared/noresm/inputdata/cicero_mods/ERA5-Land_NorSink/original_GRIB_NorwayRect/era5land_d2m_sp_ssrd_strd_t2m_tp_u10_v10_2008_11.grib...
2025-12-04T23:26:12+0100 - root - INFO - Deleting Remote with id 148295dd-0022-4947-9e84-985a2ed979ed for 2008-10 after downloading file /cluster/shared/noresm/inputdata/cicero_mods/ERA5-Land_NorSink/original_GRIB_NorwayRect/era5land_d2m_sp_ssrd_strd_t2m_tp_u10_v10_2008_10.grib...
2025-12-04T23:26:13+0100 - root - INFO - Deleting Remote with id 094c4782-09c4-4665-90a3-a283c4d5f1d3 for 2008-09 after downloading file /cluster/shared/noresm/inputdata/cicero_mods/ERA5-Land_NorSink/original_GRIB_NorwayRect/era5land_d2m_sp_ssrd_strd_t2m_tp_u10_v10_2008_09.grib...
2025-12-04T23:26:13+0100 - root - INFO - Deleting Remote with id 0233eaee-d06e-49bf-94ec-addd563badbc for 2008-08 after downloading file /cluster/shared/noresm/inputdata/cicero_mods/ERA5-Land_NorSink/original_GRIB_NorwayRect/era5land_d2m_sp_ssrd_strd_t2m_tp_u10_v10_2008_08.grib...
2025-12-04T23:27:04+0100 - root - INFO - Deleting downloaded remotes...
2025-12-04T23:27:04+0100 - root - INFO - Deleting Remote with id a1dfdef8-2ef2-4660-8d8c-a932b3e8a96e for 2009-07 after downloading file /cluster/shared/noresm/inputdata/cicero_mods/ERA5-Land_NorSink/original_GRIB_NorwayRect/era5land_d2m_sp_ssrd_strd_t2m_tp_u10_v10_2009_07.grib...
2025-12-04T23:27:06+0100 - root - INFO - Deleting Remote with id b7471044-70e9-409d-a630-b58ecaa6cb09 for 2009-06 after downloading file /cluster/shared/noresm/inputdata/cicero_mods/ERA5-Land_NorSink/original_GRIB_NorwayRect/era5land_d2m_sp_ssrd_strd_t2m_tp_u10_v10_2009_06.grib...
2025-12-04T23:27:06+0100 - root - INFO - Deleting Remote with id 57e13a7f-e604-47bd-ae34-f60f9eb40bbf for 2009-05 after downloading file /cluster/shared/noresm/inputdata/cicero_mods/ERA5-Land_NorSink/original_GRIB_NorwayRect/era5land_d2m_sp_ssrd_strd_t2m_tp_u10_v10_2009_05.grib...
2025-12-04T23:27:07+0100 - root - INFO - Deleting Remote with id ce510530-4c82-46b4-b2db-f34a39e06a78 for 2009-04 after downloading file /cluster/shared/noresm/inputdata/cicero_mods/ERA5-Land_NorSink/original_GRIB_NorwayRect/era5land_d2m_sp_ssrd_strd_t2m_tp_u10_v10_2009_04.grib...
2025-12-04T23:27:08+0100 - root - INFO - Deleting Remote with id 942368d5-3dd5-49fe-984b-b1a55db5c6c8 for 2009-03 after downloading file /cluster/shared/noresm/inputdata/cicero_mods/ERA5-Land_NorSink/original_GRIB_NorwayRect/era5land_d2m_sp_ssrd_strd_t2m_tp_u10_v10_2009_03.grib...
2025-12-04T23:27:08+0100 - root - INFO - Deleting Remote with id 4232b7d3-8334-485f-a0b6-1cd11ecae2c3 for 2009-02 after downloading file /cluster/shared/noresm/inputdata/cicero_mods/ERA5-Land_NorSink/original_GRIB_NorwayRect/era5land_d2m_sp_ssrd_strd_t2m_tp_u10_v10_2009_02.grib...
2025-12-04T23:27:09+0100 - root - INFO - Deleting Remote with id 2204ee3e-dd08-48c8-ad82-eafaee13964f for 2009-01 after downloading file /cluster/shared/noresm/inputdata/cicero_mods/ERA5-Land_NorSink/original_GRIB_NorwayRect/era5land_d2m_sp_ssrd_strd_t2m_tp_u10_v10_2009_01.grib...
2025-12-04T23:27:10+0100 - root - INFO - Deleting Remote with id 5efd4581-22ba-4e41-b3ed-8effd867e9e5 for 2008-12 after downloading file /cluster/shared/noresm/inputdata/cicero_mods/ERA5-Land_NorSink/original_GRIB_NorwayRect/era5land_d2m_sp_ssrd_strd_t2m_tp_u10_v10_2008_12.grib...
2025-12-04T23:27:10+0100 - root - INFO - Deleting Remote with id 1779c5d8-6b75-4255-ab5e-837edc16ccfb for 2008-11 after downloading file /cluster/shared/noresm/inputdata/cicero_mods/ERA5-Land_NorSink/original_GRIB_NorwayRect/era5land_d2m_sp_ssrd_strd_t2m_tp_u10_v10_2008_11.grib...
2025-12-04T23:27:11+0100 - root - INFO - Deleting Remote with id 148295dd-0022-4947-9e84-985a2ed979ed for 2008-10 after downloading file /cluster/shared/noresm/inputdata/cicero_mods/ERA5-Land_NorSink/original_GRIB_NorwayRect/era5land_d2m_sp_ssrd_strd_t2m_tp_u10_v10_2008_10.grib...
2025-12-04T23:27:11+0100 - root - INFO - Deleting Remote with id 094c4782-09c4-4665-90a3-a283c4d5f1d3 for 2008-09 after downloading file /cluster/shared/noresm/inputdata/cicero_mods/ERA5-Land_NorSink/original_GRIB_NorwayRect/era5land_d2m_sp_ssrd_strd_t2m_tp_u10_v10_2008_09.grib...
2025-12-04T23:27:12+0100 - root - INFO - Deleting Remote with id 0233eaee-d06e-49bf-94ec-addd563badbc for 2008-08 after downloading file /cluster/shared/noresm/inputdata/cicero_mods/ERA5-Land_NorSink/original_GRIB_NorwayRect/era5land_d2m_sp_ssrd_strd_t2m_tp_u10_v10_2008_08.grib...
2025-12-04T23:27:32+0100 - root - INFO - Deleting remotes for files already present locally...
