2025-12-08T17:31:48+0100 - root - INFO - Logger initialized.
2025-12-08T17:31:48+0100 - root - INFO - Logging to file: /cluster/home/janko/src/era5land_to_datm/scripts/era5land_to_datm_script_20251208T163148.log
2025-12-08T17:31:50+0100 - ecmwf.datastores.processing - INFO - [2025-12-03T00:00:00Z] To improve our C3S service, we need to hear from you! Please complete this very short [survey](https://confluence.ecmwf.int/x/E7uBEQ/). Thank you.
2025-12-08T17:31:50+0100 - era5land_to_datm.download - INFO - Received 48 request IDs from server.
2025-12-08T17:31:50+0100 - era5land_to_datm.download - INFO - Retrieving Remote for request ID 15b1eb4b-cb65-43d7-80be-bb4710ba2565 (1/48)...
2025-12-08T17:31:50+0100 - ecmwf.datastores.processing - INFO - Request ID is 15b1eb4b-cb65-43d7-80be-bb4710ba2565
2025-12-08T17:31:50+0100 - ecmwf.datastores.processing - INFO - Request ID is 15b1eb4b-cb65-43d7-80be-bb4710ba2565
2025-12-08T17:31:50+0100 - era5land_to_datm.download - INFO - Sleeping for 0.5 seconds before next call...
2025-12-08T17:31:51+0100 - era5land_to_datm.download - INFO - Retrieving Remote for request ID 76552e47-6670-4e56-becf-646638c7d920 (2/48)...
2025-12-08T17:31:51+0100 - ecmwf.datastores.processing - INFO - Request ID is 76552e47-6670-4e56-becf-646638c7d920
2025-12-08T17:31:51+0100 - ecmwf.datastores.processing - INFO - Request ID is 76552e47-6670-4e56-becf-646638c7d920
2025-12-08T17:31:51+0100 - era5land_to_datm.download - INFO - Sleeping for 0.5 seconds before next call...
2025-12-08T17:31:51+0100 - era5land_to_datm.download - INFO - Retrieving Remote for request ID a6a7c311-5eb4-45c2-9ad2-6733bb91f2c6 (3/48)...
2025-12-08T17:31:51+0100 - ecmwf.datastores.processing - INFO - Request ID is a6a7c311-5eb4-45c2-9ad2-6733bb91f2c6
2025-12-08T17:31:51+0100 - ecmwf.datastores.processing - INFO - Request ID is a6a7c311-5eb4-45c2-9ad2-6733bb91f2c6
2025-12-08T17:31:51+0100 - era5land_to_datm.download - INFO - Sleeping for 0.5 seconds before next call...
2025-12-08T17:31:52+0100 - era5land_to_datm.download - INFO - Retrieving Remote for request ID 42326d44-6b75-4f87-ae8b-d5b8f45d2b34 (4/48)...
2025-12-08T17:31:52+0100 - ecmwf.datastores.processing - INFO - Request ID is 42326d44-6b75-4f87-ae8b-d5b8f45d2b34
2025-12-08T17:31:52+0100 - ecmwf.datastores.processing - INFO - Request ID is 42326d44-6b75-4f87-ae8b-d5b8f45d2b34
2025-12-08T17:31:52+0100 - era5land_to_datm.download - INFO - Sleeping for 0.5 seconds before next call...
2025-12-08T17:31:53+0100 - era5land_to_datm.download - INFO - Retrieving Remote for request ID 5e4434b2-3bfc-420e-a5b5-0f17c7c1541d (5/48)...
2025-12-08T17:31:53+0100 - ecmwf.datastores.processing - INFO - Request ID is 5e4434b2-3bfc-420e-a5b5-0f17c7c1541d
2025-12-08T17:31:53+0100 - ecmwf.datastores.processing - INFO - Request ID is 5e4434b2-3bfc-420e-a5b5-0f17c7c1541d
2025-12-08T17:31:53+0100 - era5land_to_datm.download - INFO - Sleeping for 0.5 seconds before next call...
2025-12-08T17:31:53+0100 - era5land_to_datm.download - INFO - Retrieving Remote for request ID 97234024-9a45-410a-a5f5-445f41065f2b (6/48)...
2025-12-08T17:31:53+0100 - ecmwf.datastores.processing - INFO - Request ID is 97234024-9a45-410a-a5f5-445f41065f2b
2025-12-08T17:31:53+0100 - ecmwf.datastores.processing - INFO - Request ID is 97234024-9a45-410a-a5f5-445f41065f2b
2025-12-08T17:31:53+0100 - era5land_to_datm.download - INFO - Sleeping for 0.5 seconds before next call...
2025-12-08T17:31:54+0100 - era5land_to_datm.download - INFO - Retrieving Remote for request ID 58beda92-672e-43f3-92e3-68459e9023f2 (7/48)...
2025-12-08T17:31:54+0100 - ecmwf.datastores.processing - INFO - Request ID is 58beda92-672e-43f3-92e3-68459e9023f2
2025-12-08T17:31:54+0100 - ecmwf.datastores.processing - INFO - Request ID is 58beda92-672e-43f3-92e3-68459e9023f2
2025-12-08T17:31:54+0100 - era5land_to_datm.download - INFO - Sleeping for 0.5 seconds before next call...
2025-12-08T17:31:54+0100 - era5land_to_datm.download - INFO - Retrieving Remote for request ID 3ca6e122-a724-4b35-a039-0ed55e302c8a (8/48)...
2025-12-08T17:31:54+0100 - ecmwf.datastores.processing - INFO - Request ID is 3ca6e122-a724-4b35-a039-0ed55e302c8a
2025-12-08T17:31:54+0100 - ecmwf.datastores.processing - INFO - Request ID is 3ca6e122-a724-4b35-a039-0ed55e302c8a
2025-12-08T17:31:54+0100 - era5land_to_datm.download - INFO - Sleeping for 0.5 seconds before next call...
2025-12-08T17:31:55+0100 - era5land_to_datm.download - INFO - Retrieving Remote for request ID eba27327-89a9-44ae-8bcf-7167b3916522 (9/48)...
2025-12-08T17:31:55+0100 - ecmwf.datastores.processing - INFO - Request ID is eba27327-89a9-44ae-8bcf-7167b3916522
2025-12-08T17:31:55+0100 - ecmwf.datastores.processing - INFO - Request ID is eba27327-89a9-44ae-8bcf-7167b3916522
2025-12-08T17:31:55+0100 - era5land_to_datm.download - INFO - Sleeping for 0.5 seconds before next call...
2025-12-08T17:31:55+0100 - era5land_to_datm.download - INFO - Retrieving Remote for request ID 7b181d36-8621-44bd-b351-bc0eb47d8a36 (10/48)...
2025-12-08T17:31:56+0100 - ecmwf.datastores.processing - INFO - Request ID is 7b181d36-8621-44bd-b351-bc0eb47d8a36
2025-12-08T17:31:56+0100 - ecmwf.datastores.processing - INFO - Request ID is 7b181d36-8621-44bd-b351-bc0eb47d8a36
2025-12-08T17:31:56+0100 - era5land_to_datm.download - INFO - Sleeping for 0.5 seconds before next call...
2025-12-08T17:31:56+0100 - era5land_to_datm.download - INFO - Retrieving Remote for request ID afcf193b-c17c-48d6-adcb-9e1fda1c418c (11/48)...
2025-12-08T17:31:56+0100 - ecmwf.datastores.processing - INFO - Request ID is afcf193b-c17c-48d6-adcb-9e1fda1c418c
2025-12-08T17:31:56+0100 - ecmwf.datastores.processing - INFO - Request ID is afcf193b-c17c-48d6-adcb-9e1fda1c418c
2025-12-08T17:31:56+0100 - era5land_to_datm.download - INFO - Sleeping for 0.5 seconds before next call...
2025-12-08T17:31:57+0100 - era5land_to_datm.download - INFO - Retrieving Remote for request ID b8992239-8a21-468d-b438-ceb264156158 (12/48)...
2025-12-08T17:31:57+0100 - ecmwf.datastores.processing - INFO - Request ID is b8992239-8a21-468d-b438-ceb264156158
2025-12-08T17:31:57+0100 - ecmwf.datastores.processing - INFO - Request ID is b8992239-8a21-468d-b438-ceb264156158
2025-12-08T17:31:57+0100 - era5land_to_datm.download - INFO - Sleeping for 0.5 seconds before next call...
2025-12-08T17:31:57+0100 - era5land_to_datm.download - INFO - Retrieving Remote for request ID b512a995-5012-469e-ba08-23af8e2c218a (13/48)...
2025-12-08T17:31:57+0100 - ecmwf.datastores.processing - INFO - Request ID is b512a995-5012-469e-ba08-23af8e2c218a
2025-12-08T17:31:57+0100 - ecmwf.datastores.processing - INFO - Request ID is b512a995-5012-469e-ba08-23af8e2c218a
2025-12-08T17:31:57+0100 - era5land_to_datm.download - INFO - Sleeping for 0.5 seconds before next call...
2025-12-08T17:31:58+0100 - era5land_to_datm.download - INFO - Retrieving Remote for request ID 084554e4-6f95-484d-8acd-994d6175215f (14/48)...
2025-12-08T17:31:58+0100 - ecmwf.datastores.processing - INFO - Request ID is 084554e4-6f95-484d-8acd-994d6175215f
2025-12-08T17:31:58+0100 - ecmwf.datastores.processing - INFO - Request ID is 084554e4-6f95-484d-8acd-994d6175215f
2025-12-08T17:31:58+0100 - era5land_to_datm.download - INFO - Sleeping for 0.5 seconds before next call...
2025-12-08T17:31:59+0100 - era5land_to_datm.download - INFO - Retrieving Remote for request ID 9dd76646-9239-45b5-9cac-f55dc1eeede2 (15/48)...
2025-12-08T17:31:59+0100 - ecmwf.datastores.processing - INFO - Request ID is 9dd76646-9239-45b5-9cac-f55dc1eeede2
2025-12-08T17:31:59+0100 - ecmwf.datastores.processing - INFO - Request ID is 9dd76646-9239-45b5-9cac-f55dc1eeede2
2025-12-08T17:31:59+0100 - era5land_to_datm.download - INFO - Sleeping for 0.5 seconds before next call...
2025-12-08T17:31:59+0100 - era5land_to_datm.download - INFO - Retrieving Remote for request ID 4cea9c42-08d4-4aab-b80a-d24b15b719d5 (16/48)...
2025-12-08T17:31:59+0100 - ecmwf.datastores.processing - INFO - Request ID is 4cea9c42-08d4-4aab-b80a-d24b15b719d5
2025-12-08T17:31:59+0100 - ecmwf.datastores.processing - INFO - Request ID is 4cea9c42-08d4-4aab-b80a-d24b15b719d5
2025-12-08T17:31:59+0100 - era5land_to_datm.download - INFO - Sleeping for 0.5 seconds before next call...
2025-12-08T17:32:00+0100 - era5land_to_datm.download - INFO - Retrieving Remote for request ID 7042c933-0348-4211-90b7-b3dd6669123e (17/48)...
2025-12-08T17:32:00+0100 - ecmwf.datastores.processing - INFO - Request ID is 7042c933-0348-4211-90b7-b3dd6669123e
2025-12-08T17:32:00+0100 - ecmwf.datastores.processing - INFO - Request ID is 7042c933-0348-4211-90b7-b3dd6669123e
2025-12-08T17:32:00+0100 - era5land_to_datm.download - INFO - Sleeping for 0.5 seconds before next call...
2025-12-08T17:32:00+0100 - era5land_to_datm.download - INFO - Retrieving Remote for request ID f03dd0e2-95bb-42ea-88af-f98700f8b3e0 (18/48)...
2025-12-08T17:32:00+0100 - ecmwf.datastores.processing - INFO - Request ID is f03dd0e2-95bb-42ea-88af-f98700f8b3e0
2025-12-08T17:32:00+0100 - ecmwf.datastores.processing - INFO - Request ID is f03dd0e2-95bb-42ea-88af-f98700f8b3e0
2025-12-08T17:32:00+0100 - era5land_to_datm.download - INFO - Sleeping for 0.5 seconds before next call...
2025-12-08T17:32:01+0100 - era5land_to_datm.download - INFO - Retrieving Remote for request ID cac114a4-a8fc-414f-bd6a-9f146f976c1e (19/48)...
2025-12-08T17:32:01+0100 - ecmwf.datastores.processing - INFO - Request ID is cac114a4-a8fc-414f-bd6a-9f146f976c1e
2025-12-08T17:32:01+0100 - ecmwf.datastores.processing - INFO - Request ID is cac114a4-a8fc-414f-bd6a-9f146f976c1e
2025-12-08T17:32:01+0100 - era5land_to_datm.download - INFO - Sleeping for 0.5 seconds before next call...
2025-12-08T17:32:01+0100 - era5land_to_datm.download - INFO - Retrieving Remote for request ID 71c3183c-570a-4dc6-8599-47d08c4b6038 (20/48)...
2025-12-08T17:32:01+0100 - ecmwf.datastores.processing - INFO - Request ID is 71c3183c-570a-4dc6-8599-47d08c4b6038
2025-12-08T17:32:01+0100 - ecmwf.datastores.processing - INFO - Request ID is 71c3183c-570a-4dc6-8599-47d08c4b6038
2025-12-08T17:32:01+0100 - era5land_to_datm.download - INFO - Sleeping for 0.5 seconds before next call...
2025-12-08T17:32:02+0100 - era5land_to_datm.download - INFO - Retrieving Remote for request ID 0cc0acda-5221-49d6-8240-d9b303e5bbb6 (21/48)...
2025-12-08T17:32:02+0100 - ecmwf.datastores.processing - INFO - Request ID is 0cc0acda-5221-49d6-8240-d9b303e5bbb6
2025-12-08T17:32:02+0100 - ecmwf.datastores.processing - INFO - Request ID is 0cc0acda-5221-49d6-8240-d9b303e5bbb6
2025-12-08T17:32:02+0100 - era5land_to_datm.download - INFO - Sleeping for 0.5 seconds before next call...
2025-12-08T17:32:03+0100 - era5land_to_datm.download - INFO - Retrieving Remote for request ID dd4ff22a-d3a6-46df-aed3-884ef6ec381a (22/48)...
2025-12-08T17:32:03+0100 - ecmwf.datastores.processing - INFO - Request ID is dd4ff22a-d3a6-46df-aed3-884ef6ec381a
2025-12-08T17:32:03+0100 - ecmwf.datastores.processing - INFO - Request ID is dd4ff22a-d3a6-46df-aed3-884ef6ec381a
2025-12-08T17:32:03+0100 - era5land_to_datm.download - INFO - Sleeping for 0.5 seconds before next call...
2025-12-08T17:32:03+0100 - era5land_to_datm.download - INFO - Retrieving Remote for request ID 77ac1a5b-96ef-4413-b0cd-de3836963f46 (23/48)...
2025-12-08T17:32:03+0100 - ecmwf.datastores.processing - INFO - Request ID is 77ac1a5b-96ef-4413-b0cd-de3836963f46
2025-12-08T17:32:03+0100 - ecmwf.datastores.processing - INFO - Request ID is 77ac1a5b-96ef-4413-b0cd-de3836963f46
2025-12-08T17:32:03+0100 - era5land_to_datm.download - INFO - Sleeping for 0.5 seconds before next call...
2025-12-08T17:32:04+0100 - era5land_to_datm.download - INFO - Retrieving Remote for request ID fdd54e38-6e2e-49ba-b5d5-b74dfd648db6 (24/48)...
2025-12-08T17:32:04+0100 - ecmwf.datastores.processing - INFO - Request ID is fdd54e38-6e2e-49ba-b5d5-b74dfd648db6
2025-12-08T17:32:04+0100 - ecmwf.datastores.processing - INFO - Request ID is fdd54e38-6e2e-49ba-b5d5-b74dfd648db6
2025-12-08T17:32:04+0100 - era5land_to_datm.download - INFO - Sleeping for 0.5 seconds before next call...
2025-12-08T17:32:04+0100 - era5land_to_datm.download - INFO - Retrieving Remote for request ID 98b031af-2cc5-4358-b6eb-677113c65662 (25/48)...
2025-12-08T17:32:04+0100 - ecmwf.datastores.processing - INFO - Request ID is 98b031af-2cc5-4358-b6eb-677113c65662
2025-12-08T17:32:04+0100 - ecmwf.datastores.processing - INFO - Request ID is 98b031af-2cc5-4358-b6eb-677113c65662
2025-12-08T17:32:04+0100 - era5land_to_datm.download - INFO - Sleeping for 0.5 seconds before next call...
2025-12-08T17:32:05+0100 - era5land_to_datm.download - INFO - Retrieving Remote for request ID 9ce97d41-e76a-45f3-acec-39c6efd5d8a8 (26/48)...
2025-12-08T17:32:05+0100 - ecmwf.datastores.processing - INFO - Request ID is 9ce97d41-e76a-45f3-acec-39c6efd5d8a8
2025-12-08T17:32:05+0100 - ecmwf.datastores.processing - INFO - Request ID is 9ce97d41-e76a-45f3-acec-39c6efd5d8a8
2025-12-08T17:32:05+0100 - era5land_to_datm.download - INFO - Sleeping for 0.5 seconds before next call...
2025-12-08T17:32:05+0100 - era5land_to_datm.download - INFO - Retrieving Remote for request ID 16c0ca8f-e8b2-4fc2-9705-e0cd2cdecb47 (27/48)...
2025-12-08T17:32:05+0100 - ecmwf.datastores.processing - INFO - Request ID is 16c0ca8f-e8b2-4fc2-9705-e0cd2cdecb47
2025-12-08T17:32:05+0100 - ecmwf.datastores.processing - INFO - Request ID is 16c0ca8f-e8b2-4fc2-9705-e0cd2cdecb47
2025-12-08T17:32:05+0100 - era5land_to_datm.download - INFO - Sleeping for 0.5 seconds before next call...
2025-12-08T17:32:06+0100 - era5land_to_datm.download - INFO - Retrieving Remote for request ID f3f9295d-b90e-4597-bf1b-94beb5d4b202 (28/48)...
2025-12-08T17:32:06+0100 - ecmwf.datastores.processing - INFO - Request ID is f3f9295d-b90e-4597-bf1b-94beb5d4b202
2025-12-08T17:32:06+0100 - ecmwf.datastores.processing - INFO - Request ID is f3f9295d-b90e-4597-bf1b-94beb5d4b202
2025-12-08T17:32:06+0100 - era5land_to_datm.download - INFO - Sleeping for 0.5 seconds before next call...
2025-12-08T17:32:07+0100 - era5land_to_datm.download - INFO - Retrieving Remote for request ID 4b05ace6-1ffc-4bbe-847c-0ba778af0768 (29/48)...
2025-12-08T17:32:07+0100 - ecmwf.datastores.processing - INFO - Request ID is 4b05ace6-1ffc-4bbe-847c-0ba778af0768
2025-12-08T17:32:07+0100 - ecmwf.datastores.processing - INFO - Request ID is 4b05ace6-1ffc-4bbe-847c-0ba778af0768
2025-12-08T17:32:07+0100 - era5land_to_datm.download - INFO - Sleeping for 0.5 seconds before next call...
2025-12-08T17:32:07+0100 - era5land_to_datm.download - INFO - Retrieving Remote for request ID 61256159-e76e-46fa-9389-81862e573271 (30/48)...
2025-12-08T17:32:07+0100 - ecmwf.datastores.processing - INFO - Request ID is 61256159-e76e-46fa-9389-81862e573271
2025-12-08T17:32:07+0100 - ecmwf.datastores.processing - INFO - Request ID is 61256159-e76e-46fa-9389-81862e573271
2025-12-08T17:32:07+0100 - era5land_to_datm.download - INFO - Sleeping for 0.5 seconds before next call...
2025-12-08T17:32:08+0100 - era5land_to_datm.download - INFO - Retrieving Remote for request ID 7467670b-f6d6-4410-b72d-48022c9ed9f7 (31/48)...
2025-12-08T17:32:08+0100 - ecmwf.datastores.processing - INFO - Request ID is 7467670b-f6d6-4410-b72d-48022c9ed9f7
2025-12-08T17:32:08+0100 - ecmwf.datastores.processing - INFO - Request ID is 7467670b-f6d6-4410-b72d-48022c9ed9f7
2025-12-08T17:32:08+0100 - era5land_to_datm.download - INFO - Sleeping for 0.5 seconds before next call...
2025-12-08T17:32:08+0100 - era5land_to_datm.download - INFO - Retrieving Remote for request ID e9df3312-5aae-4cdc-99ea-13a0635c0a4d (32/48)...
2025-12-08T17:32:08+0100 - ecmwf.datastores.processing - INFO - Request ID is e9df3312-5aae-4cdc-99ea-13a0635c0a4d
2025-12-08T17:32:08+0100 - ecmwf.datastores.processing - INFO - Request ID is e9df3312-5aae-4cdc-99ea-13a0635c0a4d
2025-12-08T17:32:08+0100 - era5land_to_datm.download - INFO - Sleeping for 0.5 seconds before next call...
2025-12-08T17:32:09+0100 - era5land_to_datm.download - INFO - Retrieving Remote for request ID 04d6304c-9541-44da-ba8b-7f40ea591587 (33/48)...
2025-12-08T17:32:09+0100 - ecmwf.datastores.processing - INFO - Request ID is 04d6304c-9541-44da-ba8b-7f40ea591587
2025-12-08T17:32:09+0100 - ecmwf.datastores.processing - INFO - Request ID is 04d6304c-9541-44da-ba8b-7f40ea591587
2025-12-08T17:32:09+0100 - era5land_to_datm.download - INFO - Sleeping for 0.5 seconds before next call...
2025-12-08T17:32:09+0100 - era5land_to_datm.download - INFO - Retrieving Remote for request ID 3890c7c0-369b-4360-8b82-782957fb4b4c (34/48)...
2025-12-08T17:32:09+0100 - ecmwf.datastores.processing - INFO - Request ID is 3890c7c0-369b-4360-8b82-782957fb4b4c
2025-12-08T17:32:09+0100 - ecmwf.datastores.processing - INFO - Request ID is 3890c7c0-369b-4360-8b82-782957fb4b4c
2025-12-08T17:32:09+0100 - era5land_to_datm.download - INFO - Sleeping for 0.5 seconds before next call...
2025-12-08T17:32:10+0100 - era5land_to_datm.download - INFO - Retrieving Remote for request ID b48683da-8394-4f64-ae43-4e89fed85c95 (35/48)...
2025-12-08T17:32:10+0100 - ecmwf.datastores.processing - INFO - Request ID is b48683da-8394-4f64-ae43-4e89fed85c95
2025-12-08T17:32:10+0100 - ecmwf.datastores.processing - INFO - Request ID is b48683da-8394-4f64-ae43-4e89fed85c95
2025-12-08T17:32:10+0100 - era5land_to_datm.download - INFO - Sleeping for 0.5 seconds before next call...
2025-12-08T17:32:11+0100 - era5land_to_datm.download - INFO - Retrieving Remote for request ID 90e764a0-3bf6-4473-a76b-530e48bebce7 (36/48)...
2025-12-08T17:32:11+0100 - ecmwf.datastores.processing - INFO - Request ID is 90e764a0-3bf6-4473-a76b-530e48bebce7
2025-12-08T17:32:11+0100 - ecmwf.datastores.processing - INFO - Request ID is 90e764a0-3bf6-4473-a76b-530e48bebce7
2025-12-08T17:32:11+0100 - era5land_to_datm.download - INFO - Sleeping for 0.5 seconds before next call...
2025-12-08T17:32:11+0100 - era5land_to_datm.download - INFO - Retrieving Remote for request ID 3b534d85-66a9-4514-abab-49bc06e03661 (37/48)...
2025-12-08T17:32:11+0100 - ecmwf.datastores.processing - INFO - Request ID is 3b534d85-66a9-4514-abab-49bc06e03661
2025-12-08T17:32:11+0100 - ecmwf.datastores.processing - INFO - Request ID is 3b534d85-66a9-4514-abab-49bc06e03661
2025-12-08T17:32:11+0100 - era5land_to_datm.download - INFO - Sleeping for 0.5 seconds before next call...
2025-12-08T17:32:12+0100 - era5land_to_datm.download - INFO - Retrieving Remote for request ID 1318e752-a1e7-4849-93f2-19e46e54addf (38/48)...
2025-12-08T17:32:12+0100 - ecmwf.datastores.processing - INFO - Request ID is 1318e752-a1e7-4849-93f2-19e46e54addf
2025-12-08T17:32:12+0100 - ecmwf.datastores.processing - INFO - Request ID is 1318e752-a1e7-4849-93f2-19e46e54addf
2025-12-08T17:32:12+0100 - era5land_to_datm.download - INFO - Sleeping for 0.5 seconds before next call...
2025-12-08T17:32:12+0100 - era5land_to_datm.download - INFO - Retrieving Remote for request ID 7181b9e3-fc0c-4c04-aece-2bff457a50f7 (39/48)...
2025-12-08T17:32:12+0100 - ecmwf.datastores.processing - INFO - Request ID is 7181b9e3-fc0c-4c04-aece-2bff457a50f7
2025-12-08T17:32:12+0100 - ecmwf.datastores.processing - INFO - Request ID is 7181b9e3-fc0c-4c04-aece-2bff457a50f7
2025-12-08T17:32:12+0100 - era5land_to_datm.download - INFO - Sleeping for 0.5 seconds before next call...
2025-12-08T17:32:13+0100 - era5land_to_datm.download - INFO - Retrieving Remote for request ID b5b67997-8864-40cd-a5de-04eb48f1ff29 (40/48)...
2025-12-08T17:32:13+0100 - ecmwf.datastores.processing - INFO - Request ID is b5b67997-8864-40cd-a5de-04eb48f1ff29
2025-12-08T17:32:13+0100 - ecmwf.datastores.processing - INFO - Request ID is b5b67997-8864-40cd-a5de-04eb48f1ff29
2025-12-08T17:32:13+0100 - era5land_to_datm.download - INFO - Sleeping for 0.5 seconds before next call...
2025-12-08T17:32:13+0100 - era5land_to_datm.download - INFO - Retrieving Remote for request ID 6379ea6a-e629-4d4b-8e22-a1649ad08cc9 (41/48)...
2025-12-08T17:32:14+0100 - ecmwf.datastores.processing - INFO - Request ID is 6379ea6a-e629-4d4b-8e22-a1649ad08cc9
2025-12-08T17:32:14+0100 - ecmwf.datastores.processing - INFO - Request ID is 6379ea6a-e629-4d4b-8e22-a1649ad08cc9
2025-12-08T17:32:14+0100 - era5land_to_datm.download - INFO - Sleeping for 0.5 seconds before next call...
2025-12-08T17:32:14+0100 - era5land_to_datm.download - INFO - Retrieving Remote for request ID b2bf7c80-9807-4c72-8d3a-613e3b9ffb16 (42/48)...
2025-12-08T17:32:14+0100 - ecmwf.datastores.processing - INFO - Request ID is b2bf7c80-9807-4c72-8d3a-613e3b9ffb16
2025-12-08T17:32:14+0100 - ecmwf.datastores.processing - INFO - Request ID is b2bf7c80-9807-4c72-8d3a-613e3b9ffb16
2025-12-08T17:32:14+0100 - era5land_to_datm.download - INFO - Sleeping for 0.5 seconds before next call...
2025-12-08T17:32:15+0100 - era5land_to_datm.download - INFO - Retrieving Remote for request ID cb3c8e32-7c9e-4e39-9715-b35622a6de47 (43/48)...
2025-12-08T17:32:15+0100 - ecmwf.datastores.processing - INFO - Request ID is cb3c8e32-7c9e-4e39-9715-b35622a6de47
2025-12-08T17:32:15+0100 - ecmwf.datastores.processing - INFO - Request ID is cb3c8e32-7c9e-4e39-9715-b35622a6de47
2025-12-08T17:32:15+0100 - era5land_to_datm.download - INFO - Sleeping for 0.5 seconds before next call...
2025-12-08T17:32:15+0100 - era5land_to_datm.download - INFO - Retrieving Remote for request ID 942b7051-6799-4a52-850c-eb7b3c94a67f (44/48)...
2025-12-08T17:32:15+0100 - ecmwf.datastores.processing - INFO - Request ID is 942b7051-6799-4a52-850c-eb7b3c94a67f
2025-12-08T17:32:15+0100 - ecmwf.datastores.processing - INFO - Request ID is 942b7051-6799-4a52-850c-eb7b3c94a67f
2025-12-08T17:32:15+0100 - era5land_to_datm.download - INFO - Sleeping for 0.5 seconds before next call...
2025-12-08T17:32:16+0100 - era5land_to_datm.download - INFO - Retrieving Remote for request ID 026d5bcb-0165-4272-8f1b-0565a444079c (45/48)...
2025-12-08T17:32:16+0100 - ecmwf.datastores.processing - INFO - Request ID is 026d5bcb-0165-4272-8f1b-0565a444079c
2025-12-08T17:32:16+0100 - ecmwf.datastores.processing - INFO - Request ID is 026d5bcb-0165-4272-8f1b-0565a444079c
2025-12-08T17:32:16+0100 - era5land_to_datm.download - INFO - Sleeping for 0.5 seconds before next call...
2025-12-08T17:32:16+0100 - era5land_to_datm.download - INFO - Retrieving Remote for request ID 3ffed25e-458a-43f2-87d3-8d05106375ea (46/48)...
2025-12-08T17:32:16+0100 - ecmwf.datastores.processing - INFO - Request ID is 3ffed25e-458a-43f2-87d3-8d05106375ea
2025-12-08T17:32:16+0100 - ecmwf.datastores.processing - INFO - Request ID is 3ffed25e-458a-43f2-87d3-8d05106375ea
2025-12-08T17:32:16+0100 - era5land_to_datm.download - INFO - Sleeping for 0.5 seconds before next call...
2025-12-08T17:32:17+0100 - era5land_to_datm.download - INFO - Retrieving Remote for request ID 99889689-e81b-4604-a62d-ae9708f13f44 (47/48)...
2025-12-08T17:32:17+0100 - ecmwf.datastores.processing - INFO - Request ID is 99889689-e81b-4604-a62d-ae9708f13f44
2025-12-08T17:32:17+0100 - ecmwf.datastores.processing - INFO - Request ID is 99889689-e81b-4604-a62d-ae9708f13f44
2025-12-08T17:32:17+0100 - era5land_to_datm.download - INFO - Sleeping for 0.5 seconds before next call...
2025-12-08T17:32:17+0100 - era5land_to_datm.download - INFO - Retrieving Remote for request ID 2823e6e1-2391-4dfd-b89c-37ee9ef3c1bd (48/48)...
2025-12-08T17:32:17+0100 - ecmwf.datastores.processing - INFO - Request ID is 2823e6e1-2391-4dfd-b89c-37ee9ef3c1bd
2025-12-08T17:32:17+0100 - ecmwf.datastores.processing - INFO - Request ID is 2823e6e1-2391-4dfd-b89c-37ee9ef3c1bd
2025-12-08T17:33:29+0100 - ecmwf.datastores.processing - INFO - status has been updated to accepted
2025-12-08T17:33:29+0100 - ecmwf.datastores.processing - INFO - status has been updated to accepted
2025-12-08T17:33:29+0100 - ecmwf.datastores.processing - INFO - status has been updated to accepted
2025-12-08T17:33:29+0100 - ecmwf.datastores.processing - INFO - status has been updated to accepted
2025-12-08T17:33:29+0100 - ecmwf.datastores.processing - INFO - status has been updated to accepted
2025-12-08T17:33:29+0100 - ecmwf.datastores.processing - INFO - status has been updated to accepted
2025-12-08T17:33:29+0100 - ecmwf.datastores.processing - INFO - status has been updated to accepted
2025-12-08T17:33:29+0100 - ecmwf.datastores.processing - INFO - status has been updated to accepted
2025-12-08T17:33:29+0100 - ecmwf.datastores.processing - INFO - status has been updated to accepted
2025-12-08T17:33:29+0100 - ecmwf.datastores.processing - INFO - status has been updated to accepted
2025-12-08T17:33:29+0100 - ecmwf.datastores.processing - INFO - status has been updated to accepted
2025-12-08T17:33:30+0100 - ecmwf.datastores.processing - INFO - status has been updated to accepted
2025-12-08T17:33:30+0100 - ecmwf.datastores.processing - INFO - status has been updated to accepted
2025-12-08T17:33:30+0100 - ecmwf.datastores.processing - INFO - status has been updated to accepted
2025-12-08T17:33:30+0100 - ecmwf.datastores.processing - INFO - status has been updated to accepted
2025-12-08T17:33:30+0100 - ecmwf.datastores.processing - INFO - status has been updated to accepted
2025-12-08T17:33:30+0100 - ecmwf.datastores.processing - INFO - status has been updated to running
2025-12-08T17:33:30+0100 - ecmwf.datastores.processing - INFO - status has been updated to successful
2025-12-08T17:33:30+0100 - ecmwf.datastores.processing - INFO - status has been updated to successful
2025-12-08T17:33:30+0100 - ecmwf.datastores.processing - INFO - status has been updated to successful
2025-12-08T17:33:30+0100 - ecmwf.datastores.processing - INFO - status has been updated to successful
2025-12-08T17:33:30+0100 - ecmwf.datastores.processing - INFO - status has been updated to successful
2025-12-08T17:33:30+0100 - ecmwf.datastores.processing - INFO - status has been updated to successful
2025-12-08T17:33:30+0100 - ecmwf.datastores.processing - INFO - status has been updated to successful
2025-12-08T17:33:30+0100 - ecmwf.datastores.processing - INFO - status has been updated to successful
2025-12-08T17:33:31+0100 - ecmwf.datastores.processing - INFO - status has been updated to successful
2025-12-08T17:33:31+0100 - ecmwf.datastores.processing - INFO - status has been updated to successful
2025-12-08T17:33:31+0100 - ecmwf.datastores.processing - INFO - status has been updated to successful
2025-12-08T17:33:31+0100 - ecmwf.datastores.processing - INFO - status has been updated to successful
2025-12-08T17:33:31+0100 - ecmwf.datastores.processing - INFO - status has been updated to successful
2025-12-08T17:33:31+0100 - ecmwf.datastores.processing - INFO - status has been updated to successful
2025-12-08T17:33:31+0100 - ecmwf.datastores.processing - INFO - status has been updated to successful
2025-12-08T17:33:31+0100 - ecmwf.datastores.processing - INFO - status has been updated to successful
2025-12-08T17:33:31+0100 - ecmwf.datastores.processing - INFO - status has been updated to successful
2025-12-08T17:33:31+0100 - ecmwf.datastores.processing - INFO - status has been updated to successful
2025-12-08T17:33:31+0100 - ecmwf.datastores.processing - INFO - status has been updated to successful
2025-12-08T17:33:31+0100 - ecmwf.datastores.processing - INFO - status has been updated to successful
2025-12-08T17:33:31+0100 - ecmwf.datastores.processing - INFO - status has been updated to successful
2025-12-08T17:33:31+0100 - ecmwf.datastores.processing - INFO - status has been updated to successful
2025-12-08T17:33:31+0100 - ecmwf.datastores.processing - INFO - status has been updated to successful
2025-12-08T17:33:32+0100 - ecmwf.datastores.processing - INFO - status has been updated to successful
2025-12-08T17:33:32+0100 - ecmwf.datastores.processing - INFO - status has been updated to successful
2025-12-08T17:33:32+0100 - ecmwf.datastores.processing - INFO - status has been updated to successful
2025-12-08T17:33:32+0100 - ecmwf.datastores.processing - INFO - status has been updated to successful
2025-12-08T17:33:32+0100 - ecmwf.datastores.processing - INFO - status has been updated to successful
2025-12-08T17:33:32+0100 - ecmwf.datastores.processing - INFO - status has been updated to successful
2025-12-08T17:33:32+0100 - ecmwf.datastores.processing - INFO - status has been updated to successful
2025-12-08T17:33:32+0100 - ecmwf.datastores.processing - INFO - status has been updated to successful
2025-12-08T17:34:21+0100 - era5land_to_datm.download - INFO - No files available yet for remote with id 15b1eb4b-cb65-43d7-80be-bb4710ba2565; skipping download.
2025-12-08T17:34:22+0100 - era5land_to_datm.download - INFO - No files available yet for remote with id 76552e47-6670-4e56-becf-646638c7d920; skipping download.
2025-12-08T17:34:22+0100 - era5land_to_datm.download - INFO - No files available yet for remote with id a6a7c311-5eb4-45c2-9ad2-6733bb91f2c6; skipping download.
2025-12-08T17:34:22+0100 - era5land_to_datm.download - INFO - No files available yet for remote with id 42326d44-6b75-4f87-ae8b-d5b8f45d2b34; skipping download.
2025-12-08T17:34:22+0100 - era5land_to_datm.download - INFO - No files available yet for remote with id 5e4434b2-3bfc-420e-a5b5-0f17c7c1541d; skipping download.
2025-12-08T17:34:22+0100 - era5land_to_datm.download - INFO - No files available yet for remote with id 97234024-9a45-410a-a5f5-445f41065f2b; skipping download.
2025-12-08T17:34:22+0100 - era5land_to_datm.download - INFO - No files available yet for remote with id 58beda92-672e-43f3-92e3-68459e9023f2; skipping download.
2025-12-08T17:34:22+0100 - era5land_to_datm.download - INFO - No files available yet for remote with id 3ca6e122-a724-4b35-a039-0ed55e302c8a; skipping download.
2025-12-08T17:34:23+0100 - era5land_to_datm.download - INFO - No files available yet for remote with id eba27327-89a9-44ae-8bcf-7167b3916522; skipping download.
2025-12-08T17:34:23+0100 - era5land_to_datm.download - INFO - No files available yet for remote with id 7b181d36-8621-44bd-b351-bc0eb47d8a36; skipping download.
2025-12-08T17:34:23+0100 - era5land_to_datm.download - INFO - No files available yet for remote with id afcf193b-c17c-48d6-adcb-9e1fda1c418c; skipping download.
2025-12-08T17:34:23+0100 - era5land_to_datm.download - INFO - No files available yet for remote with id b8992239-8a21-468d-b438-ceb264156158; skipping download.
2025-12-08T17:34:23+0100 - era5land_to_datm.download - INFO - No files available yet for remote with id b512a995-5012-469e-ba08-23af8e2c218a; skipping download.
2025-12-08T17:34:23+0100 - era5land_to_datm.download - INFO - No files available yet for remote with id 084554e4-6f95-484d-8acd-994d6175215f; skipping download.
2025-12-08T17:34:24+0100 - era5land_to_datm.download - INFO - No files available yet for remote with id 9dd76646-9239-45b5-9cac-f55dc1eeede2; skipping download.
2025-12-08T17:34:24+0100 - era5land_to_datm.download - INFO - No files available yet for remote with id 4cea9c42-08d4-4aab-b80a-d24b15b719d5; skipping download.
2025-12-08T17:34:24+0100 - era5land_to_datm.download - INFO - No files available yet for remote with id 7042c933-0348-4211-90b7-b3dd6669123e; skipping download.
2025-12-08T17:34:24+0100 - era5land_to_datm.download - INFO - Results ready for remote with id f03dd0e2-95bb-42ea-88af-f98700f8b3e0; downloading to /cluster/shared/noresm/inputdata/cicero_mods/ERA5-Land_NorSink/original_GRIB_NorwayRect/era5land_d2m_sp_ssrd_strd_t2m_tp_u10_v10_2023_07.grib...
2025-12-08T17:34:24+0100 - multiurl.base - INFO - Downloading https://object-store.os-api.cci2.ecmwf.int:443/cci2-prod-cache-1/2025-12-08/8971d7685ae58f49a09375f87f8b0d0e.grib
2025-12-08T17:34:33+0100 - era5land_to_datm.download - INFO - Results ready for remote with id cac114a4-a8fc-414f-bd6a-9f146f976c1e; downloading to /cluster/shared/noresm/inputdata/cicero_mods/ERA5-Land_NorSink/original_GRIB_NorwayRect/era5land_d2m_sp_ssrd_strd_t2m_tp_u10_v10_2023_06.grib...
2025-12-08T17:34:34+0100 - multiurl.base - INFO - Downloading https://object-store.os-api.cci2.ecmwf.int:443/cci2-prod-cache-2/2025-12-08/b74913fcceea25253ecab645253227df.grib
2025-12-08T17:34:42+0100 - era5land_to_datm.download - INFO - Results ready for remote with id 71c3183c-570a-4dc6-8599-47d08c4b6038; downloading to /cluster/shared/noresm/inputdata/cicero_mods/ERA5-Land_NorSink/original_GRIB_NorwayRect/era5land_d2m_sp_ssrd_strd_t2m_tp_u10_v10_2023_05.grib...
2025-12-08T17:34:42+0100 - multiurl.base - INFO - Downloading https://object-store.os-api.cci2.ecmwf.int:443/cci2-prod-cache-3/2025-12-08/680cd2d4d670b8e85c3e0e1d8ac58935.grib
2025-12-08T17:34:51+0100 - era5land_to_datm.download - INFO - Results ready for remote with id 0cc0acda-5221-49d6-8240-d9b303e5bbb6; downloading to /cluster/shared/noresm/inputdata/cicero_mods/ERA5-Land_NorSink/original_GRIB_NorwayRect/era5land_d2m_sp_ssrd_strd_t2m_tp_u10_v10_2023_04.grib...
2025-12-08T17:34:51+0100 - multiurl.base - INFO - Downloading https://object-store.os-api.cci2.ecmwf.int:443/cci2-prod-cache-1/2025-12-08/13f9f05e08365a7772f0b5dad0117a19.grib
2025-12-08T17:35:00+0100 - era5land_to_datm.download - INFO - Results ready for remote with id dd4ff22a-d3a6-46df-aed3-884ef6ec381a; downloading to /cluster/shared/noresm/inputdata/cicero_mods/ERA5-Land_NorSink/original_GRIB_NorwayRect/era5land_d2m_sp_ssrd_strd_t2m_tp_u10_v10_2023_03.grib...
2025-12-08T17:35:00+0100 - multiurl.base - INFO - Downloading https://object-store.os-api.cci2.ecmwf.int:443/cci2-prod-cache-1/2025-12-08/91a897973eab8c5ed180d9211f1b6228.grib
2025-12-08T17:35:08+0100 - era5land_to_datm.download - INFO - Results ready for remote with id 77ac1a5b-96ef-4413-b0cd-de3836963f46; downloading to /cluster/shared/noresm/inputdata/cicero_mods/ERA5-Land_NorSink/original_GRIB_NorwayRect/era5land_d2m_sp_ssrd_strd_t2m_tp_u10_v10_2023_02.grib...
2025-12-08T17:35:09+0100 - multiurl.base - INFO - Downloading https://object-store.os-api.cci2.ecmwf.int:443/cci2-prod-cache-3/2025-12-08/eb7225f2cfd22aaf51cce86ab188ac16.grib
2025-12-08T17:35:17+0100 - era5land_to_datm.download - INFO - Results ready for remote with id fdd54e38-6e2e-49ba-b5d5-b74dfd648db6; downloading to /cluster/shared/noresm/inputdata/cicero_mods/ERA5-Land_NorSink/original_GRIB_NorwayRect/era5land_d2m_sp_ssrd_strd_t2m_tp_u10_v10_2023_01.grib...
2025-12-08T17:35:17+0100 - multiurl.base - INFO - Downloading https://object-store.os-api.cci2.ecmwf.int:443/cci2-prod-cache-2/2025-12-08/5136a9cdca8e233c71bff70c0c8fd17b.grib
2025-12-08T17:35:26+0100 - era5land_to_datm.download - INFO - Results ready for remote with id 98b031af-2cc5-4358-b6eb-677113c65662; downloading to /cluster/shared/noresm/inputdata/cicero_mods/ERA5-Land_NorSink/original_GRIB_NorwayRect/era5land_d2m_sp_ssrd_strd_t2m_tp_u10_v10_2022_12.grib...
2025-12-08T17:35:26+0100 - multiurl.base - INFO - Downloading https://object-store.os-api.cci2.ecmwf.int:443/cci2-prod-cache-2/2025-12-08/8656680e92d62ae443c3b0c7233b3e22.grib
2025-12-08T17:35:40+0100 - era5land_to_datm.download - INFO - Results ready for remote with id 9ce97d41-e76a-45f3-acec-39c6efd5d8a8; downloading to /cluster/shared/noresm/inputdata/cicero_mods/ERA5-Land_NorSink/original_GRIB_NorwayRect/era5land_d2m_sp_ssrd_strd_t2m_tp_u10_v10_2022_11.grib...
2025-12-08T17:35:41+0100 - multiurl.base - INFO - Downloading https://object-store.os-api.cci2.ecmwf.int:443/cci2-prod-cache-3/2025-12-08/a21c61e47c051403a97a02749ad21386.grib
2025-12-08T17:35:54+0100 - era5land_to_datm.download - INFO - Results ready for remote with id 16c0ca8f-e8b2-4fc2-9705-e0cd2cdecb47; downloading to /cluster/shared/noresm/inputdata/cicero_mods/ERA5-Land_NorSink/original_GRIB_NorwayRect/era5land_d2m_sp_ssrd_strd_t2m_tp_u10_v10_2022_10.grib...
2025-12-08T17:35:54+0100 - multiurl.base - INFO - Downloading https://object-store.os-api.cci2.ecmwf.int:443/cci2-prod-cache-1/2025-12-08/e7a1c5131c9a8bcafcba6d7a70e6fa0f.grib
2025-12-08T17:36:02+0100 - era5land_to_datm.download - INFO - Results ready for remote with id f3f9295d-b90e-4597-bf1b-94beb5d4b202; downloading to /cluster/shared/noresm/inputdata/cicero_mods/ERA5-Land_NorSink/original_GRIB_NorwayRect/era5land_d2m_sp_ssrd_strd_t2m_tp_u10_v10_2022_09.grib...
2025-12-08T17:36:03+0100 - multiurl.base - INFO - Downloading https://object-store.os-api.cci2.ecmwf.int:443/cci2-prod-cache-1/2025-12-08/67b319bbbe54682ce289d8e078712fbc.grib
2025-12-08T17:36:11+0100 - era5land_to_datm.download - INFO - Results ready for remote with id 4b05ace6-1ffc-4bbe-847c-0ba778af0768; downloading to /cluster/shared/noresm/inputdata/cicero_mods/ERA5-Land_NorSink/original_GRIB_NorwayRect/era5land_d2m_sp_ssrd_strd_t2m_tp_u10_v10_2022_08.grib...
2025-12-08T17:36:11+0100 - multiurl.base - INFO - Downloading https://object-store.os-api.cci2.ecmwf.int:443/cci2-prod-cache-1/2025-12-08/9e194c5c206645fc78fafecd2d0e1e94.grib
2025-12-08T17:36:19+0100 - era5land_to_datm.download - INFO - Results ready for remote with id 61256159-e76e-46fa-9389-81862e573271; downloading to /cluster/shared/noresm/inputdata/cicero_mods/ERA5-Land_NorSink/original_GRIB_NorwayRect/era5land_d2m_sp_ssrd_strd_t2m_tp_u10_v10_2022_07.grib...
2025-12-08T17:36:19+0100 - multiurl.base - INFO - Downloading https://object-store.os-api.cci2.ecmwf.int:443/cci2-prod-cache-1/2025-12-08/6678aac36fa7f6c52ba7e4b73d04c509.grib
2025-12-08T17:36:28+0100 - era5land_to_datm.download - INFO - Results ready for remote with id 7467670b-f6d6-4410-b72d-48022c9ed9f7; downloading to /cluster/shared/noresm/inputdata/cicero_mods/ERA5-Land_NorSink/original_GRIB_NorwayRect/era5land_d2m_sp_ssrd_strd_t2m_tp_u10_v10_2022_06.grib...
2025-12-08T17:36:28+0100 - multiurl.base - INFO - Downloading https://object-store.os-api.cci2.ecmwf.int:443/cci2-prod-cache-1/2025-12-08/f8de51358cffc8d0e6ffbf455bd3e14c.grib
2025-12-08T17:36:36+0100 - era5land_to_datm.download - INFO - Results ready for remote with id e9df3312-5aae-4cdc-99ea-13a0635c0a4d; downloading to /cluster/shared/noresm/inputdata/cicero_mods/ERA5-Land_NorSink/original_GRIB_NorwayRect/era5land_d2m_sp_ssrd_strd_t2m_tp_u10_v10_2022_05.grib...
2025-12-08T17:36:36+0100 - multiurl.base - INFO - Downloading https://object-store.os-api.cci2.ecmwf.int:443/cci2-prod-cache-3/2025-12-08/4edf3bdf61d5b550f92eae00716c4169.grib
2025-12-08T17:36:44+0100 - era5land_to_datm.download - INFO - Results ready for remote with id 04d6304c-9541-44da-ba8b-7f40ea591587; downloading to /cluster/shared/noresm/inputdata/cicero_mods/ERA5-Land_NorSink/original_GRIB_NorwayRect/era5land_d2m_sp_ssrd_strd_t2m_tp_u10_v10_2022_04.grib...
2025-12-08T17:36:44+0100 - multiurl.base - INFO - Downloading https://object-store.os-api.cci2.ecmwf.int:443/cci2-prod-cache-3/2025-12-08/ba9aa596e54da28dea4d07cb3d34d03d.grib
2025-12-08T17:36:52+0100 - era5land_to_datm.download - INFO - Results ready for remote with id 3890c7c0-369b-4360-8b82-782957fb4b4c; downloading to /cluster/shared/noresm/inputdata/cicero_mods/ERA5-Land_NorSink/original_GRIB_NorwayRect/era5land_d2m_sp_ssrd_strd_t2m_tp_u10_v10_2022_03.grib...
2025-12-08T17:36:52+0100 - multiurl.base - INFO - Downloading https://object-store.os-api.cci2.ecmwf.int:443/cci2-prod-cache-1/2025-12-08/1571c1edc43d532dfed7e75348c9c758.grib
2025-12-08T17:37:01+0100 - era5land_to_datm.download - INFO - Results ready for remote with id b48683da-8394-4f64-ae43-4e89fed85c95; downloading to /cluster/shared/noresm/inputdata/cicero_mods/ERA5-Land_NorSink/original_GRIB_NorwayRect/era5land_d2m_sp_ssrd_strd_t2m_tp_u10_v10_2022_02.grib...
2025-12-08T17:37:01+0100 - multiurl.base - INFO - Downloading https://object-store.os-api.cci2.ecmwf.int:443/cci2-prod-cache-2/2025-12-08/f7114f1fc6b68784a7e1a03cad053fae.grib
2025-12-08T17:37:08+0100 - era5land_to_datm.download - INFO - Results ready for remote with id 90e764a0-3bf6-4473-a76b-530e48bebce7; downloading to /cluster/shared/noresm/inputdata/cicero_mods/ERA5-Land_NorSink/original_GRIB_NorwayRect/era5land_d2m_sp_ssrd_strd_t2m_tp_u10_v10_2022_01.grib...
2025-12-08T17:37:09+0100 - multiurl.base - INFO - Downloading https://object-store.os-api.cci2.ecmwf.int:443/cci2-prod-cache-3/2025-12-08/fa2a58a4bb15ec35abb476b1340454b7.grib
2025-12-08T17:37:17+0100 - era5land_to_datm.download - INFO - Results ready for remote with id 3b534d85-66a9-4514-abab-49bc06e03661; downloading to /cluster/shared/noresm/inputdata/cicero_mods/ERA5-Land_NorSink/original_GRIB_NorwayRect/era5land_d2m_sp_ssrd_strd_t2m_tp_u10_v10_2021_12.grib...
2025-12-08T17:37:17+0100 - multiurl.base - INFO - Downloading https://object-store.os-api.cci2.ecmwf.int:443/cci2-prod-cache-3/2025-12-08/e389349fe00b4d3b9ae79924114255b8.grib
2025-12-08T17:37:37+0100 - era5land_to_datm.download - INFO - Results ready for remote with id 1318e752-a1e7-4849-93f2-19e46e54addf; downloading to /cluster/shared/noresm/inputdata/cicero_mods/ERA5-Land_NorSink/original_GRIB_NorwayRect/era5land_d2m_sp_ssrd_strd_t2m_tp_u10_v10_2021_11.grib...
2025-12-08T17:37:37+0100 - multiurl.base - INFO - Downloading https://object-store.os-api.cci2.ecmwf.int:443/cci2-prod-cache-2/2025-12-08/3df4793bbb72d3c8719309c92f0d4459.grib
2025-12-08T17:37:45+0100 - era5land_to_datm.download - INFO - Results ready for remote with id 7181b9e3-fc0c-4c04-aece-2bff457a50f7; downloading to /cluster/shared/noresm/inputdata/cicero_mods/ERA5-Land_NorSink/original_GRIB_NorwayRect/era5land_d2m_sp_ssrd_strd_t2m_tp_u10_v10_2021_10.grib...
2025-12-08T17:37:45+0100 - multiurl.base - INFO - Downloading https://object-store.os-api.cci2.ecmwf.int:443/cci2-prod-cache-2/2025-12-08/d8f4be8ebc93773110efea9ae91da6ac.grib
2025-12-08T17:38:00+0100 - era5land_to_datm.download - INFO - Results ready for remote with id b5b67997-8864-40cd-a5de-04eb48f1ff29; downloading to /cluster/shared/noresm/inputdata/cicero_mods/ERA5-Land_NorSink/original_GRIB_NorwayRect/era5land_d2m_sp_ssrd_strd_t2m_tp_u10_v10_2021_09.grib...
2025-12-08T17:38:00+0100 - multiurl.base - INFO - Downloading https://object-store.os-api.cci2.ecmwf.int:443/cci2-prod-cache-2/2025-12-08/871e2d22127bce58af7eb54907fd244c.grib
2025-12-08T17:38:10+0100 - era5land_to_datm.download - INFO - Results ready for remote with id 6379ea6a-e629-4d4b-8e22-a1649ad08cc9; downloading to /cluster/shared/noresm/inputdata/cicero_mods/ERA5-Land_NorSink/original_GRIB_NorwayRect/era5land_d2m_sp_ssrd_strd_t2m_tp_u10_v10_2021_08.grib...
2025-12-08T17:38:10+0100 - multiurl.base - INFO - Downloading https://object-store.os-api.cci2.ecmwf.int:443/cci2-prod-cache-3/2025-12-08/a576de249d2ac6bb61f7732246ce2eae.grib
2025-12-08T17:38:18+0100 - era5land_to_datm.download - INFO - Results ready for remote with id b2bf7c80-9807-4c72-8d3a-613e3b9ffb16; downloading to /cluster/shared/noresm/inputdata/cicero_mods/ERA5-Land_NorSink/original_GRIB_NorwayRect/era5land_d2m_sp_ssrd_strd_t2m_tp_u10_v10_2021_07.grib...
2025-12-08T17:38:18+0100 - multiurl.base - INFO - Downloading https://object-store.os-api.cci2.ecmwf.int:443/cci2-prod-cache-2/2025-12-08/2e91f3b848f7daab72951d97d0329132.grib
2025-12-08T17:38:28+0100 - era5land_to_datm.download - INFO - Results ready for remote with id cb3c8e32-7c9e-4e39-9715-b35622a6de47; downloading to /cluster/shared/noresm/inputdata/cicero_mods/ERA5-Land_NorSink/original_GRIB_NorwayRect/era5land_d2m_sp_ssrd_strd_t2m_tp_u10_v10_2021_06.grib...
2025-12-08T17:38:28+0100 - multiurl.base - INFO - Downloading https://object-store.os-api.cci2.ecmwf.int:443/cci2-prod-cache-3/2025-12-08/368c6ce8ca702b1671be15362cdf370b.grib
2025-12-08T17:38:36+0100 - era5land_to_datm.download - INFO - Results ready for remote with id 942b7051-6799-4a52-850c-eb7b3c94a67f; downloading to /cluster/shared/noresm/inputdata/cicero_mods/ERA5-Land_NorSink/original_GRIB_NorwayRect/era5land_d2m_sp_ssrd_strd_t2m_tp_u10_v10_2021_05.grib...
2025-12-08T17:38:36+0100 - multiurl.base - INFO - Downloading https://object-store.os-api.cci2.ecmwf.int:443/cci2-prod-cache-1/2025-12-08/a5010dff78d617b12482676f4c181a70.grib
2025-12-08T17:38:46+0100 - era5land_to_datm.download - INFO - Results ready for remote with id 026d5bcb-0165-4272-8f1b-0565a444079c; downloading to /cluster/shared/noresm/inputdata/cicero_mods/ERA5-Land_NorSink/original_GRIB_NorwayRect/era5land_d2m_sp_ssrd_strd_t2m_tp_u10_v10_2021_04.grib...
2025-12-08T17:38:47+0100 - multiurl.base - INFO - Downloading https://object-store.os-api.cci2.ecmwf.int:443/cci2-prod-cache-1/2025-12-08/e5363ab6ed890fc42e778314f0468a93.grib
2025-12-08T17:38:55+0100 - era5land_to_datm.download - INFO - Results ready for remote with id 3ffed25e-458a-43f2-87d3-8d05106375ea; downloading to /cluster/shared/noresm/inputdata/cicero_mods/ERA5-Land_NorSink/original_GRIB_NorwayRect/era5land_d2m_sp_ssrd_strd_t2m_tp_u10_v10_2021_03.grib...
2025-12-08T17:38:56+0100 - multiurl.base - INFO - Downloading https://object-store.os-api.cci2.ecmwf.int:443/cci2-prod-cache-3/2025-12-08/1f3c60e43b1a44e8a6d6559b718d4e31.grib
2025-12-08T17:39:04+0100 - era5land_to_datm.download - INFO - Results ready for remote with id 99889689-e81b-4604-a62d-ae9708f13f44; downloading to /cluster/shared/noresm/inputdata/cicero_mods/ERA5-Land_NorSink/original_GRIB_NorwayRect/era5land_d2m_sp_ssrd_strd_t2m_tp_u10_v10_2021_02.grib...
2025-12-08T17:39:04+0100 - multiurl.base - INFO - Downloading https://object-store.os-api.cci2.ecmwf.int:443/cci2-prod-cache-1/2025-12-08/bbf30637a8874664359ebc45be75d472.grib
2025-12-08T17:39:12+0100 - era5land_to_datm.download - INFO - Results ready for remote with id 2823e6e1-2391-4dfd-b89c-37ee9ef3c1bd; downloading to /cluster/shared/noresm/inputdata/cicero_mods/ERA5-Land_NorSink/original_GRIB_NorwayRect/era5land_d2m_sp_ssrd_strd_t2m_tp_u10_v10_2021_01.grib...
2025-12-08T17:39:12+0100 - multiurl.base - INFO - Downloading https://object-store.os-api.cci2.ecmwf.int:443/cci2-prod-cache-2/2025-12-08/1d0b84560bcd7f59cc273869ffd7566c.grib
2025-12-08T17:43:15+0100 - root - INFO - Deleting downloaded remotes...
2025-12-08T17:43:15+0100 - root - INFO - Deleting Remote with id f03dd0e2-95bb-42ea-88af-f98700f8b3e0 for 2023-07 after downloading file /cluster/shared/noresm/inputdata/cicero_mods/ERA5-Land_NorSink/original_GRIB_NorwayRect/era5land_d2m_sp_ssrd_strd_t2m_tp_u10_v10_2023_07.grib...
2025-12-08T17:43:19+0100 - root - INFO - Deleting Remote with id cac114a4-a8fc-414f-bd6a-9f146f976c1e for 2023-06 after downloading file /cluster/shared/noresm/inputdata/cicero_mods/ERA5-Land_NorSink/original_GRIB_NorwayRect/era5land_d2m_sp_ssrd_strd_t2m_tp_u10_v10_2023_06.grib...
2025-12-08T17:43:19+0100 - root - INFO - Deleting Remote with id 71c3183c-570a-4dc6-8599-47d08c4b6038 for 2023-05 after downloading file /cluster/shared/noresm/inputdata/cicero_mods/ERA5-Land_NorSink/original_GRIB_NorwayRect/era5land_d2m_sp_ssrd_strd_t2m_tp_u10_v10_2023_05.grib...
2025-12-08T17:43:20+0100 - root - INFO - Deleting Remote with id 0cc0acda-5221-49d6-8240-d9b303e5bbb6 for 2023-04 after downloading file /cluster/shared/noresm/inputdata/cicero_mods/ERA5-Land_NorSink/original_GRIB_NorwayRect/era5land_d2m_sp_ssrd_strd_t2m_tp_u10_v10_2023_04.grib...
2025-12-08T17:43:20+0100 - root - INFO - Deleting Remote with id dd4ff22a-d3a6-46df-aed3-884ef6ec381a for 2023-03 after downloading file /cluster/shared/noresm/inputdata/cicero_mods/ERA5-Land_NorSink/original_GRIB_NorwayRect/era5land_d2m_sp_ssrd_strd_t2m_tp_u10_v10_2023_03.grib...
2025-12-08T17:43:21+0100 - root - INFO - Deleting Remote with id 77ac1a5b-96ef-4413-b0cd-de3836963f46 for 2023-02 after downloading file /cluster/shared/noresm/inputdata/cicero_mods/ERA5-Land_NorSink/original_GRIB_NorwayRect/era5land_d2m_sp_ssrd_strd_t2m_tp_u10_v10_2023_02.grib...
2025-12-08T17:43:22+0100 - root - INFO - Deleting Remote with id fdd54e38-6e2e-49ba-b5d5-b74dfd648db6 for 2023-01 after downloading file /cluster/shared/noresm/inputdata/cicero_mods/ERA5-Land_NorSink/original_GRIB_NorwayRect/era5land_d2m_sp_ssrd_strd_t2m_tp_u10_v10_2023_01.grib...
2025-12-08T17:43:22+0100 - root - INFO - Deleting Remote with id 98b031af-2cc5-4358-b6eb-677113c65662 for 2022-12 after downloading file /cluster/shared/noresm/inputdata/cicero_mods/ERA5-Land_NorSink/original_GRIB_NorwayRect/era5land_d2m_sp_ssrd_strd_t2m_tp_u10_v10_2022_12.grib...
2025-12-08T17:43:23+0100 - root - INFO - Deleting Remote with id 9ce97d41-e76a-45f3-acec-39c6efd5d8a8 for 2022-11 after downloading file /cluster/shared/noresm/inputdata/cicero_mods/ERA5-Land_NorSink/original_GRIB_NorwayRect/era5land_d2m_sp_ssrd_strd_t2m_tp_u10_v10_2022_11.grib...
2025-12-08T17:43:23+0100 - root - INFO - Deleting Remote with id 16c0ca8f-e8b2-4fc2-9705-e0cd2cdecb47 for 2022-10 after downloading file /cluster/shared/noresm/inputdata/cicero_mods/ERA5-Land_NorSink/original_GRIB_NorwayRect/era5land_d2m_sp_ssrd_strd_t2m_tp_u10_v10_2022_10.grib...
2025-12-08T17:43:24+0100 - root - INFO - Deleting Remote with id f3f9295d-b90e-4597-bf1b-94beb5d4b202 for 2022-09 after downloading file /cluster/shared/noresm/inputdata/cicero_mods/ERA5-Land_NorSink/original_GRIB_NorwayRect/era5land_d2m_sp_ssrd_strd_t2m_tp_u10_v10_2022_09.grib...
2025-12-08T17:43:25+0100 - root - INFO - Deleting Remote with id 4b05ace6-1ffc-4bbe-847c-0ba778af0768 for 2022-08 after downloading file /cluster/shared/noresm/inputdata/cicero_mods/ERA5-Land_NorSink/original_GRIB_NorwayRect/era5land_d2m_sp_ssrd_strd_t2m_tp_u10_v10_2022_08.grib...
2025-12-08T17:43:25+0100 - root - INFO - Deleting Remote with id 61256159-e76e-46fa-9389-81862e573271 for 2022-07 after downloading file /cluster/shared/noresm/inputdata/cicero_mods/ERA5-Land_NorSink/original_GRIB_NorwayRect/era5land_d2m_sp_ssrd_strd_t2m_tp_u10_v10_2022_07.grib...
2025-12-08T17:43:26+0100 - root - INFO - Deleting Remote with id 7467670b-f6d6-4410-b72d-48022c9ed9f7 for 2022-06 after downloading file /cluster/shared/noresm/inputdata/cicero_mods/ERA5-Land_NorSink/original_GRIB_NorwayRect/era5land_d2m_sp_ssrd_strd_t2m_tp_u10_v10_2022_06.grib...
2025-12-08T17:43:26+0100 - root - INFO - Deleting Remote with id e9df3312-5aae-4cdc-99ea-13a0635c0a4d for 2022-05 after downloading file /cluster/shared/noresm/inputdata/cicero_mods/ERA5-Land_NorSink/original_GRIB_NorwayRect/era5land_d2m_sp_ssrd_strd_t2m_tp_u10_v10_2022_05.grib...
2025-12-08T17:43:27+0100 - root - INFO - Deleting Remote with id 04d6304c-9541-44da-ba8b-7f40ea591587 for 2022-04 after downloading file /cluster/shared/noresm/inputdata/cicero_mods/ERA5-Land_NorSink/original_GRIB_NorwayRect/era5land_d2m_sp_ssrd_strd_t2m_tp_u10_v10_2022_04.grib...
2025-12-08T17:43:28+0100 - root - INFO - Deleting Remote with id 3890c7c0-369b-4360-8b82-782957fb4b4c for 2022-03 after downloading file /cluster/shared/noresm/inputdata/cicero_mods/ERA5-Land_NorSink/original_GRIB_NorwayRect/era5land_d2m_sp_ssrd_strd_t2m_tp_u10_v10_2022_03.grib...
2025-12-08T17:43:28+0100 - root - INFO - Deleting Remote with id b48683da-8394-4f64-ae43-4e89fed85c95 for 2022-02 after downloading file /cluster/shared/noresm/inputdata/cicero_mods/ERA5-Land_NorSink/original_GRIB_NorwayRect/era5land_d2m_sp_ssrd_strd_t2m_tp_u10_v10_2022_02.grib...
2025-12-08T17:43:29+0100 - root - INFO - Deleting Remote with id 90e764a0-3bf6-4473-a76b-530e48bebce7 for 2022-01 after downloading file /cluster/shared/noresm/inputdata/cicero_mods/ERA5-Land_NorSink/original_GRIB_NorwayRect/era5land_d2m_sp_ssrd_strd_t2m_tp_u10_v10_2022_01.grib...
2025-12-08T17:43:30+0100 - root - INFO - Deleting Remote with id 3b534d85-66a9-4514-abab-49bc06e03661 for 2021-12 after downloading file /cluster/shared/noresm/inputdata/cicero_mods/ERA5-Land_NorSink/original_GRIB_NorwayRect/era5land_d2m_sp_ssrd_strd_t2m_tp_u10_v10_2021_12.grib...
2025-12-08T17:43:30+0100 - root - INFO - Deleting Remote with id 1318e752-a1e7-4849-93f2-19e46e54addf for 2021-11 after downloading file /cluster/shared/noresm/inputdata/cicero_mods/ERA5-Land_NorSink/original_GRIB_NorwayRect/era5land_d2m_sp_ssrd_strd_t2m_tp_u10_v10_2021_11.grib...
2025-12-08T17:43:31+0100 - root - INFO - Deleting Remote with id 7181b9e3-fc0c-4c04-aece-2bff457a50f7 for 2021-10 after downloading file /cluster/shared/noresm/inputdata/cicero_mods/ERA5-Land_NorSink/original_GRIB_NorwayRect/era5land_d2m_sp_ssrd_strd_t2m_tp_u10_v10_2021_10.grib...
2025-12-08T17:43:31+0100 - root - INFO - Deleting Remote with id b5b67997-8864-40cd-a5de-04eb48f1ff29 for 2021-09 after downloading file /cluster/shared/noresm/inputdata/cicero_mods/ERA5-Land_NorSink/original_GRIB_NorwayRect/era5land_d2m_sp_ssrd_strd_t2m_tp_u10_v10_2021_09.grib...
2025-12-08T17:43:32+0100 - root - INFO - Deleting Remote with id 6379ea6a-e629-4d4b-8e22-a1649ad08cc9 for 2021-08 after downloading file /cluster/shared/noresm/inputdata/cicero_mods/ERA5-Land_NorSink/original_GRIB_NorwayRect/era5land_d2m_sp_ssrd_strd_t2m_tp_u10_v10_2021_08.grib...
2025-12-08T17:43:33+0100 - root - INFO - Deleting Remote with id b2bf7c80-9807-4c72-8d3a-613e3b9ffb16 for 2021-07 after downloading file /cluster/shared/noresm/inputdata/cicero_mods/ERA5-Land_NorSink/original_GRIB_NorwayRect/era5land_d2m_sp_ssrd_strd_t2m_tp_u10_v10_2021_07.grib...
2025-12-08T17:43:33+0100 - root - INFO - Deleting Remote with id cb3c8e32-7c9e-4e39-9715-b35622a6de47 for 2021-06 after downloading file /cluster/shared/noresm/inputdata/cicero_mods/ERA5-Land_NorSink/original_GRIB_NorwayRect/era5land_d2m_sp_ssrd_strd_t2m_tp_u10_v10_2021_06.grib...
2025-12-08T17:43:34+0100 - root - INFO - Deleting Remote with id 942b7051-6799-4a52-850c-eb7b3c94a67f for 2021-05 after downloading file /cluster/shared/noresm/inputdata/cicero_mods/ERA5-Land_NorSink/original_GRIB_NorwayRect/era5land_d2m_sp_ssrd_strd_t2m_tp_u10_v10_2021_05.grib...
2025-12-08T17:43:35+0100 - root - INFO - Deleting Remote with id 026d5bcb-0165-4272-8f1b-0565a444079c for 2021-04 after downloading file /cluster/shared/noresm/inputdata/cicero_mods/ERA5-Land_NorSink/original_GRIB_NorwayRect/era5land_d2m_sp_ssrd_strd_t2m_tp_u10_v10_2021_04.grib...
2025-12-08T17:43:35+0100 - root - INFO - Deleting Remote with id 3ffed25e-458a-43f2-87d3-8d05106375ea for 2021-03 after downloading file /cluster/shared/noresm/inputdata/cicero_mods/ERA5-Land_NorSink/original_GRIB_NorwayRect/era5land_d2m_sp_ssrd_strd_t2m_tp_u10_v10_2021_03.grib...
2025-12-08T17:43:36+0100 - root - INFO - Deleting Remote with id 99889689-e81b-4604-a62d-ae9708f13f44 for 2021-02 after downloading file /cluster/shared/noresm/inputdata/cicero_mods/ERA5-Land_NorSink/original_GRIB_NorwayRect/era5land_d2m_sp_ssrd_strd_t2m_tp_u10_v10_2021_02.grib...
2025-12-08T17:43:36+0100 - root - INFO - Deleting Remote with id 2823e6e1-2391-4dfd-b89c-37ee9ef3c1bd for 2021-01 after downloading file /cluster/shared/noresm/inputdata/cicero_mods/ERA5-Land_NorSink/original_GRIB_NorwayRect/era5land_d2m_sp_ssrd_strd_t2m_tp_u10_v10_2021_01.grib...
