2025-12-08T22:35:16+0100 - root - INFO - Logger initialized.
2025-12-08T22:35:16+0100 - root - INFO - Logging to file: /cluster/home/janko/src/era5land_to_datm/scripts/era5land_to_datm_script_20251208T213516.log
2025-12-08T22:35:31+0100 - ecmwf.datastores.processing - INFO - [2025-12-03T00:00:00Z] To improve our C3S service, we need to hear from you! Please complete this very short [survey](https://confluence.ecmwf.int/x/E7uBEQ/). Thank you.
2025-12-08T22:35:31+0100 - era5land_to_datm.requests - INFO - Submitting request for year=2020, month=01...
2025-12-08T22:35:32+0100 - ecmwf.datastores.processing - INFO - Request ID is 89be7916-19d9-46d1-b7ff-5bb0fdc174c1
2025-12-08T22:35:32+0100 - ecmwf.datastores.processing - INFO - status has been updated to accepted
2025-12-08T22:35:32+0100 - era5land_to_datm.requests - INFO - Request submitted with ID 89be7916-19d9-46d1-b7ff-5bb0fdc174c1, status accepted.
2025-12-08T22:35:32+0100 - era5land_to_datm.requests - INFO - Waiting 3.0 seconds before next request...
2025-12-08T22:35:35+0100 - era5land_to_datm.requests - INFO - Submitting request for year=2020, month=02...
2025-12-08T22:35:35+0100 - ecmwf.datastores.processing - INFO - Request ID is f0853b54-165d-4c6e-b992-7a42ec7e35ba
2025-12-08T22:35:35+0100 - ecmwf.datastores.processing - INFO - status has been updated to accepted
2025-12-08T22:35:35+0100 - era5land_to_datm.requests - INFO - Request submitted with ID f0853b54-165d-4c6e-b992-7a42ec7e35ba, status accepted.
2025-12-08T22:35:35+0100 - era5land_to_datm.requests - INFO - Waiting 3.0 seconds before next request...
2025-12-08T22:35:38+0100 - era5land_to_datm.requests - INFO - Submitting request for year=2020, month=03...
2025-12-08T22:35:38+0100 - ecmwf.datastores.processing - INFO - Request ID is c4745bb7-3ef9-4ceb-a86e-ff933cbd4274
2025-12-08T22:35:38+0100 - ecmwf.datastores.processing - INFO - status has been updated to accepted
2025-12-08T22:35:38+0100 - era5land_to_datm.requests - INFO - Request submitted with ID c4745bb7-3ef9-4ceb-a86e-ff933cbd4274, status accepted.
2025-12-08T22:35:38+0100 - era5land_to_datm.requests - INFO - Waiting 3.0 seconds before next request...
2025-12-08T22:35:41+0100 - era5land_to_datm.requests - INFO - Submitting request for year=2020, month=04...
2025-12-08T22:35:42+0100 - ecmwf.datastores.processing - INFO - Request ID is ce109c65-a5e1-4614-8835-fd9bfda00b74
2025-12-08T22:35:42+0100 - ecmwf.datastores.processing - INFO - status has been updated to accepted
2025-12-08T22:35:42+0100 - era5land_to_datm.requests - INFO - Request submitted with ID ce109c65-a5e1-4614-8835-fd9bfda00b74, status accepted.
2025-12-08T22:35:42+0100 - era5land_to_datm.requests - INFO - Waiting 3.0 seconds before next request...
2025-12-08T22:35:45+0100 - era5land_to_datm.requests - INFO - Submitting request for year=2020, month=05...
2025-12-08T22:35:45+0100 - ecmwf.datastores.processing - INFO - Request ID is e5a0914a-37d4-4b00-b81b-3ce81914f41c
2025-12-08T22:35:45+0100 - ecmwf.datastores.processing - INFO - status has been updated to accepted
2025-12-08T22:35:45+0100 - era5land_to_datm.requests - INFO - Request submitted with ID e5a0914a-37d4-4b00-b81b-3ce81914f41c, status accepted.
2025-12-08T22:35:45+0100 - era5land_to_datm.requests - INFO - Waiting 3.0 seconds before next request...
2025-12-08T22:35:48+0100 - era5land_to_datm.requests - INFO - Submitting request for year=2020, month=06...
2025-12-08T22:35:48+0100 - ecmwf.datastores.processing - INFO - Request ID is b794c638-1fb2-493c-9da6-35380ad2465d
2025-12-08T22:35:48+0100 - ecmwf.datastores.processing - INFO - status has been updated to accepted
2025-12-08T22:35:48+0100 - era5land_to_datm.requests - INFO - Request submitted with ID b794c638-1fb2-493c-9da6-35380ad2465d, status accepted.
2025-12-08T22:35:48+0100 - era5land_to_datm.requests - INFO - Waiting 3.0 seconds before next request...
2025-12-08T22:35:51+0100 - era5land_to_datm.requests - INFO - Submitting request for year=2020, month=07...
2025-12-08T22:35:51+0100 - ecmwf.datastores.processing - INFO - Request ID is 49b44c9c-f960-4887-a72a-bddb69a8123e
2025-12-08T22:35:52+0100 - ecmwf.datastores.processing - INFO - status has been updated to accepted
2025-12-08T22:35:52+0100 - era5land_to_datm.requests - INFO - Request submitted with ID 49b44c9c-f960-4887-a72a-bddb69a8123e, status accepted.
2025-12-08T22:35:52+0100 - era5land_to_datm.requests - INFO - Waiting 3.0 seconds before next request...
2025-12-08T22:35:55+0100 - era5land_to_datm.requests - INFO - Submitting request for year=2020, month=08...
2025-12-08T22:35:55+0100 - ecmwf.datastores.processing - INFO - Request ID is f8e8a360-2559-4e38-aec2-c83512f05bba
2025-12-08T22:35:55+0100 - ecmwf.datastores.processing - INFO - status has been updated to accepted
2025-12-08T22:35:55+0100 - era5land_to_datm.requests - INFO - Request submitted with ID f8e8a360-2559-4e38-aec2-c83512f05bba, status accepted.
2025-12-08T22:35:55+0100 - era5land_to_datm.requests - INFO - Waiting 3.0 seconds before next request...
2025-12-08T22:35:58+0100 - era5land_to_datm.requests - INFO - Submitting request for year=2020, month=09...
2025-12-08T22:35:58+0100 - ecmwf.datastores.processing - INFO - Request ID is a74d607e-a275-49d6-b997-5d2605b8a7fc
2025-12-08T22:35:58+0100 - ecmwf.datastores.processing - INFO - status has been updated to accepted
2025-12-08T22:35:58+0100 - era5land_to_datm.requests - INFO - Request submitted with ID a74d607e-a275-49d6-b997-5d2605b8a7fc, status accepted.
2025-12-08T22:35:58+0100 - era5land_to_datm.requests - INFO - Waiting 3.0 seconds before next request...
2025-12-08T22:36:01+0100 - era5land_to_datm.requests - INFO - Submitting request for year=2020, month=10...
2025-12-08T22:36:01+0100 - ecmwf.datastores.processing - INFO - Request ID is 6832445d-f6f5-417e-82ab-17aa3f2e9f5b
2025-12-08T22:36:02+0100 - ecmwf.datastores.processing - INFO - status has been updated to accepted
2025-12-08T22:36:02+0100 - era5land_to_datm.requests - INFO - Request submitted with ID 6832445d-f6f5-417e-82ab-17aa3f2e9f5b, status accepted.
2025-12-08T22:36:02+0100 - era5land_to_datm.requests - INFO - Waiting 3.0 seconds before next request...
2025-12-08T22:36:05+0100 - era5land_to_datm.requests - INFO - Submitting request for year=2020, month=11...
2025-12-08T22:36:05+0100 - ecmwf.datastores.processing - INFO - Request ID is df3c698a-ff9b-4079-b339-caab19584531
2025-12-08T22:36:05+0100 - ecmwf.datastores.processing - INFO - status has been updated to accepted
2025-12-08T22:36:05+0100 - era5land_to_datm.requests - INFO - Request submitted with ID df3c698a-ff9b-4079-b339-caab19584531, status accepted.
2025-12-08T22:36:05+0100 - era5land_to_datm.requests - INFO - Waiting 3.0 seconds before next request...
2025-12-08T22:36:08+0100 - era5land_to_datm.requests - INFO - Submitting request for year=2020, month=12...
2025-12-08T22:36:09+0100 - ecmwf.datastores.processing - INFO - Request ID is dc43b816-486b-41fe-89a3-b9dc107c9ec5
2025-12-08T22:36:09+0100 - ecmwf.datastores.processing - INFO - status has been updated to accepted
2025-12-08T22:36:09+0100 - era5land_to_datm.requests - INFO - Request submitted with ID dc43b816-486b-41fe-89a3-b9dc107c9ec5, status accepted.
