2025-12-08T22:26:04+0100 - root - INFO - Logger initialized.
2025-12-08T22:26:04+0100 - root - INFO - Logging to file: /cluster/home/janko/src/era5land_to_datm/scripts/era5land_to_datm_script_20251208T212604.log
2025-12-08T22:26:09+0100 - ecmwf.datastores.processing - INFO - [2025-12-03T00:00:00Z] To improve our C3S service, we need to hear from you! Please complete this very short [survey](https://confluence.ecmwf.int/x/E7uBEQ/). Thank you.
2025-12-08T22:26:09+0100 - era5land_to_datm.download - INFO - Received 17 request IDs from server.
2025-12-08T22:26:09+0100 - era5land_to_datm.download - INFO - Retrieving Remote for request ID 15b1eb4b-cb65-43d7-80be-bb4710ba2565 (1/17)...
2025-12-08T22:26:09+0100 - ecmwf.datastores.processing - INFO - Request ID is 15b1eb4b-cb65-43d7-80be-bb4710ba2565
2025-12-08T22:26:09+0100 - ecmwf.datastores.processing - INFO - Request ID is 15b1eb4b-cb65-43d7-80be-bb4710ba2565
2025-12-08T22:26:09+0100 - era5land_to_datm.download - INFO - Sleeping for 0.5 seconds before next call...
2025-12-08T22:26:09+0100 - era5land_to_datm.download - INFO - Retrieving Remote for request ID 76552e47-6670-4e56-becf-646638c7d920 (2/17)...
2025-12-08T22:26:09+0100 - ecmwf.datastores.processing - INFO - Request ID is 76552e47-6670-4e56-becf-646638c7d920
2025-12-08T22:26:09+0100 - ecmwf.datastores.processing - INFO - Request ID is 76552e47-6670-4e56-becf-646638c7d920
2025-12-08T22:26:09+0100 - era5land_to_datm.download - INFO - Sleeping for 0.5 seconds before next call...
2025-12-08T22:26:10+0100 - era5land_to_datm.download - INFO - Retrieving Remote for request ID a6a7c311-5eb4-45c2-9ad2-6733bb91f2c6 (3/17)...
2025-12-08T22:26:10+0100 - ecmwf.datastores.processing - INFO - Request ID is a6a7c311-5eb4-45c2-9ad2-6733bb91f2c6
2025-12-08T22:26:10+0100 - ecmwf.datastores.processing - INFO - Request ID is a6a7c311-5eb4-45c2-9ad2-6733bb91f2c6
2025-12-08T22:26:10+0100 - era5land_to_datm.download - INFO - Sleeping for 0.5 seconds before next call...
2025-12-08T22:26:10+0100 - era5land_to_datm.download - INFO - Retrieving Remote for request ID 42326d44-6b75-4f87-ae8b-d5b8f45d2b34 (4/17)...
2025-12-08T22:26:11+0100 - ecmwf.datastores.processing - INFO - Request ID is 42326d44-6b75-4f87-ae8b-d5b8f45d2b34
2025-12-08T22:26:11+0100 - ecmwf.datastores.processing - INFO - Request ID is 42326d44-6b75-4f87-ae8b-d5b8f45d2b34
2025-12-08T22:26:11+0100 - era5land_to_datm.download - INFO - Sleeping for 0.5 seconds before next call...
2025-12-08T22:26:11+0100 - era5land_to_datm.download - INFO - Retrieving Remote for request ID 5e4434b2-3bfc-420e-a5b5-0f17c7c1541d (5/17)...
2025-12-08T22:26:11+0100 - ecmwf.datastores.processing - INFO - Request ID is 5e4434b2-3bfc-420e-a5b5-0f17c7c1541d
2025-12-08T22:26:11+0100 - ecmwf.datastores.processing - INFO - Request ID is 5e4434b2-3bfc-420e-a5b5-0f17c7c1541d
2025-12-08T22:26:11+0100 - era5land_to_datm.download - INFO - Sleeping for 0.5 seconds before next call...
2025-12-08T22:26:12+0100 - era5land_to_datm.download - INFO - Retrieving Remote for request ID 97234024-9a45-410a-a5f5-445f41065f2b (6/17)...
2025-12-08T22:26:12+0100 - ecmwf.datastores.processing - INFO - Request ID is 97234024-9a45-410a-a5f5-445f41065f2b
2025-12-08T22:26:12+0100 - ecmwf.datastores.processing - INFO - Request ID is 97234024-9a45-410a-a5f5-445f41065f2b
2025-12-08T22:26:12+0100 - era5land_to_datm.download - INFO - Sleeping for 0.5 seconds before next call...
2025-12-08T22:26:12+0100 - era5land_to_datm.download - INFO - Retrieving Remote for request ID 58beda92-672e-43f3-92e3-68459e9023f2 (7/17)...
2025-12-08T22:26:12+0100 - ecmwf.datastores.processing - INFO - Request ID is 58beda92-672e-43f3-92e3-68459e9023f2
2025-12-08T22:26:12+0100 - ecmwf.datastores.processing - INFO - Request ID is 58beda92-672e-43f3-92e3-68459e9023f2
2025-12-08T22:26:12+0100 - era5land_to_datm.download - INFO - Sleeping for 0.5 seconds before next call...
2025-12-08T22:26:13+0100 - era5land_to_datm.download - INFO - Retrieving Remote for request ID 3ca6e122-a724-4b35-a039-0ed55e302c8a (8/17)...
2025-12-08T22:26:13+0100 - ecmwf.datastores.processing - INFO - Request ID is 3ca6e122-a724-4b35-a039-0ed55e302c8a
2025-12-08T22:26:13+0100 - ecmwf.datastores.processing - INFO - Request ID is 3ca6e122-a724-4b35-a039-0ed55e302c8a
2025-12-08T22:26:13+0100 - era5land_to_datm.download - INFO - Sleeping for 0.5 seconds before next call...
2025-12-08T22:26:13+0100 - era5land_to_datm.download - INFO - Retrieving Remote for request ID eba27327-89a9-44ae-8bcf-7167b3916522 (9/17)...
2025-12-08T22:26:14+0100 - ecmwf.datastores.processing - INFO - Request ID is eba27327-89a9-44ae-8bcf-7167b3916522
2025-12-08T22:26:14+0100 - ecmwf.datastores.processing - INFO - Request ID is eba27327-89a9-44ae-8bcf-7167b3916522
2025-12-08T22:26:14+0100 - era5land_to_datm.download - INFO - Sleeping for 0.5 seconds before next call...
2025-12-08T22:26:14+0100 - era5land_to_datm.download - INFO - Retrieving Remote for request ID 7b181d36-8621-44bd-b351-bc0eb47d8a36 (10/17)...
2025-12-08T22:26:14+0100 - ecmwf.datastores.processing - INFO - Request ID is 7b181d36-8621-44bd-b351-bc0eb47d8a36
2025-12-08T22:26:14+0100 - ecmwf.datastores.processing - INFO - Request ID is 7b181d36-8621-44bd-b351-bc0eb47d8a36
2025-12-08T22:26:14+0100 - era5land_to_datm.download - INFO - Sleeping for 0.5 seconds before next call...
2025-12-08T22:26:15+0100 - era5land_to_datm.download - INFO - Retrieving Remote for request ID afcf193b-c17c-48d6-adcb-9e1fda1c418c (11/17)...
2025-12-08T22:26:15+0100 - ecmwf.datastores.processing - INFO - Request ID is afcf193b-c17c-48d6-adcb-9e1fda1c418c
2025-12-08T22:26:15+0100 - ecmwf.datastores.processing - INFO - Request ID is afcf193b-c17c-48d6-adcb-9e1fda1c418c
2025-12-08T22:26:15+0100 - era5land_to_datm.download - INFO - Sleeping for 0.5 seconds before next call...
2025-12-08T22:26:15+0100 - era5land_to_datm.download - INFO - Retrieving Remote for request ID b8992239-8a21-468d-b438-ceb264156158 (12/17)...
2025-12-08T22:26:15+0100 - ecmwf.datastores.processing - INFO - Request ID is b8992239-8a21-468d-b438-ceb264156158
2025-12-08T22:26:15+0100 - ecmwf.datastores.processing - INFO - Request ID is b8992239-8a21-468d-b438-ceb264156158
2025-12-08T22:26:15+0100 - era5land_to_datm.download - INFO - Sleeping for 0.5 seconds before next call...
2025-12-08T22:26:16+0100 - era5land_to_datm.download - INFO - Retrieving Remote for request ID b512a995-5012-469e-ba08-23af8e2c218a (13/17)...
2025-12-08T22:26:16+0100 - ecmwf.datastores.processing - INFO - Request ID is b512a995-5012-469e-ba08-23af8e2c218a
2025-12-08T22:26:16+0100 - ecmwf.datastores.processing - INFO - Request ID is b512a995-5012-469e-ba08-23af8e2c218a
2025-12-08T22:26:16+0100 - era5land_to_datm.download - INFO - Sleeping for 0.5 seconds before next call...
2025-12-08T22:26:16+0100 - era5land_to_datm.download - INFO - Retrieving Remote for request ID 084554e4-6f95-484d-8acd-994d6175215f (14/17)...
2025-12-08T22:26:16+0100 - ecmwf.datastores.processing - INFO - Request ID is 084554e4-6f95-484d-8acd-994d6175215f
2025-12-08T22:26:16+0100 - ecmwf.datastores.processing - INFO - Request ID is 084554e4-6f95-484d-8acd-994d6175215f
2025-12-08T22:26:16+0100 - era5land_to_datm.download - INFO - Sleeping for 0.5 seconds before next call...
2025-12-08T22:26:17+0100 - era5land_to_datm.download - INFO - Retrieving Remote for request ID 9dd76646-9239-45b5-9cac-f55dc1eeede2 (15/17)...
2025-12-08T22:26:17+0100 - ecmwf.datastores.processing - INFO - Request ID is 9dd76646-9239-45b5-9cac-f55dc1eeede2
2025-12-08T22:26:17+0100 - ecmwf.datastores.processing - INFO - Request ID is 9dd76646-9239-45b5-9cac-f55dc1eeede2
2025-12-08T22:26:17+0100 - era5land_to_datm.download - INFO - Sleeping for 0.5 seconds before next call...
2025-12-08T22:26:17+0100 - era5land_to_datm.download - INFO - Retrieving Remote for request ID 4cea9c42-08d4-4aab-b80a-d24b15b719d5 (16/17)...
2025-12-08T22:26:18+0100 - ecmwf.datastores.processing - INFO - Request ID is 4cea9c42-08d4-4aab-b80a-d24b15b719d5
2025-12-08T22:26:18+0100 - ecmwf.datastores.processing - INFO - Request ID is 4cea9c42-08d4-4aab-b80a-d24b15b719d5
2025-12-08T22:26:18+0100 - era5land_to_datm.download - INFO - Sleeping for 0.5 seconds before next call...
2025-12-08T22:26:18+0100 - era5land_to_datm.download - INFO - Retrieving Remote for request ID 7042c933-0348-4211-90b7-b3dd6669123e (17/17)...
2025-12-08T22:26:18+0100 - ecmwf.datastores.processing - INFO - Request ID is 7042c933-0348-4211-90b7-b3dd6669123e
2025-12-08T22:26:18+0100 - ecmwf.datastores.processing - INFO - Request ID is 7042c933-0348-4211-90b7-b3dd6669123e
2025-12-08T22:26:26+0100 - ecmwf.datastores.processing - INFO - status has been updated to accepted
2025-12-08T22:26:26+0100 - ecmwf.datastores.processing - INFO - status has been updated to accepted
2025-12-08T22:26:26+0100 - ecmwf.datastores.processing - INFO - status has been updated to accepted
2025-12-08T22:26:26+0100 - ecmwf.datastores.processing - INFO - status has been updated to accepted
2025-12-08T22:26:26+0100 - ecmwf.datastores.processing - INFO - status has been updated to accepted
2025-12-08T22:26:26+0100 - ecmwf.datastores.processing - INFO - status has been updated to accepted
2025-12-08T22:26:26+0100 - ecmwf.datastores.processing - INFO - status has been updated to successful
2025-12-08T22:26:26+0100 - ecmwf.datastores.processing - INFO - status has been updated to successful
2025-12-08T22:26:26+0100 - ecmwf.datastores.processing - INFO - status has been updated to successful
2025-12-08T22:26:26+0100 - ecmwf.datastores.processing - INFO - status has been updated to successful
2025-12-08T22:26:26+0100 - ecmwf.datastores.processing - INFO - status has been updated to successful
2025-12-08T22:26:27+0100 - ecmwf.datastores.processing - INFO - status has been updated to successful
2025-12-08T22:26:27+0100 - ecmwf.datastores.processing - INFO - status has been updated to successful
2025-12-08T22:26:27+0100 - ecmwf.datastores.processing - INFO - status has been updated to successful
2025-12-08T22:26:27+0100 - ecmwf.datastores.processing - INFO - status has been updated to successful
2025-12-08T22:26:27+0100 - ecmwf.datastores.processing - INFO - status has been updated to successful
2025-12-08T22:26:27+0100 - ecmwf.datastores.processing - INFO - status has been updated to successful
2025-12-08T22:26:43+0100 - era5land_to_datm.download - INFO - No files available yet for remote with id 15b1eb4b-cb65-43d7-80be-bb4710ba2565; skipping download.
2025-12-08T22:26:43+0100 - era5land_to_datm.download - INFO - No files available yet for remote with id 76552e47-6670-4e56-becf-646638c7d920; skipping download.
2025-12-08T22:26:43+0100 - era5land_to_datm.download - INFO - No files available yet for remote with id a6a7c311-5eb4-45c2-9ad2-6733bb91f2c6; skipping download.
2025-12-08T22:26:43+0100 - era5land_to_datm.download - INFO - No files available yet for remote with id 42326d44-6b75-4f87-ae8b-d5b8f45d2b34; skipping download.
2025-12-08T22:26:44+0100 - era5land_to_datm.download - INFO - No files available yet for remote with id 5e4434b2-3bfc-420e-a5b5-0f17c7c1541d; skipping download.
2025-12-08T22:26:44+0100 - era5land_to_datm.download - INFO - No files available yet for remote with id 97234024-9a45-410a-a5f5-445f41065f2b; skipping download.
2025-12-08T22:26:44+0100 - era5land_to_datm.download - INFO - Results ready for remote with id 58beda92-672e-43f3-92e3-68459e9023f2; downloading to /cluster/shared/noresm/inputdata/cicero_mods/ERA5-Land_NorSink/original_GRIB_NorwayRect/era5land_d2m_sp_ssrd_strd_t2m_tp_u10_v10_2024_06.grib...
2025-12-08T22:26:44+0100 - multiurl.base - INFO - Downloading https://object-store.os-api.cci2.ecmwf.int:443/cci2-prod-cache-3/2025-12-08/a1ecc3269da3050c344fcf41f701353e.grib
2025-12-08T22:26:52+0100 - era5land_to_datm.download - INFO - Results ready for remote with id 3ca6e122-a724-4b35-a039-0ed55e302c8a; downloading to /cluster/shared/noresm/inputdata/cicero_mods/ERA5-Land_NorSink/original_GRIB_NorwayRect/era5land_d2m_sp_ssrd_strd_t2m_tp_u10_v10_2024_05.grib...
2025-12-08T22:26:53+0100 - multiurl.base - INFO - Downloading https://object-store.os-api.cci2.ecmwf.int:443/cci2-prod-cache-1/2025-12-08/bc24f2198dda640d3b772581647d4be5.grib
2025-12-08T22:27:00+0100 - era5land_to_datm.download - INFO - Results ready for remote with id eba27327-89a9-44ae-8bcf-7167b3916522; downloading to /cluster/shared/noresm/inputdata/cicero_mods/ERA5-Land_NorSink/original_GRIB_NorwayRect/era5land_d2m_sp_ssrd_strd_t2m_tp_u10_v10_2024_04.grib...
2025-12-08T22:27:01+0100 - multiurl.base - INFO - Downloading https://object-store.os-api.cci2.ecmwf.int:443/cci2-prod-cache-1/2025-12-08/d2d8c93df00a288c27edc705a856d1f4.grib
2025-12-08T22:27:08+0100 - era5land_to_datm.download - INFO - Results ready for remote with id 7b181d36-8621-44bd-b351-bc0eb47d8a36; downloading to /cluster/shared/noresm/inputdata/cicero_mods/ERA5-Land_NorSink/original_GRIB_NorwayRect/era5land_d2m_sp_ssrd_strd_t2m_tp_u10_v10_2024_03.grib...
2025-12-08T22:27:08+0100 - multiurl.base - INFO - Downloading https://object-store.os-api.cci2.ecmwf.int:443/cci2-prod-cache-3/2025-12-08/1b035f7d6ca1ed5f6688f56b4b05a852.grib
2025-12-08T22:27:16+0100 - era5land_to_datm.download - INFO - Results ready for remote with id afcf193b-c17c-48d6-adcb-9e1fda1c418c; downloading to /cluster/shared/noresm/inputdata/cicero_mods/ERA5-Land_NorSink/original_GRIB_NorwayRect/era5land_d2m_sp_ssrd_strd_t2m_tp_u10_v10_2024_02.grib...
2025-12-08T22:27:17+0100 - multiurl.base - INFO - Downloading https://object-store.os-api.cci2.ecmwf.int:443/cci2-prod-cache-1/2025-12-08/ee373e8a3d1557da63292810f1de6396.grib
2025-12-08T22:27:24+0100 - era5land_to_datm.download - INFO - Results ready for remote with id b8992239-8a21-468d-b438-ceb264156158; downloading to /cluster/shared/noresm/inputdata/cicero_mods/ERA5-Land_NorSink/original_GRIB_NorwayRect/era5land_d2m_sp_ssrd_strd_t2m_tp_u10_v10_2024_01.grib...
2025-12-08T22:27:24+0100 - multiurl.base - INFO - Downloading https://object-store.os-api.cci2.ecmwf.int:443/cci2-prod-cache-3/2025-12-08/8c7494a9a035d7b77fcf116b94dd67b1.grib
2025-12-08T22:27:33+0100 - era5land_to_datm.download - INFO - Results ready for remote with id b512a995-5012-469e-ba08-23af8e2c218a; downloading to /cluster/shared/noresm/inputdata/cicero_mods/ERA5-Land_NorSink/original_GRIB_NorwayRect/era5land_d2m_sp_ssrd_strd_t2m_tp_u10_v10_2023_12.grib...
2025-12-08T22:27:33+0100 - multiurl.base - INFO - Downloading https://object-store.os-api.cci2.ecmwf.int:443/cci2-prod-cache-2/2025-12-08/a62c6d7c989af4e9c10927d08ca9ec3a.grib
2025-12-08T22:27:42+0100 - era5land_to_datm.download - INFO - Results ready for remote with id 084554e4-6f95-484d-8acd-994d6175215f; downloading to /cluster/shared/noresm/inputdata/cicero_mods/ERA5-Land_NorSink/original_GRIB_NorwayRect/era5land_d2m_sp_ssrd_strd_t2m_tp_u10_v10_2023_11.grib...
2025-12-08T22:27:42+0100 - multiurl.base - INFO - Downloading https://object-store.os-api.cci2.ecmwf.int:443/cci2-prod-cache-3/2025-12-08/d24233a9b79da1ecec164940e582d8fd.grib
2025-12-08T22:27:50+0100 - era5land_to_datm.download - INFO - Results ready for remote with id 9dd76646-9239-45b5-9cac-f55dc1eeede2; downloading to /cluster/shared/noresm/inputdata/cicero_mods/ERA5-Land_NorSink/original_GRIB_NorwayRect/era5land_d2m_sp_ssrd_strd_t2m_tp_u10_v10_2023_10.grib...
2025-12-08T22:27:50+0100 - multiurl.base - INFO - Downloading https://object-store.os-api.cci2.ecmwf.int:443/cci2-prod-cache-1/2025-12-08/e2b35b58e69425a16bcf9d264a6f7cee.grib
2025-12-08T22:27:59+0100 - era5land_to_datm.download - INFO - Results ready for remote with id 4cea9c42-08d4-4aab-b80a-d24b15b719d5; downloading to /cluster/shared/noresm/inputdata/cicero_mods/ERA5-Land_NorSink/original_GRIB_NorwayRect/era5land_d2m_sp_ssrd_strd_t2m_tp_u10_v10_2023_09.grib...
2025-12-08T22:27:59+0100 - multiurl.base - INFO - Downloading https://object-store.os-api.cci2.ecmwf.int:443/cci2-prod-cache-1/2025-12-08/229464081791837511c90c8cb6e0dc18.grib
2025-12-08T22:28:07+0100 - era5land_to_datm.download - INFO - Results ready for remote with id 7042c933-0348-4211-90b7-b3dd6669123e; downloading to /cluster/shared/noresm/inputdata/cicero_mods/ERA5-Land_NorSink/original_GRIB_NorwayRect/era5land_d2m_sp_ssrd_strd_t2m_tp_u10_v10_2023_08.grib...
2025-12-08T22:28:08+0100 - multiurl.base - INFO - Downloading https://object-store.os-api.cci2.ecmwf.int:443/cci2-prod-cache-2/2025-12-08/cd1b33be3a6b422aa56272edb6011297.grib
2025-12-08T22:32:59+0100 - root - INFO - Deleting downloaded remotes...
2025-12-08T22:32:59+0100 - root - INFO - Deleting Remote with id 58beda92-672e-43f3-92e3-68459e9023f2 for 2024-06 after downloading file /cluster/shared/noresm/inputdata/cicero_mods/ERA5-Land_NorSink/original_GRIB_NorwayRect/era5land_d2m_sp_ssrd_strd_t2m_tp_u10_v10_2024_06.grib...
2025-12-08T22:33:00+0100 - root - INFO - Deleting Remote with id 3ca6e122-a724-4b35-a039-0ed55e302c8a for 2024-05 after downloading file /cluster/shared/noresm/inputdata/cicero_mods/ERA5-Land_NorSink/original_GRIB_NorwayRect/era5land_d2m_sp_ssrd_strd_t2m_tp_u10_v10_2024_05.grib...
2025-12-08T22:33:00+0100 - root - INFO - Deleting Remote with id eba27327-89a9-44ae-8bcf-7167b3916522 for 2024-04 after downloading file /cluster/shared/noresm/inputdata/cicero_mods/ERA5-Land_NorSink/original_GRIB_NorwayRect/era5land_d2m_sp_ssrd_strd_t2m_tp_u10_v10_2024_04.grib...
2025-12-08T22:33:01+0100 - root - INFO - Deleting Remote with id 7b181d36-8621-44bd-b351-bc0eb47d8a36 for 2024-03 after downloading file /cluster/shared/noresm/inputdata/cicero_mods/ERA5-Land_NorSink/original_GRIB_NorwayRect/era5land_d2m_sp_ssrd_strd_t2m_tp_u10_v10_2024_03.grib...
2025-12-08T22:33:01+0100 - root - INFO - Deleting Remote with id afcf193b-c17c-48d6-adcb-9e1fda1c418c for 2024-02 after downloading file /cluster/shared/noresm/inputdata/cicero_mods/ERA5-Land_NorSink/original_GRIB_NorwayRect/era5land_d2m_sp_ssrd_strd_t2m_tp_u10_v10_2024_02.grib...
2025-12-08T22:33:02+0100 - root - INFO - Deleting Remote with id b8992239-8a21-468d-b438-ceb264156158 for 2024-01 after downloading file /cluster/shared/noresm/inputdata/cicero_mods/ERA5-Land_NorSink/original_GRIB_NorwayRect/era5land_d2m_sp_ssrd_strd_t2m_tp_u10_v10_2024_01.grib...
2025-12-08T22:33:03+0100 - root - INFO - Deleting Remote with id b512a995-5012-469e-ba08-23af8e2c218a for 2023-12 after downloading file /cluster/shared/noresm/inputdata/cicero_mods/ERA5-Land_NorSink/original_GRIB_NorwayRect/era5land_d2m_sp_ssrd_strd_t2m_tp_u10_v10_2023_12.grib...
2025-12-08T22:33:03+0100 - root - INFO - Deleting Remote with id 084554e4-6f95-484d-8acd-994d6175215f for 2023-11 after downloading file /cluster/shared/noresm/inputdata/cicero_mods/ERA5-Land_NorSink/original_GRIB_NorwayRect/era5land_d2m_sp_ssrd_strd_t2m_tp_u10_v10_2023_11.grib...
2025-12-08T22:33:04+0100 - root - INFO - Deleting Remote with id 9dd76646-9239-45b5-9cac-f55dc1eeede2 for 2023-10 after downloading file /cluster/shared/noresm/inputdata/cicero_mods/ERA5-Land_NorSink/original_GRIB_NorwayRect/era5land_d2m_sp_ssrd_strd_t2m_tp_u10_v10_2023_10.grib...
2025-12-08T22:33:04+0100 - root - INFO - Deleting Remote with id 4cea9c42-08d4-4aab-b80a-d24b15b719d5 for 2023-09 after downloading file /cluster/shared/noresm/inputdata/cicero_mods/ERA5-Land_NorSink/original_GRIB_NorwayRect/era5land_d2m_sp_ssrd_strd_t2m_tp_u10_v10_2023_09.grib...
2025-12-08T22:33:05+0100 - root - INFO - Deleting Remote with id 7042c933-0348-4211-90b7-b3dd6669123e for 2023-08 after downloading file /cluster/shared/noresm/inputdata/cicero_mods/ERA5-Land_NorSink/original_GRIB_NorwayRect/era5land_d2m_sp_ssrd_strd_t2m_tp_u10_v10_2023_08.grib...
2025-12-08T22:33:10+0100 - root - INFO - Deleting remotes for files already present locally...
