2025-12-04T08:53:35+0100 - root - INFO - Logger initialized.
2025-12-04T08:53:35+0100 - root - INFO - Logging to file: /cluster/home/janko/src/era5land_to_datm/scripts/era5land_to_datm_script_20251204T075335.log
2025-12-04T08:54:03+0100 - ecmwf.datastores.processing - INFO - [2025-12-03T00:00:00Z] To improve our C3S service, we need to hear from you! Please complete this very short [survey](https://confluence.ecmwf.int/x/E7uBEQ/). Thank you.
2025-12-04T08:54:03+0100 - era5land_to_datm.download - WARNING - Received 100 request IDs from server, the same number as the limit. There may be more requests on the server.
2025-12-04T08:54:03+0100 - era5land_to_datm.download - INFO - Retrieving Remote for request ID fcc73489-a87b-403f-a330-70af2762d3fb (1/100)...
2025-12-04T08:54:03+0100 - ecmwf.datastores.processing - INFO - Request ID is fcc73489-a87b-403f-a330-70af2762d3fb
2025-12-04T08:54:03+0100 - ecmwf.datastores.processing - INFO - Request ID is fcc73489-a87b-403f-a330-70af2762d3fb
2025-12-04T08:54:03+0100 - era5land_to_datm.download - INFO - Sleeping for 0.5 seconds before next call...
2025-12-04T08:54:04+0100 - era5land_to_datm.download - INFO - Retrieving Remote for request ID 96c419ad-32b0-4348-8bef-4b457ce56111 (2/100)...
2025-12-04T08:54:04+0100 - ecmwf.datastores.processing - INFO - Request ID is 96c419ad-32b0-4348-8bef-4b457ce56111
2025-12-04T08:54:04+0100 - ecmwf.datastores.processing - INFO - Request ID is 96c419ad-32b0-4348-8bef-4b457ce56111
2025-12-04T08:54:04+0100 - era5land_to_datm.download - INFO - Sleeping for 0.5 seconds before next call...
2025-12-04T08:54:04+0100 - era5land_to_datm.download - INFO - Retrieving Remote for request ID c461a9db-7818-454c-860d-1ef1b1ee0228 (3/100)...
2025-12-04T08:54:05+0100 - ecmwf.datastores.processing - INFO - Request ID is c461a9db-7818-454c-860d-1ef1b1ee0228
2025-12-04T08:54:05+0100 - ecmwf.datastores.processing - INFO - Request ID is c461a9db-7818-454c-860d-1ef1b1ee0228
2025-12-04T08:54:05+0100 - era5land_to_datm.download - INFO - Sleeping for 0.5 seconds before next call...
2025-12-04T08:54:05+0100 - era5land_to_datm.download - INFO - Retrieving Remote for request ID 3323b9a9-9a94-4abf-a3fc-b90d4be8240a (4/100)...
2025-12-04T08:54:05+0100 - ecmwf.datastores.processing - INFO - Request ID is 3323b9a9-9a94-4abf-a3fc-b90d4be8240a
2025-12-04T08:54:05+0100 - ecmwf.datastores.processing - INFO - Request ID is 3323b9a9-9a94-4abf-a3fc-b90d4be8240a
2025-12-04T08:54:05+0100 - era5land_to_datm.download - INFO - Sleeping for 0.5 seconds before next call...
2025-12-04T08:54:06+0100 - era5land_to_datm.download - INFO - Retrieving Remote for request ID 437848e3-41be-4e1f-9944-d1ebbe9c1690 (5/100)...
2025-12-04T08:54:06+0100 - ecmwf.datastores.processing - INFO - Request ID is 437848e3-41be-4e1f-9944-d1ebbe9c1690
2025-12-04T08:54:06+0100 - ecmwf.datastores.processing - INFO - Request ID is 437848e3-41be-4e1f-9944-d1ebbe9c1690
2025-12-04T08:54:06+0100 - era5land_to_datm.download - INFO - Sleeping for 0.5 seconds before next call...
2025-12-04T08:54:06+0100 - era5land_to_datm.download - INFO - Retrieving Remote for request ID a1dfdef8-2ef2-4660-8d8c-a932b3e8a96e (6/100)...
2025-12-04T08:54:07+0100 - ecmwf.datastores.processing - INFO - Request ID is a1dfdef8-2ef2-4660-8d8c-a932b3e8a96e
2025-12-04T08:54:07+0100 - ecmwf.datastores.processing - INFO - Request ID is a1dfdef8-2ef2-4660-8d8c-a932b3e8a96e
2025-12-04T08:54:07+0100 - era5land_to_datm.download - INFO - Sleeping for 0.5 seconds before next call...
2025-12-04T08:54:07+0100 - era5land_to_datm.download - INFO - Retrieving Remote for request ID b7471044-70e9-409d-a630-b58ecaa6cb09 (7/100)...
2025-12-04T08:54:08+0100 - ecmwf.datastores.processing - INFO - Request ID is b7471044-70e9-409d-a630-b58ecaa6cb09
2025-12-04T08:54:08+0100 - ecmwf.datastores.processing - INFO - Request ID is b7471044-70e9-409d-a630-b58ecaa6cb09
2025-12-04T08:54:08+0100 - era5land_to_datm.download - INFO - Sleeping for 0.5 seconds before next call...
2025-12-04T08:54:08+0100 - era5land_to_datm.download - INFO - Retrieving Remote for request ID 57e13a7f-e604-47bd-ae34-f60f9eb40bbf (8/100)...
2025-12-04T08:54:08+0100 - ecmwf.datastores.processing - INFO - Request ID is 57e13a7f-e604-47bd-ae34-f60f9eb40bbf
2025-12-04T08:54:08+0100 - ecmwf.datastores.processing - INFO - Request ID is 57e13a7f-e604-47bd-ae34-f60f9eb40bbf
2025-12-04T08:54:08+0100 - era5land_to_datm.download - INFO - Sleeping for 0.5 seconds before next call...
2025-12-04T08:54:09+0100 - era5land_to_datm.download - INFO - Retrieving Remote for request ID ce510530-4c82-46b4-b2db-f34a39e06a78 (9/100)...
2025-12-04T08:54:09+0100 - ecmwf.datastores.processing - INFO - Request ID is ce510530-4c82-46b4-b2db-f34a39e06a78
2025-12-04T08:54:09+0100 - ecmwf.datastores.processing - INFO - Request ID is ce510530-4c82-46b4-b2db-f34a39e06a78
2025-12-04T08:54:09+0100 - era5land_to_datm.download - INFO - Sleeping for 0.5 seconds before next call...
2025-12-04T08:54:09+0100 - era5land_to_datm.download - INFO - Retrieving Remote for request ID 942368d5-3dd5-49fe-984b-b1a55db5c6c8 (10/100)...
2025-12-04T08:54:09+0100 - ecmwf.datastores.processing - INFO - Request ID is 942368d5-3dd5-49fe-984b-b1a55db5c6c8
2025-12-04T08:54:09+0100 - ecmwf.datastores.processing - INFO - Request ID is 942368d5-3dd5-49fe-984b-b1a55db5c6c8
2025-12-04T08:54:09+0100 - era5land_to_datm.download - INFO - Sleeping for 0.5 seconds before next call...
2025-12-04T08:54:10+0100 - era5land_to_datm.download - INFO - Retrieving Remote for request ID 4232b7d3-8334-485f-a0b6-1cd11ecae2c3 (11/100)...
2025-12-04T08:54:10+0100 - ecmwf.datastores.processing - INFO - Request ID is 4232b7d3-8334-485f-a0b6-1cd11ecae2c3
2025-12-04T08:54:10+0100 - ecmwf.datastores.processing - INFO - Request ID is 4232b7d3-8334-485f-a0b6-1cd11ecae2c3
2025-12-04T08:54:10+0100 - era5land_to_datm.download - INFO - Sleeping for 0.5 seconds before next call...
2025-12-04T08:54:11+0100 - era5land_to_datm.download - INFO - Retrieving Remote for request ID 2204ee3e-dd08-48c8-ad82-eafaee13964f (12/100)...
2025-12-04T08:54:11+0100 - ecmwf.datastores.processing - INFO - Request ID is 2204ee3e-dd08-48c8-ad82-eafaee13964f
2025-12-04T08:54:11+0100 - ecmwf.datastores.processing - INFO - Request ID is 2204ee3e-dd08-48c8-ad82-eafaee13964f
2025-12-04T08:54:11+0100 - era5land_to_datm.download - INFO - Sleeping for 0.5 seconds before next call...
2025-12-04T08:54:11+0100 - era5land_to_datm.download - INFO - Retrieving Remote for request ID 5efd4581-22ba-4e41-b3ed-8effd867e9e5 (13/100)...
2025-12-04T08:54:11+0100 - ecmwf.datastores.processing - INFO - Request ID is 5efd4581-22ba-4e41-b3ed-8effd867e9e5
2025-12-04T08:54:11+0100 - ecmwf.datastores.processing - INFO - Request ID is 5efd4581-22ba-4e41-b3ed-8effd867e9e5
2025-12-04T08:54:11+0100 - era5land_to_datm.download - INFO - Sleeping for 0.5 seconds before next call...
2025-12-04T08:54:12+0100 - era5land_to_datm.download - INFO - Retrieving Remote for request ID 1779c5d8-6b75-4255-ab5e-837edc16ccfb (14/100)...
2025-12-04T08:54:12+0100 - ecmwf.datastores.processing - INFO - Request ID is 1779c5d8-6b75-4255-ab5e-837edc16ccfb
2025-12-04T08:54:12+0100 - ecmwf.datastores.processing - INFO - Request ID is 1779c5d8-6b75-4255-ab5e-837edc16ccfb
2025-12-04T08:54:12+0100 - era5land_to_datm.download - INFO - Sleeping for 0.5 seconds before next call...
2025-12-04T08:54:12+0100 - era5land_to_datm.download - INFO - Retrieving Remote for request ID 148295dd-0022-4947-9e84-985a2ed979ed (15/100)...
2025-12-04T08:54:13+0100 - ecmwf.datastores.processing - INFO - Request ID is 148295dd-0022-4947-9e84-985a2ed979ed
2025-12-04T08:54:13+0100 - ecmwf.datastores.processing - INFO - Request ID is 148295dd-0022-4947-9e84-985a2ed979ed
2025-12-04T08:54:13+0100 - era5land_to_datm.download - INFO - Sleeping for 0.5 seconds before next call...
2025-12-04T08:54:13+0100 - era5land_to_datm.download - INFO - Retrieving Remote for request ID 094c4782-09c4-4665-90a3-a283c4d5f1d3 (16/100)...
2025-12-04T08:54:14+0100 - ecmwf.datastores.processing - INFO - Request ID is 094c4782-09c4-4665-90a3-a283c4d5f1d3
2025-12-04T08:54:14+0100 - ecmwf.datastores.processing - INFO - Request ID is 094c4782-09c4-4665-90a3-a283c4d5f1d3
2025-12-04T08:54:14+0100 - era5land_to_datm.download - INFO - Sleeping for 0.5 seconds before next call...
2025-12-04T08:54:14+0100 - era5land_to_datm.download - INFO - Retrieving Remote for request ID 0233eaee-d06e-49bf-94ec-addd563badbc (17/100)...
2025-12-04T08:54:14+0100 - ecmwf.datastores.processing - INFO - Request ID is 0233eaee-d06e-49bf-94ec-addd563badbc
2025-12-04T08:54:14+0100 - ecmwf.datastores.processing - INFO - Request ID is 0233eaee-d06e-49bf-94ec-addd563badbc
2025-12-04T08:54:14+0100 - era5land_to_datm.download - INFO - Sleeping for 0.5 seconds before next call...
2025-12-04T08:54:15+0100 - era5land_to_datm.download - INFO - Retrieving Remote for request ID 587ead30-4a12-4e1e-9a16-290f953bc215 (18/100)...
2025-12-04T08:54:15+0100 - ecmwf.datastores.processing - INFO - Request ID is 587ead30-4a12-4e1e-9a16-290f953bc215
2025-12-04T08:54:15+0100 - ecmwf.datastores.processing - INFO - Request ID is 587ead30-4a12-4e1e-9a16-290f953bc215
2025-12-04T08:54:15+0100 - era5land_to_datm.download - INFO - Sleeping for 0.5 seconds before next call...
2025-12-04T08:54:15+0100 - era5land_to_datm.download - INFO - Retrieving Remote for request ID 565688a5-a583-4269-b4ca-06bcc5b18714 (19/100)...
2025-12-04T08:54:15+0100 - ecmwf.datastores.processing - INFO - Request ID is 565688a5-a583-4269-b4ca-06bcc5b18714
2025-12-04T08:54:15+0100 - ecmwf.datastores.processing - INFO - Request ID is 565688a5-a583-4269-b4ca-06bcc5b18714
2025-12-04T08:54:15+0100 - era5land_to_datm.download - INFO - Sleeping for 0.5 seconds before next call...
2025-12-04T08:54:16+0100 - era5land_to_datm.download - INFO - Retrieving Remote for request ID d076c2b8-3d2c-4051-940e-522eef35241a (20/100)...
2025-12-04T08:54:16+0100 - ecmwf.datastores.processing - INFO - Request ID is d076c2b8-3d2c-4051-940e-522eef35241a
2025-12-04T08:54:16+0100 - ecmwf.datastores.processing - INFO - Request ID is d076c2b8-3d2c-4051-940e-522eef35241a
2025-12-04T08:54:16+0100 - era5land_to_datm.download - INFO - Sleeping for 0.5 seconds before next call...
2025-12-04T08:54:17+0100 - era5land_to_datm.download - INFO - Retrieving Remote for request ID 65c83e80-db27-42e0-abc4-d4958ddc8e43 (21/100)...
2025-12-04T08:54:17+0100 - ecmwf.datastores.processing - INFO - Request ID is 65c83e80-db27-42e0-abc4-d4958ddc8e43
2025-12-04T08:54:17+0100 - ecmwf.datastores.processing - INFO - Request ID is 65c83e80-db27-42e0-abc4-d4958ddc8e43
2025-12-04T08:54:17+0100 - era5land_to_datm.download - INFO - Sleeping for 0.5 seconds before next call...
2025-12-04T08:54:17+0100 - era5land_to_datm.download - INFO - Retrieving Remote for request ID 702ba7e9-4fe2-4d3e-9d80-e9077cd6a5dc (22/100)...
2025-12-04T08:54:17+0100 - ecmwf.datastores.processing - INFO - Request ID is 702ba7e9-4fe2-4d3e-9d80-e9077cd6a5dc
2025-12-04T08:54:17+0100 - ecmwf.datastores.processing - INFO - Request ID is 702ba7e9-4fe2-4d3e-9d80-e9077cd6a5dc
2025-12-04T08:54:17+0100 - era5land_to_datm.download - INFO - Sleeping for 0.5 seconds before next call...
2025-12-04T08:54:18+0100 - era5land_to_datm.download - INFO - Retrieving Remote for request ID 51461489-fe95-4527-be4e-0eab4ecbbb29 (23/100)...
2025-12-04T08:54:18+0100 - ecmwf.datastores.processing - INFO - Request ID is 51461489-fe95-4527-be4e-0eab4ecbbb29
2025-12-04T08:54:18+0100 - ecmwf.datastores.processing - INFO - Request ID is 51461489-fe95-4527-be4e-0eab4ecbbb29
2025-12-04T08:54:18+0100 - era5land_to_datm.download - INFO - Sleeping for 0.5 seconds before next call...
2025-12-04T08:54:18+0100 - era5land_to_datm.download - INFO - Retrieving Remote for request ID d3e6bb59-5efd-46af-9a90-4fe61e5ff082 (24/100)...
2025-12-04T08:54:19+0100 - ecmwf.datastores.processing - INFO - Request ID is d3e6bb59-5efd-46af-9a90-4fe61e5ff082
2025-12-04T08:54:19+0100 - ecmwf.datastores.processing - INFO - Request ID is d3e6bb59-5efd-46af-9a90-4fe61e5ff082
2025-12-04T08:54:19+0100 - era5land_to_datm.download - INFO - Sleeping for 0.5 seconds before next call...
2025-12-04T08:54:19+0100 - era5land_to_datm.download - INFO - Retrieving Remote for request ID 0129b2ef-7d1e-43cf-a0fb-e91d66f71a06 (25/100)...
2025-12-04T08:54:19+0100 - ecmwf.datastores.processing - INFO - Request ID is 0129b2ef-7d1e-43cf-a0fb-e91d66f71a06
2025-12-04T08:54:19+0100 - ecmwf.datastores.processing - INFO - Request ID is 0129b2ef-7d1e-43cf-a0fb-e91d66f71a06
2025-12-04T08:54:19+0100 - era5land_to_datm.download - INFO - Sleeping for 0.5 seconds before next call...
2025-12-04T08:54:20+0100 - era5land_to_datm.download - INFO - Retrieving Remote for request ID 2754ba75-33fc-4bd2-b988-300ff2127eba (26/100)...
2025-12-04T08:54:20+0100 - ecmwf.datastores.processing - INFO - Request ID is 2754ba75-33fc-4bd2-b988-300ff2127eba
2025-12-04T08:54:20+0100 - ecmwf.datastores.processing - INFO - Request ID is 2754ba75-33fc-4bd2-b988-300ff2127eba
2025-12-04T08:54:20+0100 - era5land_to_datm.download - INFO - Sleeping for 0.5 seconds before next call...
2025-12-04T08:54:20+0100 - era5land_to_datm.download - INFO - Retrieving Remote for request ID 982468e9-6cf3-4538-97ca-88b208a8972e (27/100)...
2025-12-04T08:54:20+0100 - ecmwf.datastores.processing - INFO - Request ID is 982468e9-6cf3-4538-97ca-88b208a8972e
2025-12-04T08:54:20+0100 - ecmwf.datastores.processing - INFO - Request ID is 982468e9-6cf3-4538-97ca-88b208a8972e
2025-12-04T08:54:20+0100 - era5land_to_datm.download - INFO - Sleeping for 0.5 seconds before next call...
2025-12-04T08:54:21+0100 - era5land_to_datm.download - INFO - Retrieving Remote for request ID ae027d37-3a06-48d6-9fd5-2f5dadd97534 (28/100)...
2025-12-04T08:54:21+0100 - ecmwf.datastores.processing - INFO - Request ID is ae027d37-3a06-48d6-9fd5-2f5dadd97534
2025-12-04T08:54:21+0100 - ecmwf.datastores.processing - INFO - Request ID is ae027d37-3a06-48d6-9fd5-2f5dadd97534
2025-12-04T08:54:21+0100 - era5land_to_datm.download - INFO - Sleeping for 0.5 seconds before next call...
2025-12-04T08:54:21+0100 - era5land_to_datm.download - INFO - Retrieving Remote for request ID 827cbf4a-8c27-48f8-b1ec-4a4abd86b32b (29/100)...
2025-12-04T08:54:22+0100 - ecmwf.datastores.processing - INFO - Request ID is 827cbf4a-8c27-48f8-b1ec-4a4abd86b32b
2025-12-04T08:54:22+0100 - ecmwf.datastores.processing - INFO - Request ID is 827cbf4a-8c27-48f8-b1ec-4a4abd86b32b
2025-12-04T08:54:22+0100 - era5land_to_datm.download - INFO - Sleeping for 0.5 seconds before next call...
2025-12-04T08:54:22+0100 - era5land_to_datm.download - INFO - Retrieving Remote for request ID 9ecb736b-d818-4c74-80fd-ef2de0653819 (30/100)...
2025-12-04T08:54:22+0100 - ecmwf.datastores.processing - INFO - Request ID is 9ecb736b-d818-4c74-80fd-ef2de0653819
2025-12-04T08:54:22+0100 - ecmwf.datastores.processing - INFO - Request ID is 9ecb736b-d818-4c74-80fd-ef2de0653819
2025-12-04T08:54:22+0100 - era5land_to_datm.download - INFO - Sleeping for 0.5 seconds before next call...
2025-12-04T08:54:23+0100 - era5land_to_datm.download - INFO - Retrieving Remote for request ID e9904960-a6df-4d2b-8d15-41f6fba7085d (31/100)...
2025-12-04T08:54:23+0100 - ecmwf.datastores.processing - INFO - Request ID is e9904960-a6df-4d2b-8d15-41f6fba7085d
2025-12-04T08:54:23+0100 - ecmwf.datastores.processing - INFO - Request ID is e9904960-a6df-4d2b-8d15-41f6fba7085d
2025-12-04T08:54:23+0100 - era5land_to_datm.download - INFO - Sleeping for 0.5 seconds before next call...
2025-12-04T08:54:23+0100 - era5land_to_datm.download - INFO - Retrieving Remote for request ID d09c3dc5-61bd-4239-9cae-46d18f459d39 (32/100)...
2025-12-04T08:54:23+0100 - ecmwf.datastores.processing - INFO - Request ID is d09c3dc5-61bd-4239-9cae-46d18f459d39
2025-12-04T08:54:23+0100 - ecmwf.datastores.processing - INFO - Request ID is d09c3dc5-61bd-4239-9cae-46d18f459d39
2025-12-04T08:54:23+0100 - era5land_to_datm.download - INFO - Sleeping for 0.5 seconds before next call...
2025-12-04T08:54:24+0100 - era5land_to_datm.download - INFO - Retrieving Remote for request ID 4f3ca3c9-bf7f-4cb1-87f0-01e0f3501c56 (33/100)...
2025-12-04T08:54:24+0100 - ecmwf.datastores.processing - INFO - Request ID is 4f3ca3c9-bf7f-4cb1-87f0-01e0f3501c56
2025-12-04T08:54:24+0100 - ecmwf.datastores.processing - INFO - Request ID is 4f3ca3c9-bf7f-4cb1-87f0-01e0f3501c56
2025-12-04T08:54:24+0100 - era5land_to_datm.download - INFO - Sleeping for 0.5 seconds before next call...
2025-12-04T08:54:24+0100 - era5land_to_datm.download - INFO - Retrieving Remote for request ID 5b598da8-a953-49ad-9654-fea409c8d183 (34/100)...
2025-12-04T08:54:26+0100 - ecmwf.datastores.processing - INFO - Request ID is 5b598da8-a953-49ad-9654-fea409c8d183
2025-12-04T08:54:27+0100 - ecmwf.datastores.processing - INFO - Request ID is 5b598da8-a953-49ad-9654-fea409c8d183
2025-12-04T08:54:27+0100 - era5land_to_datm.download - INFO - Sleeping for 0.5 seconds before next call...
2025-12-04T08:54:27+0100 - era5land_to_datm.download - INFO - Retrieving Remote for request ID 2c87a09c-a479-492e-9743-afe3c0dbf3f2 (35/100)...
2025-12-04T08:54:27+0100 - ecmwf.datastores.processing - INFO - Request ID is 2c87a09c-a479-492e-9743-afe3c0dbf3f2
2025-12-04T08:54:27+0100 - ecmwf.datastores.processing - INFO - Request ID is 2c87a09c-a479-492e-9743-afe3c0dbf3f2
2025-12-04T08:54:27+0100 - era5land_to_datm.download - INFO - Sleeping for 0.5 seconds before next call...
2025-12-04T08:54:28+0100 - era5land_to_datm.download - INFO - Retrieving Remote for request ID 6620ac35-e58f-43d6-b6f2-a27940e71edf (36/100)...
2025-12-04T08:54:28+0100 - ecmwf.datastores.processing - INFO - Request ID is 6620ac35-e58f-43d6-b6f2-a27940e71edf
2025-12-04T08:54:28+0100 - ecmwf.datastores.processing - INFO - Request ID is 6620ac35-e58f-43d6-b6f2-a27940e71edf
2025-12-04T08:54:28+0100 - era5land_to_datm.download - INFO - Sleeping for 0.5 seconds before next call...
2025-12-04T08:54:28+0100 - era5land_to_datm.download - INFO - Retrieving Remote for request ID 208ac64c-bf96-460e-b373-fa3b9e573eb8 (37/100)...
2025-12-04T08:54:28+0100 - ecmwf.datastores.processing - INFO - Request ID is 208ac64c-bf96-460e-b373-fa3b9e573eb8
2025-12-04T08:54:28+0100 - ecmwf.datastores.processing - INFO - Request ID is 208ac64c-bf96-460e-b373-fa3b9e573eb8
2025-12-04T08:54:28+0100 - era5land_to_datm.download - INFO - Sleeping for 0.5 seconds before next call...
2025-12-04T08:54:29+0100 - era5land_to_datm.download - INFO - Retrieving Remote for request ID c3110e84-9f48-45b8-9328-30bc6a6eb723 (38/100)...
2025-12-04T08:54:29+0100 - ecmwf.datastores.processing - INFO - Request ID is c3110e84-9f48-45b8-9328-30bc6a6eb723
2025-12-04T08:54:29+0100 - ecmwf.datastores.processing - INFO - Request ID is c3110e84-9f48-45b8-9328-30bc6a6eb723
2025-12-04T08:54:29+0100 - era5land_to_datm.download - INFO - Sleeping for 0.5 seconds before next call...
2025-12-04T08:54:29+0100 - era5land_to_datm.download - INFO - Retrieving Remote for request ID db3c6789-74da-403c-98c8-0e8614872922 (39/100)...
2025-12-04T08:54:29+0100 - ecmwf.datastores.processing - INFO - Request ID is db3c6789-74da-403c-98c8-0e8614872922
2025-12-04T08:54:29+0100 - ecmwf.datastores.processing - INFO - Request ID is db3c6789-74da-403c-98c8-0e8614872922
2025-12-04T08:54:29+0100 - era5land_to_datm.download - INFO - Sleeping for 0.5 seconds before next call...
2025-12-04T08:54:30+0100 - era5land_to_datm.download - INFO - Retrieving Remote for request ID b1fc0f3d-99a3-49c4-b9ed-183fcd7dfb3f (40/100)...
2025-12-04T08:54:31+0100 - ecmwf.datastores.processing - INFO - Request ID is b1fc0f3d-99a3-49c4-b9ed-183fcd7dfb3f
2025-12-04T08:54:31+0100 - ecmwf.datastores.processing - INFO - Request ID is b1fc0f3d-99a3-49c4-b9ed-183fcd7dfb3f
2025-12-04T08:54:31+0100 - era5land_to_datm.download - INFO - Sleeping for 0.5 seconds before next call...
2025-12-04T08:54:32+0100 - era5land_to_datm.download - INFO - Retrieving Remote for request ID a69faff3-e81a-4a15-aa61-e1ccca5f5159 (41/100)...
2025-12-04T08:54:32+0100 - ecmwf.datastores.processing - INFO - Request ID is a69faff3-e81a-4a15-aa61-e1ccca5f5159
2025-12-04T08:54:32+0100 - ecmwf.datastores.processing - INFO - Request ID is a69faff3-e81a-4a15-aa61-e1ccca5f5159
2025-12-04T08:54:32+0100 - era5land_to_datm.download - INFO - Sleeping for 0.5 seconds before next call...
2025-12-04T08:54:32+0100 - era5land_to_datm.download - INFO - Retrieving Remote for request ID 3f173071-3c17-4fa3-a09e-a984f3a603cc (42/100)...
2025-12-04T08:54:32+0100 - ecmwf.datastores.processing - INFO - Request ID is 3f173071-3c17-4fa3-a09e-a984f3a603cc
2025-12-04T08:54:32+0100 - ecmwf.datastores.processing - INFO - Request ID is 3f173071-3c17-4fa3-a09e-a984f3a603cc
2025-12-04T08:54:32+0100 - era5land_to_datm.download - INFO - Sleeping for 0.5 seconds before next call...
2025-12-04T08:54:33+0100 - era5land_to_datm.download - INFO - Retrieving Remote for request ID 654d0284-8198-4a6a-8da9-af5491f3f342 (43/100)...
2025-12-04T08:54:33+0100 - ecmwf.datastores.processing - INFO - Request ID is 654d0284-8198-4a6a-8da9-af5491f3f342
2025-12-04T08:54:33+0100 - ecmwf.datastores.processing - INFO - Request ID is 654d0284-8198-4a6a-8da9-af5491f3f342
2025-12-04T08:54:33+0100 - era5land_to_datm.download - INFO - Sleeping for 0.5 seconds before next call...
2025-12-04T08:54:33+0100 - era5land_to_datm.download - INFO - Retrieving Remote for request ID dd6f81d0-2780-43ca-8bfe-03261673f8e0 (44/100)...
2025-12-04T08:54:33+0100 - ecmwf.datastores.processing - INFO - Request ID is dd6f81d0-2780-43ca-8bfe-03261673f8e0
2025-12-04T08:54:33+0100 - ecmwf.datastores.processing - INFO - Request ID is dd6f81d0-2780-43ca-8bfe-03261673f8e0
2025-12-04T08:54:33+0100 - era5land_to_datm.download - INFO - Sleeping for 0.5 seconds before next call...
2025-12-04T08:54:34+0100 - era5land_to_datm.download - INFO - Retrieving Remote for request ID 8bf96587-d2e3-4a3d-b39b-8d9f05f97c2c (45/100)...
2025-12-04T08:54:34+0100 - ecmwf.datastores.processing - INFO - Request ID is 8bf96587-d2e3-4a3d-b39b-8d9f05f97c2c
2025-12-04T08:54:34+0100 - ecmwf.datastores.processing - INFO - Request ID is 8bf96587-d2e3-4a3d-b39b-8d9f05f97c2c
2025-12-04T08:54:34+0100 - era5land_to_datm.download - INFO - Sleeping for 0.5 seconds before next call...
2025-12-04T08:54:34+0100 - era5land_to_datm.download - INFO - Retrieving Remote for request ID 085e7bb3-54f7-4d7d-8bce-7e37fad0284f (46/100)...
2025-12-04T08:54:34+0100 - ecmwf.datastores.processing - INFO - Request ID is 085e7bb3-54f7-4d7d-8bce-7e37fad0284f
2025-12-04T08:54:34+0100 - ecmwf.datastores.processing - INFO - Request ID is 085e7bb3-54f7-4d7d-8bce-7e37fad0284f
2025-12-04T08:54:34+0100 - era5land_to_datm.download - INFO - Sleeping for 0.5 seconds before next call...
2025-12-04T08:54:35+0100 - era5land_to_datm.download - INFO - Retrieving Remote for request ID e02a70e5-c65c-43a7-973e-be9592b9d5d4 (47/100)...
2025-12-04T08:54:35+0100 - ecmwf.datastores.processing - INFO - Request ID is e02a70e5-c65c-43a7-973e-be9592b9d5d4
2025-12-04T08:54:35+0100 - ecmwf.datastores.processing - INFO - Request ID is e02a70e5-c65c-43a7-973e-be9592b9d5d4
2025-12-04T08:54:35+0100 - era5land_to_datm.download - INFO - Sleeping for 0.5 seconds before next call...
2025-12-04T08:54:36+0100 - era5land_to_datm.download - INFO - Retrieving Remote for request ID e981d2a7-1e37-4bb5-9429-477f6686dde1 (48/100)...
2025-12-04T08:54:36+0100 - ecmwf.datastores.processing - INFO - Request ID is e981d2a7-1e37-4bb5-9429-477f6686dde1
2025-12-04T08:54:36+0100 - ecmwf.datastores.processing - INFO - Request ID is e981d2a7-1e37-4bb5-9429-477f6686dde1
2025-12-04T08:54:36+0100 - era5land_to_datm.download - INFO - Sleeping for 0.5 seconds before next call...
2025-12-04T08:54:36+0100 - era5land_to_datm.download - INFO - Retrieving Remote for request ID a75efb7e-d7c2-412f-8474-3f0a24f49bb7 (49/100)...
2025-12-04T08:54:36+0100 - ecmwf.datastores.processing - INFO - Request ID is a75efb7e-d7c2-412f-8474-3f0a24f49bb7
2025-12-04T08:54:36+0100 - ecmwf.datastores.processing - INFO - Request ID is a75efb7e-d7c2-412f-8474-3f0a24f49bb7
2025-12-04T08:54:36+0100 - era5land_to_datm.download - INFO - Sleeping for 0.5 seconds before next call...
2025-12-04T08:54:37+0100 - era5land_to_datm.download - INFO - Retrieving Remote for request ID 974b7dd4-8714-4e97-bcf6-e2dda9522ead (50/100)...
2025-12-04T08:54:37+0100 - ecmwf.datastores.processing - INFO - Request ID is 974b7dd4-8714-4e97-bcf6-e2dda9522ead
2025-12-04T08:54:37+0100 - ecmwf.datastores.processing - INFO - Request ID is 974b7dd4-8714-4e97-bcf6-e2dda9522ead
2025-12-04T08:54:37+0100 - era5land_to_datm.download - INFO - Sleeping for 0.5 seconds before next call...
2025-12-04T08:54:37+0100 - era5land_to_datm.download - INFO - Retrieving Remote for request ID 358e8599-88c8-4f42-807a-3953d8d68b1a (51/100)...
2025-12-04T08:54:37+0100 - ecmwf.datastores.processing - INFO - Request ID is 358e8599-88c8-4f42-807a-3953d8d68b1a
2025-12-04T08:54:37+0100 - ecmwf.datastores.processing - INFO - Request ID is 358e8599-88c8-4f42-807a-3953d8d68b1a
2025-12-04T08:54:37+0100 - era5land_to_datm.download - INFO - Sleeping for 0.5 seconds before next call...
2025-12-04T08:54:38+0100 - era5land_to_datm.download - INFO - Retrieving Remote for request ID aff78cf2-9ccd-4d29-9804-1730380e6de8 (52/100)...
2025-12-04T08:54:38+0100 - ecmwf.datastores.processing - INFO - Request ID is aff78cf2-9ccd-4d29-9804-1730380e6de8
2025-12-04T08:54:38+0100 - ecmwf.datastores.processing - INFO - Request ID is aff78cf2-9ccd-4d29-9804-1730380e6de8
2025-12-04T08:54:38+0100 - era5land_to_datm.download - INFO - Sleeping for 0.5 seconds before next call...
2025-12-04T08:54:38+0100 - era5land_to_datm.download - INFO - Retrieving Remote for request ID 00911d75-05e5-4b61-8b57-2312c2d2e66d (53/100)...
2025-12-04T08:54:38+0100 - ecmwf.datastores.processing - INFO - Request ID is 00911d75-05e5-4b61-8b57-2312c2d2e66d
2025-12-04T08:54:38+0100 - ecmwf.datastores.processing - INFO - Request ID is 00911d75-05e5-4b61-8b57-2312c2d2e66d
2025-12-04T08:54:38+0100 - era5land_to_datm.download - INFO - Sleeping for 0.5 seconds before next call...
2025-12-04T08:54:39+0100 - era5land_to_datm.download - INFO - Retrieving Remote for request ID a2564883-752d-4c88-91fb-f20f7c63c320 (54/100)...
2025-12-04T08:54:39+0100 - ecmwf.datastores.processing - INFO - Request ID is a2564883-752d-4c88-91fb-f20f7c63c320
2025-12-04T08:54:39+0100 - ecmwf.datastores.processing - INFO - Request ID is a2564883-752d-4c88-91fb-f20f7c63c320
2025-12-04T08:54:39+0100 - era5land_to_datm.download - INFO - Sleeping for 0.5 seconds before next call...
2025-12-04T08:54:40+0100 - era5land_to_datm.download - INFO - Retrieving Remote for request ID 977e4041-7536-4a5b-8dcc-4c537a43d08d (55/100)...
2025-12-04T08:54:40+0100 - ecmwf.datastores.processing - INFO - Request ID is 977e4041-7536-4a5b-8dcc-4c537a43d08d
2025-12-04T08:54:40+0100 - ecmwf.datastores.processing - INFO - Request ID is 977e4041-7536-4a5b-8dcc-4c537a43d08d
2025-12-04T08:54:40+0100 - era5land_to_datm.download - INFO - Sleeping for 0.5 seconds before next call...
2025-12-04T08:54:40+0100 - era5land_to_datm.download - INFO - Retrieving Remote for request ID 0ec9f114-3378-423f-b8e0-45f1d4db860c (56/100)...
2025-12-04T08:54:40+0100 - ecmwf.datastores.processing - INFO - Request ID is 0ec9f114-3378-423f-b8e0-45f1d4db860c
2025-12-04T08:54:40+0100 - ecmwf.datastores.processing - INFO - Request ID is 0ec9f114-3378-423f-b8e0-45f1d4db860c
2025-12-04T08:54:40+0100 - era5land_to_datm.download - INFO - Sleeping for 0.5 seconds before next call...
2025-12-04T08:54:41+0100 - era5land_to_datm.download - INFO - Retrieving Remote for request ID 1151bbd2-989f-47f6-876d-4efc8ac9006f (57/100)...
2025-12-04T08:54:41+0100 - ecmwf.datastores.processing - INFO - Request ID is 1151bbd2-989f-47f6-876d-4efc8ac9006f
2025-12-04T08:54:41+0100 - ecmwf.datastores.processing - INFO - Request ID is 1151bbd2-989f-47f6-876d-4efc8ac9006f
2025-12-04T08:54:41+0100 - era5land_to_datm.download - INFO - Sleeping for 0.5 seconds before next call...
2025-12-04T08:54:41+0100 - era5land_to_datm.download - INFO - Retrieving Remote for request ID ea7340e1-5955-4b17-b97a-b26866a3b926 (58/100)...
2025-12-04T08:54:41+0100 - ecmwf.datastores.processing - INFO - Request ID is ea7340e1-5955-4b17-b97a-b26866a3b926
2025-12-04T08:54:41+0100 - ecmwf.datastores.processing - INFO - Request ID is ea7340e1-5955-4b17-b97a-b26866a3b926
2025-12-04T08:54:41+0100 - era5land_to_datm.download - INFO - Sleeping for 0.5 seconds before next call...
2025-12-04T08:54:42+0100 - era5land_to_datm.download - INFO - Retrieving Remote for request ID 371f2c3f-3374-4735-8a29-d771fca98352 (59/100)...
2025-12-04T08:54:42+0100 - ecmwf.datastores.processing - INFO - Request ID is 371f2c3f-3374-4735-8a29-d771fca98352
2025-12-04T08:54:42+0100 - ecmwf.datastores.processing - INFO - Request ID is 371f2c3f-3374-4735-8a29-d771fca98352
2025-12-04T08:54:42+0100 - era5land_to_datm.download - INFO - Sleeping for 0.5 seconds before next call...
2025-12-04T08:54:43+0100 - era5land_to_datm.download - INFO - Retrieving Remote for request ID 5535a6a7-77ca-4987-9056-cee22ab60312 (60/100)...
2025-12-04T08:54:43+0100 - ecmwf.datastores.processing - INFO - Request ID is 5535a6a7-77ca-4987-9056-cee22ab60312
2025-12-04T08:54:43+0100 - ecmwf.datastores.processing - INFO - Request ID is 5535a6a7-77ca-4987-9056-cee22ab60312
2025-12-04T08:54:43+0100 - era5land_to_datm.download - INFO - Sleeping for 0.5 seconds before next call...
2025-12-04T08:54:43+0100 - era5land_to_datm.download - INFO - Retrieving Remote for request ID a83f176b-4075-4d3d-9923-294fd163bfa7 (61/100)...
2025-12-04T08:54:43+0100 - ecmwf.datastores.processing - INFO - Request ID is a83f176b-4075-4d3d-9923-294fd163bfa7
2025-12-04T08:54:43+0100 - ecmwf.datastores.processing - INFO - Request ID is a83f176b-4075-4d3d-9923-294fd163bfa7
2025-12-04T08:54:43+0100 - era5land_to_datm.download - INFO - Sleeping for 0.5 seconds before next call...
2025-12-04T08:54:44+0100 - era5land_to_datm.download - INFO - Retrieving Remote for request ID 1980a008-793a-4dd4-849a-cc16326499a0 (62/100)...
2025-12-04T08:54:44+0100 - ecmwf.datastores.processing - INFO - Request ID is 1980a008-793a-4dd4-849a-cc16326499a0
2025-12-04T08:54:44+0100 - ecmwf.datastores.processing - INFO - Request ID is 1980a008-793a-4dd4-849a-cc16326499a0
2025-12-04T08:54:44+0100 - era5land_to_datm.download - INFO - Sleeping for 0.5 seconds before next call...
2025-12-04T08:54:45+0100 - era5land_to_datm.download - INFO - Retrieving Remote for request ID b5ad734f-b552-4e39-9f03-2bb0b3e20cd0 (63/100)...
2025-12-04T08:54:45+0100 - ecmwf.datastores.processing - INFO - Request ID is b5ad734f-b552-4e39-9f03-2bb0b3e20cd0
2025-12-04T08:54:45+0100 - ecmwf.datastores.processing - INFO - Request ID is b5ad734f-b552-4e39-9f03-2bb0b3e20cd0
2025-12-04T08:54:45+0100 - era5land_to_datm.download - INFO - Sleeping for 0.5 seconds before next call...
2025-12-04T08:54:46+0100 - era5land_to_datm.download - INFO - Retrieving Remote for request ID adfc65c8-d0a2-4da3-aac7-2b8b88dd8a78 (64/100)...
2025-12-04T08:54:46+0100 - ecmwf.datastores.processing - INFO - Request ID is adfc65c8-d0a2-4da3-aac7-2b8b88dd8a78
2025-12-04T08:54:46+0100 - ecmwf.datastores.processing - INFO - Request ID is adfc65c8-d0a2-4da3-aac7-2b8b88dd8a78
2025-12-04T08:54:46+0100 - era5land_to_datm.download - INFO - Sleeping for 0.5 seconds before next call...
2025-12-04T08:54:46+0100 - era5land_to_datm.download - INFO - Retrieving Remote for request ID a2f41033-ceb2-4a9f-8a26-680b5cfb3a6f (65/100)...
2025-12-04T08:54:46+0100 - ecmwf.datastores.processing - INFO - Request ID is a2f41033-ceb2-4a9f-8a26-680b5cfb3a6f
2025-12-04T08:54:46+0100 - ecmwf.datastores.processing - INFO - Request ID is a2f41033-ceb2-4a9f-8a26-680b5cfb3a6f
2025-12-04T08:54:46+0100 - era5land_to_datm.download - INFO - Sleeping for 0.5 seconds before next call...
2025-12-04T08:54:47+0100 - era5land_to_datm.download - INFO - Retrieving Remote for request ID 1f92b085-9fde-403e-af43-0f3f2ee58b63 (66/100)...
2025-12-04T08:54:47+0100 - ecmwf.datastores.processing - INFO - Request ID is 1f92b085-9fde-403e-af43-0f3f2ee58b63
2025-12-04T08:54:47+0100 - ecmwf.datastores.processing - INFO - Request ID is 1f92b085-9fde-403e-af43-0f3f2ee58b63
2025-12-04T08:54:47+0100 - era5land_to_datm.download - INFO - Sleeping for 0.5 seconds before next call...
2025-12-04T08:54:47+0100 - era5land_to_datm.download - INFO - Retrieving Remote for request ID dcb01b2f-89c8-4a09-9600-f2fe9abcb0ad (67/100)...
2025-12-04T08:54:47+0100 - ecmwf.datastores.processing - INFO - Request ID is dcb01b2f-89c8-4a09-9600-f2fe9abcb0ad
2025-12-04T08:54:47+0100 - ecmwf.datastores.processing - INFO - Request ID is dcb01b2f-89c8-4a09-9600-f2fe9abcb0ad
2025-12-04T08:54:47+0100 - era5land_to_datm.download - INFO - Sleeping for 0.5 seconds before next call...
2025-12-04T08:54:48+0100 - era5land_to_datm.download - INFO - Retrieving Remote for request ID fbb0003f-dbe7-4e3d-8853-805ac8c04b3e (68/100)...
2025-12-04T08:54:48+0100 - ecmwf.datastores.processing - INFO - Request ID is fbb0003f-dbe7-4e3d-8853-805ac8c04b3e
2025-12-04T08:54:48+0100 - ecmwf.datastores.processing - INFO - Request ID is fbb0003f-dbe7-4e3d-8853-805ac8c04b3e
2025-12-04T08:54:48+0100 - era5land_to_datm.download - INFO - Sleeping for 0.5 seconds before next call...
2025-12-04T08:54:48+0100 - era5land_to_datm.download - INFO - Retrieving Remote for request ID 5a55226f-bddb-4f3a-a9a5-0f80a766e241 (69/100)...
2025-12-04T08:54:48+0100 - ecmwf.datastores.processing - INFO - Request ID is 5a55226f-bddb-4f3a-a9a5-0f80a766e241
2025-12-04T08:54:48+0100 - ecmwf.datastores.processing - INFO - Request ID is 5a55226f-bddb-4f3a-a9a5-0f80a766e241
2025-12-04T08:54:48+0100 - era5land_to_datm.download - INFO - Sleeping for 0.5 seconds before next call...
2025-12-04T08:54:49+0100 - era5land_to_datm.download - INFO - Retrieving Remote for request ID d2f37227-1a1e-409e-9276-8e58ad93f531 (70/100)...
2025-12-04T08:54:49+0100 - ecmwf.datastores.processing - INFO - Request ID is d2f37227-1a1e-409e-9276-8e58ad93f531
2025-12-04T08:54:49+0100 - ecmwf.datastores.processing - INFO - Request ID is d2f37227-1a1e-409e-9276-8e58ad93f531
2025-12-04T08:54:49+0100 - era5land_to_datm.download - INFO - Sleeping for 0.5 seconds before next call...
2025-12-04T08:54:50+0100 - era5land_to_datm.download - INFO - Retrieving Remote for request ID d03ad1cc-8dc9-420f-9ae6-aaaa131049e2 (71/100)...
2025-12-04T08:54:50+0100 - ecmwf.datastores.processing - INFO - Request ID is d03ad1cc-8dc9-420f-9ae6-aaaa131049e2
2025-12-04T08:54:50+0100 - ecmwf.datastores.processing - INFO - Request ID is d03ad1cc-8dc9-420f-9ae6-aaaa131049e2
2025-12-04T08:54:50+0100 - era5land_to_datm.download - INFO - Sleeping for 0.5 seconds before next call...
2025-12-04T08:54:50+0100 - era5land_to_datm.download - INFO - Retrieving Remote for request ID a900e8de-1fdb-46bc-82ba-3e6540f3852d (72/100)...
2025-12-04T08:54:50+0100 - ecmwf.datastores.processing - INFO - Request ID is a900e8de-1fdb-46bc-82ba-3e6540f3852d
2025-12-04T08:54:50+0100 - ecmwf.datastores.processing - INFO - Request ID is a900e8de-1fdb-46bc-82ba-3e6540f3852d
2025-12-04T08:54:50+0100 - era5land_to_datm.download - INFO - Sleeping for 0.5 seconds before next call...
2025-12-04T08:54:51+0100 - era5land_to_datm.download - INFO - Retrieving Remote for request ID cff52fd4-6dc1-4a07-98f1-b85c71bfc650 (73/100)...
2025-12-04T08:54:51+0100 - ecmwf.datastores.processing - INFO - Request ID is cff52fd4-6dc1-4a07-98f1-b85c71bfc650
2025-12-04T08:54:51+0100 - ecmwf.datastores.processing - INFO - Request ID is cff52fd4-6dc1-4a07-98f1-b85c71bfc650
2025-12-04T08:54:51+0100 - era5land_to_datm.download - INFO - Sleeping for 0.5 seconds before next call...
2025-12-04T08:54:51+0100 - era5land_to_datm.download - INFO - Retrieving Remote for request ID 88339403-913a-4c1f-9f56-33054793db8b (74/100)...
2025-12-04T08:54:51+0100 - ecmwf.datastores.processing - INFO - Request ID is 88339403-913a-4c1f-9f56-33054793db8b
2025-12-04T08:54:51+0100 - ecmwf.datastores.processing - INFO - Request ID is 88339403-913a-4c1f-9f56-33054793db8b
2025-12-04T08:54:51+0100 - era5land_to_datm.download - INFO - Sleeping for 0.5 seconds before next call...
2025-12-04T08:54:52+0100 - era5land_to_datm.download - INFO - Retrieving Remote for request ID 326dc626-4245-4024-a0b9-72463b86437d (75/100)...
2025-12-04T08:54:52+0100 - ecmwf.datastores.processing - INFO - Request ID is 326dc626-4245-4024-a0b9-72463b86437d
2025-12-04T08:54:52+0100 - ecmwf.datastores.processing - INFO - Request ID is 326dc626-4245-4024-a0b9-72463b86437d
2025-12-04T08:54:52+0100 - era5land_to_datm.download - INFO - Sleeping for 0.5 seconds before next call...
2025-12-04T08:54:53+0100 - era5land_to_datm.download - INFO - Retrieving Remote for request ID 3895c7fa-8f68-4205-ad0a-4eabd51afda7 (76/100)...
2025-12-04T08:54:53+0100 - ecmwf.datastores.processing - INFO - Request ID is 3895c7fa-8f68-4205-ad0a-4eabd51afda7
2025-12-04T08:54:53+0100 - ecmwf.datastores.processing - INFO - Request ID is 3895c7fa-8f68-4205-ad0a-4eabd51afda7
2025-12-04T08:54:53+0100 - era5land_to_datm.download - INFO - Sleeping for 0.5 seconds before next call...
2025-12-04T08:54:53+0100 - era5land_to_datm.download - INFO - Retrieving Remote for request ID 3f47d85b-9166-400e-8da6-6e9f993f59a5 (77/100)...
2025-12-04T08:54:54+0100 - ecmwf.datastores.processing - INFO - Request ID is 3f47d85b-9166-400e-8da6-6e9f993f59a5
2025-12-04T08:54:54+0100 - ecmwf.datastores.processing - INFO - Request ID is 3f47d85b-9166-400e-8da6-6e9f993f59a5
2025-12-04T08:54:54+0100 - era5land_to_datm.download - INFO - Sleeping for 0.5 seconds before next call...
2025-12-04T08:54:55+0100 - era5land_to_datm.download - INFO - Retrieving Remote for request ID aa84983b-c3c2-4710-80cf-21e66a24495b (78/100)...
2025-12-04T08:54:55+0100 - ecmwf.datastores.processing - INFO - Request ID is aa84983b-c3c2-4710-80cf-21e66a24495b
2025-12-04T08:54:55+0100 - ecmwf.datastores.processing - INFO - Request ID is aa84983b-c3c2-4710-80cf-21e66a24495b
2025-12-04T08:54:55+0100 - era5land_to_datm.download - INFO - Sleeping for 0.5 seconds before next call...
2025-12-04T08:54:55+0100 - era5land_to_datm.download - INFO - Retrieving Remote for request ID 4882e342-e5bf-4d5f-83f2-eb29d9ec15af (79/100)...
2025-12-04T08:54:56+0100 - ecmwf.datastores.processing - INFO - Request ID is 4882e342-e5bf-4d5f-83f2-eb29d9ec15af
2025-12-04T08:54:56+0100 - ecmwf.datastores.processing - INFO - Request ID is 4882e342-e5bf-4d5f-83f2-eb29d9ec15af
2025-12-04T08:54:56+0100 - era5land_to_datm.download - INFO - Sleeping for 0.5 seconds before next call...
2025-12-04T08:54:56+0100 - era5land_to_datm.download - INFO - Retrieving Remote for request ID d88d9253-7917-47e7-b243-d37b1d65ce87 (80/100)...
2025-12-04T08:54:56+0100 - ecmwf.datastores.processing - INFO - Request ID is d88d9253-7917-47e7-b243-d37b1d65ce87
2025-12-04T08:54:56+0100 - ecmwf.datastores.processing - INFO - Request ID is d88d9253-7917-47e7-b243-d37b1d65ce87
2025-12-04T08:54:56+0100 - era5land_to_datm.download - INFO - Sleeping for 0.5 seconds before next call...
2025-12-04T08:54:57+0100 - era5land_to_datm.download - INFO - Retrieving Remote for request ID b3afec11-f121-4f79-8132-bb1e421dc9d0 (81/100)...
2025-12-04T08:54:57+0100 - ecmwf.datastores.processing - INFO - Request ID is b3afec11-f121-4f79-8132-bb1e421dc9d0
2025-12-04T08:54:57+0100 - ecmwf.datastores.processing - INFO - Request ID is b3afec11-f121-4f79-8132-bb1e421dc9d0
2025-12-04T08:54:57+0100 - era5land_to_datm.download - INFO - Sleeping for 0.5 seconds before next call...
2025-12-04T08:54:57+0100 - era5land_to_datm.download - INFO - Retrieving Remote for request ID 42e96652-146d-4b48-ab05-96550a36fd21 (82/100)...
2025-12-04T08:54:57+0100 - ecmwf.datastores.processing - INFO - Request ID is 42e96652-146d-4b48-ab05-96550a36fd21
2025-12-04T08:54:57+0100 - ecmwf.datastores.processing - INFO - Request ID is 42e96652-146d-4b48-ab05-96550a36fd21
2025-12-04T08:54:57+0100 - era5land_to_datm.download - INFO - Sleeping for 0.5 seconds before next call...
2025-12-04T08:54:58+0100 - era5land_to_datm.download - INFO - Retrieving Remote for request ID 0749399b-8229-48ee-819c-f3611d4bca64 (83/100)...
2025-12-04T08:54:58+0100 - ecmwf.datastores.processing - INFO - Request ID is 0749399b-8229-48ee-819c-f3611d4bca64
2025-12-04T08:54:58+0100 - ecmwf.datastores.processing - INFO - Request ID is 0749399b-8229-48ee-819c-f3611d4bca64
2025-12-04T08:54:58+0100 - era5land_to_datm.download - INFO - Sleeping for 0.5 seconds before next call...
2025-12-04T08:54:58+0100 - era5land_to_datm.download - INFO - Retrieving Remote for request ID 57a25b28-c4cb-4d92-b501-c69eb47b35f0 (84/100)...
2025-12-04T08:54:59+0100 - ecmwf.datastores.processing - INFO - Request ID is 57a25b28-c4cb-4d92-b501-c69eb47b35f0
2025-12-04T08:54:59+0100 - ecmwf.datastores.processing - INFO - Request ID is 57a25b28-c4cb-4d92-b501-c69eb47b35f0
2025-12-04T08:54:59+0100 - era5land_to_datm.download - INFO - Sleeping for 0.5 seconds before next call...
2025-12-04T08:54:59+0100 - era5land_to_datm.download - INFO - Retrieving Remote for request ID 0370e8d2-ba20-4094-bf8e-2d8fc4c51023 (85/100)...
2025-12-04T08:54:59+0100 - ecmwf.datastores.processing - INFO - Request ID is 0370e8d2-ba20-4094-bf8e-2d8fc4c51023
2025-12-04T08:54:59+0100 - ecmwf.datastores.processing - INFO - Request ID is 0370e8d2-ba20-4094-bf8e-2d8fc4c51023
2025-12-04T08:54:59+0100 - era5land_to_datm.download - INFO - Sleeping for 0.5 seconds before next call...
2025-12-04T08:55:00+0100 - era5land_to_datm.download - INFO - Retrieving Remote for request ID 35e18e50-f90f-41e7-8e2f-f7b18c0d3f62 (86/100)...
2025-12-04T08:55:00+0100 - ecmwf.datastores.processing - INFO - Request ID is 35e18e50-f90f-41e7-8e2f-f7b18c0d3f62
2025-12-04T08:55:00+0100 - ecmwf.datastores.processing - INFO - Request ID is 35e18e50-f90f-41e7-8e2f-f7b18c0d3f62
2025-12-04T08:55:00+0100 - era5land_to_datm.download - INFO - Sleeping for 0.5 seconds before next call...
2025-12-04T08:55:00+0100 - era5land_to_datm.download - INFO - Retrieving Remote for request ID 0eaba4dd-1e26-40ec-8233-1eb3d2bba8cd (87/100)...
2025-12-04T08:55:00+0100 - ecmwf.datastores.processing - INFO - Request ID is 0eaba4dd-1e26-40ec-8233-1eb3d2bba8cd
2025-12-04T08:55:00+0100 - ecmwf.datastores.processing - INFO - Request ID is 0eaba4dd-1e26-40ec-8233-1eb3d2bba8cd
2025-12-04T08:55:00+0100 - era5land_to_datm.download - INFO - Sleeping for 0.5 seconds before next call...
2025-12-04T08:55:01+0100 - era5land_to_datm.download - INFO - Retrieving Remote for request ID 115d8ae1-8505-4a0a-ba3b-3923573fd573 (88/100)...
2025-12-04T08:55:01+0100 - ecmwf.datastores.processing - INFO - Request ID is 115d8ae1-8505-4a0a-ba3b-3923573fd573
2025-12-04T08:55:01+0100 - ecmwf.datastores.processing - INFO - Request ID is 115d8ae1-8505-4a0a-ba3b-3923573fd573
2025-12-04T08:55:01+0100 - era5land_to_datm.download - INFO - Sleeping for 0.5 seconds before next call...
2025-12-04T08:55:01+0100 - era5land_to_datm.download - INFO - Retrieving Remote for request ID 760ad259-1956-4223-a0ec-5e1a3535d399 (89/100)...
2025-12-04T08:55:01+0100 - ecmwf.datastores.processing - INFO - Request ID is 760ad259-1956-4223-a0ec-5e1a3535d399
2025-12-04T08:55:01+0100 - ecmwf.datastores.processing - INFO - Request ID is 760ad259-1956-4223-a0ec-5e1a3535d399
2025-12-04T08:55:01+0100 - era5land_to_datm.download - INFO - Sleeping for 0.5 seconds before next call...
2025-12-04T08:55:02+0100 - era5land_to_datm.download - INFO - Retrieving Remote for request ID 21f71c86-46b2-499e-9497-9c37e9b65153 (90/100)...
2025-12-04T08:55:02+0100 - ecmwf.datastores.processing - INFO - Request ID is 21f71c86-46b2-499e-9497-9c37e9b65153
2025-12-04T08:55:02+0100 - ecmwf.datastores.processing - INFO - Request ID is 21f71c86-46b2-499e-9497-9c37e9b65153
2025-12-04T08:55:02+0100 - era5land_to_datm.download - INFO - Sleeping for 0.5 seconds before next call...
2025-12-04T08:55:02+0100 - era5land_to_datm.download - INFO - Retrieving Remote for request ID f985f583-2f62-4e1d-a334-5ac39d09e05e (91/100)...
2025-12-04T08:55:03+0100 - ecmwf.datastores.processing - INFO - Request ID is f985f583-2f62-4e1d-a334-5ac39d09e05e
2025-12-04T08:55:03+0100 - ecmwf.datastores.processing - INFO - Request ID is f985f583-2f62-4e1d-a334-5ac39d09e05e
2025-12-04T08:55:03+0100 - era5land_to_datm.download - INFO - Sleeping for 0.5 seconds before next call...
2025-12-04T08:55:03+0100 - era5land_to_datm.download - INFO - Retrieving Remote for request ID eaad43f3-c5db-4dd5-be66-4f238843daa1 (92/100)...
2025-12-04T08:55:03+0100 - ecmwf.datastores.processing - INFO - Request ID is eaad43f3-c5db-4dd5-be66-4f238843daa1
2025-12-04T08:55:03+0100 - ecmwf.datastores.processing - INFO - Request ID is eaad43f3-c5db-4dd5-be66-4f238843daa1
2025-12-04T08:55:03+0100 - era5land_to_datm.download - INFO - Sleeping for 0.5 seconds before next call...
2025-12-04T08:55:04+0100 - era5land_to_datm.download - INFO - Retrieving Remote for request ID 5680c2b3-a04d-4466-b084-4c8861bcac6d (93/100)...
2025-12-04T08:55:04+0100 - ecmwf.datastores.processing - INFO - Request ID is 5680c2b3-a04d-4466-b084-4c8861bcac6d
2025-12-04T08:55:04+0100 - ecmwf.datastores.processing - INFO - Request ID is 5680c2b3-a04d-4466-b084-4c8861bcac6d
2025-12-04T08:55:04+0100 - era5land_to_datm.download - INFO - Sleeping for 0.5 seconds before next call...
2025-12-04T08:55:04+0100 - era5land_to_datm.download - INFO - Retrieving Remote for request ID 1d6cf12e-6454-4eba-845f-3bad81d9a0ab (94/100)...
2025-12-04T08:55:04+0100 - ecmwf.datastores.processing - INFO - Request ID is 1d6cf12e-6454-4eba-845f-3bad81d9a0ab
2025-12-04T08:55:04+0100 - ecmwf.datastores.processing - INFO - Request ID is 1d6cf12e-6454-4eba-845f-3bad81d9a0ab
2025-12-04T08:55:04+0100 - era5land_to_datm.download - INFO - Sleeping for 0.5 seconds before next call...
2025-12-04T08:55:05+0100 - era5land_to_datm.download - INFO - Retrieving Remote for request ID 280d0ade-4e68-4104-be25-cead1a12239a (95/100)...
2025-12-04T08:55:05+0100 - ecmwf.datastores.processing - INFO - Request ID is 280d0ade-4e68-4104-be25-cead1a12239a
2025-12-04T08:55:05+0100 - ecmwf.datastores.processing - INFO - Request ID is 280d0ade-4e68-4104-be25-cead1a12239a
2025-12-04T08:55:05+0100 - era5land_to_datm.download - INFO - Sleeping for 0.5 seconds before next call...
2025-12-04T08:55:05+0100 - era5land_to_datm.download - INFO - Retrieving Remote for request ID 196018bc-16c5-4b23-a2a3-717726573941 (96/100)...
2025-12-04T08:55:06+0100 - ecmwf.datastores.processing - INFO - Request ID is 196018bc-16c5-4b23-a2a3-717726573941
2025-12-04T08:55:06+0100 - ecmwf.datastores.processing - INFO - Request ID is 196018bc-16c5-4b23-a2a3-717726573941
2025-12-04T08:55:06+0100 - era5land_to_datm.download - INFO - Sleeping for 0.5 seconds before next call...
2025-12-04T08:55:06+0100 - era5land_to_datm.download - INFO - Retrieving Remote for request ID ab1591e4-3384-454a-87ad-18b2ba7a789b (97/100)...
2025-12-04T08:55:06+0100 - ecmwf.datastores.processing - INFO - Request ID is ab1591e4-3384-454a-87ad-18b2ba7a789b
2025-12-04T08:55:06+0100 - ecmwf.datastores.processing - INFO - Request ID is ab1591e4-3384-454a-87ad-18b2ba7a789b
2025-12-04T08:55:06+0100 - era5land_to_datm.download - INFO - Sleeping for 0.5 seconds before next call...
2025-12-04T08:55:07+0100 - era5land_to_datm.download - INFO - Retrieving Remote for request ID 79e4f19c-fe3e-4a21-b306-a32df6336323 (98/100)...
2025-12-04T08:55:07+0100 - ecmwf.datastores.processing - INFO - Request ID is 79e4f19c-fe3e-4a21-b306-a32df6336323
2025-12-04T08:55:07+0100 - ecmwf.datastores.processing - INFO - Request ID is 79e4f19c-fe3e-4a21-b306-a32df6336323
2025-12-04T08:55:07+0100 - era5land_to_datm.download - INFO - Sleeping for 0.5 seconds before next call...
2025-12-04T08:55:07+0100 - era5land_to_datm.download - INFO - Retrieving Remote for request ID a6ce0cce-64d1-493b-bd33-febd5081741c (99/100)...
2025-12-04T08:55:07+0100 - ecmwf.datastores.processing - INFO - Request ID is a6ce0cce-64d1-493b-bd33-febd5081741c
2025-12-04T08:55:07+0100 - ecmwf.datastores.processing - INFO - Request ID is a6ce0cce-64d1-493b-bd33-febd5081741c
2025-12-04T08:55:07+0100 - era5land_to_datm.download - INFO - Sleeping for 0.5 seconds before next call...
2025-12-04T08:55:08+0100 - era5land_to_datm.download - INFO - Retrieving Remote for request ID 556ac287-e1ee-40ea-8b01-e79b1542b4c4 (100/100)...
2025-12-04T08:55:08+0100 - ecmwf.datastores.processing - INFO - Request ID is 556ac287-e1ee-40ea-8b01-e79b1542b4c4
2025-12-04T08:55:08+0100 - ecmwf.datastores.processing - INFO - Request ID is 556ac287-e1ee-40ea-8b01-e79b1542b4c4
