2025-12-07T23:23:03+0100 - root - INFO - Logger initialized.
2025-12-07T23:23:03+0100 - root - INFO - Logging to file: /cluster/home/janko/src/era5land_to_datm/scripts/era5land_to_datm_script_20251207T222303.log
2025-12-07T23:23:24+0100 - ecmwf.datastores.processing - INFO - [2025-12-03T00:00:00Z] To improve our C3S service, we need to hear from you! Please complete this very short [survey](https://confluence.ecmwf.int/x/E7uBEQ/). Thank you.
2025-12-07T23:23:24+0100 - era5land_to_datm.requests - INFO - Submitting request for year=2012, month=10...
2025-12-07T23:23:24+0100 - ecmwf.datastores.processing - INFO - Request ID is f8cbc074-fc3c-47a4-b01b-3fad0d3f7a7c
2025-12-07T23:23:24+0100 - ecmwf.datastores.processing - INFO - status has been updated to accepted
2025-12-07T23:23:24+0100 - era5land_to_datm.requests - INFO - Request submitted with ID f8cbc074-fc3c-47a4-b01b-3fad0d3f7a7c, status accepted.
2025-12-07T23:23:24+0100 - era5land_to_datm.requests - INFO - Waiting 3.0 seconds before next request...
2025-12-07T23:23:27+0100 - era5land_to_datm.requests - INFO - Submitting request for year=2011, month=02...
2025-12-07T23:23:28+0100 - ecmwf.datastores.processing - INFO - Request ID is 17550798-2d60-4406-87bc-9b52d13c855e
2025-12-07T23:23:28+0100 - ecmwf.datastores.processing - INFO - status has been updated to accepted
2025-12-07T23:23:28+0100 - era5land_to_datm.requests - INFO - Request submitted with ID 17550798-2d60-4406-87bc-9b52d13c855e, status accepted.
2025-12-07T23:23:28+0100 - era5land_to_datm.requests - INFO - Waiting 3.0 seconds before next request...
2025-12-07T23:23:31+0100 - era5land_to_datm.requests - INFO - Submitting request for year=2011, month=01...
2025-12-07T23:23:31+0100 - ecmwf.datastores.processing - INFO - Request ID is 1a308bcc-f7fa-44c4-b0d2-ccbd90572377
2025-12-07T23:23:31+0100 - ecmwf.datastores.processing - INFO - status has been updated to accepted
2025-12-07T23:23:31+0100 - era5land_to_datm.requests - INFO - Request submitted with ID 1a308bcc-f7fa-44c4-b0d2-ccbd90572377, status accepted.
2025-12-07T23:23:31+0100 - era5land_to_datm.requests - INFO - Waiting 3.0 seconds before next request...
2025-12-07T23:23:34+0100 - era5land_to_datm.requests - INFO - Submitting request for year=2010, month=02...
2025-12-07T23:23:34+0100 - ecmwf.datastores.processing - INFO - Request ID is 23306b0d-e0bb-461e-98f9-e68b1f183368
2025-12-07T23:23:34+0100 - ecmwf.datastores.processing - INFO - status has been updated to accepted
2025-12-07T23:23:34+0100 - era5land_to_datm.requests - INFO - Request submitted with ID 23306b0d-e0bb-461e-98f9-e68b1f183368, status accepted.
2025-12-07T23:23:34+0100 - era5land_to_datm.requests - INFO - Waiting 3.0 seconds before next request...
2025-12-07T23:23:37+0100 - era5land_to_datm.requests - INFO - Submitting request for year=2012, month=09...
2025-12-07T23:23:38+0100 - ecmwf.datastores.processing - INFO - Request ID is ba734d90-8d0b-4b08-8ac7-f17bd8506fba
2025-12-07T23:23:38+0100 - ecmwf.datastores.processing - INFO - status has been updated to accepted
2025-12-07T23:23:38+0100 - era5land_to_datm.requests - INFO - Request submitted with ID ba734d90-8d0b-4b08-8ac7-f17bd8506fba, status accepted.
2025-12-07T23:23:38+0100 - era5land_to_datm.requests - INFO - Waiting 3.0 seconds before next request...
2025-12-07T23:23:41+0100 - era5land_to_datm.requests - INFO - Submitting request for year=2010, month=10...
2025-12-07T23:23:41+0100 - ecmwf.datastores.processing - INFO - Request ID is cd5dc9d2-8e7d-4b59-aba5-cc62bb2f66d9
2025-12-07T23:23:41+0100 - ecmwf.datastores.processing - INFO - status has been updated to accepted
2025-12-07T23:23:41+0100 - era5land_to_datm.requests - INFO - Request submitted with ID cd5dc9d2-8e7d-4b59-aba5-cc62bb2f66d9, status accepted.
2025-12-07T23:23:41+0100 - era5land_to_datm.requests - INFO - Waiting 3.0 seconds before next request...
2025-12-07T23:23:44+0100 - era5land_to_datm.requests - INFO - Submitting request for year=2012, month=01...
2025-12-07T23:23:44+0100 - ecmwf.datastores.processing - INFO - Request ID is 319dda4e-3a5e-43a2-a44a-0e530af5b314
2025-12-07T23:23:44+0100 - ecmwf.datastores.processing - INFO - status has been updated to accepted
2025-12-07T23:23:44+0100 - era5land_to_datm.requests - INFO - Request submitted with ID 319dda4e-3a5e-43a2-a44a-0e530af5b314, status accepted.
2025-12-07T23:23:44+0100 - era5land_to_datm.requests - INFO - Waiting 3.0 seconds before next request...
2025-12-07T23:23:47+0100 - era5land_to_datm.requests - INFO - Submitting request for year=2013, month=02...
2025-12-07T23:23:49+0100 - ecmwf.datastores.processing - INFO - Request ID is 7c448c77-1b4a-4442-ad9c-1020175680b7
2025-12-07T23:23:49+0100 - ecmwf.datastores.processing - INFO - status has been updated to accepted
2025-12-07T23:23:49+0100 - era5land_to_datm.requests - INFO - Request submitted with ID 7c448c77-1b4a-4442-ad9c-1020175680b7, status accepted.
2025-12-07T23:23:49+0100 - era5land_to_datm.requests - INFO - Waiting 3.0 seconds before next request...
2025-12-07T23:23:52+0100 - era5land_to_datm.requests - INFO - Submitting request for year=2010, month=06...
2025-12-07T23:23:52+0100 - ecmwf.datastores.processing - INFO - Request ID is 898c1c6c-c8c6-4ec6-a2cf-5266b2ad3088
2025-12-07T23:23:52+0100 - ecmwf.datastores.processing - INFO - status has been updated to accepted
2025-12-07T23:23:52+0100 - era5land_to_datm.requests - INFO - Request submitted with ID 898c1c6c-c8c6-4ec6-a2cf-5266b2ad3088, status accepted.
2025-12-07T23:23:52+0100 - era5land_to_datm.requests - INFO - Waiting 3.0 seconds before next request...
2025-12-07T23:23:55+0100 - era5land_to_datm.requests - INFO - Submitting request for year=2010, month=04...
2025-12-07T23:23:55+0100 - ecmwf.datastores.processing - INFO - Request ID is 8c0fdc7c-0429-4c26-bc43-d070c578d025
2025-12-07T23:23:55+0100 - ecmwf.datastores.processing - INFO - status has been updated to accepted
2025-12-07T23:23:55+0100 - era5land_to_datm.requests - INFO - Request submitted with ID 8c0fdc7c-0429-4c26-bc43-d070c578d025, status accepted.
2025-12-07T23:23:55+0100 - era5land_to_datm.requests - INFO - Waiting 3.0 seconds before next request...
2025-12-07T23:23:58+0100 - era5land_to_datm.requests - INFO - Submitting request for year=2011, month=08...
2025-12-07T23:23:59+0100 - ecmwf.datastores.processing - INFO - Request ID is eedf45d5-2f18-41cc-ba7f-5fd2100612aa
2025-12-07T23:23:59+0100 - ecmwf.datastores.processing - INFO - status has been updated to accepted
2025-12-07T23:23:59+0100 - era5land_to_datm.requests - INFO - Request submitted with ID eedf45d5-2f18-41cc-ba7f-5fd2100612aa, status accepted.
2025-12-07T23:23:59+0100 - era5land_to_datm.requests - INFO - Waiting 3.0 seconds before next request...
2025-12-07T23:24:02+0100 - era5land_to_datm.requests - INFO - Submitting request for year=2012, month=03...
2025-12-07T23:24:02+0100 - ecmwf.datastores.processing - INFO - Request ID is 792319ba-4784-452d-9b6c-b009c4cf92e4
2025-12-07T23:24:02+0100 - ecmwf.datastores.processing - INFO - status has been updated to accepted
2025-12-07T23:24:02+0100 - era5land_to_datm.requests - INFO - Request submitted with ID 792319ba-4784-452d-9b6c-b009c4cf92e4, status accepted.
2025-12-07T23:24:02+0100 - era5land_to_datm.requests - INFO - Waiting 3.0 seconds before next request...
2025-12-07T23:24:05+0100 - era5land_to_datm.requests - INFO - Submitting request for year=2012, month=02...
2025-12-07T23:24:06+0100 - ecmwf.datastores.processing - INFO - Request ID is 071088e4-5b2f-43ea-b483-b1c1322f5134
2025-12-07T23:24:06+0100 - ecmwf.datastores.processing - INFO - status has been updated to accepted
2025-12-07T23:24:06+0100 - era5land_to_datm.requests - INFO - Request submitted with ID 071088e4-5b2f-43ea-b483-b1c1322f5134, status accepted.
2025-12-07T23:24:06+0100 - era5land_to_datm.requests - INFO - Waiting 3.0 seconds before next request...
2025-12-07T23:24:09+0100 - era5land_to_datm.requests - INFO - Submitting request for year=2012, month=08...
2025-12-07T23:24:09+0100 - ecmwf.datastores.processing - INFO - Request ID is 84a8d8e2-df2a-4843-9127-e51b03b1f917
2025-12-07T23:24:09+0100 - ecmwf.datastores.processing - INFO - status has been updated to accepted
2025-12-07T23:24:09+0100 - era5land_to_datm.requests - INFO - Request submitted with ID 84a8d8e2-df2a-4843-9127-e51b03b1f917, status accepted.
2025-12-07T23:24:09+0100 - era5land_to_datm.requests - INFO - Waiting 3.0 seconds before next request...
2025-12-07T23:24:12+0100 - era5land_to_datm.requests - INFO - Submitting request for year=2011, month=04...
2025-12-07T23:24:12+0100 - ecmwf.datastores.processing - INFO - Request ID is 743c082f-3934-48bb-8fb8-e9c570285a94
2025-12-07T23:24:12+0100 - ecmwf.datastores.processing - INFO - status has been updated to accepted
2025-12-07T23:24:12+0100 - era5land_to_datm.requests - INFO - Request submitted with ID 743c082f-3934-48bb-8fb8-e9c570285a94, status accepted.
