2025-12-02T21:33:43+0100 - root - INFO - Logger initialized.
2025-12-02T21:33:43+0100 - root - INFO - Logging to file: /cluster/home/janko/src/era5land_to_datm/scripts/era5land_to_datm_script_20251202T203343.log
2025-12-02T21:34:42+0100 - era5land_to_datm.requests - INFO - Submitting request for year=2000, month=01...
2025-12-02T21:34:42+0100 - ecmwf.datastores.processing - INFO - Request ID is 3d7f823b-463f-4cd3-8bb6-c213a26f3f20
2025-12-02T21:34:42+0100 - ecmwf.datastores.processing - INFO - status has been updated to accepted
2025-12-02T21:34:42+0100 - era5land_to_datm.requests - INFO - Request submitted with ID 3d7f823b-463f-4cd3-8bb6-c213a26f3f20, status accepted.
2025-12-02T21:34:42+0100 - era5land_to_datm.requests - INFO - Waiting 3.0 seconds before next request...
2025-12-02T21:34:45+0100 - era5land_to_datm.requests - INFO - Submitting request for year=2000, month=02...
2025-12-02T21:34:45+0100 - ecmwf.datastores.processing - INFO - Request ID is 06630dff-d564-4b0a-9601-47addf003b07
2025-12-02T21:34:46+0100 - ecmwf.datastores.processing - INFO - status has been updated to accepted
2025-12-02T21:34:46+0100 - era5land_to_datm.requests - INFO - Request submitted with ID 06630dff-d564-4b0a-9601-47addf003b07, status accepted.
2025-12-02T21:34:46+0100 - era5land_to_datm.requests - INFO - Waiting 3.0 seconds before next request...
2025-12-02T21:34:49+0100 - era5land_to_datm.requests - INFO - Submitting request for year=2000, month=03...
2025-12-02T21:34:49+0100 - ecmwf.datastores.processing - INFO - Request ID is faf9a191-edee-49d0-8f68-9f69b6106c81
2025-12-02T21:34:49+0100 - ecmwf.datastores.processing - INFO - status has been updated to accepted
2025-12-02T21:34:49+0100 - era5land_to_datm.requests - INFO - Request submitted with ID faf9a191-edee-49d0-8f68-9f69b6106c81, status accepted.
2025-12-02T21:34:49+0100 - era5land_to_datm.requests - INFO - Waiting 3.0 seconds before next request...
2025-12-02T21:34:52+0100 - era5land_to_datm.requests - INFO - Submitting request for year=2000, month=04...
2025-12-02T21:34:52+0100 - ecmwf.datastores.processing - INFO - Request ID is 8ee8fcc0-33f6-4461-85d3-e5b0a8820a4e
2025-12-02T21:34:52+0100 - ecmwf.datastores.processing - INFO - status has been updated to accepted
2025-12-02T21:34:52+0100 - era5land_to_datm.requests - INFO - Request submitted with ID 8ee8fcc0-33f6-4461-85d3-e5b0a8820a4e, status accepted.
2025-12-02T21:34:52+0100 - era5land_to_datm.requests - INFO - Waiting 3.0 seconds before next request...
2025-12-02T21:34:55+0100 - era5land_to_datm.requests - INFO - Submitting request for year=2000, month=05...
2025-12-02T21:34:55+0100 - ecmwf.datastores.processing - INFO - Request ID is 66af788c-597b-4571-91d6-e12bac7462cf
2025-12-02T21:34:55+0100 - ecmwf.datastores.processing - INFO - status has been updated to accepted
2025-12-02T21:34:55+0100 - era5land_to_datm.requests - INFO - Request submitted with ID 66af788c-597b-4571-91d6-e12bac7462cf, status accepted.
2025-12-02T21:34:55+0100 - era5land_to_datm.requests - INFO - Waiting 3.0 seconds before next request...
2025-12-02T21:34:58+0100 - era5land_to_datm.requests - INFO - Submitting request for year=2000, month=06...
2025-12-02T21:34:59+0100 - ecmwf.datastores.processing - INFO - Request ID is 1207a8b3-ffc4-42d7-87d4-1a390399e406
2025-12-02T21:34:59+0100 - ecmwf.datastores.processing - INFO - status has been updated to accepted
2025-12-02T21:34:59+0100 - era5land_to_datm.requests - INFO - Request submitted with ID 1207a8b3-ffc4-42d7-87d4-1a390399e406, status accepted.
2025-12-02T21:34:59+0100 - era5land_to_datm.requests - INFO - Waiting 3.0 seconds before next request...
2025-12-02T21:35:02+0100 - era5land_to_datm.requests - INFO - Submitting request for year=2000, month=07...
2025-12-02T21:35:02+0100 - ecmwf.datastores.processing - INFO - Request ID is 050f652e-e46a-4799-9c08-725775fe50fc
2025-12-02T21:35:02+0100 - ecmwf.datastores.processing - INFO - status has been updated to accepted
2025-12-02T21:35:02+0100 - era5land_to_datm.requests - INFO - Request submitted with ID 050f652e-e46a-4799-9c08-725775fe50fc, status accepted.
2025-12-02T21:35:02+0100 - era5land_to_datm.requests - INFO - Waiting 3.0 seconds before next request...
2025-12-02T21:35:05+0100 - era5land_to_datm.requests - INFO - Submitting request for year=2000, month=08...
2025-12-02T21:35:05+0100 - ecmwf.datastores.processing - INFO - Request ID is 8226ac66-3344-48ec-be06-6a618e735cce
2025-12-02T21:35:05+0100 - ecmwf.datastores.processing - INFO - status has been updated to accepted
2025-12-02T21:35:05+0100 - era5land_to_datm.requests - INFO - Request submitted with ID 8226ac66-3344-48ec-be06-6a618e735cce, status accepted.
2025-12-02T21:35:05+0100 - era5land_to_datm.requests - INFO - Waiting 3.0 seconds before next request...
2025-12-02T21:35:08+0100 - era5land_to_datm.requests - INFO - Submitting request for year=2000, month=09...
2025-12-02T21:35:08+0100 - ecmwf.datastores.processing - INFO - Request ID is 80bb1c4d-5013-4845-ad95-038264bf4b43
2025-12-02T21:35:08+0100 - ecmwf.datastores.processing - INFO - status has been updated to accepted
2025-12-02T21:35:08+0100 - era5land_to_datm.requests - INFO - Request submitted with ID 80bb1c4d-5013-4845-ad95-038264bf4b43, status accepted.
2025-12-02T21:35:08+0100 - era5land_to_datm.requests - INFO - Waiting 3.0 seconds before next request...
2025-12-02T21:35:11+0100 - era5land_to_datm.requests - INFO - Submitting request for year=2000, month=10...
2025-12-02T21:35:12+0100 - ecmwf.datastores.processing - INFO - Request ID is c25ca6a0-3403-46e0-9a8d-73854afebd8c
2025-12-02T21:35:12+0100 - ecmwf.datastores.processing - INFO - status has been updated to accepted
2025-12-02T21:35:12+0100 - era5land_to_datm.requests - INFO - Request submitted with ID c25ca6a0-3403-46e0-9a8d-73854afebd8c, status accepted.
2025-12-02T21:35:12+0100 - era5land_to_datm.requests - INFO - Waiting 3.0 seconds before next request...
2025-12-02T21:35:15+0100 - era5land_to_datm.requests - INFO - Submitting request for year=2000, month=11...
2025-12-02T21:35:15+0100 - ecmwf.datastores.processing - INFO - Request ID is 052b0084-e520-4644-81c7-da7c57b7ed26
2025-12-02T21:35:15+0100 - ecmwf.datastores.processing - INFO - status has been updated to accepted
2025-12-02T21:35:15+0100 - era5land_to_datm.requests - INFO - Request submitted with ID 052b0084-e520-4644-81c7-da7c57b7ed26, status accepted.
2025-12-02T21:35:15+0100 - era5land_to_datm.requests - INFO - Waiting 3.0 seconds before next request...
2025-12-02T21:35:18+0100 - era5land_to_datm.requests - INFO - Submitting request for year=2000, month=12...
2025-12-02T21:35:18+0100 - ecmwf.datastores.processing - INFO - Request ID is d8fc6a02-049c-42eb-88d1-2c8bb0cc6604
2025-12-02T21:35:18+0100 - ecmwf.datastores.processing - INFO - status has been updated to accepted
2025-12-02T21:35:18+0100 - era5land_to_datm.requests - INFO - Request submitted with ID d8fc6a02-049c-42eb-88d1-2c8bb0cc6604, status accepted.
2025-12-02T21:35:18+0100 - era5land_to_datm.requests - INFO - Waiting 3.0 seconds before next request...
2025-12-02T21:35:21+0100 - era5land_to_datm.requests - INFO - Submitting request for year=2001, month=01...
2025-12-02T21:35:22+0100 - ecmwf.datastores.processing - INFO - Request ID is cc88fa53-99f6-44a3-b08e-9462f7623138
2025-12-02T21:35:22+0100 - ecmwf.datastores.processing - INFO - status has been updated to accepted
2025-12-02T21:35:22+0100 - era5land_to_datm.requests - INFO - Request submitted with ID cc88fa53-99f6-44a3-b08e-9462f7623138, status accepted.
2025-12-02T21:35:22+0100 - era5land_to_datm.requests - INFO - Waiting 3.0 seconds before next request...
2025-12-02T21:35:25+0100 - era5land_to_datm.requests - INFO - Submitting request for year=2001, month=02...
2025-12-02T21:35:25+0100 - ecmwf.datastores.processing - INFO - Request ID is f917c402-4647-4b90-8804-b3fe63f08a2c
2025-12-02T21:35:25+0100 - ecmwf.datastores.processing - INFO - status has been updated to accepted
2025-12-02T21:35:25+0100 - era5land_to_datm.requests - INFO - Request submitted with ID f917c402-4647-4b90-8804-b3fe63f08a2c, status accepted.
2025-12-02T21:35:25+0100 - era5land_to_datm.requests - INFO - Waiting 3.0 seconds before next request...
2025-12-02T21:35:28+0100 - era5land_to_datm.requests - INFO - Submitting request for year=2001, month=03...
2025-12-02T21:35:28+0100 - ecmwf.datastores.processing - INFO - Request ID is cfc4aebc-8afe-4ec9-bee8-658945caacbf
2025-12-02T21:35:28+0100 - ecmwf.datastores.processing - INFO - status has been updated to accepted
2025-12-02T21:35:28+0100 - era5land_to_datm.requests - INFO - Request submitted with ID cfc4aebc-8afe-4ec9-bee8-658945caacbf, status accepted.
2025-12-02T21:35:28+0100 - era5land_to_datm.requests - INFO - Waiting 3.0 seconds before next request...
2025-12-02T21:35:31+0100 - era5land_to_datm.requests - INFO - Submitting request for year=2001, month=04...
2025-12-02T21:35:31+0100 - ecmwf.datastores.processing - INFO - Request ID is c5f772b6-ea5e-4028-9e7e-f949e49076a7
2025-12-02T21:35:31+0100 - ecmwf.datastores.processing - INFO - status has been updated to accepted
2025-12-02T21:35:31+0100 - era5land_to_datm.requests - INFO - Request submitted with ID c5f772b6-ea5e-4028-9e7e-f949e49076a7, status accepted.
2025-12-02T21:35:31+0100 - era5land_to_datm.requests - INFO - Waiting 3.0 seconds before next request...
2025-12-02T21:35:34+0100 - era5land_to_datm.requests - INFO - Submitting request for year=2001, month=05...
2025-12-02T21:35:35+0100 - ecmwf.datastores.processing - INFO - Request ID is 6addf9be-c121-40c8-a559-cda7426d4613
2025-12-02T21:35:35+0100 - ecmwf.datastores.processing - INFO - status has been updated to accepted
2025-12-02T21:35:35+0100 - era5land_to_datm.requests - INFO - Request submitted with ID 6addf9be-c121-40c8-a559-cda7426d4613, status accepted.
2025-12-02T21:35:35+0100 - era5land_to_datm.requests - INFO - Waiting 3.0 seconds before next request...
2025-12-02T21:35:38+0100 - era5land_to_datm.requests - INFO - Submitting request for year=2001, month=06...
2025-12-02T21:35:38+0100 - ecmwf.datastores.processing - INFO - Request ID is 3a78dbc3-8d35-44e4-b82c-e2044adaf0ee
2025-12-02T21:35:38+0100 - ecmwf.datastores.processing - INFO - status has been updated to accepted
2025-12-02T21:35:38+0100 - era5land_to_datm.requests - INFO - Request submitted with ID 3a78dbc3-8d35-44e4-b82c-e2044adaf0ee, status accepted.
2025-12-02T21:35:38+0100 - era5land_to_datm.requests - INFO - Waiting 3.0 seconds before next request...
2025-12-02T21:35:41+0100 - era5land_to_datm.requests - INFO - Submitting request for year=2001, month=07...
2025-12-02T21:35:41+0100 - ecmwf.datastores.processing - INFO - Request ID is 9a5cb915-cfef-42c5-9b3e-42e0ff436cab
2025-12-02T21:35:41+0100 - ecmwf.datastores.processing - INFO - status has been updated to accepted
2025-12-02T21:35:41+0100 - era5land_to_datm.requests - INFO - Request submitted with ID 9a5cb915-cfef-42c5-9b3e-42e0ff436cab, status accepted.
2025-12-02T21:35:41+0100 - era5land_to_datm.requests - INFO - Waiting 3.0 seconds before next request...
2025-12-02T21:35:44+0100 - era5land_to_datm.requests - INFO - Submitting request for year=2001, month=08...
2025-12-02T21:35:44+0100 - ecmwf.datastores.processing - INFO - Request ID is acb9711e-b111-4c10-a36e-a6fe6660228e
2025-12-02T21:35:44+0100 - ecmwf.datastores.processing - INFO - status has been updated to accepted
2025-12-02T21:35:44+0100 - era5land_to_datm.requests - INFO - Request submitted with ID acb9711e-b111-4c10-a36e-a6fe6660228e, status accepted.
2025-12-02T21:35:44+0100 - era5land_to_datm.requests - INFO - Waiting 3.0 seconds before next request...
2025-12-02T21:35:47+0100 - era5land_to_datm.requests - INFO - Submitting request for year=2001, month=09...
2025-12-02T21:35:48+0100 - ecmwf.datastores.processing - INFO - Request ID is 1a3ed428-d0ae-4b3c-a3df-b07d7199957e
2025-12-02T21:35:48+0100 - ecmwf.datastores.processing - INFO - status has been updated to accepted
2025-12-02T21:35:48+0100 - era5land_to_datm.requests - INFO - Request submitted with ID 1a3ed428-d0ae-4b3c-a3df-b07d7199957e, status accepted.
2025-12-02T21:35:48+0100 - era5land_to_datm.requests - INFO - Waiting 3.0 seconds before next request...
2025-12-02T21:35:51+0100 - era5land_to_datm.requests - INFO - Submitting request for year=2001, month=10...
2025-12-02T21:35:51+0100 - ecmwf.datastores.processing - INFO - Request ID is 2f89a245-d604-4127-aa17-bfebec99eb19
2025-12-02T21:35:51+0100 - ecmwf.datastores.processing - INFO - status has been updated to accepted
2025-12-02T21:35:51+0100 - era5land_to_datm.requests - INFO - Request submitted with ID 2f89a245-d604-4127-aa17-bfebec99eb19, status accepted.
2025-12-02T21:35:51+0100 - era5land_to_datm.requests - INFO - Waiting 3.0 seconds before next request...
2025-12-02T21:35:54+0100 - era5land_to_datm.requests - INFO - Submitting request for year=2001, month=11...
2025-12-02T21:35:54+0100 - ecmwf.datastores.processing - INFO - Request ID is 5ff0733d-323d-4d06-8bb3-b468de8c2cd6
2025-12-02T21:35:54+0100 - ecmwf.datastores.processing - INFO - status has been updated to accepted
2025-12-02T21:35:54+0100 - era5land_to_datm.requests - INFO - Request submitted with ID 5ff0733d-323d-4d06-8bb3-b468de8c2cd6, status accepted.
2025-12-02T21:35:54+0100 - era5land_to_datm.requests - INFO - Waiting 3.0 seconds before next request...
2025-12-02T21:35:57+0100 - era5land_to_datm.requests - INFO - Submitting request for year=2001, month=12...
2025-12-02T21:35:57+0100 - ecmwf.datastores.processing - INFO - Request ID is 9143b0e6-afc0-494d-bec4-60f7e2c2dd02
2025-12-02T21:35:58+0100 - ecmwf.datastores.processing - INFO - status has been updated to accepted
2025-12-02T21:35:58+0100 - era5land_to_datm.requests - INFO - Request submitted with ID 9143b0e6-afc0-494d-bec4-60f7e2c2dd02, status accepted.
2025-12-02T21:35:58+0100 - era5land_to_datm.requests - INFO - Waiting 3.0 seconds before next request...
2025-12-02T21:36:01+0100 - era5land_to_datm.requests - INFO - Submitting request for year=2002, month=01...
2025-12-02T21:36:01+0100 - ecmwf.datastores.processing - INFO - Request ID is b3c5f7e2-cc9b-4604-84bd-62dcc5f758bf
2025-12-02T21:36:01+0100 - ecmwf.datastores.processing - INFO - status has been updated to accepted
2025-12-02T21:36:01+0100 - era5land_to_datm.requests - INFO - Request submitted with ID b3c5f7e2-cc9b-4604-84bd-62dcc5f758bf, status accepted.
2025-12-02T21:36:01+0100 - era5land_to_datm.requests - INFO - Waiting 3.0 seconds before next request...
2025-12-02T21:36:04+0100 - era5land_to_datm.requests - INFO - Submitting request for year=2002, month=02...
2025-12-02T21:36:04+0100 - ecmwf.datastores.processing - INFO - Request ID is ea34b89a-2829-4e26-a249-d8ee20dd8690
2025-12-02T21:36:04+0100 - ecmwf.datastores.processing - INFO - status has been updated to accepted
2025-12-02T21:36:04+0100 - era5land_to_datm.requests - INFO - Request submitted with ID ea34b89a-2829-4e26-a249-d8ee20dd8690, status accepted.
2025-12-02T21:36:04+0100 - era5land_to_datm.requests - INFO - Waiting 3.0 seconds before next request...
2025-12-02T21:36:07+0100 - era5land_to_datm.requests - INFO - Submitting request for year=2002, month=03...
2025-12-02T21:36:07+0100 - ecmwf.datastores.processing - INFO - Request ID is ddc78750-6fb2-48b9-9ed3-7e704dea03b0
2025-12-02T21:36:07+0100 - ecmwf.datastores.processing - INFO - status has been updated to accepted
2025-12-02T21:36:07+0100 - era5land_to_datm.requests - INFO - Request submitted with ID ddc78750-6fb2-48b9-9ed3-7e704dea03b0, status accepted.
2025-12-02T21:36:07+0100 - era5land_to_datm.requests - INFO - Waiting 3.0 seconds before next request...
2025-12-02T21:36:10+0100 - era5land_to_datm.requests - INFO - Submitting request for year=2002, month=04...
2025-12-02T21:36:11+0100 - ecmwf.datastores.processing - INFO - Request ID is 308b6ac0-bb8c-466c-b0fa-46b7e750c61f
2025-12-02T21:36:11+0100 - ecmwf.datastores.processing - INFO - status has been updated to accepted
2025-12-02T21:36:11+0100 - era5land_to_datm.requests - INFO - Request submitted with ID 308b6ac0-bb8c-466c-b0fa-46b7e750c61f, status accepted.
2025-12-02T21:36:11+0100 - era5land_to_datm.requests - INFO - Waiting 3.0 seconds before next request...
2025-12-02T21:36:14+0100 - era5land_to_datm.requests - INFO - Submitting request for year=2002, month=05...
2025-12-02T21:36:14+0100 - ecmwf.datastores.processing - INFO - Request ID is bab94ed1-7997-4618-98d4-ee14b658051f
2025-12-02T21:36:14+0100 - ecmwf.datastores.processing - INFO - status has been updated to accepted
2025-12-02T21:36:14+0100 - era5land_to_datm.requests - INFO - Request submitted with ID bab94ed1-7997-4618-98d4-ee14b658051f, status accepted.
2025-12-02T21:36:14+0100 - era5land_to_datm.requests - INFO - Waiting 3.0 seconds before next request...
2025-12-02T21:36:17+0100 - era5land_to_datm.requests - INFO - Submitting request for year=2002, month=06...
2025-12-02T21:36:17+0100 - ecmwf.datastores.processing - INFO - Request ID is 1705cb00-a15a-4bb2-916c-08c84da38d47
2025-12-02T21:36:17+0100 - ecmwf.datastores.processing - INFO - status has been updated to accepted
2025-12-02T21:36:17+0100 - era5land_to_datm.requests - INFO - Request submitted with ID 1705cb00-a15a-4bb2-916c-08c84da38d47, status accepted.
2025-12-02T21:36:17+0100 - era5land_to_datm.requests - INFO - Waiting 3.0 seconds before next request...
2025-12-02T21:36:20+0100 - era5land_to_datm.requests - INFO - Submitting request for year=2002, month=07...
2025-12-02T21:36:20+0100 - ecmwf.datastores.processing - INFO - Request ID is 300c4a9c-156a-4ce1-a746-96797c1471d4
2025-12-02T21:36:20+0100 - ecmwf.datastores.processing - INFO - status has been updated to accepted
2025-12-02T21:36:20+0100 - era5land_to_datm.requests - INFO - Request submitted with ID 300c4a9c-156a-4ce1-a746-96797c1471d4, status accepted.
2025-12-02T21:36:20+0100 - era5land_to_datm.requests - INFO - Waiting 3.0 seconds before next request...
2025-12-02T21:36:23+0100 - era5land_to_datm.requests - INFO - Submitting request for year=2002, month=08...
2025-12-02T21:36:24+0100 - ecmwf.datastores.processing - INFO - Request ID is 8e751c15-8f12-4b38-aea5-4d66ca1b00e6
2025-12-02T21:36:24+0100 - ecmwf.datastores.processing - INFO - status has been updated to accepted
2025-12-02T21:36:24+0100 - era5land_to_datm.requests - INFO - Request submitted with ID 8e751c15-8f12-4b38-aea5-4d66ca1b00e6, status accepted.
2025-12-02T21:36:24+0100 - era5land_to_datm.requests - INFO - Waiting 3.0 seconds before next request...
2025-12-02T21:36:27+0100 - era5land_to_datm.requests - INFO - Submitting request for year=2002, month=09...
2025-12-02T21:36:27+0100 - ecmwf.datastores.processing - INFO - Request ID is 4f24c0db-acae-4515-b73b-a2936c8450a3
2025-12-02T21:36:27+0100 - ecmwf.datastores.processing - INFO - status has been updated to accepted
2025-12-02T21:36:27+0100 - era5land_to_datm.requests - INFO - Request submitted with ID 4f24c0db-acae-4515-b73b-a2936c8450a3, status accepted.
2025-12-02T21:36:27+0100 - era5land_to_datm.requests - INFO - Waiting 3.0 seconds before next request...
2025-12-02T21:36:30+0100 - era5land_to_datm.requests - INFO - Submitting request for year=2002, month=10...
2025-12-02T21:36:30+0100 - ecmwf.datastores.processing - INFO - Request ID is bc9cc361-79a5-43d2-98fd-f185b762bd2d
2025-12-02T21:36:30+0100 - ecmwf.datastores.processing - INFO - status has been updated to accepted
2025-12-02T21:36:30+0100 - era5land_to_datm.requests - INFO - Request submitted with ID bc9cc361-79a5-43d2-98fd-f185b762bd2d, status accepted.
2025-12-02T21:36:30+0100 - era5land_to_datm.requests - INFO - Waiting 3.0 seconds before next request...
2025-12-02T21:36:33+0100 - era5land_to_datm.requests - INFO - Submitting request for year=2002, month=11...
2025-12-02T21:36:34+0100 - ecmwf.datastores.processing - INFO - Request ID is 263577dd-e575-479b-8420-90b9d73e055b
2025-12-02T21:36:34+0100 - ecmwf.datastores.processing - INFO - status has been updated to accepted
2025-12-02T21:36:34+0100 - era5land_to_datm.requests - INFO - Request submitted with ID 263577dd-e575-479b-8420-90b9d73e055b, status accepted.
2025-12-02T21:36:34+0100 - era5land_to_datm.requests - INFO - Waiting 3.0 seconds before next request...
2025-12-02T21:36:37+0100 - era5land_to_datm.requests - INFO - Submitting request for year=2002, month=12...
2025-12-02T21:36:37+0100 - ecmwf.datastores.processing - INFO - Request ID is 03e2feb5-e9ab-4aea-87f1-46b2c62f89b9
2025-12-02T21:36:37+0100 - ecmwf.datastores.processing - INFO - status has been updated to accepted
2025-12-02T21:36:37+0100 - era5land_to_datm.requests - INFO - Request submitted with ID 03e2feb5-e9ab-4aea-87f1-46b2c62f89b9, status accepted.
2025-12-02T21:36:37+0100 - era5land_to_datm.requests - INFO - Waiting 3.0 seconds before next request...
2025-12-02T21:36:40+0100 - era5land_to_datm.requests - INFO - Submitting request for year=2003, month=01...
2025-12-02T21:36:40+0100 - ecmwf.datastores.processing - INFO - Request ID is 6696faf3-f08e-4ec6-9d88-6854e9bb4f85
2025-12-02T21:36:40+0100 - ecmwf.datastores.processing - INFO - status has been updated to accepted
2025-12-02T21:36:40+0100 - era5land_to_datm.requests - INFO - Request submitted with ID 6696faf3-f08e-4ec6-9d88-6854e9bb4f85, status accepted.
2025-12-02T21:36:40+0100 - era5land_to_datm.requests - INFO - Waiting 3.0 seconds before next request...
2025-12-02T21:36:43+0100 - era5land_to_datm.requests - INFO - Submitting request for year=2003, month=02...
2025-12-02T21:36:43+0100 - ecmwf.datastores.processing - INFO - Request ID is ec77ced7-a067-4a22-afa4-c0892f34a9cd
2025-12-02T21:36:43+0100 - ecmwf.datastores.processing - INFO - status has been updated to accepted
2025-12-02T21:36:43+0100 - era5land_to_datm.requests - INFO - Request submitted with ID ec77ced7-a067-4a22-afa4-c0892f34a9cd, status accepted.
2025-12-02T21:36:43+0100 - era5land_to_datm.requests - INFO - Waiting 3.0 seconds before next request...
2025-12-02T21:36:46+0100 - era5land_to_datm.requests - INFO - Submitting request for year=2003, month=03...
2025-12-02T21:36:47+0100 - ecmwf.datastores.processing - INFO - Request ID is 821abfd1-a2a4-4fbc-a532-3acc1fa86cf2
2025-12-02T21:36:47+0100 - ecmwf.datastores.processing - INFO - status has been updated to accepted
2025-12-02T21:36:47+0100 - era5land_to_datm.requests - INFO - Request submitted with ID 821abfd1-a2a4-4fbc-a532-3acc1fa86cf2, status accepted.
2025-12-02T21:36:47+0100 - era5land_to_datm.requests - INFO - Waiting 3.0 seconds before next request...
2025-12-02T21:36:50+0100 - era5land_to_datm.requests - INFO - Submitting request for year=2003, month=04...
2025-12-02T21:36:50+0100 - ecmwf.datastores.processing - INFO - Request ID is f41206d2-7098-4ab8-8c4a-7355a6785ce2
2025-12-02T21:36:50+0100 - ecmwf.datastores.processing - INFO - status has been updated to accepted
2025-12-02T21:36:50+0100 - era5land_to_datm.requests - INFO - Request submitted with ID f41206d2-7098-4ab8-8c4a-7355a6785ce2, status accepted.
2025-12-02T21:36:50+0100 - era5land_to_datm.requests - INFO - Waiting 3.0 seconds before next request...
2025-12-02T21:36:53+0100 - era5land_to_datm.requests - INFO - Submitting request for year=2003, month=05...
2025-12-02T21:36:54+0100 - ecmwf.datastores.processing - INFO - Request ID is 3fa1c32d-e5c7-4cf6-909e-c17783dbad41
2025-12-02T21:36:54+0100 - ecmwf.datastores.processing - INFO - status has been updated to accepted
2025-12-02T21:36:54+0100 - era5land_to_datm.requests - INFO - Request submitted with ID 3fa1c32d-e5c7-4cf6-909e-c17783dbad41, status accepted.
2025-12-02T21:36:54+0100 - era5land_to_datm.requests - INFO - Waiting 3.0 seconds before next request...
2025-12-02T21:36:57+0100 - era5land_to_datm.requests - INFO - Submitting request for year=2003, month=06...
2025-12-02T21:36:57+0100 - ecmwf.datastores.processing - INFO - Request ID is fedcc704-8207-4459-bb71-03e35a2bb912
2025-12-02T21:36:57+0100 - ecmwf.datastores.processing - INFO - status has been updated to accepted
2025-12-02T21:36:57+0100 - era5land_to_datm.requests - INFO - Request submitted with ID fedcc704-8207-4459-bb71-03e35a2bb912, status accepted.
2025-12-02T21:36:57+0100 - era5land_to_datm.requests - INFO - Waiting 3.0 seconds before next request...
2025-12-02T21:37:00+0100 - era5land_to_datm.requests - INFO - Submitting request for year=2003, month=07...
2025-12-02T21:37:00+0100 - ecmwf.datastores.processing - INFO - Request ID is 786d72fc-355a-4295-9429-9f2ac0e1c541
2025-12-02T21:37:00+0100 - ecmwf.datastores.processing - INFO - status has been updated to accepted
2025-12-02T21:37:00+0100 - era5land_to_datm.requests - INFO - Request submitted with ID 786d72fc-355a-4295-9429-9f2ac0e1c541, status accepted.
2025-12-02T21:37:00+0100 - era5land_to_datm.requests - INFO - Waiting 3.0 seconds before next request...
2025-12-02T21:37:03+0100 - era5land_to_datm.requests - INFO - Submitting request for year=2003, month=08...
2025-12-02T21:37:03+0100 - ecmwf.datastores.processing - INFO - Request ID is 16d0c52f-f8da-47d9-ab99-dfece20015c9
2025-12-02T21:37:03+0100 - ecmwf.datastores.processing - INFO - status has been updated to accepted
2025-12-02T21:37:03+0100 - era5land_to_datm.requests - INFO - Request submitted with ID 16d0c52f-f8da-47d9-ab99-dfece20015c9, status accepted.
2025-12-02T21:37:03+0100 - era5land_to_datm.requests - INFO - Waiting 3.0 seconds before next request...
2025-12-02T21:37:06+0100 - era5land_to_datm.requests - INFO - Submitting request for year=2003, month=09...
2025-12-02T21:37:07+0100 - ecmwf.datastores.processing - INFO - Request ID is 507a51d2-d281-41fc-bdd6-cc9e0375f478
2025-12-02T21:37:07+0100 - ecmwf.datastores.processing - INFO - status has been updated to accepted
2025-12-02T21:37:07+0100 - era5land_to_datm.requests - INFO - Request submitted with ID 507a51d2-d281-41fc-bdd6-cc9e0375f478, status accepted.
2025-12-02T21:37:07+0100 - era5land_to_datm.requests - INFO - Waiting 3.0 seconds before next request...
2025-12-02T21:37:10+0100 - era5land_to_datm.requests - INFO - Submitting request for year=2003, month=10...
2025-12-02T21:37:10+0100 - ecmwf.datastores.processing - INFO - Request ID is 7548306b-f49d-49e0-8dcc-1fac386d110f
2025-12-02T21:37:10+0100 - ecmwf.datastores.processing - INFO - status has been updated to accepted
2025-12-02T21:37:10+0100 - era5land_to_datm.requests - INFO - Request submitted with ID 7548306b-f49d-49e0-8dcc-1fac386d110f, status accepted.
2025-12-02T21:37:10+0100 - era5land_to_datm.requests - INFO - Waiting 3.0 seconds before next request...
2025-12-02T21:37:13+0100 - era5land_to_datm.requests - INFO - Submitting request for year=2003, month=11...
2025-12-02T21:37:13+0100 - ecmwf.datastores.processing - INFO - Request ID is ca4292ff-6587-42fd-b303-e9aca459544a
2025-12-02T21:37:13+0100 - ecmwf.datastores.processing - INFO - status has been updated to accepted
2025-12-02T21:37:13+0100 - era5land_to_datm.requests - INFO - Request submitted with ID ca4292ff-6587-42fd-b303-e9aca459544a, status accepted.
2025-12-02T21:37:13+0100 - era5land_to_datm.requests - INFO - Waiting 3.0 seconds before next request...
2025-12-02T21:37:16+0100 - era5land_to_datm.requests - INFO - Submitting request for year=2003, month=12...
2025-12-02T21:37:16+0100 - ecmwf.datastores.processing - INFO - Request ID is 1bfb83eb-f2cf-441f-88d9-05aa6e72f2f7
2025-12-02T21:37:16+0100 - ecmwf.datastores.processing - INFO - status has been updated to accepted
2025-12-02T21:37:16+0100 - era5land_to_datm.requests - INFO - Request submitted with ID 1bfb83eb-f2cf-441f-88d9-05aa6e72f2f7, status accepted.
2025-12-02T21:37:16+0100 - era5land_to_datm.requests - INFO - Waiting 3.0 seconds before next request...
2025-12-02T21:37:19+0100 - era5land_to_datm.requests - INFO - Submitting request for year=2004, month=01...
2025-12-02T21:37:20+0100 - ecmwf.datastores.processing - INFO - Request ID is fa96c235-59ac-4f5c-b51c-2dd98bfa9eb9
2025-12-02T21:37:20+0100 - ecmwf.datastores.processing - INFO - status has been updated to accepted
2025-12-02T21:37:20+0100 - era5land_to_datm.requests - INFO - Request submitted with ID fa96c235-59ac-4f5c-b51c-2dd98bfa9eb9, status accepted.
2025-12-02T21:37:20+0100 - era5land_to_datm.requests - INFO - Waiting 3.0 seconds before next request...
2025-12-02T21:37:23+0100 - era5land_to_datm.requests - INFO - Submitting request for year=2004, month=02...
2025-12-02T21:37:23+0100 - ecmwf.datastores.processing - INFO - Request ID is 9f5ae689-6d6f-4087-9c06-8d9738f9f2f2
2025-12-02T21:37:23+0100 - ecmwf.datastores.processing - INFO - status has been updated to accepted
2025-12-02T21:37:23+0100 - era5land_to_datm.requests - INFO - Request submitted with ID 9f5ae689-6d6f-4087-9c06-8d9738f9f2f2, status accepted.
2025-12-02T21:37:23+0100 - era5land_to_datm.requests - INFO - Waiting 3.0 seconds before next request...
2025-12-02T21:37:26+0100 - era5land_to_datm.requests - INFO - Submitting request for year=2004, month=03...
2025-12-02T21:37:26+0100 - ecmwf.datastores.processing - INFO - Request ID is 5cd753c8-83db-4db2-aea3-50a4a6d07ee4
2025-12-02T21:37:26+0100 - ecmwf.datastores.processing - INFO - status has been updated to accepted
2025-12-02T21:37:26+0100 - era5land_to_datm.requests - INFO - Request submitted with ID 5cd753c8-83db-4db2-aea3-50a4a6d07ee4, status accepted.
2025-12-02T21:37:26+0100 - era5land_to_datm.requests - INFO - Waiting 3.0 seconds before next request...
2025-12-02T21:37:29+0100 - era5land_to_datm.requests - INFO - Submitting request for year=2004, month=04...
2025-12-02T21:37:29+0100 - ecmwf.datastores.processing - INFO - Request ID is a7bc26b4-7cc6-46d9-b67c-512b78120f55
2025-12-02T21:37:30+0100 - ecmwf.datastores.processing - INFO - status has been updated to accepted
2025-12-02T21:37:30+0100 - era5land_to_datm.requests - INFO - Request submitted with ID a7bc26b4-7cc6-46d9-b67c-512b78120f55, status accepted.
2025-12-02T21:37:30+0100 - era5land_to_datm.requests - INFO - Waiting 3.0 seconds before next request...
2025-12-02T21:37:33+0100 - era5land_to_datm.requests - INFO - Submitting request for year=2004, month=05...
2025-12-02T21:37:33+0100 - ecmwf.datastores.processing - INFO - Request ID is 77b7c7b3-8f77-4ad8-aa69-6ed282dcc0af
2025-12-02T21:37:33+0100 - ecmwf.datastores.processing - INFO - status has been updated to accepted
2025-12-02T21:37:33+0100 - era5land_to_datm.requests - INFO - Request submitted with ID 77b7c7b3-8f77-4ad8-aa69-6ed282dcc0af, status accepted.
2025-12-02T21:37:33+0100 - era5land_to_datm.requests - INFO - Waiting 3.0 seconds before next request...
2025-12-02T21:37:36+0100 - era5land_to_datm.requests - INFO - Submitting request for year=2004, month=06...
2025-12-02T21:37:36+0100 - ecmwf.datastores.processing - INFO - Request ID is d1f851ce-01ff-4e8e-b6c9-2c3dbf282428
2025-12-02T21:37:36+0100 - ecmwf.datastores.processing - INFO - status has been updated to accepted
2025-12-02T21:37:36+0100 - era5land_to_datm.requests - INFO - Request submitted with ID d1f851ce-01ff-4e8e-b6c9-2c3dbf282428, status accepted.
2025-12-02T21:37:36+0100 - era5land_to_datm.requests - INFO - Waiting 3.0 seconds before next request...
2025-12-02T21:37:39+0100 - era5land_to_datm.requests - INFO - Submitting request for year=2004, month=07...
2025-12-02T21:37:39+0100 - ecmwf.datastores.processing - INFO - Request ID is 212fe3e6-0bf5-4b05-9f0b-e10f5c8706a9
2025-12-02T21:37:39+0100 - ecmwf.datastores.processing - INFO - status has been updated to accepted
2025-12-02T21:37:39+0100 - era5land_to_datm.requests - INFO - Request submitted with ID 212fe3e6-0bf5-4b05-9f0b-e10f5c8706a9, status accepted.
2025-12-02T21:37:39+0100 - era5land_to_datm.requests - INFO - Waiting 3.0 seconds before next request...
2025-12-02T21:37:42+0100 - era5land_to_datm.requests - INFO - Submitting request for year=2004, month=08...
2025-12-02T21:37:42+0100 - ecmwf.datastores.processing - INFO - Request ID is 622d52e9-54ed-4b85-9ca4-a5c0302e08b7
2025-12-02T21:37:43+0100 - ecmwf.datastores.processing - INFO - status has been updated to accepted
2025-12-02T21:37:43+0100 - era5land_to_datm.requests - INFO - Request submitted with ID 622d52e9-54ed-4b85-9ca4-a5c0302e08b7, status accepted.
2025-12-02T21:37:43+0100 - era5land_to_datm.requests - INFO - Waiting 3.0 seconds before next request...
2025-12-02T21:37:46+0100 - era5land_to_datm.requests - INFO - Submitting request for year=2004, month=09...
2025-12-02T21:37:46+0100 - ecmwf.datastores.processing - INFO - Request ID is 73174e44-0f48-482d-a64a-cfc27b4b99c3
2025-12-02T21:37:46+0100 - ecmwf.datastores.processing - INFO - status has been updated to accepted
2025-12-02T21:37:46+0100 - era5land_to_datm.requests - INFO - Request submitted with ID 73174e44-0f48-482d-a64a-cfc27b4b99c3, status accepted.
2025-12-02T21:37:46+0100 - era5land_to_datm.requests - INFO - Waiting 3.0 seconds before next request...
2025-12-02T21:37:49+0100 - era5land_to_datm.requests - INFO - Submitting request for year=2004, month=10...
2025-12-02T21:37:49+0100 - ecmwf.datastores.processing - INFO - Request ID is bb130be9-79f5-49d4-aa99-a76cd6a26a8d
2025-12-02T21:37:49+0100 - ecmwf.datastores.processing - INFO - status has been updated to accepted
2025-12-02T21:37:49+0100 - era5land_to_datm.requests - INFO - Request submitted with ID bb130be9-79f5-49d4-aa99-a76cd6a26a8d, status accepted.
2025-12-02T21:37:49+0100 - era5land_to_datm.requests - INFO - Waiting 3.0 seconds before next request...
2025-12-02T21:37:52+0100 - era5land_to_datm.requests - INFO - Submitting request for year=2004, month=11...
2025-12-02T21:37:52+0100 - ecmwf.datastores.processing - INFO - Request ID is 872c99d4-7def-46e3-932e-672c629b17dd
2025-12-02T21:37:52+0100 - ecmwf.datastores.processing - INFO - status has been updated to accepted
2025-12-02T21:37:52+0100 - era5land_to_datm.requests - INFO - Request submitted with ID 872c99d4-7def-46e3-932e-672c629b17dd, status accepted.
2025-12-02T21:37:52+0100 - era5land_to_datm.requests - INFO - Waiting 3.0 seconds before next request...
2025-12-02T21:37:55+0100 - era5land_to_datm.requests - INFO - Submitting request for year=2004, month=12...
2025-12-02T21:37:56+0100 - ecmwf.datastores.processing - INFO - Request ID is 4ce16e09-f14b-4b52-94c3-413f89c7d5df
2025-12-02T21:37:56+0100 - ecmwf.datastores.processing - INFO - status has been updated to accepted
2025-12-02T21:37:56+0100 - era5land_to_datm.requests - INFO - Request submitted with ID 4ce16e09-f14b-4b52-94c3-413f89c7d5df, status accepted.
2025-12-02T21:37:56+0100 - era5land_to_datm.requests - INFO - Waiting 3.0 seconds before next request...
2025-12-02T21:37:59+0100 - era5land_to_datm.requests - INFO - Submitting request for year=2005, month=01...
2025-12-02T21:37:59+0100 - ecmwf.datastores.processing - INFO - Request ID is 60e9a323-13d6-49b9-a3ba-98726084adbc
2025-12-02T21:37:59+0100 - ecmwf.datastores.processing - INFO - status has been updated to accepted
2025-12-02T21:37:59+0100 - era5land_to_datm.requests - INFO - Request submitted with ID 60e9a323-13d6-49b9-a3ba-98726084adbc, status accepted.
2025-12-02T21:37:59+0100 - era5land_to_datm.requests - INFO - Waiting 3.0 seconds before next request...
2025-12-02T21:38:02+0100 - era5land_to_datm.requests - INFO - Submitting request for year=2005, month=02...
2025-12-02T21:38:02+0100 - ecmwf.datastores.processing - INFO - Request ID is 3b7d1afe-10cb-46a0-a25c-9c7df8bb3a4f
2025-12-02T21:38:02+0100 - ecmwf.datastores.processing - INFO - status has been updated to accepted
2025-12-02T21:38:02+0100 - era5land_to_datm.requests - INFO - Request submitted with ID 3b7d1afe-10cb-46a0-a25c-9c7df8bb3a4f, status accepted.
2025-12-02T21:38:02+0100 - era5land_to_datm.requests - INFO - Waiting 3.0 seconds before next request...
2025-12-02T21:38:05+0100 - era5land_to_datm.requests - INFO - Submitting request for year=2005, month=03...
2025-12-02T21:38:06+0100 - ecmwf.datastores.processing - INFO - Request ID is 50765e7b-e27e-4346-904b-cad22ed53738
2025-12-02T21:38:06+0100 - ecmwf.datastores.processing - INFO - status has been updated to accepted
2025-12-02T21:38:06+0100 - era5land_to_datm.requests - INFO - Request submitted with ID 50765e7b-e27e-4346-904b-cad22ed53738, status accepted.
2025-12-02T21:38:06+0100 - era5land_to_datm.requests - INFO - Waiting 3.0 seconds before next request...
2025-12-02T21:38:09+0100 - era5land_to_datm.requests - INFO - Submitting request for year=2005, month=04...
2025-12-02T21:38:09+0100 - ecmwf.datastores.processing - INFO - Request ID is b86bcb04-6e4b-4385-b9ff-8f5a8d19d036
2025-12-02T21:38:09+0100 - ecmwf.datastores.processing - INFO - status has been updated to accepted
2025-12-02T21:38:09+0100 - era5land_to_datm.requests - INFO - Request submitted with ID b86bcb04-6e4b-4385-b9ff-8f5a8d19d036, status accepted.
2025-12-02T21:38:09+0100 - era5land_to_datm.requests - INFO - Waiting 3.0 seconds before next request...
2025-12-02T21:38:12+0100 - era5land_to_datm.requests - INFO - Submitting request for year=2005, month=05...
2025-12-02T21:38:12+0100 - ecmwf.datastores.processing - INFO - Request ID is 5983714b-8b05-4a56-b336-dfe2c776c2ef
2025-12-02T21:38:12+0100 - ecmwf.datastores.processing - INFO - status has been updated to accepted
2025-12-02T21:38:12+0100 - era5land_to_datm.requests - INFO - Request submitted with ID 5983714b-8b05-4a56-b336-dfe2c776c2ef, status accepted.
2025-12-02T21:38:12+0100 - era5land_to_datm.requests - INFO - Waiting 3.0 seconds before next request...
2025-12-02T21:38:15+0100 - era5land_to_datm.requests - INFO - Submitting request for year=2005, month=06...
2025-12-02T21:38:16+0100 - ecmwf.datastores.processing - INFO - Request ID is f34beb73-f300-490b-9667-daa9d6b8d972
2025-12-02T21:38:16+0100 - ecmwf.datastores.processing - INFO - status has been updated to accepted
2025-12-02T21:38:16+0100 - era5land_to_datm.requests - INFO - Request submitted with ID f34beb73-f300-490b-9667-daa9d6b8d972, status accepted.
2025-12-02T21:38:16+0100 - era5land_to_datm.requests - INFO - Waiting 3.0 seconds before next request...
2025-12-02T21:38:19+0100 - era5land_to_datm.requests - INFO - Submitting request for year=2005, month=07...
2025-12-02T21:38:19+0100 - ecmwf.datastores.processing - INFO - Request ID is 8d08fb17-9f3c-4b2c-90e5-60168c3300ca
2025-12-02T21:38:19+0100 - ecmwf.datastores.processing - INFO - status has been updated to accepted
2025-12-02T21:38:19+0100 - era5land_to_datm.requests - INFO - Request submitted with ID 8d08fb17-9f3c-4b2c-90e5-60168c3300ca, status accepted.
2025-12-02T21:38:19+0100 - era5land_to_datm.requests - INFO - Waiting 3.0 seconds before next request...
2025-12-02T21:38:22+0100 - era5land_to_datm.requests - INFO - Submitting request for year=2005, month=08...
2025-12-02T21:38:22+0100 - ecmwf.datastores.processing - INFO - Request ID is 679cf292-3d3d-44e8-872b-059394b5f464
2025-12-02T21:38:22+0100 - ecmwf.datastores.processing - INFO - status has been updated to accepted
2025-12-02T21:38:22+0100 - era5land_to_datm.requests - INFO - Request submitted with ID 679cf292-3d3d-44e8-872b-059394b5f464, status accepted.
2025-12-02T21:38:22+0100 - era5land_to_datm.requests - INFO - Waiting 3.0 seconds before next request...
2025-12-02T21:38:25+0100 - era5land_to_datm.requests - INFO - Submitting request for year=2005, month=09...
2025-12-02T21:38:25+0100 - ecmwf.datastores.processing - INFO - Request ID is 3eb0fe26-7230-4f7b-8b2b-f47331be16fc
2025-12-02T21:38:25+0100 - ecmwf.datastores.processing - INFO - status has been updated to accepted
2025-12-02T21:38:25+0100 - era5land_to_datm.requests - INFO - Request submitted with ID 3eb0fe26-7230-4f7b-8b2b-f47331be16fc, status accepted.
2025-12-02T21:38:25+0100 - era5land_to_datm.requests - INFO - Waiting 3.0 seconds before next request...
2025-12-02T21:38:28+0100 - era5land_to_datm.requests - INFO - Submitting request for year=2005, month=10...
2025-12-02T21:38:29+0100 - ecmwf.datastores.processing - INFO - Request ID is f41efdce-cbff-4960-8b1a-27147f7c2237
2025-12-02T21:38:29+0100 - ecmwf.datastores.processing - INFO - status has been updated to accepted
2025-12-02T21:38:29+0100 - era5land_to_datm.requests - INFO - Request submitted with ID f41efdce-cbff-4960-8b1a-27147f7c2237, status accepted.
2025-12-02T21:38:29+0100 - era5land_to_datm.requests - INFO - Waiting 3.0 seconds before next request...
2025-12-02T21:38:32+0100 - era5land_to_datm.requests - INFO - Submitting request for year=2005, month=11...
2025-12-02T21:38:32+0100 - ecmwf.datastores.processing - INFO - Request ID is f689f94a-3a0d-4853-9efa-aac03a42da7a
2025-12-02T21:38:32+0100 - ecmwf.datastores.processing - INFO - status has been updated to accepted
2025-12-02T21:38:32+0100 - era5land_to_datm.requests - INFO - Request submitted with ID f689f94a-3a0d-4853-9efa-aac03a42da7a, status accepted.
2025-12-02T21:38:32+0100 - era5land_to_datm.requests - INFO - Waiting 3.0 seconds before next request...
2025-12-02T21:38:35+0100 - era5land_to_datm.requests - INFO - Submitting request for year=2005, month=12...
2025-12-02T21:38:35+0100 - ecmwf.datastores.processing - INFO - Request ID is bda6f8cf-e55d-4c1a-98e9-bc319b10b8b1
2025-12-02T21:38:35+0100 - ecmwf.datastores.processing - INFO - status has been updated to accepted
2025-12-02T21:38:35+0100 - era5land_to_datm.requests - INFO - Request submitted with ID bda6f8cf-e55d-4c1a-98e9-bc319b10b8b1, status accepted.
2025-12-02T21:38:35+0100 - era5land_to_datm.requests - INFO - Waiting 3.0 seconds before next request...
2025-12-02T21:38:38+0100 - era5land_to_datm.requests - INFO - Submitting request for year=2006, month=01...
2025-12-02T21:38:38+0100 - ecmwf.datastores.processing - INFO - Request ID is 1bdcd173-e41d-4ed0-8800-4e10f9828c78
2025-12-02T21:38:38+0100 - ecmwf.datastores.processing - INFO - status has been updated to accepted
2025-12-02T21:38:38+0100 - era5land_to_datm.requests - INFO - Request submitted with ID 1bdcd173-e41d-4ed0-8800-4e10f9828c78, status accepted.
2025-12-02T21:38:38+0100 - era5land_to_datm.requests - INFO - Waiting 3.0 seconds before next request...
2025-12-02T21:38:41+0100 - era5land_to_datm.requests - INFO - Submitting request for year=2006, month=02...
2025-12-02T21:38:42+0100 - ecmwf.datastores.processing - INFO - Request ID is b9f13742-1189-4bb4-bc71-22cf4db145fb
2025-12-02T21:38:42+0100 - ecmwf.datastores.processing - INFO - status has been updated to accepted
2025-12-02T21:38:42+0100 - era5land_to_datm.requests - INFO - Request submitted with ID b9f13742-1189-4bb4-bc71-22cf4db145fb, status accepted.
2025-12-02T21:38:42+0100 - era5land_to_datm.requests - INFO - Waiting 3.0 seconds before next request...
2025-12-02T21:38:45+0100 - era5land_to_datm.requests - INFO - Submitting request for year=2006, month=03...
2025-12-02T21:38:45+0100 - ecmwf.datastores.processing - INFO - Request ID is 64cdb66e-790c-41d6-891b-467a547ddd07
2025-12-02T21:38:45+0100 - ecmwf.datastores.processing - INFO - status has been updated to accepted
2025-12-02T21:38:45+0100 - era5land_to_datm.requests - INFO - Request submitted with ID 64cdb66e-790c-41d6-891b-467a547ddd07, status accepted.
2025-12-02T21:38:45+0100 - era5land_to_datm.requests - INFO - Waiting 3.0 seconds before next request...
2025-12-02T21:38:48+0100 - era5land_to_datm.requests - INFO - Submitting request for year=2006, month=04...
2025-12-02T21:38:48+0100 - ecmwf.datastores.processing - INFO - Request ID is e7836176-82f2-44c5-922b-6390631c8592
2025-12-02T21:38:48+0100 - ecmwf.datastores.processing - INFO - status has been updated to accepted
2025-12-02T21:38:48+0100 - era5land_to_datm.requests - INFO - Request submitted with ID e7836176-82f2-44c5-922b-6390631c8592, status accepted.
2025-12-02T21:38:48+0100 - era5land_to_datm.requests - INFO - Waiting 3.0 seconds before next request...
2025-12-02T21:38:51+0100 - era5land_to_datm.requests - INFO - Submitting request for year=2006, month=05...
2025-12-02T21:38:51+0100 - ecmwf.datastores.processing - INFO - Request ID is 3f3b985e-00ff-41e2-b271-0419726eacd9
2025-12-02T21:38:52+0100 - ecmwf.datastores.processing - INFO - status has been updated to accepted
2025-12-02T21:38:52+0100 - era5land_to_datm.requests - INFO - Request submitted with ID 3f3b985e-00ff-41e2-b271-0419726eacd9, status accepted.
2025-12-02T21:38:52+0100 - era5land_to_datm.requests - INFO - Waiting 3.0 seconds before next request...
2025-12-02T21:38:55+0100 - era5land_to_datm.requests - INFO - Submitting request for year=2006, month=06...
2025-12-02T21:38:55+0100 - ecmwf.datastores.processing - INFO - Request ID is e5e49a19-3897-4dcb-8b28-61b241e7edb1
2025-12-02T21:38:55+0100 - ecmwf.datastores.processing - INFO - status has been updated to accepted
2025-12-02T21:38:55+0100 - era5land_to_datm.requests - INFO - Request submitted with ID e5e49a19-3897-4dcb-8b28-61b241e7edb1, status accepted.
2025-12-02T21:38:55+0100 - era5land_to_datm.requests - INFO - Waiting 3.0 seconds before next request...
2025-12-02T21:38:58+0100 - era5land_to_datm.requests - INFO - Submitting request for year=2006, month=07...
2025-12-02T21:38:58+0100 - ecmwf.datastores.processing - INFO - Request ID is 8db73275-6b3a-40f2-8300-896d0d8f1466
2025-12-02T21:38:58+0100 - ecmwf.datastores.processing - INFO - status has been updated to accepted
2025-12-02T21:38:58+0100 - era5land_to_datm.requests - INFO - Request submitted with ID 8db73275-6b3a-40f2-8300-896d0d8f1466, status accepted.
2025-12-02T21:38:58+0100 - era5land_to_datm.requests - INFO - Waiting 3.0 seconds before next request...
2025-12-02T21:39:01+0100 - era5land_to_datm.requests - INFO - Submitting request for year=2006, month=08...
2025-12-02T21:39:01+0100 - ecmwf.datastores.processing - INFO - Request ID is 3fe42770-8b09-48e4-b16d-8123a8b3c41a
2025-12-02T21:39:01+0100 - ecmwf.datastores.processing - INFO - status has been updated to accepted
2025-12-02T21:39:01+0100 - era5land_to_datm.requests - INFO - Request submitted with ID 3fe42770-8b09-48e4-b16d-8123a8b3c41a, status accepted.
2025-12-02T21:39:01+0100 - era5land_to_datm.requests - INFO - Waiting 3.0 seconds before next request...
2025-12-02T21:39:04+0100 - era5land_to_datm.requests - INFO - Submitting request for year=2006, month=09...
2025-12-02T21:39:04+0100 - ecmwf.datastores.processing - INFO - Request ID is aea0cd86-8b01-4125-8ef3-4c9adf4c793a
2025-12-02T21:39:05+0100 - ecmwf.datastores.processing - INFO - status has been updated to accepted
2025-12-02T21:39:05+0100 - era5land_to_datm.requests - INFO - Request submitted with ID aea0cd86-8b01-4125-8ef3-4c9adf4c793a, status accepted.
2025-12-02T21:39:05+0100 - era5land_to_datm.requests - INFO - Waiting 3.0 seconds before next request...
2025-12-02T21:39:08+0100 - era5land_to_datm.requests - INFO - Submitting request for year=2006, month=10...
2025-12-02T21:39:08+0100 - ecmwf.datastores.processing - INFO - Request ID is a53fa3c7-1eb2-481e-9429-2ff3e8126ee6
2025-12-02T21:39:08+0100 - ecmwf.datastores.processing - INFO - status has been updated to accepted
2025-12-02T21:39:08+0100 - era5land_to_datm.requests - INFO - Request submitted with ID a53fa3c7-1eb2-481e-9429-2ff3e8126ee6, status accepted.
2025-12-02T21:39:08+0100 - era5land_to_datm.requests - INFO - Waiting 3.0 seconds before next request...
2025-12-02T21:39:11+0100 - era5land_to_datm.requests - INFO - Submitting request for year=2006, month=11...
2025-12-02T21:39:11+0100 - ecmwf.datastores.processing - INFO - Request ID is 719012d8-2363-42c3-8a8a-13b3869db36a
2025-12-02T21:39:11+0100 - ecmwf.datastores.processing - INFO - status has been updated to accepted
2025-12-02T21:39:11+0100 - era5land_to_datm.requests - INFO - Request submitted with ID 719012d8-2363-42c3-8a8a-13b3869db36a, status accepted.
2025-12-02T21:39:11+0100 - era5land_to_datm.requests - INFO - Waiting 3.0 seconds before next request...
2025-12-02T21:39:14+0100 - era5land_to_datm.requests - INFO - Submitting request for year=2006, month=12...
2025-12-02T21:39:14+0100 - ecmwf.datastores.processing - INFO - Request ID is 4c083e6e-7a59-452d-97f6-7b061611dedf
2025-12-02T21:39:14+0100 - ecmwf.datastores.processing - INFO - status has been updated to accepted
2025-12-02T21:39:14+0100 - era5land_to_datm.requests - INFO - Request submitted with ID 4c083e6e-7a59-452d-97f6-7b061611dedf, status accepted.
2025-12-02T21:39:14+0100 - era5land_to_datm.requests - INFO - Waiting 3.0 seconds before next request...
2025-12-02T21:39:17+0100 - era5land_to_datm.requests - INFO - Submitting request for year=2007, month=01...
2025-12-02T21:39:17+0100 - ecmwf.datastores.processing - INFO - Request ID is 7855f214-eb65-493b-814d-d3ca4bc32421
2025-12-02T21:39:18+0100 - ecmwf.datastores.processing - INFO - status has been updated to accepted
2025-12-02T21:39:18+0100 - era5land_to_datm.requests - INFO - Request submitted with ID 7855f214-eb65-493b-814d-d3ca4bc32421, status accepted.
2025-12-02T21:39:18+0100 - era5land_to_datm.requests - INFO - Waiting 3.0 seconds before next request...
2025-12-02T21:39:21+0100 - era5land_to_datm.requests - INFO - Submitting request for year=2007, month=02...
2025-12-02T21:39:21+0100 - ecmwf.datastores.processing - INFO - Request ID is 6023bc69-aa6a-4473-a474-b298d3556eb8
2025-12-02T21:39:21+0100 - ecmwf.datastores.processing - INFO - status has been updated to accepted
2025-12-02T21:39:21+0100 - era5land_to_datm.requests - INFO - Request submitted with ID 6023bc69-aa6a-4473-a474-b298d3556eb8, status accepted.
2025-12-02T21:39:21+0100 - era5land_to_datm.requests - INFO - Waiting 3.0 seconds before next request...
2025-12-02T21:39:24+0100 - era5land_to_datm.requests - INFO - Submitting request for year=2007, month=03...
2025-12-02T21:39:24+0100 - ecmwf.datastores.processing - INFO - Request ID is abcbaba4-5a3f-489d-a420-3592feb64d19
2025-12-02T21:39:24+0100 - ecmwf.datastores.processing - INFO - status has been updated to accepted
2025-12-02T21:39:24+0100 - era5land_to_datm.requests - INFO - Request submitted with ID abcbaba4-5a3f-489d-a420-3592feb64d19, status accepted.
2025-12-02T21:39:24+0100 - era5land_to_datm.requests - INFO - Waiting 3.0 seconds before next request...
2025-12-02T21:39:27+0100 - era5land_to_datm.requests - INFO - Submitting request for year=2007, month=04...
2025-12-02T21:39:28+0100 - ecmwf.datastores.processing - INFO - Request ID is 4f18a27d-6f72-4eea-ab6e-48e79ae4785c
2025-12-02T21:39:28+0100 - ecmwf.datastores.processing - INFO - status has been updated to accepted
2025-12-02T21:39:28+0100 - era5land_to_datm.requests - INFO - Request submitted with ID 4f18a27d-6f72-4eea-ab6e-48e79ae4785c, status accepted.
2025-12-02T21:39:28+0100 - era5land_to_datm.requests - INFO - Waiting 3.0 seconds before next request...
2025-12-02T21:39:31+0100 - era5land_to_datm.requests - INFO - Submitting request for year=2007, month=05...
2025-12-02T21:39:31+0100 - ecmwf.datastores.processing - INFO - Request ID is 6ca25fc1-7d4a-49f2-a288-0c088307a941
2025-12-02T21:39:31+0100 - ecmwf.datastores.processing - INFO - status has been updated to accepted
2025-12-02T21:39:31+0100 - era5land_to_datm.requests - INFO - Request submitted with ID 6ca25fc1-7d4a-49f2-a288-0c088307a941, status accepted.
2025-12-02T21:39:31+0100 - era5land_to_datm.requests - INFO - Waiting 3.0 seconds before next request...
2025-12-02T21:39:34+0100 - era5land_to_datm.requests - INFO - Submitting request for year=2007, month=06...
2025-12-02T21:39:34+0100 - ecmwf.datastores.processing - INFO - Request ID is 83be146d-5919-4433-ad04-af0585b9287b
2025-12-02T21:39:34+0100 - ecmwf.datastores.processing - INFO - status has been updated to accepted
2025-12-02T21:39:34+0100 - era5land_to_datm.requests - INFO - Request submitted with ID 83be146d-5919-4433-ad04-af0585b9287b, status accepted.
2025-12-02T21:39:34+0100 - era5land_to_datm.requests - INFO - Waiting 3.0 seconds before next request...
2025-12-02T21:39:37+0100 - era5land_to_datm.requests - INFO - Submitting request for year=2007, month=07...
2025-12-02T21:39:37+0100 - ecmwf.datastores.processing - INFO - Request ID is 1112b5ef-a78e-4cfe-a161-466113167459
2025-12-02T21:39:37+0100 - ecmwf.datastores.processing - INFO - status has been updated to accepted
2025-12-02T21:39:37+0100 - era5land_to_datm.requests - INFO - Request submitted with ID 1112b5ef-a78e-4cfe-a161-466113167459, status accepted.
2025-12-02T21:39:37+0100 - era5land_to_datm.requests - INFO - Waiting 3.0 seconds before next request...
2025-12-02T21:39:40+0100 - era5land_to_datm.requests - INFO - Submitting request for year=2007, month=08...
2025-12-02T21:39:41+0100 - ecmwf.datastores.processing - INFO - Request ID is f4634e48-80d6-46da-a604-ea115b1e506a
2025-12-02T21:39:41+0100 - ecmwf.datastores.processing - INFO - status has been updated to accepted
2025-12-02T21:39:41+0100 - era5land_to_datm.requests - INFO - Request submitted with ID f4634e48-80d6-46da-a604-ea115b1e506a, status accepted.
2025-12-02T21:39:41+0100 - era5land_to_datm.requests - INFO - Waiting 3.0 seconds before next request...
2025-12-02T21:39:44+0100 - era5land_to_datm.requests - INFO - Submitting request for year=2007, month=09...
2025-12-02T21:39:44+0100 - ecmwf.datastores.processing - INFO - Request ID is f27bcbae-3ea6-4217-9659-8c486a9e8fbd
2025-12-02T21:39:44+0100 - ecmwf.datastores.processing - INFO - status has been updated to accepted
2025-12-02T21:39:44+0100 - era5land_to_datm.requests - INFO - Request submitted with ID f27bcbae-3ea6-4217-9659-8c486a9e8fbd, status accepted.
2025-12-02T21:39:44+0100 - era5land_to_datm.requests - INFO - Waiting 3.0 seconds before next request...
2025-12-02T21:39:47+0100 - era5land_to_datm.requests - INFO - Submitting request for year=2007, month=10...
2025-12-02T21:39:47+0100 - ecmwf.datastores.processing - INFO - Request ID is 6946f5ab-071c-4a1d-8b0c-439ead424bd1
2025-12-02T21:39:47+0100 - ecmwf.datastores.processing - INFO - status has been updated to accepted
2025-12-02T21:39:47+0100 - era5land_to_datm.requests - INFO - Request submitted with ID 6946f5ab-071c-4a1d-8b0c-439ead424bd1, status accepted.
2025-12-02T21:39:47+0100 - era5land_to_datm.requests - INFO - Waiting 3.0 seconds before next request...
2025-12-02T21:39:50+0100 - era5land_to_datm.requests - INFO - Submitting request for year=2007, month=11...
2025-12-02T21:39:51+0100 - ecmwf.datastores.processing - INFO - Request ID is bbe5f1b8-e593-4676-b299-1e0c708d27fb
2025-12-02T21:39:51+0100 - ecmwf.datastores.processing - INFO - status has been updated to accepted
2025-12-02T21:39:51+0100 - era5land_to_datm.requests - INFO - Request submitted with ID bbe5f1b8-e593-4676-b299-1e0c708d27fb, status accepted.
2025-12-02T21:39:51+0100 - era5land_to_datm.requests - INFO - Waiting 3.0 seconds before next request...
2025-12-02T21:39:54+0100 - era5land_to_datm.requests - INFO - Submitting request for year=2007, month=12...
2025-12-02T21:39:54+0100 - ecmwf.datastores.processing - INFO - Request ID is 0a0d34ca-d084-41ce-9fa9-bc0de4b1a867
2025-12-02T21:39:54+0100 - ecmwf.datastores.processing - INFO - status has been updated to accepted
2025-12-02T21:39:54+0100 - era5land_to_datm.requests - INFO - Request submitted with ID 0a0d34ca-d084-41ce-9fa9-bc0de4b1a867, status accepted.
2025-12-02T21:39:54+0100 - era5land_to_datm.requests - INFO - Waiting 3.0 seconds before next request...
2025-12-02T21:39:57+0100 - era5land_to_datm.requests - INFO - Submitting request for year=2008, month=01...
2025-12-02T21:39:57+0100 - ecmwf.datastores.processing - INFO - Request ID is 7ef7ef67-8309-4312-9e28-7e1ec8b0647f
2025-12-02T21:39:57+0100 - ecmwf.datastores.processing - INFO - status has been updated to accepted
2025-12-02T21:39:57+0100 - era5land_to_datm.requests - INFO - Request submitted with ID 7ef7ef67-8309-4312-9e28-7e1ec8b0647f, status accepted.
2025-12-02T21:39:57+0100 - era5land_to_datm.requests - INFO - Waiting 3.0 seconds before next request...
2025-12-02T21:40:00+0100 - era5land_to_datm.requests - INFO - Submitting request for year=2008, month=02...
2025-12-02T21:40:00+0100 - ecmwf.datastores.processing - INFO - Request ID is 7e693e1c-e530-476b-a250-f2294de7f81f
2025-12-02T21:40:01+0100 - ecmwf.datastores.processing - INFO - status has been updated to accepted
2025-12-02T21:40:01+0100 - era5land_to_datm.requests - INFO - Request submitted with ID 7e693e1c-e530-476b-a250-f2294de7f81f, status accepted.
2025-12-02T21:40:01+0100 - era5land_to_datm.requests - INFO - Waiting 3.0 seconds before next request...
2025-12-02T21:40:04+0100 - era5land_to_datm.requests - INFO - Submitting request for year=2008, month=03...
2025-12-02T21:40:04+0100 - ecmwf.datastores.processing - INFO - Request ID is 454a9427-65ca-46a3-a03c-125eca6211e9
2025-12-02T21:40:04+0100 - ecmwf.datastores.processing - INFO - status has been updated to accepted
2025-12-02T21:40:04+0100 - era5land_to_datm.requests - INFO - Request submitted with ID 454a9427-65ca-46a3-a03c-125eca6211e9, status accepted.
2025-12-02T21:40:04+0100 - era5land_to_datm.requests - INFO - Waiting 3.0 seconds before next request...
2025-12-02T21:40:07+0100 - era5land_to_datm.requests - INFO - Submitting request for year=2008, month=04...
2025-12-02T21:40:07+0100 - ecmwf.datastores.processing - INFO - Request ID is 16cf17ed-9e88-4b77-a372-780ea4d607b1
2025-12-02T21:40:07+0100 - ecmwf.datastores.processing - INFO - status has been updated to accepted
2025-12-02T21:40:07+0100 - era5land_to_datm.requests - INFO - Request submitted with ID 16cf17ed-9e88-4b77-a372-780ea4d607b1, status accepted.
2025-12-02T21:40:07+0100 - era5land_to_datm.requests - INFO - Waiting 3.0 seconds before next request...
2025-12-02T21:40:10+0100 - era5land_to_datm.requests - INFO - Submitting request for year=2008, month=05...
2025-12-02T21:40:10+0100 - ecmwf.datastores.processing - INFO - Request ID is d1fad4a4-7cfe-4ba6-a626-f24ba7169cec
2025-12-02T21:40:11+0100 - ecmwf.datastores.processing - INFO - status has been updated to accepted
2025-12-02T21:40:11+0100 - era5land_to_datm.requests - INFO - Request submitted with ID d1fad4a4-7cfe-4ba6-a626-f24ba7169cec, status accepted.
2025-12-02T21:40:11+0100 - era5land_to_datm.requests - INFO - Waiting 3.0 seconds before next request...
2025-12-02T21:40:14+0100 - era5land_to_datm.requests - INFO - Submitting request for year=2008, month=06...
2025-12-02T21:40:14+0100 - ecmwf.datastores.processing - INFO - Request ID is d889c536-33b0-4cfc-ab9c-b36490285b85
2025-12-02T21:40:14+0100 - ecmwf.datastores.processing - INFO - status has been updated to accepted
2025-12-02T21:40:14+0100 - era5land_to_datm.requests - INFO - Request submitted with ID d889c536-33b0-4cfc-ab9c-b36490285b85, status accepted.
2025-12-02T21:40:14+0100 - era5land_to_datm.requests - INFO - Waiting 3.0 seconds before next request...
2025-12-02T21:40:17+0100 - era5land_to_datm.requests - INFO - Submitting request for year=2008, month=07...
2025-12-02T21:40:17+0100 - ecmwf.datastores.processing - INFO - Request ID is e5a137b7-4443-4ce9-8a6e-8aab3815c430
2025-12-02T21:40:17+0100 - ecmwf.datastores.processing - INFO - status has been updated to accepted
2025-12-02T21:40:17+0100 - era5land_to_datm.requests - INFO - Request submitted with ID e5a137b7-4443-4ce9-8a6e-8aab3815c430, status accepted.
2025-12-02T21:40:17+0100 - era5land_to_datm.requests - INFO - Waiting 3.0 seconds before next request...
2025-12-02T21:40:20+0100 - era5land_to_datm.requests - INFO - Submitting request for year=2008, month=08...
2025-12-02T21:40:20+0100 - ecmwf.datastores.processing - INFO - Request ID is dd2bb6c1-842d-40a4-bb3f-c506809f052b
2025-12-02T21:40:20+0100 - ecmwf.datastores.processing - INFO - status has been updated to accepted
2025-12-02T21:40:20+0100 - era5land_to_datm.requests - INFO - Request submitted with ID dd2bb6c1-842d-40a4-bb3f-c506809f052b, status accepted.
2025-12-02T21:40:20+0100 - era5land_to_datm.requests - INFO - Waiting 3.0 seconds before next request...
2025-12-02T21:40:23+0100 - era5land_to_datm.requests - INFO - Submitting request for year=2008, month=09...
2025-12-02T21:40:24+0100 - ecmwf.datastores.processing - INFO - Request ID is 1fe52341-7776-4612-963d-6d470ea33087
2025-12-02T21:40:24+0100 - ecmwf.datastores.processing - INFO - status has been updated to accepted
2025-12-02T21:40:24+0100 - era5land_to_datm.requests - INFO - Request submitted with ID 1fe52341-7776-4612-963d-6d470ea33087, status accepted.
2025-12-02T21:40:24+0100 - era5land_to_datm.requests - INFO - Waiting 3.0 seconds before next request...
2025-12-02T21:40:27+0100 - era5land_to_datm.requests - INFO - Submitting request for year=2008, month=10...
2025-12-02T21:40:27+0100 - ecmwf.datastores.processing - INFO - Request ID is e3b7fdd3-d791-4fa2-a740-7ab7aed38be1
2025-12-02T21:40:27+0100 - ecmwf.datastores.processing - INFO - status has been updated to accepted
2025-12-02T21:40:27+0100 - era5land_to_datm.requests - INFO - Request submitted with ID e3b7fdd3-d791-4fa2-a740-7ab7aed38be1, status accepted.
2025-12-02T21:40:27+0100 - era5land_to_datm.requests - INFO - Waiting 3.0 seconds before next request...
2025-12-02T21:40:30+0100 - era5land_to_datm.requests - INFO - Submitting request for year=2008, month=11...
2025-12-02T21:40:30+0100 - ecmwf.datastores.processing - INFO - Request ID is 81b1b4ae-bb5f-4818-9faf-8e5c567e1886
2025-12-02T21:40:30+0100 - ecmwf.datastores.processing - INFO - status has been updated to accepted
2025-12-02T21:40:30+0100 - era5land_to_datm.requests - INFO - Request submitted with ID 81b1b4ae-bb5f-4818-9faf-8e5c567e1886, status accepted.
2025-12-02T21:40:30+0100 - era5land_to_datm.requests - INFO - Waiting 3.0 seconds before next request...
2025-12-02T21:40:33+0100 - era5land_to_datm.requests - INFO - Submitting request for year=2008, month=12...
2025-12-02T21:40:33+0100 - ecmwf.datastores.processing - INFO - Request ID is ce05a093-41c8-46ca-9956-1664025059b3
2025-12-02T21:40:33+0100 - ecmwf.datastores.processing - INFO - status has been updated to accepted
2025-12-02T21:40:33+0100 - era5land_to_datm.requests - INFO - Request submitted with ID ce05a093-41c8-46ca-9956-1664025059b3, status accepted.
2025-12-02T21:40:33+0100 - era5land_to_datm.requests - INFO - Waiting 3.0 seconds before next request...
2025-12-02T21:40:36+0100 - era5land_to_datm.requests - INFO - Submitting request for year=2009, month=01...
2025-12-02T21:40:37+0100 - ecmwf.datastores.processing - INFO - Request ID is 631b0c0f-73bf-45a3-ad26-055883a1b3bb
2025-12-02T21:40:37+0100 - ecmwf.datastores.processing - INFO - status has been updated to accepted
2025-12-02T21:40:37+0100 - era5land_to_datm.requests - INFO - Request submitted with ID 631b0c0f-73bf-45a3-ad26-055883a1b3bb, status accepted.
2025-12-02T21:40:37+0100 - era5land_to_datm.requests - INFO - Waiting 3.0 seconds before next request...
2025-12-02T21:40:40+0100 - era5land_to_datm.requests - INFO - Submitting request for year=2009, month=02...
2025-12-02T21:40:40+0100 - ecmwf.datastores.processing - INFO - Request ID is 6a549bdc-c3c5-445a-ab4e-fa55bc5b3d8b
2025-12-02T21:40:40+0100 - ecmwf.datastores.processing - INFO - status has been updated to accepted
2025-12-02T21:40:40+0100 - era5land_to_datm.requests - INFO - Request submitted with ID 6a549bdc-c3c5-445a-ab4e-fa55bc5b3d8b, status accepted.
2025-12-02T21:40:40+0100 - era5land_to_datm.requests - INFO - Waiting 3.0 seconds before next request...
2025-12-02T21:40:43+0100 - era5land_to_datm.requests - INFO - Submitting request for year=2009, month=03...
2025-12-02T21:40:43+0100 - ecmwf.datastores.processing - INFO - Request ID is dc8d5583-a37d-4a97-be3d-b8e8da67d7d9
2025-12-02T21:40:43+0100 - ecmwf.datastores.processing - INFO - status has been updated to accepted
2025-12-02T21:40:43+0100 - era5land_to_datm.requests - INFO - Request submitted with ID dc8d5583-a37d-4a97-be3d-b8e8da67d7d9, status accepted.
2025-12-02T21:40:43+0100 - era5land_to_datm.requests - INFO - Waiting 3.0 seconds before next request...
2025-12-02T21:40:46+0100 - era5land_to_datm.requests - INFO - Submitting request for year=2009, month=04...
2025-12-02T21:40:46+0100 - ecmwf.datastores.processing - INFO - Request ID is 6a0652a2-5f59-4efb-b0f0-38f9c7bfc29f
2025-12-02T21:40:46+0100 - ecmwf.datastores.processing - INFO - status has been updated to accepted
2025-12-02T21:40:46+0100 - era5land_to_datm.requests - INFO - Request submitted with ID 6a0652a2-5f59-4efb-b0f0-38f9c7bfc29f, status accepted.
2025-12-02T21:40:46+0100 - era5land_to_datm.requests - INFO - Waiting 3.0 seconds before next request...
2025-12-02T21:40:49+0100 - era5land_to_datm.requests - INFO - Submitting request for year=2009, month=05...
2025-12-02T21:40:50+0100 - ecmwf.datastores.processing - INFO - Request ID is c18271ab-c8dc-448a-b17a-d3c366dac47c
2025-12-02T21:40:50+0100 - ecmwf.datastores.processing - INFO - status has been updated to accepted
2025-12-02T21:40:50+0100 - era5land_to_datm.requests - INFO - Request submitted with ID c18271ab-c8dc-448a-b17a-d3c366dac47c, status accepted.
2025-12-02T21:40:50+0100 - era5land_to_datm.requests - INFO - Waiting 3.0 seconds before next request...
2025-12-02T21:40:53+0100 - era5land_to_datm.requests - INFO - Submitting request for year=2009, month=06...
2025-12-02T21:40:53+0100 - multiurl.http - WARNING - Recovering from HTTP error [502 Bad Gateway], attempt 1 of 500
2025-12-02T21:40:53+0100 - multiurl.http - WARNING - Retrying in 120 seconds
2025-12-02T21:42:53+0100 - multiurl.http - INFO - Retrying now...
2025-12-02T21:42:53+0100 - ecmwf.datastores.processing - INFO - Request ID is 9df5a0ee-8824-4966-a333-41b2607b1e81
2025-12-02T21:42:53+0100 - ecmwf.datastores.processing - INFO - status has been updated to accepted
2025-12-02T21:42:53+0100 - era5land_to_datm.requests - INFO - Request submitted with ID 9df5a0ee-8824-4966-a333-41b2607b1e81, status accepted.
2025-12-02T21:42:53+0100 - era5land_to_datm.requests - INFO - Waiting 3.0 seconds before next request...
2025-12-02T21:42:56+0100 - era5land_to_datm.requests - INFO - Submitting request for year=2009, month=07...
2025-12-02T21:42:57+0100 - ecmwf.datastores.processing - INFO - Request ID is 0a1170a5-686f-4068-ad6c-395eb684d50e
2025-12-02T21:42:57+0100 - ecmwf.datastores.processing - INFO - status has been updated to accepted
2025-12-02T21:42:57+0100 - era5land_to_datm.requests - INFO - Request submitted with ID 0a1170a5-686f-4068-ad6c-395eb684d50e, status accepted.
2025-12-02T21:42:57+0100 - era5land_to_datm.requests - INFO - Waiting 3.0 seconds before next request...
2025-12-02T21:43:00+0100 - era5land_to_datm.requests - INFO - Submitting request for year=2009, month=08...
2025-12-02T21:43:00+0100 - ecmwf.datastores.processing - INFO - Request ID is d38c4162-134e-4449-a9c3-8015544d99f5
2025-12-02T21:43:00+0100 - ecmwf.datastores.processing - INFO - status has been updated to accepted
2025-12-02T21:43:00+0100 - era5land_to_datm.requests - INFO - Request submitted with ID d38c4162-134e-4449-a9c3-8015544d99f5, status accepted.
2025-12-02T21:43:00+0100 - era5land_to_datm.requests - INFO - Waiting 3.0 seconds before next request...
2025-12-02T21:43:03+0100 - era5land_to_datm.requests - INFO - Submitting request for year=2009, month=09...
2025-12-02T21:43:03+0100 - ecmwf.datastores.processing - INFO - Request ID is 42381975-05dc-4830-a6f2-596c88a0cd38
2025-12-02T21:43:03+0100 - ecmwf.datastores.processing - INFO - status has been updated to accepted
2025-12-02T21:43:03+0100 - era5land_to_datm.requests - INFO - Request submitted with ID 42381975-05dc-4830-a6f2-596c88a0cd38, status accepted.
2025-12-02T21:43:03+0100 - era5land_to_datm.requests - INFO - Waiting 3.0 seconds before next request...
2025-12-02T21:43:06+0100 - era5land_to_datm.requests - INFO - Submitting request for year=2009, month=10...
2025-12-02T21:43:06+0100 - ecmwf.datastores.processing - INFO - Request ID is 4261e5e6-24f7-4867-9a61-f0c497d241c0
2025-12-02T21:43:07+0100 - ecmwf.datastores.processing - INFO - status has been updated to accepted
2025-12-02T21:43:07+0100 - era5land_to_datm.requests - INFO - Request submitted with ID 4261e5e6-24f7-4867-9a61-f0c497d241c0, status accepted.
2025-12-02T21:43:07+0100 - era5land_to_datm.requests - INFO - Waiting 3.0 seconds before next request...
2025-12-02T21:43:10+0100 - era5land_to_datm.requests - INFO - Submitting request for year=2009, month=11...
2025-12-02T21:43:10+0100 - ecmwf.datastores.processing - INFO - Request ID is 53a9c439-0579-4126-b5be-54e736482840
2025-12-02T21:43:10+0100 - ecmwf.datastores.processing - INFO - status has been updated to accepted
2025-12-02T21:43:10+0100 - era5land_to_datm.requests - INFO - Request submitted with ID 53a9c439-0579-4126-b5be-54e736482840, status accepted.
2025-12-02T21:43:10+0100 - era5land_to_datm.requests - INFO - Waiting 3.0 seconds before next request...
2025-12-02T21:43:13+0100 - era5land_to_datm.requests - INFO - Submitting request for year=2009, month=12...
2025-12-02T21:43:13+0100 - ecmwf.datastores.processing - INFO - Request ID is d0827afa-0eba-42a6-a1e4-3833aa042192
2025-12-02T21:43:13+0100 - ecmwf.datastores.processing - INFO - status has been updated to accepted
2025-12-02T21:43:13+0100 - era5land_to_datm.requests - INFO - Request submitted with ID d0827afa-0eba-42a6-a1e4-3833aa042192, status accepted.
2025-12-02T22:18:05+0100 - ecmwf.datastores.processing - INFO - status has been updated to successful
2025-12-02T22:18:48+0100 - ecmwf.datastores.processing - INFO - status has been updated to running
2025-12-02T22:26:06+0100 - ecmwf.datastores.processing - INFO - status has been updated to successful
2025-12-02T22:26:06+0100 - multiurl.base - INFO - Downloading https://object-store.os-api.cci2.ecmwf.int:443/cci2-prod-cache-3/2025-12-02/9f6e7c85ba1028e24470ad7ae3b3e0db.grib
2025-12-02T22:26:16+0100 - ecmwf.datastores.processing - INFO - status has been updated to successful
2025-12-02T22:26:16+0100 - multiurl.base - INFO - Downloading https://object-store.os-api.cci2.ecmwf.int:443/cci2-prod-cache-2/2025-12-02/1ed036295b1d40da82dc1f529c25512e.grib
2025-12-02T22:26:24+0100 - multiurl.base - INFO - Downloading https://object-store.os-api.cci2.ecmwf.int:443/cci2-prod-cache-3/2025-12-02/a4b5990f4659575bb06bc490dba88295.grib
2025-12-02T22:26:36+0100 - era5land_to_datm.download - INFO - No files available yet for remote with id 050f652e-e46a-4799-9c08-725775fe50fc; skipping download.
2025-12-02T22:26:37+0100 - era5land_to_datm.download - INFO - No files available yet for remote with id 8226ac66-3344-48ec-be06-6a618e735cce; skipping download.
2025-12-02T22:26:37+0100 - era5land_to_datm.download - INFO - No files available yet for remote with id 80bb1c4d-5013-4845-ad95-038264bf4b43; skipping download.
2025-12-02T22:26:37+0100 - era5land_to_datm.download - INFO - No files available yet for remote with id c25ca6a0-3403-46e0-9a8d-73854afebd8c; skipping download.
2025-12-02T22:26:38+0100 - era5land_to_datm.download - INFO - No files available yet for remote with id 052b0084-e520-4644-81c7-da7c57b7ed26; skipping download.
2025-12-02T22:26:38+0100 - era5land_to_datm.download - INFO - No files available yet for remote with id d8fc6a02-049c-42eb-88d1-2c8bb0cc6604; skipping download.
2025-12-02T23:23:20+0100 - ecmwf.datastores.processing - INFO - status has been updated to successful
2025-12-02T23:23:23+0100 - multiurl.base - INFO - Downloading https://object-store.os-api.cci2.ecmwf.int:443/cci2-prod-cache-1/2025-12-02/72ba02a5b2bed2498649887b5e901347.grib
2025-12-02T23:23:33+0100 - ecmwf.datastores.processing - INFO - status has been updated to successful
2025-12-02T23:23:33+0100 - multiurl.base - INFO - Downloading https://object-store.os-api.cci2.ecmwf.int:443/cci2-prod-cache-1/2025-12-02/937b54433a6860e53c08b8ed137ec416.grib
2025-12-02T23:23:42+0100 - era5land_to_datm.download - INFO - No files available yet for remote with id 80bb1c4d-5013-4845-ad95-038264bf4b43; skipping download.
2025-12-02T23:23:42+0100 - ecmwf.datastores.processing - INFO - status has been updated to successful
2025-12-02T23:23:43+0100 - multiurl.base - INFO - Downloading https://object-store.os-api.cci2.ecmwf.int:443/cci2-prod-cache-1/2025-12-02/224833e39c8c04cf3de84a3a75fd0e4.grib
2025-12-02T23:23:51+0100 - ecmwf.datastores.processing - INFO - status has been updated to successful
2025-12-02T23:23:51+0100 - multiurl.base - INFO - Downloading https://object-store.os-api.cci2.ecmwf.int:443/cci2-prod-cache-3/2025-12-02/6c5a59e4127826ec936bd3f453938342.grib
2025-12-02T23:24:00+0100 - ecmwf.datastores.processing - INFO - status has been updated to successful
2025-12-02T23:24:00+0100 - multiurl.base - INFO - Downloading https://object-store.os-api.cci2.ecmwf.int:443/cci2-prod-cache-2/2025-12-02/4e61d198589263fc85b916f8e11f2030.grib
