2025-12-05T08:59:49+0100 - root - INFO - Logger initialized.
2025-12-05T08:59:49+0100 - root - INFO - Logging to file: /cluster/home/janko/src/era5land_to_datm/scripts/era5land_to_datm_script_20251205T075949.log
2025-12-05T09:01:55+0100 - ecmwf.datastores.processing - INFO - [2025-12-03T00:00:00Z] To improve our C3S service, we need to hear from you! Please complete this very short [survey](https://confluence.ecmwf.int/x/E7uBEQ/). Thank you.
2025-12-05T09:01:55+0100 - era5land_to_datm.requests - INFO - Submitting request for year=2000, month=09...
2025-12-05T09:01:55+0100 - ecmwf.datastores.processing - INFO - Request ID is 1382e580-2849-4fc8-8b66-9de49d8901d4
2025-12-05T09:01:55+0100 - ecmwf.datastores.processing - INFO - status has been updated to accepted
2025-12-05T09:01:55+0100 - era5land_to_datm.requests - INFO - Request submitted with ID 1382e580-2849-4fc8-8b66-9de49d8901d4, status accepted.
2025-12-05T09:01:55+0100 - era5land_to_datm.requests - INFO - Waiting 3.0 seconds before next request...
2025-12-05T09:01:58+0100 - era5land_to_datm.requests - INFO - Submitting request for year=2001, month=05...
2025-12-05T09:01:58+0100 - ecmwf.datastores.processing - INFO - Request ID is 97a246f0-eac8-4bb3-815f-2c07e1a07b14
2025-12-05T09:01:58+0100 - ecmwf.datastores.processing - INFO - status has been updated to accepted
2025-12-05T09:01:58+0100 - era5land_to_datm.requests - INFO - Request submitted with ID 97a246f0-eac8-4bb3-815f-2c07e1a07b14, status accepted.
2025-12-05T09:01:58+0100 - era5land_to_datm.requests - INFO - Waiting 3.0 seconds before next request...
2025-12-05T09:04:14+0100 - ecmwf.datastores.processing - INFO - [2025-12-03T00:00:00Z] To improve our C3S service, we need to hear from you! Please complete this very short [survey](https://confluence.ecmwf.int/x/E7uBEQ/). Thank you.
2025-12-05T09:04:14+0100 - era5land_to_datm.requests - INFO - Submitting request for year=2010, month=01...
2025-12-05T09:04:14+0100 - ecmwf.datastores.processing - INFO - Request ID is 13f692c4-4322-4beb-bd55-e8cddbeb33f8
2025-12-05T09:04:14+0100 - ecmwf.datastores.processing - INFO - status has been updated to accepted
2025-12-05T09:04:14+0100 - era5land_to_datm.requests - INFO - Request submitted with ID 13f692c4-4322-4beb-bd55-e8cddbeb33f8, status accepted.
2025-12-05T09:04:14+0100 - era5land_to_datm.requests - INFO - Waiting 3.0 seconds before next request...
2025-12-05T09:04:17+0100 - era5land_to_datm.requests - INFO - Submitting request for year=2010, month=02...
2025-12-05T09:04:17+0100 - ecmwf.datastores.processing - INFO - Request ID is 9f627e75-c243-4e4b-b494-3ca94b8717f8
2025-12-05T09:04:17+0100 - ecmwf.datastores.processing - INFO - status has been updated to accepted
2025-12-05T09:04:17+0100 - era5land_to_datm.requests - INFO - Request submitted with ID 9f627e75-c243-4e4b-b494-3ca94b8717f8, status accepted.
2025-12-05T09:04:17+0100 - era5land_to_datm.requests - INFO - Waiting 3.0 seconds before next request...
2025-12-05T09:04:20+0100 - era5land_to_datm.requests - INFO - Submitting request for year=2010, month=03...
2025-12-05T09:04:21+0100 - ecmwf.datastores.processing - INFO - Request ID is b6b55322-63c7-46b8-80ab-c6c391930ef5
2025-12-05T09:04:21+0100 - ecmwf.datastores.processing - INFO - status has been updated to accepted
2025-12-05T09:04:21+0100 - era5land_to_datm.requests - INFO - Request submitted with ID b6b55322-63c7-46b8-80ab-c6c391930ef5, status accepted.
2025-12-05T09:04:21+0100 - era5land_to_datm.requests - INFO - Waiting 3.0 seconds before next request...
2025-12-05T09:04:24+0100 - era5land_to_datm.requests - INFO - Submitting request for year=2010, month=04...
2025-12-05T09:04:24+0100 - ecmwf.datastores.processing - INFO - Request ID is f81574a3-75ab-4759-9b9b-bdfa307d09ee
2025-12-05T09:04:24+0100 - ecmwf.datastores.processing - INFO - status has been updated to accepted
2025-12-05T09:04:24+0100 - era5land_to_datm.requests - INFO - Request submitted with ID f81574a3-75ab-4759-9b9b-bdfa307d09ee, status accepted.
2025-12-05T09:04:24+0100 - era5land_to_datm.requests - INFO - Waiting 3.0 seconds before next request...
2025-12-05T09:04:27+0100 - era5land_to_datm.requests - INFO - Submitting request for year=2010, month=05...
2025-12-05T09:04:27+0100 - ecmwf.datastores.processing - INFO - Request ID is 8965fcb6-c5d6-4137-9c72-8005ea680276
2025-12-05T09:04:27+0100 - ecmwf.datastores.processing - INFO - status has been updated to accepted
2025-12-05T09:04:27+0100 - era5land_to_datm.requests - INFO - Request submitted with ID 8965fcb6-c5d6-4137-9c72-8005ea680276, status accepted.
2025-12-05T09:04:27+0100 - era5land_to_datm.requests - INFO - Waiting 3.0 seconds before next request...
2025-12-05T09:04:30+0100 - era5land_to_datm.requests - INFO - Submitting request for year=2010, month=06...
2025-12-05T09:04:31+0100 - ecmwf.datastores.processing - INFO - Request ID is 34d3c5f4-229e-4883-8e1e-ecdef9c470eb
2025-12-05T09:04:31+0100 - ecmwf.datastores.processing - INFO - status has been updated to accepted
2025-12-05T09:04:31+0100 - era5land_to_datm.requests - INFO - Request submitted with ID 34d3c5f4-229e-4883-8e1e-ecdef9c470eb, status accepted.
2025-12-05T09:04:31+0100 - era5land_to_datm.requests - INFO - Waiting 3.0 seconds before next request...
2025-12-05T09:04:34+0100 - era5land_to_datm.requests - INFO - Submitting request for year=2010, month=07...
2025-12-05T09:04:34+0100 - ecmwf.datastores.processing - INFO - Request ID is 672442a4-7cab-4d97-bc66-2b0040b60496
2025-12-05T09:04:34+0100 - ecmwf.datastores.processing - INFO - status has been updated to accepted
2025-12-05T09:04:34+0100 - era5land_to_datm.requests - INFO - Request submitted with ID 672442a4-7cab-4d97-bc66-2b0040b60496, status accepted.
2025-12-05T09:04:34+0100 - era5land_to_datm.requests - INFO - Waiting 3.0 seconds before next request...
2025-12-05T09:04:37+0100 - era5land_to_datm.requests - INFO - Submitting request for year=2010, month=08...
2025-12-05T09:04:37+0100 - ecmwf.datastores.processing - INFO - Request ID is f0d801a4-71e4-40d8-bafe-f85ce8f2546c
2025-12-05T09:04:37+0100 - ecmwf.datastores.processing - INFO - status has been updated to accepted
2025-12-05T09:04:37+0100 - era5land_to_datm.requests - INFO - Request submitted with ID f0d801a4-71e4-40d8-bafe-f85ce8f2546c, status accepted.
2025-12-05T09:04:37+0100 - era5land_to_datm.requests - INFO - Waiting 3.0 seconds before next request...
2025-12-05T09:04:40+0100 - era5land_to_datm.requests - INFO - Submitting request for year=2010, month=09...
2025-12-05T09:04:41+0100 - ecmwf.datastores.processing - INFO - Request ID is 6caf8779-5bf8-4aeb-b072-9fe191adf2bc
2025-12-05T09:04:41+0100 - ecmwf.datastores.processing - INFO - status has been updated to accepted
2025-12-05T09:04:41+0100 - era5land_to_datm.requests - INFO - Request submitted with ID 6caf8779-5bf8-4aeb-b072-9fe191adf2bc, status accepted.
2025-12-05T09:04:41+0100 - era5land_to_datm.requests - INFO - Waiting 3.0 seconds before next request...
2025-12-05T09:04:44+0100 - era5land_to_datm.requests - INFO - Submitting request for year=2010, month=10...
2025-12-05T09:04:44+0100 - ecmwf.datastores.processing - INFO - Request ID is d657810a-c042-42ef-86b5-50935a25df52
2025-12-05T09:04:44+0100 - ecmwf.datastores.processing - INFO - status has been updated to accepted
2025-12-05T09:04:44+0100 - era5land_to_datm.requests - INFO - Request submitted with ID d657810a-c042-42ef-86b5-50935a25df52, status accepted.
2025-12-05T09:04:44+0100 - era5land_to_datm.requests - INFO - Waiting 3.0 seconds before next request...
2025-12-05T09:04:47+0100 - era5land_to_datm.requests - INFO - Submitting request for year=2010, month=11...
2025-12-05T09:04:47+0100 - ecmwf.datastores.processing - INFO - Request ID is 51e6e883-2956-48de-bad5-e6a69f1a77a1
2025-12-05T09:04:47+0100 - ecmwf.datastores.processing - INFO - status has been updated to accepted
2025-12-05T09:04:47+0100 - era5land_to_datm.requests - INFO - Request submitted with ID 51e6e883-2956-48de-bad5-e6a69f1a77a1, status accepted.
2025-12-05T09:04:47+0100 - era5land_to_datm.requests - INFO - Waiting 3.0 seconds before next request...
2025-12-05T09:04:51+0100 - era5land_to_datm.requests - INFO - Submitting request for year=2010, month=12...
2025-12-05T09:04:51+0100 - ecmwf.datastores.processing - INFO - Request ID is 866fa7e4-918d-4d15-b239-6a7492519ed9
2025-12-05T09:04:51+0100 - ecmwf.datastores.processing - INFO - status has been updated to accepted
2025-12-05T09:04:51+0100 - era5land_to_datm.requests - INFO - Request submitted with ID 866fa7e4-918d-4d15-b239-6a7492519ed9, status accepted.
2025-12-05T09:04:51+0100 - era5land_to_datm.requests - INFO - Waiting 3.0 seconds before next request...
2025-12-05T09:04:54+0100 - era5land_to_datm.requests - INFO - Submitting request for year=2011, month=01...
2025-12-05T09:04:55+0100 - ecmwf.datastores.processing - INFO - Request ID is 25578b7a-4751-4c6d-9506-c89c43eb5099
2025-12-05T09:04:55+0100 - ecmwf.datastores.processing - INFO - status has been updated to accepted
2025-12-05T09:04:55+0100 - era5land_to_datm.requests - INFO - Request submitted with ID 25578b7a-4751-4c6d-9506-c89c43eb5099, status accepted.
2025-12-05T09:04:55+0100 - era5land_to_datm.requests - INFO - Waiting 3.0 seconds before next request...
2025-12-05T09:04:58+0100 - era5land_to_datm.requests - INFO - Submitting request for year=2011, month=02...
2025-12-05T09:04:58+0100 - ecmwf.datastores.processing - INFO - Request ID is 4ccdb474-ebd4-4296-a64b-6c75e5ac46c8
2025-12-05T09:04:58+0100 - ecmwf.datastores.processing - INFO - status has been updated to accepted
2025-12-05T09:04:58+0100 - era5land_to_datm.requests - INFO - Request submitted with ID 4ccdb474-ebd4-4296-a64b-6c75e5ac46c8, status accepted.
2025-12-05T09:04:58+0100 - era5land_to_datm.requests - INFO - Waiting 3.0 seconds before next request...
2025-12-05T09:05:01+0100 - era5land_to_datm.requests - INFO - Submitting request for year=2011, month=03...
2025-12-05T09:05:01+0100 - ecmwf.datastores.processing - INFO - Request ID is 968a5eba-0e31-4971-ab19-c0722382f41c
2025-12-05T09:05:01+0100 - ecmwf.datastores.processing - INFO - status has been updated to accepted
2025-12-05T09:05:01+0100 - era5land_to_datm.requests - INFO - Request submitted with ID 968a5eba-0e31-4971-ab19-c0722382f41c, status accepted.
2025-12-05T09:05:01+0100 - era5land_to_datm.requests - INFO - Waiting 3.0 seconds before next request...
2025-12-05T09:05:04+0100 - era5land_to_datm.requests - INFO - Submitting request for year=2011, month=04...
2025-12-05T09:05:04+0100 - ecmwf.datastores.processing - INFO - Request ID is 0804e20e-e464-4646-96b7-f4689350f95b
2025-12-05T09:05:05+0100 - ecmwf.datastores.processing - INFO - status has been updated to accepted
2025-12-05T09:05:05+0100 - era5land_to_datm.requests - INFO - Request submitted with ID 0804e20e-e464-4646-96b7-f4689350f95b, status accepted.
2025-12-05T09:05:05+0100 - era5land_to_datm.requests - INFO - Waiting 3.0 seconds before next request...
2025-12-05T09:05:08+0100 - era5land_to_datm.requests - INFO - Submitting request for year=2011, month=05...
2025-12-05T09:05:08+0100 - ecmwf.datastores.processing - INFO - Request ID is 53fa4592-9877-44ab-b1bf-abbbbfd3a117
2025-12-05T09:05:08+0100 - ecmwf.datastores.processing - INFO - status has been updated to accepted
2025-12-05T09:05:08+0100 - era5land_to_datm.requests - INFO - Request submitted with ID 53fa4592-9877-44ab-b1bf-abbbbfd3a117, status accepted.
2025-12-05T09:05:08+0100 - era5land_to_datm.requests - INFO - Waiting 3.0 seconds before next request...
2025-12-05T09:05:11+0100 - era5land_to_datm.requests - INFO - Submitting request for year=2011, month=06...
2025-12-05T09:05:11+0100 - ecmwf.datastores.processing - INFO - Request ID is e8f003df-561b-4b34-9de1-a7172c9668f8
2025-12-05T09:05:11+0100 - ecmwf.datastores.processing - INFO - status has been updated to accepted
2025-12-05T09:05:11+0100 - era5land_to_datm.requests - INFO - Request submitted with ID e8f003df-561b-4b34-9de1-a7172c9668f8, status accepted.
2025-12-05T09:05:11+0100 - era5land_to_datm.requests - INFO - Waiting 3.0 seconds before next request...
2025-12-05T09:05:14+0100 - era5land_to_datm.requests - INFO - Submitting request for year=2011, month=07...
2025-12-05T09:05:14+0100 - ecmwf.datastores.processing - INFO - Request ID is 429d0a5c-206e-42f7-826f-647a3b20d7d5
2025-12-05T09:05:15+0100 - ecmwf.datastores.processing - INFO - status has been updated to accepted
2025-12-05T09:05:15+0100 - era5land_to_datm.requests - INFO - Request submitted with ID 429d0a5c-206e-42f7-826f-647a3b20d7d5, status accepted.
2025-12-05T09:05:15+0100 - era5land_to_datm.requests - INFO - Waiting 3.0 seconds before next request...
2025-12-05T09:05:18+0100 - era5land_to_datm.requests - INFO - Submitting request for year=2011, month=08...
2025-12-05T09:05:18+0100 - ecmwf.datastores.processing - INFO - Request ID is 8f087f93-5a0a-4dd5-9770-41ea84dd21db
2025-12-05T09:05:18+0100 - ecmwf.datastores.processing - INFO - status has been updated to accepted
2025-12-05T09:05:18+0100 - era5land_to_datm.requests - INFO - Request submitted with ID 8f087f93-5a0a-4dd5-9770-41ea84dd21db, status accepted.
2025-12-05T09:05:18+0100 - era5land_to_datm.requests - INFO - Waiting 3.0 seconds before next request...
2025-12-05T09:05:21+0100 - era5land_to_datm.requests - INFO - Submitting request for year=2011, month=09...
2025-12-05T09:05:22+0100 - ecmwf.datastores.processing - INFO - Request ID is 1decade2-0e03-4883-9904-cd38e59cc260
2025-12-05T09:05:22+0100 - ecmwf.datastores.processing - INFO - status has been updated to accepted
2025-12-05T09:05:22+0100 - era5land_to_datm.requests - INFO - Request submitted with ID 1decade2-0e03-4883-9904-cd38e59cc260, status accepted.
2025-12-05T09:05:22+0100 - era5land_to_datm.requests - INFO - Waiting 3.0 seconds before next request...
2025-12-05T09:05:25+0100 - era5land_to_datm.requests - INFO - Submitting request for year=2011, month=10...
2025-12-05T09:05:25+0100 - ecmwf.datastores.processing - INFO - Request ID is 065de076-f2ef-4ff7-a32a-54591428e256
2025-12-05T09:05:25+0100 - ecmwf.datastores.processing - INFO - status has been updated to accepted
2025-12-05T09:05:25+0100 - era5land_to_datm.requests - INFO - Request submitted with ID 065de076-f2ef-4ff7-a32a-54591428e256, status accepted.
2025-12-05T09:05:25+0100 - era5land_to_datm.requests - INFO - Waiting 3.0 seconds before next request...
2025-12-05T09:05:28+0100 - era5land_to_datm.requests - INFO - Submitting request for year=2011, month=11...
2025-12-05T09:05:28+0100 - ecmwf.datastores.processing - INFO - Request ID is 2813ecde-39f1-48da-b97f-74e14aa95c29
2025-12-05T09:05:28+0100 - ecmwf.datastores.processing - INFO - status has been updated to accepted
2025-12-05T09:05:28+0100 - era5land_to_datm.requests - INFO - Request submitted with ID 2813ecde-39f1-48da-b97f-74e14aa95c29, status accepted.
2025-12-05T09:05:28+0100 - era5land_to_datm.requests - INFO - Waiting 3.0 seconds before next request...
2025-12-05T09:05:32+0100 - era5land_to_datm.requests - INFO - Submitting request for year=2011, month=12...
2025-12-05T09:05:32+0100 - ecmwf.datastores.processing - INFO - Request ID is 49b9f97a-e253-43e4-9b78-0f8541d4ffd2
2025-12-05T09:05:32+0100 - ecmwf.datastores.processing - INFO - status has been updated to accepted
2025-12-05T09:05:32+0100 - era5land_to_datm.requests - INFO - Request submitted with ID 49b9f97a-e253-43e4-9b78-0f8541d4ffd2, status accepted.
2025-12-05T09:05:32+0100 - era5land_to_datm.requests - INFO - Waiting 3.0 seconds before next request...
2025-12-05T09:05:35+0100 - era5land_to_datm.requests - INFO - Submitting request for year=2012, month=01...
2025-12-05T09:05:36+0100 - ecmwf.datastores.processing - INFO - Request ID is 72e966dd-7181-48de-b4f8-8ce8e40303fd
2025-12-05T09:05:36+0100 - ecmwf.datastores.processing - INFO - status has been updated to accepted
2025-12-05T09:05:36+0100 - era5land_to_datm.requests - INFO - Request submitted with ID 72e966dd-7181-48de-b4f8-8ce8e40303fd, status accepted.
2025-12-05T09:05:36+0100 - era5land_to_datm.requests - INFO - Waiting 3.0 seconds before next request...
2025-12-05T09:05:39+0100 - era5land_to_datm.requests - INFO - Submitting request for year=2012, month=02...
2025-12-05T09:05:39+0100 - ecmwf.datastores.processing - INFO - Request ID is 270c2d73-f8f2-41af-a75e-8f95b83bbcc7
2025-12-05T09:05:39+0100 - ecmwf.datastores.processing - INFO - status has been updated to accepted
2025-12-05T09:05:39+0100 - era5land_to_datm.requests - INFO - Request submitted with ID 270c2d73-f8f2-41af-a75e-8f95b83bbcc7, status accepted.
2025-12-05T09:05:39+0100 - era5land_to_datm.requests - INFO - Waiting 3.0 seconds before next request...
2025-12-05T09:05:42+0100 - era5land_to_datm.requests - INFO - Submitting request for year=2012, month=03...
2025-12-05T09:05:43+0100 - ecmwf.datastores.processing - INFO - Request ID is 498595a8-73d0-4f6e-8218-f7ed8d885d4e
2025-12-05T09:05:43+0100 - ecmwf.datastores.processing - INFO - status has been updated to accepted
2025-12-05T09:05:43+0100 - era5land_to_datm.requests - INFO - Request submitted with ID 498595a8-73d0-4f6e-8218-f7ed8d885d4e, status accepted.
2025-12-05T09:05:43+0100 - era5land_to_datm.requests - INFO - Waiting 3.0 seconds before next request...
2025-12-05T09:05:46+0100 - era5land_to_datm.requests - INFO - Submitting request for year=2012, month=04...
2025-12-05T09:05:46+0100 - ecmwf.datastores.processing - INFO - Request ID is 9b4825da-f2ea-40d8-874b-81ce2c8739c8
2025-12-05T09:05:46+0100 - ecmwf.datastores.processing - INFO - status has been updated to accepted
2025-12-05T09:05:46+0100 - era5land_to_datm.requests - INFO - Request submitted with ID 9b4825da-f2ea-40d8-874b-81ce2c8739c8, status accepted.
2025-12-05T09:05:46+0100 - era5land_to_datm.requests - INFO - Waiting 3.0 seconds before next request...
2025-12-05T09:05:49+0100 - era5land_to_datm.requests - INFO - Submitting request for year=2012, month=05...
2025-12-05T09:05:49+0100 - ecmwf.datastores.processing - INFO - Request ID is 5d4bd69a-9cf9-40b6-a7e8-d6e2c1668096
2025-12-05T09:05:49+0100 - ecmwf.datastores.processing - INFO - status has been updated to accepted
2025-12-05T09:05:49+0100 - era5land_to_datm.requests - INFO - Request submitted with ID 5d4bd69a-9cf9-40b6-a7e8-d6e2c1668096, status accepted.
2025-12-05T09:05:49+0100 - era5land_to_datm.requests - INFO - Waiting 3.0 seconds before next request...
2025-12-05T09:05:52+0100 - era5land_to_datm.requests - INFO - Submitting request for year=2012, month=06...
2025-12-05T09:05:53+0100 - ecmwf.datastores.processing - INFO - Request ID is c113c996-7fd6-474b-a05f-49261d355c4b
2025-12-05T09:05:53+0100 - ecmwf.datastores.processing - INFO - status has been updated to accepted
2025-12-05T09:05:53+0100 - era5land_to_datm.requests - INFO - Request submitted with ID c113c996-7fd6-474b-a05f-49261d355c4b, status accepted.
2025-12-05T09:05:53+0100 - era5land_to_datm.requests - INFO - Waiting 3.0 seconds before next request...
2025-12-05T09:05:56+0100 - era5land_to_datm.requests - INFO - Submitting request for year=2012, month=07...
2025-12-05T09:05:56+0100 - ecmwf.datastores.processing - INFO - Request ID is 8ee1ffb4-8198-44f1-9d35-f3181409b302
2025-12-05T09:05:56+0100 - ecmwf.datastores.processing - INFO - status has been updated to accepted
2025-12-05T09:05:56+0100 - era5land_to_datm.requests - INFO - Request submitted with ID 8ee1ffb4-8198-44f1-9d35-f3181409b302, status accepted.
2025-12-05T09:05:56+0100 - era5land_to_datm.requests - INFO - Waiting 3.0 seconds before next request...
2025-12-05T09:05:59+0100 - era5land_to_datm.requests - INFO - Submitting request for year=2012, month=08...
2025-12-05T09:06:00+0100 - ecmwf.datastores.processing - INFO - Request ID is 2eec88d3-1994-44b7-a0c5-a636c59d2963
2025-12-05T09:06:00+0100 - ecmwf.datastores.processing - INFO - status has been updated to accepted
2025-12-05T09:06:00+0100 - era5land_to_datm.requests - INFO - Request submitted with ID 2eec88d3-1994-44b7-a0c5-a636c59d2963, status accepted.
2025-12-05T09:06:00+0100 - era5land_to_datm.requests - INFO - Waiting 3.0 seconds before next request...
2025-12-05T09:06:03+0100 - era5land_to_datm.requests - INFO - Submitting request for year=2012, month=09...
2025-12-05T09:06:03+0100 - ecmwf.datastores.processing - INFO - Request ID is 614d04a4-7468-44fa-9974-c46766f903a6
2025-12-05T09:06:03+0100 - ecmwf.datastores.processing - INFO - status has been updated to accepted
2025-12-05T09:06:03+0100 - era5land_to_datm.requests - INFO - Request submitted with ID 614d04a4-7468-44fa-9974-c46766f903a6, status accepted.
2025-12-05T09:06:03+0100 - era5land_to_datm.requests - INFO - Waiting 3.0 seconds before next request...
2025-12-05T09:06:06+0100 - era5land_to_datm.requests - INFO - Submitting request for year=2012, month=10...
2025-12-05T09:06:06+0100 - ecmwf.datastores.processing - INFO - Request ID is 4275b6d8-a07d-4a29-abc4-f82f0c8eafc3
2025-12-05T09:06:07+0100 - ecmwf.datastores.processing - INFO - status has been updated to accepted
2025-12-05T09:06:07+0100 - era5land_to_datm.requests - INFO - Request submitted with ID 4275b6d8-a07d-4a29-abc4-f82f0c8eafc3, status accepted.
2025-12-05T09:06:07+0100 - era5land_to_datm.requests - INFO - Waiting 3.0 seconds before next request...
2025-12-05T09:06:10+0100 - era5land_to_datm.requests - INFO - Submitting request for year=2012, month=11...
2025-12-05T09:06:10+0100 - ecmwf.datastores.processing - INFO - Request ID is 54c46fef-1c66-42ca-9168-cb8aa565c2cd
2025-12-05T09:06:10+0100 - ecmwf.datastores.processing - INFO - status has been updated to accepted
2025-12-05T09:06:10+0100 - era5land_to_datm.requests - INFO - Request submitted with ID 54c46fef-1c66-42ca-9168-cb8aa565c2cd, status accepted.
2025-12-05T09:06:10+0100 - era5land_to_datm.requests - INFO - Waiting 3.0 seconds before next request...
2025-12-05T09:06:13+0100 - era5land_to_datm.requests - INFO - Submitting request for year=2012, month=12...
2025-12-05T09:06:13+0100 - ecmwf.datastores.processing - INFO - Request ID is 3a694a6f-c5bd-45ed-b356-89e17afbe9de
2025-12-05T09:06:13+0100 - ecmwf.datastores.processing - INFO - status has been updated to accepted
2025-12-05T09:06:13+0100 - era5land_to_datm.requests - INFO - Request submitted with ID 3a694a6f-c5bd-45ed-b356-89e17afbe9de, status accepted.
2025-12-05T09:06:14+0100 - era5land_to_datm.requests - INFO - Waiting 3.0 seconds before next request...
2025-12-05T09:06:17+0100 - era5land_to_datm.requests - INFO - Submitting request for year=2013, month=01...
2025-12-05T09:06:17+0100 - ecmwf.datastores.processing - INFO - Request ID is af843a3b-f569-4d3c-a5d8-cb0f06b8ebc7
2025-12-05T09:06:17+0100 - ecmwf.datastores.processing - INFO - status has been updated to accepted
2025-12-05T09:06:17+0100 - era5land_to_datm.requests - INFO - Request submitted with ID af843a3b-f569-4d3c-a5d8-cb0f06b8ebc7, status accepted.
2025-12-05T09:06:17+0100 - era5land_to_datm.requests - INFO - Waiting 3.0 seconds before next request...
2025-12-05T09:06:20+0100 - era5land_to_datm.requests - INFO - Submitting request for year=2013, month=02...
2025-12-05T09:06:20+0100 - ecmwf.datastores.processing - INFO - Request ID is 7a7d6847-c49c-4283-817a-87fccc11a9e3
2025-12-05T09:06:20+0100 - ecmwf.datastores.processing - INFO - status has been updated to accepted
2025-12-05T09:06:20+0100 - era5land_to_datm.requests - INFO - Request submitted with ID 7a7d6847-c49c-4283-817a-87fccc11a9e3, status accepted.
2025-12-05T09:06:20+0100 - era5land_to_datm.requests - INFO - Waiting 3.0 seconds before next request...
2025-12-05T09:06:23+0100 - era5land_to_datm.requests - INFO - Submitting request for year=2013, month=03...
2025-12-05T09:06:23+0100 - ecmwf.datastores.processing - INFO - Request ID is 1494da22-b97a-4c77-aa26-5bcdd85003ba
2025-12-05T09:06:23+0100 - ecmwf.datastores.processing - INFO - status has been updated to accepted
2025-12-05T09:06:23+0100 - era5land_to_datm.requests - INFO - Request submitted with ID 1494da22-b97a-4c77-aa26-5bcdd85003ba, status accepted.
2025-12-05T09:06:23+0100 - era5land_to_datm.requests - INFO - Waiting 3.0 seconds before next request...
2025-12-05T09:06:26+0100 - era5land_to_datm.requests - INFO - Submitting request for year=2013, month=04...
2025-12-05T09:06:27+0100 - ecmwf.datastores.processing - INFO - Request ID is 322feba2-6eec-40b3-a30c-174099465cba
2025-12-05T09:06:27+0100 - ecmwf.datastores.processing - INFO - status has been updated to accepted
2025-12-05T09:06:27+0100 - era5land_to_datm.requests - INFO - Request submitted with ID 322feba2-6eec-40b3-a30c-174099465cba, status accepted.
2025-12-05T09:06:27+0100 - era5land_to_datm.requests - INFO - Waiting 3.0 seconds before next request...
2025-12-05T09:06:30+0100 - era5land_to_datm.requests - INFO - Submitting request for year=2013, month=05...
2025-12-05T09:06:30+0100 - ecmwf.datastores.processing - INFO - Request ID is 47ac5015-b2b7-4add-8dcf-fd7bea88b2e0
2025-12-05T09:06:30+0100 - ecmwf.datastores.processing - INFO - status has been updated to accepted
2025-12-05T09:06:30+0100 - era5land_to_datm.requests - INFO - Request submitted with ID 47ac5015-b2b7-4add-8dcf-fd7bea88b2e0, status accepted.
2025-12-05T09:06:30+0100 - era5land_to_datm.requests - INFO - Waiting 3.0 seconds before next request...
2025-12-05T09:06:33+0100 - era5land_to_datm.requests - INFO - Submitting request for year=2013, month=06...
2025-12-05T09:06:34+0100 - ecmwf.datastores.processing - INFO - Request ID is 162e4698-6ece-439b-9cae-ae567b6c471b
2025-12-05T09:06:34+0100 - ecmwf.datastores.processing - INFO - status has been updated to accepted
2025-12-05T09:06:34+0100 - era5land_to_datm.requests - INFO - Request submitted with ID 162e4698-6ece-439b-9cae-ae567b6c471b, status accepted.
2025-12-05T09:06:34+0100 - era5land_to_datm.requests - INFO - Waiting 3.0 seconds before next request...
2025-12-05T09:06:37+0100 - era5land_to_datm.requests - INFO - Submitting request for year=2013, month=07...
2025-12-05T09:06:37+0100 - ecmwf.datastores.processing - INFO - Request ID is e5cf3564-2317-4382-baf9-2843a7d5c2ab
2025-12-05T09:06:37+0100 - ecmwf.datastores.processing - INFO - status has been updated to accepted
2025-12-05T09:06:37+0100 - era5land_to_datm.requests - INFO - Request submitted with ID e5cf3564-2317-4382-baf9-2843a7d5c2ab, status accepted.
2025-12-05T09:06:37+0100 - era5land_to_datm.requests - INFO - Waiting 3.0 seconds before next request...
2025-12-05T09:06:40+0100 - era5land_to_datm.requests - INFO - Submitting request for year=2013, month=08...
2025-12-05T09:06:40+0100 - ecmwf.datastores.processing - INFO - Request ID is 7aed70ae-9e19-477c-8fcb-a4c1c374583c
2025-12-05T09:06:40+0100 - ecmwf.datastores.processing - INFO - status has been updated to accepted
2025-12-05T09:06:40+0100 - era5land_to_datm.requests - INFO - Request submitted with ID 7aed70ae-9e19-477c-8fcb-a4c1c374583c, status accepted.
2025-12-05T09:06:40+0100 - era5land_to_datm.requests - INFO - Waiting 3.0 seconds before next request...
2025-12-05T09:06:43+0100 - era5land_to_datm.requests - INFO - Submitting request for year=2013, month=09...
2025-12-05T09:06:43+0100 - ecmwf.datastores.processing - INFO - Request ID is 1acee4de-01d3-462b-838b-ac9e04ef5ac3
2025-12-05T09:06:44+0100 - ecmwf.datastores.processing - INFO - status has been updated to accepted
2025-12-05T09:06:44+0100 - era5land_to_datm.requests - INFO - Request submitted with ID 1acee4de-01d3-462b-838b-ac9e04ef5ac3, status accepted.
2025-12-05T09:06:44+0100 - era5land_to_datm.requests - INFO - Waiting 3.0 seconds before next request...
2025-12-05T09:06:47+0100 - era5land_to_datm.requests - INFO - Submitting request for year=2013, month=10...
2025-12-05T09:06:47+0100 - ecmwf.datastores.processing - INFO - Request ID is 32b2b544-376a-4533-a0e7-e84a4b57b746
2025-12-05T09:06:47+0100 - ecmwf.datastores.processing - INFO - status has been updated to accepted
2025-12-05T09:06:47+0100 - era5land_to_datm.requests - INFO - Request submitted with ID 32b2b544-376a-4533-a0e7-e84a4b57b746, status accepted.
2025-12-05T09:06:47+0100 - era5land_to_datm.requests - INFO - Waiting 3.0 seconds before next request...
2025-12-05T09:06:50+0100 - era5land_to_datm.requests - INFO - Submitting request for year=2013, month=11...
2025-12-05T09:06:50+0100 - ecmwf.datastores.processing - INFO - Request ID is 4eb0cd7a-dc51-4cc9-a2ab-cf7ceeb3878f
2025-12-05T09:06:51+0100 - ecmwf.datastores.processing - INFO - status has been updated to accepted
2025-12-05T09:06:51+0100 - era5land_to_datm.requests - INFO - Request submitted with ID 4eb0cd7a-dc51-4cc9-a2ab-cf7ceeb3878f, status accepted.
2025-12-05T09:06:51+0100 - era5land_to_datm.requests - INFO - Waiting 3.0 seconds before next request...
2025-12-05T09:06:54+0100 - era5land_to_datm.requests - INFO - Submitting request for year=2013, month=12...
2025-12-05T09:06:54+0100 - ecmwf.datastores.processing - INFO - Request ID is fcc269a7-8ce9-40b4-8b77-740cac0e5f64
2025-12-05T09:06:54+0100 - ecmwf.datastores.processing - INFO - status has been updated to accepted
2025-12-05T09:06:54+0100 - era5land_to_datm.requests - INFO - Request submitted with ID fcc269a7-8ce9-40b4-8b77-740cac0e5f64, status accepted.
2025-12-05T09:06:54+0100 - era5land_to_datm.requests - INFO - Waiting 3.0 seconds before next request...
2025-12-05T09:06:57+0100 - era5land_to_datm.requests - INFO - Submitting request for year=2014, month=01...
2025-12-05T09:06:57+0100 - ecmwf.datastores.processing - INFO - Request ID is 423f1b3e-4286-4a38-b532-8371c2a45946
2025-12-05T09:06:57+0100 - ecmwf.datastores.processing - INFO - status has been updated to accepted
2025-12-05T09:06:57+0100 - era5land_to_datm.requests - INFO - Request submitted with ID 423f1b3e-4286-4a38-b532-8371c2a45946, status accepted.
2025-12-05T09:06:57+0100 - era5land_to_datm.requests - INFO - Waiting 3.0 seconds before next request...
2025-12-05T09:07:00+0100 - era5land_to_datm.requests - INFO - Submitting request for year=2014, month=02...
2025-12-05T09:07:01+0100 - ecmwf.datastores.processing - INFO - Request ID is c63e2781-e572-47a9-8247-43551d26f84d
2025-12-05T09:07:01+0100 - ecmwf.datastores.processing - INFO - status has been updated to accepted
2025-12-05T09:07:01+0100 - era5land_to_datm.requests - INFO - Request submitted with ID c63e2781-e572-47a9-8247-43551d26f84d, status accepted.
2025-12-05T09:07:01+0100 - era5land_to_datm.requests - INFO - Waiting 3.0 seconds before next request...
2025-12-05T09:07:04+0100 - era5land_to_datm.requests - INFO - Submitting request for year=2014, month=03...
2025-12-05T09:07:04+0100 - ecmwf.datastores.processing - INFO - Request ID is f291ea1e-3c6f-4d1d-a075-680bed69b259
2025-12-05T09:07:04+0100 - ecmwf.datastores.processing - INFO - status has been updated to accepted
2025-12-05T09:07:04+0100 - era5land_to_datm.requests - INFO - Request submitted with ID f291ea1e-3c6f-4d1d-a075-680bed69b259, status accepted.
2025-12-05T09:07:04+0100 - era5land_to_datm.requests - INFO - Waiting 3.0 seconds before next request...
2025-12-05T09:07:07+0100 - era5land_to_datm.requests - INFO - Submitting request for year=2014, month=04...
2025-12-05T09:07:07+0100 - ecmwf.datastores.processing - INFO - Request ID is 22dc0da6-16bc-453e-a9ed-98ad5e54610e
2025-12-05T09:07:07+0100 - ecmwf.datastores.processing - INFO - status has been updated to accepted
2025-12-05T09:07:07+0100 - era5land_to_datm.requests - INFO - Request submitted with ID 22dc0da6-16bc-453e-a9ed-98ad5e54610e, status accepted.
2025-12-05T09:07:07+0100 - era5land_to_datm.requests - INFO - Waiting 3.0 seconds before next request...
2025-12-05T09:07:10+0100 - era5land_to_datm.requests - INFO - Submitting request for year=2014, month=05...
2025-12-05T09:07:11+0100 - ecmwf.datastores.processing - INFO - Request ID is dfc3806c-b61e-4da5-af60-a7749aaea358
2025-12-05T09:07:11+0100 - ecmwf.datastores.processing - INFO - status has been updated to accepted
2025-12-05T09:07:11+0100 - era5land_to_datm.requests - INFO - Request submitted with ID dfc3806c-b61e-4da5-af60-a7749aaea358, status accepted.
2025-12-05T09:07:11+0100 - era5land_to_datm.requests - INFO - Waiting 3.0 seconds before next request...
2025-12-05T09:07:14+0100 - era5land_to_datm.requests - INFO - Submitting request for year=2014, month=06...
2025-12-05T09:07:14+0100 - ecmwf.datastores.processing - INFO - Request ID is 4b226cd0-1cd3-4728-89c2-1782361e6073
2025-12-05T09:07:14+0100 - ecmwf.datastores.processing - INFO - status has been updated to accepted
2025-12-05T09:07:14+0100 - era5land_to_datm.requests - INFO - Request submitted with ID 4b226cd0-1cd3-4728-89c2-1782361e6073, status accepted.
2025-12-05T09:07:14+0100 - era5land_to_datm.requests - INFO - Waiting 3.0 seconds before next request...
2025-12-05T09:07:17+0100 - era5land_to_datm.requests - INFO - Submitting request for year=2014, month=07...
2025-12-05T09:07:17+0100 - ecmwf.datastores.processing - INFO - Request ID is e6580318-38fe-48ff-909c-078f8ea8a7eb
2025-12-05T09:07:17+0100 - ecmwf.datastores.processing - INFO - status has been updated to accepted
2025-12-05T09:07:17+0100 - era5land_to_datm.requests - INFO - Request submitted with ID e6580318-38fe-48ff-909c-078f8ea8a7eb, status accepted.
2025-12-05T09:07:17+0100 - era5land_to_datm.requests - INFO - Waiting 3.0 seconds before next request...
2025-12-05T09:07:20+0100 - era5land_to_datm.requests - INFO - Submitting request for year=2014, month=08...
2025-12-05T09:07:21+0100 - ecmwf.datastores.processing - INFO - Request ID is f5089e58-1ea9-4387-8017-2a60d16a6cf7
2025-12-05T09:07:21+0100 - ecmwf.datastores.processing - INFO - status has been updated to accepted
2025-12-05T09:07:21+0100 - era5land_to_datm.requests - INFO - Request submitted with ID f5089e58-1ea9-4387-8017-2a60d16a6cf7, status accepted.
2025-12-05T09:07:21+0100 - era5land_to_datm.requests - INFO - Waiting 3.0 seconds before next request...
2025-12-05T09:07:24+0100 - era5land_to_datm.requests - INFO - Submitting request for year=2014, month=09...
2025-12-05T09:07:24+0100 - ecmwf.datastores.processing - INFO - Request ID is aa9d2d11-ec71-4f50-a1a9-525213bf3868
2025-12-05T09:07:24+0100 - ecmwf.datastores.processing - INFO - status has been updated to accepted
2025-12-05T09:07:24+0100 - era5land_to_datm.requests - INFO - Request submitted with ID aa9d2d11-ec71-4f50-a1a9-525213bf3868, status accepted.
2025-12-05T09:07:24+0100 - era5land_to_datm.requests - INFO - Waiting 3.0 seconds before next request...
2025-12-05T09:07:27+0100 - era5land_to_datm.requests - INFO - Submitting request for year=2014, month=10...
2025-12-05T09:07:27+0100 - ecmwf.datastores.processing - INFO - Request ID is f41b17df-16eb-4d6e-bfa7-09ed4fd757a8
2025-12-05T09:07:28+0100 - ecmwf.datastores.processing - INFO - status has been updated to accepted
2025-12-05T09:07:28+0100 - era5land_to_datm.requests - INFO - Request submitted with ID f41b17df-16eb-4d6e-bfa7-09ed4fd757a8, status accepted.
2025-12-05T09:07:28+0100 - era5land_to_datm.requests - INFO - Waiting 3.0 seconds before next request...
2025-12-05T09:07:31+0100 - era5land_to_datm.requests - INFO - Submitting request for year=2014, month=11...
2025-12-05T09:07:31+0100 - ecmwf.datastores.processing - INFO - Request ID is 12b5df24-c206-4915-946d-095b4cb4fd76
2025-12-05T09:07:31+0100 - ecmwf.datastores.processing - INFO - status has been updated to accepted
2025-12-05T09:07:31+0100 - era5land_to_datm.requests - INFO - Request submitted with ID 12b5df24-c206-4915-946d-095b4cb4fd76, status accepted.
2025-12-05T09:07:31+0100 - era5land_to_datm.requests - INFO - Waiting 3.0 seconds before next request...
2025-12-05T09:07:34+0100 - era5land_to_datm.requests - INFO - Submitting request for year=2014, month=12...
2025-12-05T09:07:34+0100 - ecmwf.datastores.processing - INFO - Request ID is de46a161-2f21-4be0-ab9f-96297ece67e5
2025-12-05T09:07:34+0100 - ecmwf.datastores.processing - INFO - status has been updated to accepted
2025-12-05T09:07:34+0100 - era5land_to_datm.requests - INFO - Request submitted with ID de46a161-2f21-4be0-ab9f-96297ece67e5, status accepted.
2025-12-05T09:07:34+0100 - era5land_to_datm.requests - INFO - Waiting 3.0 seconds before next request...
2025-12-05T09:07:37+0100 - era5land_to_datm.requests - INFO - Submitting request for year=2015, month=01...
2025-12-05T09:07:38+0100 - ecmwf.datastores.processing - INFO - Request ID is b7e85469-8a5e-4161-8125-7195e16476c4
2025-12-05T09:07:38+0100 - ecmwf.datastores.processing - INFO - status has been updated to accepted
2025-12-05T09:07:38+0100 - era5land_to_datm.requests - INFO - Request submitted with ID b7e85469-8a5e-4161-8125-7195e16476c4, status accepted.
2025-12-05T09:07:38+0100 - era5land_to_datm.requests - INFO - Waiting 3.0 seconds before next request...
2025-12-05T09:07:41+0100 - era5land_to_datm.requests - INFO - Submitting request for year=2015, month=02...
2025-12-05T09:07:41+0100 - ecmwf.datastores.processing - INFO - Request ID is 3bdfe7dd-43ff-4417-8f7d-f1b95240f0be
2025-12-05T09:07:41+0100 - ecmwf.datastores.processing - INFO - status has been updated to accepted
2025-12-05T09:07:41+0100 - era5land_to_datm.requests - INFO - Request submitted with ID 3bdfe7dd-43ff-4417-8f7d-f1b95240f0be, status accepted.
2025-12-05T09:07:41+0100 - era5land_to_datm.requests - INFO - Waiting 3.0 seconds before next request...
2025-12-05T09:07:44+0100 - era5land_to_datm.requests - INFO - Submitting request for year=2015, month=03...
2025-12-05T09:07:44+0100 - ecmwf.datastores.processing - INFO - Request ID is 8f082d13-36e4-488a-a3e2-c86dfd750f82
2025-12-05T09:07:45+0100 - ecmwf.datastores.processing - INFO - status has been updated to accepted
2025-12-05T09:07:45+0100 - era5land_to_datm.requests - INFO - Request submitted with ID 8f082d13-36e4-488a-a3e2-c86dfd750f82, status accepted.
2025-12-05T09:07:45+0100 - era5land_to_datm.requests - INFO - Waiting 3.0 seconds before next request...
2025-12-05T09:07:48+0100 - era5land_to_datm.requests - INFO - Submitting request for year=2015, month=04...
2025-12-05T09:07:48+0100 - ecmwf.datastores.processing - INFO - Request ID is 866ed5ee-8ad9-48ab-9a63-375b39e023d2
2025-12-05T09:07:48+0100 - ecmwf.datastores.processing - INFO - status has been updated to accepted
2025-12-05T09:07:48+0100 - era5land_to_datm.requests - INFO - Request submitted with ID 866ed5ee-8ad9-48ab-9a63-375b39e023d2, status accepted.
2025-12-05T09:07:48+0100 - era5land_to_datm.requests - INFO - Waiting 3.0 seconds before next request...
2025-12-05T09:07:51+0100 - era5land_to_datm.requests - INFO - Submitting request for year=2015, month=05...
2025-12-05T09:07:52+0100 - ecmwf.datastores.processing - INFO - Request ID is 5ce54c16-d0cf-4ef7-9cdd-7321299025fd
2025-12-05T09:07:52+0100 - ecmwf.datastores.processing - INFO - status has been updated to accepted
2025-12-05T09:07:52+0100 - era5land_to_datm.requests - INFO - Request submitted with ID 5ce54c16-d0cf-4ef7-9cdd-7321299025fd, status accepted.
2025-12-05T09:07:52+0100 - era5land_to_datm.requests - INFO - Waiting 3.0 seconds before next request...
2025-12-05T09:07:55+0100 - era5land_to_datm.requests - INFO - Submitting request for year=2015, month=06...
2025-12-05T09:07:55+0100 - ecmwf.datastores.processing - INFO - Request ID is b8a151cf-ef93-407b-9d69-4299885772a4
2025-12-05T09:07:55+0100 - ecmwf.datastores.processing - INFO - status has been updated to accepted
2025-12-05T09:07:55+0100 - era5land_to_datm.requests - INFO - Request submitted with ID b8a151cf-ef93-407b-9d69-4299885772a4, status accepted.
2025-12-05T09:07:55+0100 - era5land_to_datm.requests - INFO - Waiting 3.0 seconds before next request...
2025-12-05T09:07:58+0100 - era5land_to_datm.requests - INFO - Submitting request for year=2015, month=07...
2025-12-05T09:07:59+0100 - ecmwf.datastores.processing - INFO - Request ID is c279a6c5-7236-496e-9b62-c5e88779eaf5
2025-12-05T09:07:59+0100 - ecmwf.datastores.processing - INFO - status has been updated to accepted
2025-12-05T09:07:59+0100 - era5land_to_datm.requests - INFO - Request submitted with ID c279a6c5-7236-496e-9b62-c5e88779eaf5, status accepted.
2025-12-05T09:07:59+0100 - era5land_to_datm.requests - INFO - Waiting 3.0 seconds before next request...
2025-12-05T09:08:02+0100 - era5land_to_datm.requests - INFO - Submitting request for year=2015, month=08...
2025-12-05T09:08:02+0100 - ecmwf.datastores.processing - INFO - Request ID is 41f67d8e-22c1-4ee4-8d46-1a69ea5b7e73
2025-12-05T09:08:02+0100 - ecmwf.datastores.processing - INFO - status has been updated to accepted
2025-12-05T09:08:02+0100 - era5land_to_datm.requests - INFO - Request submitted with ID 41f67d8e-22c1-4ee4-8d46-1a69ea5b7e73, status accepted.
2025-12-05T09:08:02+0100 - era5land_to_datm.requests - INFO - Waiting 3.0 seconds before next request...
2025-12-05T09:08:05+0100 - era5land_to_datm.requests - INFO - Submitting request for year=2015, month=09...
2025-12-05T09:08:05+0100 - ecmwf.datastores.processing - INFO - Request ID is 6b1056fc-f118-4135-b777-496e0e969561
2025-12-05T09:08:05+0100 - ecmwf.datastores.processing - INFO - status has been updated to accepted
2025-12-05T09:08:05+0100 - era5land_to_datm.requests - INFO - Request submitted with ID 6b1056fc-f118-4135-b777-496e0e969561, status accepted.
2025-12-05T09:08:05+0100 - era5land_to_datm.requests - INFO - Waiting 3.0 seconds before next request...
2025-12-05T09:08:08+0100 - era5land_to_datm.requests - INFO - Submitting request for year=2015, month=10...
2025-12-05T09:08:09+0100 - ecmwf.datastores.processing - INFO - Request ID is 90675873-8c70-4d51-950c-e949d572bcdc
2025-12-05T09:08:09+0100 - ecmwf.datastores.processing - INFO - status has been updated to accepted
2025-12-05T09:08:09+0100 - era5land_to_datm.requests - INFO - Request submitted with ID 90675873-8c70-4d51-950c-e949d572bcdc, status accepted.
2025-12-05T09:08:09+0100 - era5land_to_datm.requests - INFO - Waiting 3.0 seconds before next request...
2025-12-05T09:08:12+0100 - era5land_to_datm.requests - INFO - Submitting request for year=2015, month=11...
2025-12-05T09:08:12+0100 - ecmwf.datastores.processing - INFO - Request ID is 112b458d-a833-41c3-be8d-ddabdb7fab92
2025-12-05T09:08:12+0100 - ecmwf.datastores.processing - INFO - status has been updated to accepted
2025-12-05T09:08:12+0100 - era5land_to_datm.requests - INFO - Request submitted with ID 112b458d-a833-41c3-be8d-ddabdb7fab92, status accepted.
2025-12-05T09:08:12+0100 - era5land_to_datm.requests - INFO - Waiting 3.0 seconds before next request...
2025-12-05T09:08:15+0100 - era5land_to_datm.requests - INFO - Submitting request for year=2015, month=12...
2025-12-05T09:08:16+0100 - ecmwf.datastores.processing - INFO - Request ID is 50477c4b-e49e-43eb-9376-bfc2f3c91ef5
2025-12-05T09:08:16+0100 - ecmwf.datastores.processing - INFO - status has been updated to accepted
2025-12-05T09:08:16+0100 - era5land_to_datm.requests - INFO - Request submitted with ID 50477c4b-e49e-43eb-9376-bfc2f3c91ef5, status accepted.
2025-12-05T09:08:16+0100 - era5land_to_datm.requests - INFO - Waiting 3.0 seconds before next request...
2025-12-05T09:08:19+0100 - era5land_to_datm.requests - INFO - Submitting request for year=2016, month=01...
2025-12-05T09:08:19+0100 - ecmwf.datastores.processing - INFO - Request ID is 0d02d61d-c0ca-4135-9582-b1c90b7e9e1f
2025-12-05T09:08:20+0100 - ecmwf.datastores.processing - INFO - status has been updated to accepted
2025-12-05T09:08:20+0100 - era5land_to_datm.requests - INFO - Request submitted with ID 0d02d61d-c0ca-4135-9582-b1c90b7e9e1f, status accepted.
2025-12-05T09:08:20+0100 - era5land_to_datm.requests - INFO - Waiting 3.0 seconds before next request...
2025-12-05T09:08:23+0100 - era5land_to_datm.requests - INFO - Submitting request for year=2016, month=02...
2025-12-05T09:08:23+0100 - ecmwf.datastores.processing - INFO - Request ID is 997901df-bef5-478b-91a1-ad9436a90335
2025-12-05T09:08:23+0100 - ecmwf.datastores.processing - INFO - status has been updated to accepted
2025-12-05T09:08:23+0100 - era5land_to_datm.requests - INFO - Request submitted with ID 997901df-bef5-478b-91a1-ad9436a90335, status accepted.
2025-12-05T09:08:23+0100 - era5land_to_datm.requests - INFO - Waiting 3.0 seconds before next request...
2025-12-05T09:08:26+0100 - era5land_to_datm.requests - INFO - Submitting request for year=2016, month=03...
2025-12-05T09:08:26+0100 - ecmwf.datastores.processing - INFO - Request ID is ace91cf1-149c-4dac-8e6b-8554e8de24fc
2025-12-05T09:08:26+0100 - ecmwf.datastores.processing - INFO - status has been updated to accepted
2025-12-05T09:08:26+0100 - era5land_to_datm.requests - INFO - Request submitted with ID ace91cf1-149c-4dac-8e6b-8554e8de24fc, status accepted.
2025-12-05T09:08:26+0100 - era5land_to_datm.requests - INFO - Waiting 3.0 seconds before next request...
2025-12-05T09:08:29+0100 - era5land_to_datm.requests - INFO - Submitting request for year=2016, month=04...
2025-12-05T09:08:29+0100 - ecmwf.datastores.processing - INFO - Request ID is 07b4f6ac-b2f3-49eb-94a0-203d8bbb6499
2025-12-05T09:08:29+0100 - ecmwf.datastores.processing - INFO - status has been updated to accepted
2025-12-05T09:08:29+0100 - era5land_to_datm.requests - INFO - Request submitted with ID 07b4f6ac-b2f3-49eb-94a0-203d8bbb6499, status accepted.
2025-12-05T09:08:29+0100 - era5land_to_datm.requests - INFO - Waiting 3.0 seconds before next request...
2025-12-05T09:08:32+0100 - era5land_to_datm.requests - INFO - Submitting request for year=2016, month=05...
2025-12-05T09:08:33+0100 - ecmwf.datastores.processing - INFO - Request ID is ebbe786c-dae6-4b8c-8c16-b1ef556a468c
2025-12-05T09:08:33+0100 - ecmwf.datastores.processing - INFO - status has been updated to accepted
2025-12-05T09:08:33+0100 - era5land_to_datm.requests - INFO - Request submitted with ID ebbe786c-dae6-4b8c-8c16-b1ef556a468c, status accepted.
2025-12-05T09:08:33+0100 - era5land_to_datm.requests - INFO - Waiting 3.0 seconds before next request...
2025-12-05T09:08:36+0100 - era5land_to_datm.requests - INFO - Submitting request for year=2016, month=06...
2025-12-05T09:08:36+0100 - ecmwf.datastores.processing - INFO - Request ID is 7019c32b-6d5e-4241-926c-1558818b1da4
2025-12-05T09:08:36+0100 - ecmwf.datastores.processing - INFO - status has been updated to accepted
2025-12-05T09:08:36+0100 - era5land_to_datm.requests - INFO - Request submitted with ID 7019c32b-6d5e-4241-926c-1558818b1da4, status accepted.
2025-12-05T09:08:36+0100 - era5land_to_datm.requests - INFO - Waiting 3.0 seconds before next request...
2025-12-05T09:08:39+0100 - era5land_to_datm.requests - INFO - Submitting request for year=2016, month=07...
2025-12-05T09:08:39+0100 - ecmwf.datastores.processing - INFO - Request ID is 9e35eb58-2c4f-41e3-9b51-d8d573b6aac9
2025-12-05T09:08:39+0100 - ecmwf.datastores.processing - INFO - status has been updated to accepted
2025-12-05T09:08:39+0100 - era5land_to_datm.requests - INFO - Request submitted with ID 9e35eb58-2c4f-41e3-9b51-d8d573b6aac9, status accepted.
2025-12-05T09:08:39+0100 - era5land_to_datm.requests - INFO - Waiting 3.0 seconds before next request...
2025-12-05T09:08:42+0100 - era5land_to_datm.requests - INFO - Submitting request for year=2016, month=08...
2025-12-05T09:08:43+0100 - ecmwf.datastores.processing - INFO - Request ID is 4bfb0593-48f6-4af5-86e0-59334a9ca4c4
2025-12-05T09:08:43+0100 - ecmwf.datastores.processing - INFO - status has been updated to accepted
2025-12-05T09:08:43+0100 - era5land_to_datm.requests - INFO - Request submitted with ID 4bfb0593-48f6-4af5-86e0-59334a9ca4c4, status accepted.
2025-12-05T09:08:43+0100 - era5land_to_datm.requests - INFO - Waiting 3.0 seconds before next request...
2025-12-05T09:08:46+0100 - era5land_to_datm.requests - INFO - Submitting request for year=2016, month=09...
2025-12-05T09:08:46+0100 - ecmwf.datastores.processing - INFO - Request ID is 701e31f3-60ca-482d-9308-c3ac07ab3e32
2025-12-05T09:08:46+0100 - ecmwf.datastores.processing - INFO - status has been updated to accepted
2025-12-05T09:08:46+0100 - era5land_to_datm.requests - INFO - Request submitted with ID 701e31f3-60ca-482d-9308-c3ac07ab3e32, status accepted.
2025-12-05T09:08:46+0100 - era5land_to_datm.requests - INFO - Waiting 3.0 seconds before next request...
2025-12-05T09:08:49+0100 - era5land_to_datm.requests - INFO - Submitting request for year=2016, month=10...
2025-12-05T09:08:49+0100 - ecmwf.datastores.processing - INFO - Request ID is 93281ea4-e6a7-473d-8be6-017d58e0efdb
2025-12-05T09:08:49+0100 - ecmwf.datastores.processing - INFO - status has been updated to accepted
2025-12-05T09:08:49+0100 - era5land_to_datm.requests - INFO - Request submitted with ID 93281ea4-e6a7-473d-8be6-017d58e0efdb, status accepted.
2025-12-05T09:08:49+0100 - era5land_to_datm.requests - INFO - Waiting 3.0 seconds before next request...
2025-12-05T09:08:52+0100 - era5land_to_datm.requests - INFO - Submitting request for year=2016, month=11...
2025-12-05T09:08:52+0100 - ecmwf.datastores.processing - INFO - Request ID is d6109121-a228-4652-9d8f-413306bda58f
2025-12-05T09:08:53+0100 - ecmwf.datastores.processing - INFO - status has been updated to accepted
2025-12-05T09:08:53+0100 - era5land_to_datm.requests - INFO - Request submitted with ID d6109121-a228-4652-9d8f-413306bda58f, status accepted.
2025-12-05T09:08:53+0100 - era5land_to_datm.requests - INFO - Waiting 3.0 seconds before next request...
2025-12-05T09:08:56+0100 - era5land_to_datm.requests - INFO - Submitting request for year=2016, month=12...
2025-12-05T09:08:56+0100 - ecmwf.datastores.processing - INFO - Request ID is 55b05b6f-97ec-49ad-9d53-caeb9fa1e04b
2025-12-05T09:08:56+0100 - ecmwf.datastores.processing - INFO - status has been updated to accepted
2025-12-05T09:08:56+0100 - era5land_to_datm.requests - INFO - Request submitted with ID 55b05b6f-97ec-49ad-9d53-caeb9fa1e04b, status accepted.
2025-12-05T09:08:56+0100 - era5land_to_datm.requests - INFO - Waiting 3.0 seconds before next request...
2025-12-05T09:08:59+0100 - era5land_to_datm.requests - INFO - Submitting request for year=2017, month=01...
2025-12-05T09:08:59+0100 - ecmwf.datastores.processing - INFO - Request ID is b9f21d75-8672-470b-9238-94142fc0557a
2025-12-05T09:08:59+0100 - ecmwf.datastores.processing - INFO - status has been updated to accepted
2025-12-05T09:08:59+0100 - era5land_to_datm.requests - INFO - Request submitted with ID b9f21d75-8672-470b-9238-94142fc0557a, status accepted.
2025-12-05T09:08:59+0100 - era5land_to_datm.requests - INFO - Waiting 3.0 seconds before next request...
2025-12-05T09:09:02+0100 - era5land_to_datm.requests - INFO - Submitting request for year=2017, month=02...
2025-12-05T09:09:03+0100 - ecmwf.datastores.processing - INFO - Request ID is cda7c7ed-6a7e-4a9d-a306-444497a6ef63
2025-12-05T09:09:03+0100 - ecmwf.datastores.processing - INFO - status has been updated to accepted
2025-12-05T09:09:03+0100 - era5land_to_datm.requests - INFO - Request submitted with ID cda7c7ed-6a7e-4a9d-a306-444497a6ef63, status accepted.
2025-12-05T09:09:03+0100 - era5land_to_datm.requests - INFO - Waiting 3.0 seconds before next request...
2025-12-05T09:09:06+0100 - era5land_to_datm.requests - INFO - Submitting request for year=2017, month=03...
2025-12-05T09:09:07+0100 - ecmwf.datastores.processing - INFO - Request ID is 0fcaec2a-0aea-4b80-9e3e-553a8d90716e
2025-12-05T09:09:07+0100 - ecmwf.datastores.processing - INFO - status has been updated to accepted
2025-12-05T09:09:07+0100 - era5land_to_datm.requests - INFO - Request submitted with ID 0fcaec2a-0aea-4b80-9e3e-553a8d90716e, status accepted.
2025-12-05T09:09:07+0100 - era5land_to_datm.requests - INFO - Waiting 3.0 seconds before next request...
2025-12-05T09:09:10+0100 - era5land_to_datm.requests - INFO - Submitting request for year=2017, month=04...
2025-12-05T09:09:10+0100 - ecmwf.datastores.processing - INFO - Request ID is fde5d3a0-6094-4867-9a34-6237c49616dd
2025-12-05T09:09:10+0100 - ecmwf.datastores.processing - INFO - status has been updated to accepted
2025-12-05T09:09:10+0100 - era5land_to_datm.requests - INFO - Request submitted with ID fde5d3a0-6094-4867-9a34-6237c49616dd, status accepted.
2025-12-05T09:09:10+0100 - era5land_to_datm.requests - INFO - Waiting 3.0 seconds before next request...
2025-12-05T09:09:13+0100 - era5land_to_datm.requests - INFO - Submitting request for year=2017, month=05...
2025-12-05T09:09:13+0100 - ecmwf.datastores.processing - INFO - Request ID is 8a08645f-5ab8-4ea2-9f32-d7283bed020c
2025-12-05T09:09:13+0100 - ecmwf.datastores.processing - INFO - status has been updated to accepted
2025-12-05T09:09:13+0100 - era5land_to_datm.requests - INFO - Request submitted with ID 8a08645f-5ab8-4ea2-9f32-d7283bed020c, status accepted.
2025-12-05T09:09:13+0100 - era5land_to_datm.requests - INFO - Waiting 3.0 seconds before next request...
2025-12-05T09:09:16+0100 - era5land_to_datm.requests - INFO - Submitting request for year=2017, month=06...
2025-12-05T09:09:17+0100 - ecmwf.datastores.processing - INFO - Request ID is 73ce1ca9-8e1c-4de9-a1e8-7809b20db84e
2025-12-05T09:09:17+0100 - ecmwf.datastores.processing - INFO - status has been updated to accepted
2025-12-05T09:09:17+0100 - era5land_to_datm.requests - INFO - Request submitted with ID 73ce1ca9-8e1c-4de9-a1e8-7809b20db84e, status accepted.
2025-12-05T09:09:17+0100 - era5land_to_datm.requests - INFO - Waiting 3.0 seconds before next request...
2025-12-05T09:09:20+0100 - era5land_to_datm.requests - INFO - Submitting request for year=2017, month=07...
2025-12-05T09:09:20+0100 - ecmwf.datastores.processing - INFO - Request ID is 2d1e5ab4-87c7-4b3b-8fa2-8e268a88d3f2
2025-12-05T09:09:20+0100 - ecmwf.datastores.processing - INFO - status has been updated to accepted
2025-12-05T09:09:20+0100 - era5land_to_datm.requests - INFO - Request submitted with ID 2d1e5ab4-87c7-4b3b-8fa2-8e268a88d3f2, status accepted.
2025-12-05T09:09:20+0100 - era5land_to_datm.requests - INFO - Waiting 3.0 seconds before next request...
2025-12-05T09:09:23+0100 - era5land_to_datm.requests - INFO - Submitting request for year=2017, month=08...
2025-12-05T09:09:23+0100 - ecmwf.datastores.processing - INFO - Request ID is 006e92dc-dc8a-4b21-864b-14df59bba064
2025-12-05T09:09:23+0100 - ecmwf.datastores.processing - INFO - status has been updated to accepted
2025-12-05T09:09:23+0100 - era5land_to_datm.requests - INFO - Request submitted with ID 006e92dc-dc8a-4b21-864b-14df59bba064, status accepted.
2025-12-05T09:09:23+0100 - era5land_to_datm.requests - INFO - Waiting 3.0 seconds before next request...
2025-12-05T09:09:26+0100 - era5land_to_datm.requests - INFO - Submitting request for year=2017, month=09...
2025-12-05T09:09:27+0100 - ecmwf.datastores.processing - INFO - Request ID is 45cbc85b-64bb-4a80-880b-240b7058db6c
2025-12-05T09:09:27+0100 - ecmwf.datastores.processing - INFO - status has been updated to accepted
2025-12-05T09:09:27+0100 - era5land_to_datm.requests - INFO - Request submitted with ID 45cbc85b-64bb-4a80-880b-240b7058db6c, status accepted.
2025-12-05T09:09:27+0100 - era5land_to_datm.requests - INFO - Waiting 3.0 seconds before next request...
2025-12-05T09:09:30+0100 - era5land_to_datm.requests - INFO - Submitting request for year=2017, month=10...
2025-12-05T09:09:30+0100 - ecmwf.datastores.processing - INFO - Request ID is cc035484-5269-4c26-aeb7-36dc4edd4918
2025-12-05T09:09:31+0100 - ecmwf.datastores.processing - INFO - status has been updated to accepted
2025-12-05T09:09:31+0100 - era5land_to_datm.requests - INFO - Request submitted with ID cc035484-5269-4c26-aeb7-36dc4edd4918, status accepted.
2025-12-05T09:09:31+0100 - era5land_to_datm.requests - INFO - Waiting 3.0 seconds before next request...
2025-12-05T09:09:34+0100 - era5land_to_datm.requests - INFO - Submitting request for year=2017, month=11...
2025-12-05T09:09:34+0100 - ecmwf.datastores.processing - INFO - Request ID is 980bfffd-7601-49e4-a573-065e35602920
2025-12-05T09:09:34+0100 - ecmwf.datastores.processing - INFO - status has been updated to accepted
2025-12-05T09:09:34+0100 - era5land_to_datm.requests - INFO - Request submitted with ID 980bfffd-7601-49e4-a573-065e35602920, status accepted.
2025-12-05T09:09:34+0100 - era5land_to_datm.requests - INFO - Waiting 3.0 seconds before next request...
2025-12-05T09:09:37+0100 - era5land_to_datm.requests - INFO - Submitting request for year=2017, month=12...
2025-12-05T09:09:37+0100 - ecmwf.datastores.processing - INFO - Request ID is 24c16733-4758-48bb-bcc0-e8403109d571
2025-12-05T09:09:37+0100 - ecmwf.datastores.processing - INFO - status has been updated to accepted
2025-12-05T09:09:37+0100 - era5land_to_datm.requests - INFO - Request submitted with ID 24c16733-4758-48bb-bcc0-e8403109d571, status accepted.
2025-12-05T09:09:37+0100 - era5land_to_datm.requests - INFO - Waiting 3.0 seconds before next request...
2025-12-05T09:09:40+0100 - era5land_to_datm.requests - INFO - Submitting request for year=2018, month=01...
2025-12-05T09:09:41+0100 - ecmwf.datastores.processing - INFO - Request ID is da25895c-a895-4c89-bc60-1c0cb22bbca5
2025-12-05T09:09:41+0100 - ecmwf.datastores.processing - INFO - status has been updated to accepted
2025-12-05T09:09:41+0100 - era5land_to_datm.requests - INFO - Request submitted with ID da25895c-a895-4c89-bc60-1c0cb22bbca5, status accepted.
2025-12-05T09:09:41+0100 - era5land_to_datm.requests - INFO - Waiting 3.0 seconds before next request...
2025-12-05T09:09:44+0100 - era5land_to_datm.requests - INFO - Submitting request for year=2018, month=02...
2025-12-05T09:09:44+0100 - ecmwf.datastores.processing - INFO - Request ID is ab62771b-fedf-462e-a5e3-60fc90c95780
2025-12-05T09:09:44+0100 - ecmwf.datastores.processing - INFO - status has been updated to accepted
2025-12-05T09:09:44+0100 - era5land_to_datm.requests - INFO - Request submitted with ID ab62771b-fedf-462e-a5e3-60fc90c95780, status accepted.
2025-12-05T09:09:44+0100 - era5land_to_datm.requests - INFO - Waiting 3.0 seconds before next request...
2025-12-05T09:09:47+0100 - era5land_to_datm.requests - INFO - Submitting request for year=2018, month=03...
2025-12-05T09:09:48+0100 - ecmwf.datastores.processing - INFO - Request ID is c140f3ca-e5f9-4437-baf8-9218a90a9855
2025-12-05T09:09:48+0100 - ecmwf.datastores.processing - INFO - status has been updated to accepted
2025-12-05T09:09:48+0100 - era5land_to_datm.requests - INFO - Request submitted with ID c140f3ca-e5f9-4437-baf8-9218a90a9855, status accepted.
2025-12-05T09:09:48+0100 - era5land_to_datm.requests - INFO - Waiting 3.0 seconds before next request...
2025-12-05T09:09:51+0100 - era5land_to_datm.requests - INFO - Submitting request for year=2018, month=04...
2025-12-05T09:09:51+0100 - ecmwf.datastores.processing - INFO - Request ID is 8589b2f4-eee1-4390-93df-901c48c2aca4
2025-12-05T09:09:51+0100 - ecmwf.datastores.processing - INFO - status has been updated to accepted
2025-12-05T09:09:51+0100 - era5land_to_datm.requests - INFO - Request submitted with ID 8589b2f4-eee1-4390-93df-901c48c2aca4, status accepted.
2025-12-05T09:09:51+0100 - era5land_to_datm.requests - INFO - Waiting 3.0 seconds before next request...
2025-12-05T09:09:54+0100 - era5land_to_datm.requests - INFO - Submitting request for year=2018, month=05...
2025-12-05T09:09:55+0100 - ecmwf.datastores.processing - INFO - Request ID is bc9c059c-7cf8-408e-b12a-cce8a5d6d5ea
2025-12-05T09:09:55+0100 - ecmwf.datastores.processing - INFO - status has been updated to accepted
2025-12-05T09:09:55+0100 - era5land_to_datm.requests - INFO - Request submitted with ID bc9c059c-7cf8-408e-b12a-cce8a5d6d5ea, status accepted.
2025-12-05T09:09:55+0100 - era5land_to_datm.requests - INFO - Waiting 3.0 seconds before next request...
2025-12-05T09:09:58+0100 - era5land_to_datm.requests - INFO - Submitting request for year=2018, month=06...
2025-12-05T09:09:58+0100 - ecmwf.datastores.processing - INFO - Request ID is 69b91a2d-1adc-494e-acf2-6ebdb6cd2c22
2025-12-05T09:09:58+0100 - ecmwf.datastores.processing - INFO - status has been updated to accepted
2025-12-05T09:09:58+0100 - era5land_to_datm.requests - INFO - Request submitted with ID 69b91a2d-1adc-494e-acf2-6ebdb6cd2c22, status accepted.
2025-12-05T09:09:58+0100 - era5land_to_datm.requests - INFO - Waiting 3.0 seconds before next request...
2025-12-05T09:10:01+0100 - era5land_to_datm.requests - INFO - Submitting request for year=2018, month=07...
2025-12-05T09:10:01+0100 - ecmwf.datastores.processing - INFO - Request ID is 13a5cf50-f64b-4040-9f6a-ceee87958110
2025-12-05T09:10:01+0100 - ecmwf.datastores.processing - INFO - status has been updated to accepted
2025-12-05T09:10:01+0100 - era5land_to_datm.requests - INFO - Request submitted with ID 13a5cf50-f64b-4040-9f6a-ceee87958110, status accepted.
2025-12-05T09:10:01+0100 - era5land_to_datm.requests - INFO - Waiting 3.0 seconds before next request...
2025-12-05T09:10:04+0100 - era5land_to_datm.requests - INFO - Submitting request for year=2018, month=08...
2025-12-05T09:10:05+0100 - ecmwf.datastores.processing - INFO - Request ID is bc5f447e-f012-4338-afe0-5d48b0c5458f
2025-12-05T09:10:05+0100 - ecmwf.datastores.processing - INFO - status has been updated to accepted
2025-12-05T09:10:05+0100 - era5land_to_datm.requests - INFO - Request submitted with ID bc5f447e-f012-4338-afe0-5d48b0c5458f, status accepted.
2025-12-05T09:10:05+0100 - era5land_to_datm.requests - INFO - Waiting 3.0 seconds before next request...
2025-12-05T09:10:08+0100 - era5land_to_datm.requests - INFO - Submitting request for year=2018, month=09...
2025-12-05T09:10:08+0100 - ecmwf.datastores.processing - INFO - Request ID is dd7af112-9004-4a44-a021-4df4705dfd76
2025-12-05T09:10:08+0100 - ecmwf.datastores.processing - INFO - status has been updated to accepted
2025-12-05T09:10:08+0100 - era5land_to_datm.requests - INFO - Request submitted with ID dd7af112-9004-4a44-a021-4df4705dfd76, status accepted.
2025-12-05T09:10:08+0100 - era5land_to_datm.requests - INFO - Waiting 3.0 seconds before next request...
2025-12-05T09:10:11+0100 - era5land_to_datm.requests - INFO - Submitting request for year=2018, month=10...
2025-12-05T09:10:12+0100 - ecmwf.datastores.processing - INFO - Request ID is b1643866-4f0b-4dff-a95e-96e80e7076c1
2025-12-05T09:10:12+0100 - ecmwf.datastores.processing - INFO - status has been updated to accepted
2025-12-05T09:10:12+0100 - era5land_to_datm.requests - INFO - Request submitted with ID b1643866-4f0b-4dff-a95e-96e80e7076c1, status accepted.
2025-12-05T09:10:12+0100 - era5land_to_datm.requests - INFO - Waiting 3.0 seconds before next request...
2025-12-05T09:10:15+0100 - era5land_to_datm.requests - INFO - Submitting request for year=2018, month=11...
2025-12-05T09:10:15+0100 - ecmwf.datastores.processing - INFO - Request ID is fbeb705f-c695-4ee5-931a-29355a6a8d11
2025-12-05T09:10:15+0100 - ecmwf.datastores.processing - INFO - status has been updated to accepted
2025-12-05T09:10:15+0100 - era5land_to_datm.requests - INFO - Request submitted with ID fbeb705f-c695-4ee5-931a-29355a6a8d11, status accepted.
2025-12-05T09:10:15+0100 - era5land_to_datm.requests - INFO - Waiting 3.0 seconds before next request...
2025-12-05T09:10:18+0100 - era5land_to_datm.requests - INFO - Submitting request for year=2018, month=12...
2025-12-05T09:10:19+0100 - ecmwf.datastores.processing - INFO - Request ID is 0ae08664-2d64-453a-a901-327de3967905
2025-12-05T09:10:19+0100 - ecmwf.datastores.processing - INFO - status has been updated to accepted
2025-12-05T09:10:19+0100 - era5land_to_datm.requests - INFO - Request submitted with ID 0ae08664-2d64-453a-a901-327de3967905, status accepted.
2025-12-05T09:10:19+0100 - era5land_to_datm.requests - INFO - Waiting 3.0 seconds before next request...
2025-12-05T09:10:22+0100 - era5land_to_datm.requests - INFO - Submitting request for year=2019, month=01...
2025-12-05T09:10:22+0100 - ecmwf.datastores.processing - INFO - Request ID is 2d0cb208-70e6-4b93-aa1b-e25663a30db5
2025-12-05T09:10:22+0100 - ecmwf.datastores.processing - INFO - status has been updated to accepted
2025-12-05T09:10:22+0100 - era5land_to_datm.requests - INFO - Request submitted with ID 2d0cb208-70e6-4b93-aa1b-e25663a30db5, status accepted.
2025-12-05T09:10:22+0100 - era5land_to_datm.requests - INFO - Waiting 3.0 seconds before next request...
2025-12-05T09:10:25+0100 - era5land_to_datm.requests - INFO - Submitting request for year=2019, month=02...
2025-12-05T09:10:26+0100 - ecmwf.datastores.processing - INFO - Request ID is d4dabadb-dd80-479b-bcd6-44e1c77ccf2f
2025-12-05T09:10:26+0100 - ecmwf.datastores.processing - INFO - status has been updated to accepted
2025-12-05T09:10:26+0100 - era5land_to_datm.requests - INFO - Request submitted with ID d4dabadb-dd80-479b-bcd6-44e1c77ccf2f, status accepted.
2025-12-05T09:10:26+0100 - era5land_to_datm.requests - INFO - Waiting 3.0 seconds before next request...
2025-12-05T09:10:29+0100 - era5land_to_datm.requests - INFO - Submitting request for year=2019, month=03...
2025-12-05T09:10:29+0100 - ecmwf.datastores.processing - INFO - Request ID is 4645d0e1-7fe9-47fc-ba1f-f143b89f8aff
2025-12-05T09:10:29+0100 - ecmwf.datastores.processing - INFO - status has been updated to accepted
2025-12-05T09:10:29+0100 - era5land_to_datm.requests - INFO - Request submitted with ID 4645d0e1-7fe9-47fc-ba1f-f143b89f8aff, status accepted.
2025-12-05T09:10:29+0100 - era5land_to_datm.requests - INFO - Waiting 3.0 seconds before next request...
2025-12-05T09:10:32+0100 - era5land_to_datm.requests - INFO - Submitting request for year=2019, month=04...
2025-12-05T09:10:32+0100 - ecmwf.datastores.processing - INFO - Request ID is c5f0fe0d-2ce1-47cf-bafc-7769544e1edc
2025-12-05T09:10:33+0100 - ecmwf.datastores.processing - INFO - status has been updated to accepted
2025-12-05T09:10:33+0100 - era5land_to_datm.requests - INFO - Request submitted with ID c5f0fe0d-2ce1-47cf-bafc-7769544e1edc, status accepted.
2025-12-05T09:10:33+0100 - era5land_to_datm.requests - INFO - Waiting 3.0 seconds before next request...
2025-12-05T09:10:36+0100 - era5land_to_datm.requests - INFO - Submitting request for year=2019, month=05...
2025-12-05T09:10:37+0100 - ecmwf.datastores.processing - INFO - Request ID is 22bcede3-dda4-4b99-9293-d3fc01133c20
2025-12-05T09:10:37+0100 - ecmwf.datastores.processing - INFO - status has been updated to accepted
2025-12-05T09:10:37+0100 - era5land_to_datm.requests - INFO - Request submitted with ID 22bcede3-dda4-4b99-9293-d3fc01133c20, status accepted.
2025-12-05T09:10:37+0100 - era5land_to_datm.requests - INFO - Waiting 3.0 seconds before next request...
2025-12-05T09:10:40+0100 - era5land_to_datm.requests - INFO - Submitting request for year=2019, month=06...
2025-12-05T09:10:42+0100 - ecmwf.datastores.processing - INFO - Request ID is 2e053ccc-b752-46a7-9301-2e60ef01dcff
2025-12-05T09:10:42+0100 - ecmwf.datastores.processing - INFO - status has been updated to accepted
2025-12-05T09:10:42+0100 - era5land_to_datm.requests - INFO - Request submitted with ID 2e053ccc-b752-46a7-9301-2e60ef01dcff, status accepted.
2025-12-05T09:10:42+0100 - era5land_to_datm.requests - INFO - Waiting 3.0 seconds before next request...
2025-12-05T09:10:45+0100 - era5land_to_datm.requests - INFO - Submitting request for year=2019, month=07...
2025-12-05T09:10:46+0100 - ecmwf.datastores.processing - INFO - Request ID is 01820b8c-fc89-485d-80da-eb96d5df3ca7
2025-12-05T09:10:46+0100 - ecmwf.datastores.processing - INFO - status has been updated to accepted
2025-12-05T09:10:46+0100 - era5land_to_datm.requests - INFO - Request submitted with ID 01820b8c-fc89-485d-80da-eb96d5df3ca7, status accepted.
2025-12-05T09:10:46+0100 - era5land_to_datm.requests - INFO - Waiting 3.0 seconds before next request...
2025-12-05T09:10:49+0100 - era5land_to_datm.requests - INFO - Submitting request for year=2019, month=08...
2025-12-05T09:10:50+0100 - ecmwf.datastores.processing - INFO - Request ID is 42840593-b3a2-42eb-b7d8-66eb16e6a32b
2025-12-05T09:10:50+0100 - ecmwf.datastores.processing - INFO - status has been updated to accepted
2025-12-05T09:10:50+0100 - era5land_to_datm.requests - INFO - Request submitted with ID 42840593-b3a2-42eb-b7d8-66eb16e6a32b, status accepted.
2025-12-05T09:10:50+0100 - era5land_to_datm.requests - INFO - Waiting 3.0 seconds before next request...
2025-12-05T09:10:53+0100 - era5land_to_datm.requests - INFO - Submitting request for year=2019, month=09...
2025-12-05T09:10:54+0100 - ecmwf.datastores.processing - INFO - Request ID is 2e15e390-0fe2-4dbf-9786-e81a9f63d37e
2025-12-05T09:10:54+0100 - ecmwf.datastores.processing - INFO - status has been updated to accepted
2025-12-05T09:10:54+0100 - era5land_to_datm.requests - INFO - Request submitted with ID 2e15e390-0fe2-4dbf-9786-e81a9f63d37e, status accepted.
2025-12-05T09:10:54+0100 - era5land_to_datm.requests - INFO - Waiting 3.0 seconds before next request...
2025-12-05T09:10:57+0100 - era5land_to_datm.requests - INFO - Submitting request for year=2019, month=10...
2025-12-05T09:10:57+0100 - ecmwf.datastores.processing - INFO - Request ID is f7fa285c-cb05-42bd-bf1e-90e362dae141
2025-12-05T09:10:57+0100 - ecmwf.datastores.processing - INFO - status has been updated to accepted
2025-12-05T09:10:57+0100 - era5land_to_datm.requests - INFO - Request submitted with ID f7fa285c-cb05-42bd-bf1e-90e362dae141, status accepted.
2025-12-05T09:10:57+0100 - era5land_to_datm.requests - INFO - Waiting 3.0 seconds before next request...
2025-12-05T09:11:00+0100 - era5land_to_datm.requests - INFO - Submitting request for year=2019, month=11...
2025-12-05T09:11:00+0100 - ecmwf.datastores.processing - INFO - Request ID is d7f030a2-f9c4-4bd0-8c46-4b2128f354ff
2025-12-05T09:11:01+0100 - ecmwf.datastores.processing - INFO - status has been updated to accepted
2025-12-05T09:11:01+0100 - era5land_to_datm.requests - INFO - Request submitted with ID d7f030a2-f9c4-4bd0-8c46-4b2128f354ff, status accepted.
2025-12-05T09:11:01+0100 - era5land_to_datm.requests - INFO - Waiting 3.0 seconds before next request...
2025-12-05T09:11:04+0100 - era5land_to_datm.requests - INFO - Submitting request for year=2019, month=12...
2025-12-05T09:11:04+0100 - ecmwf.datastores.processing - INFO - Request ID is e34b6d7c-2d19-4ba6-bda6-8f735922e862
2025-12-05T09:11:04+0100 - ecmwf.datastores.processing - INFO - status has been updated to accepted
2025-12-05T09:11:04+0100 - era5land_to_datm.requests - INFO - Request submitted with ID e34b6d7c-2d19-4ba6-bda6-8f735922e862, status accepted.
