2025-12-05T08:56:17+0100 - root - INFO - Logger initialized.
2025-12-05T08:56:17+0100 - root - INFO - Logging to file: /cluster/home/janko/src/era5land_to_datm/scripts/era5land_to_datm_script_20251205T075617.log
2025-12-05T08:56:22+0100 - ecmwf.datastores.processing - INFO - [2025-12-03T00:00:00Z] To improve our C3S service, we need to hear from you! Please complete this very short [survey](https://confluence.ecmwf.int/x/E7uBEQ/). Thank you.
2025-12-05T08:56:22+0100 - era5land_to_datm.download - INFO - Received 5 request IDs from server.
2025-12-05T08:56:22+0100 - era5land_to_datm.download - INFO - Retrieving Remote for request ID fcc73489-a87b-403f-a330-70af2762d3fb (1/5)...
2025-12-05T08:56:22+0100 - ecmwf.datastores.processing - INFO - Request ID is fcc73489-a87b-403f-a330-70af2762d3fb
2025-12-05T08:56:22+0100 - ecmwf.datastores.processing - INFO - Request ID is fcc73489-a87b-403f-a330-70af2762d3fb
2025-12-05T08:56:22+0100 - era5land_to_datm.download - INFO - Sleeping for 0.5 seconds before next call...
2025-12-05T08:56:23+0100 - era5land_to_datm.download - INFO - Retrieving Remote for request ID 96c419ad-32b0-4348-8bef-4b457ce56111 (2/5)...
2025-12-05T08:56:23+0100 - ecmwf.datastores.processing - INFO - Request ID is 96c419ad-32b0-4348-8bef-4b457ce56111
2025-12-05T08:56:23+0100 - ecmwf.datastores.processing - INFO - Request ID is 96c419ad-32b0-4348-8bef-4b457ce56111
2025-12-05T08:56:23+0100 - era5land_to_datm.download - INFO - Sleeping for 0.5 seconds before next call...
2025-12-05T08:56:24+0100 - era5land_to_datm.download - INFO - Retrieving Remote for request ID c461a9db-7818-454c-860d-1ef1b1ee0228 (3/5)...
2025-12-05T08:56:24+0100 - ecmwf.datastores.processing - INFO - Request ID is c461a9db-7818-454c-860d-1ef1b1ee0228
2025-12-05T08:56:24+0100 - ecmwf.datastores.processing - INFO - Request ID is c461a9db-7818-454c-860d-1ef1b1ee0228
2025-12-05T08:56:24+0100 - era5land_to_datm.download - INFO - Sleeping for 0.5 seconds before next call...
2025-12-05T08:56:24+0100 - era5land_to_datm.download - INFO - Retrieving Remote for request ID 3323b9a9-9a94-4abf-a3fc-b90d4be8240a (4/5)...
2025-12-05T08:56:24+0100 - ecmwf.datastores.processing - INFO - Request ID is 3323b9a9-9a94-4abf-a3fc-b90d4be8240a
2025-12-05T08:56:24+0100 - ecmwf.datastores.processing - INFO - Request ID is 3323b9a9-9a94-4abf-a3fc-b90d4be8240a
2025-12-05T08:56:24+0100 - era5land_to_datm.download - INFO - Sleeping for 0.5 seconds before next call...
2025-12-05T08:56:25+0100 - era5land_to_datm.download - INFO - Retrieving Remote for request ID 437848e3-41be-4e1f-9944-d1ebbe9c1690 (5/5)...
2025-12-05T08:56:25+0100 - ecmwf.datastores.processing - INFO - Request ID is 437848e3-41be-4e1f-9944-d1ebbe9c1690
2025-12-05T08:56:25+0100 - ecmwf.datastores.processing - INFO - Request ID is 437848e3-41be-4e1f-9944-d1ebbe9c1690
2025-12-05T08:56:32+0100 - ecmwf.datastores.processing - INFO - status has been updated to successful
2025-12-05T08:56:32+0100 - ecmwf.datastores.processing - INFO - status has been updated to successful
2025-12-05T08:56:32+0100 - ecmwf.datastores.processing - INFO - status has been updated to successful
2025-12-05T08:56:32+0100 - ecmwf.datastores.processing - INFO - status has been updated to successful
2025-12-05T08:56:33+0100 - ecmwf.datastores.processing - INFO - status has been updated to successful
2025-12-05T08:56:58+0100 - era5land_to_datm.download - INFO - Results ready for remote with id fcc73489-a87b-403f-a330-70af2762d3fb; downloading to /cluster/shared/noresm/inputdata/cicero_mods/ERA5-Land_NorSink/original_GRIB_NorwayRect/era5land_d2m_sp_ssrd_strd_t2m_tp_u10_v10_2009_12.grib...
2025-12-05T08:56:58+0100 - multiurl.base - INFO - Downloading https://object-store.os-api.cci2.ecmwf.int:443/cci2-prod-cache-3/2025-12-05/e8c82ac46db5fbbe365305322b3d6cbd.grib
2025-12-05T08:57:08+0100 - era5land_to_datm.download - INFO - Results ready for remote with id 96c419ad-32b0-4348-8bef-4b457ce56111; downloading to /cluster/shared/noresm/inputdata/cicero_mods/ERA5-Land_NorSink/original_GRIB_NorwayRect/era5land_d2m_sp_ssrd_strd_t2m_tp_u10_v10_2009_11.grib...
2025-12-05T08:57:08+0100 - multiurl.base - INFO - Downloading https://object-store.os-api.cci2.ecmwf.int:443/cci2-prod-cache-2/2025-12-05/8b32444efef1a50b584ef74c50c636a7.grib
2025-12-05T08:57:16+0100 - era5land_to_datm.download - INFO - Results ready for remote with id c461a9db-7818-454c-860d-1ef1b1ee0228; downloading to /cluster/shared/noresm/inputdata/cicero_mods/ERA5-Land_NorSink/original_GRIB_NorwayRect/era5land_d2m_sp_ssrd_strd_t2m_tp_u10_v10_2009_10.grib...
2025-12-05T08:57:17+0100 - multiurl.base - INFO - Downloading https://object-store.os-api.cci2.ecmwf.int:443/cci2-prod-cache-3/2025-12-05/b5054d2ef18312bb6467961271e5952a.grib
2025-12-05T08:57:30+0100 - era5land_to_datm.download - INFO - Results ready for remote with id 3323b9a9-9a94-4abf-a3fc-b90d4be8240a; downloading to /cluster/shared/noresm/inputdata/cicero_mods/ERA5-Land_NorSink/original_GRIB_NorwayRect/era5land_d2m_sp_ssrd_strd_t2m_tp_u10_v10_2009_09.grib...
2025-12-05T08:57:30+0100 - multiurl.base - INFO - Downloading https://object-store.os-api.cci2.ecmwf.int:443/cci2-prod-cache-1/2025-12-05/424c056f6f1a9812c9f09244697049ec.grib
2025-12-05T08:57:39+0100 - era5land_to_datm.download - INFO - Results ready for remote with id 437848e3-41be-4e1f-9944-d1ebbe9c1690; downloading to /cluster/shared/noresm/inputdata/cicero_mods/ERA5-Land_NorSink/original_GRIB_NorwayRect/era5land_d2m_sp_ssrd_strd_t2m_tp_u10_v10_2009_08.grib...
2025-12-05T08:57:39+0100 - multiurl.base - INFO - Downloading https://object-store.os-api.cci2.ecmwf.int:443/cci2-prod-cache-2/2025-12-04/142f13a9ec2cd8429c9f4c48a9dada93.grib
2025-12-05T08:58:42+0100 - root - INFO - Deleting downloaded remotes...
2025-12-05T08:58:42+0100 - root - INFO - Deleting Remote with id fcc73489-a87b-403f-a330-70af2762d3fb for 2009-12 after downloading file /cluster/shared/noresm/inputdata/cicero_mods/ERA5-Land_NorSink/original_GRIB_NorwayRect/era5land_d2m_sp_ssrd_strd_t2m_tp_u10_v10_2009_12.grib...
2025-12-05T08:58:44+0100 - root - INFO - Deleting Remote with id 96c419ad-32b0-4348-8bef-4b457ce56111 for 2009-11 after downloading file /cluster/shared/noresm/inputdata/cicero_mods/ERA5-Land_NorSink/original_GRIB_NorwayRect/era5land_d2m_sp_ssrd_strd_t2m_tp_u10_v10_2009_11.grib...
2025-12-05T08:58:45+0100 - root - INFO - Deleting Remote with id c461a9db-7818-454c-860d-1ef1b1ee0228 for 2009-10 after downloading file /cluster/shared/noresm/inputdata/cicero_mods/ERA5-Land_NorSink/original_GRIB_NorwayRect/era5land_d2m_sp_ssrd_strd_t2m_tp_u10_v10_2009_10.grib...
2025-12-05T08:58:45+0100 - root - INFO - Deleting Remote with id 3323b9a9-9a94-4abf-a3fc-b90d4be8240a for 2009-09 after downloading file /cluster/shared/noresm/inputdata/cicero_mods/ERA5-Land_NorSink/original_GRIB_NorwayRect/era5land_d2m_sp_ssrd_strd_t2m_tp_u10_v10_2009_09.grib...
2025-12-05T08:58:46+0100 - root - INFO - Deleting Remote with id 437848e3-41be-4e1f-9944-d1ebbe9c1690 for 2009-08 after downloading file /cluster/shared/noresm/inputdata/cicero_mods/ERA5-Land_NorSink/original_GRIB_NorwayRect/era5land_d2m_sp_ssrd_strd_t2m_tp_u10_v10_2009_08.grib...
2025-12-05T08:58:55+0100 - root - INFO - Deleting remotes for files already present locally...
