2025-12-23T16:23:14+0100 - root - INFO - Logger initialized.
2025-12-23T16:23:14+0100 - root - INFO - Logging to file: /cluster/home/janko/src/era5land_to_datm/scripts/era5land_to_datm_script_20251223T152314.log
2025-12-23T16:23:17+0100 - ecmwf.datastores.processing - INFO - [2025-12-03T00:00:00Z] To improve our C3S service, we need to hear from you! Please complete this very short [survey](https://confluence.ecmwf.int/x/E7uBEQ/). Thank you.
2025-12-23T16:23:17+0100 - era5land_to_datm.download - INFO - Received 5 request IDs from server.
2025-12-23T16:23:17+0100 - era5land_to_datm.download - INFO - Retrieving Remote for request ID 2a13ade3-76f7-404e-876b-d5d3b0e15872 (1/5)...
2025-12-23T16:23:17+0100 - ecmwf.datastores.processing - INFO - Request ID is 2a13ade3-76f7-404e-876b-d5d3b0e15872
2025-12-23T16:23:17+0100 - ecmwf.datastores.processing - INFO - Request ID is 2a13ade3-76f7-404e-876b-d5d3b0e15872
2025-12-23T16:23:17+0100 - era5land_to_datm.download - INFO - Sleeping for 0.5 seconds before next call...
2025-12-23T16:23:18+0100 - era5land_to_datm.download - INFO - Retrieving Remote for request ID 0f9410be-46f4-4734-8704-2675738b695b (2/5)...
2025-12-23T16:23:18+0100 - ecmwf.datastores.processing - INFO - Request ID is 0f9410be-46f4-4734-8704-2675738b695b
2025-12-23T16:23:18+0100 - ecmwf.datastores.processing - INFO - Request ID is 0f9410be-46f4-4734-8704-2675738b695b
2025-12-23T16:23:18+0100 - era5land_to_datm.download - INFO - Sleeping for 0.5 seconds before next call...
2025-12-23T16:23:18+0100 - era5land_to_datm.download - INFO - Retrieving Remote for request ID 83b19e16-515d-4a93-a69a-7c2435eb1590 (3/5)...
2025-12-23T16:23:18+0100 - ecmwf.datastores.processing - INFO - Request ID is 83b19e16-515d-4a93-a69a-7c2435eb1590
2025-12-23T16:23:18+0100 - ecmwf.datastores.processing - INFO - Request ID is 83b19e16-515d-4a93-a69a-7c2435eb1590
2025-12-23T16:23:18+0100 - era5land_to_datm.download - INFO - Sleeping for 0.5 seconds before next call...
2025-12-23T16:23:19+0100 - era5land_to_datm.download - INFO - Retrieving Remote for request ID f28a2d2f-4092-4edc-9a4e-7a2d7b5dce82 (4/5)...
2025-12-23T16:23:19+0100 - ecmwf.datastores.processing - INFO - Request ID is f28a2d2f-4092-4edc-9a4e-7a2d7b5dce82
2025-12-23T16:23:19+0100 - ecmwf.datastores.processing - INFO - Request ID is f28a2d2f-4092-4edc-9a4e-7a2d7b5dce82
2025-12-23T16:23:19+0100 - era5land_to_datm.download - INFO - Sleeping for 0.5 seconds before next call...
2025-12-23T16:23:19+0100 - era5land_to_datm.download - INFO - Retrieving Remote for request ID 57350a51-dfad-4b4a-889c-2c87286dd5fc (5/5)...
2025-12-23T16:23:20+0100 - ecmwf.datastores.processing - INFO - Request ID is 57350a51-dfad-4b4a-889c-2c87286dd5fc
2025-12-23T16:23:20+0100 - ecmwf.datastores.processing - INFO - Request ID is 57350a51-dfad-4b4a-889c-2c87286dd5fc
2025-12-23T16:23:23+0100 - ecmwf.datastores.processing - INFO - status has been updated to accepted
2025-12-23T16:23:23+0100 - ecmwf.datastores.processing - INFO - status has been updated to accepted
2025-12-23T16:23:23+0100 - ecmwf.datastores.processing - INFO - status has been updated to running
2025-12-23T16:23:23+0100 - ecmwf.datastores.processing - INFO - status has been updated to successful
2025-12-23T16:23:23+0100 - ecmwf.datastores.processing - INFO - status has been updated to successful
2025-12-23T16:23:34+0100 - era5land_to_datm.download - INFO - No files available yet for remote with id 2a13ade3-76f7-404e-876b-d5d3b0e15872; skipping download.
2025-12-23T16:23:35+0100 - era5land_to_datm.download - INFO - No files available yet for remote with id 0f9410be-46f4-4734-8704-2675738b695b; skipping download.
2025-12-23T16:23:35+0100 - era5land_to_datm.download - INFO - No files available yet for remote with id 83b19e16-515d-4a93-a69a-7c2435eb1590; skipping download.
2025-12-23T16:23:35+0100 - era5land_to_datm.download - INFO - Results ready for remote with id f28a2d2f-4092-4edc-9a4e-7a2d7b5dce82; downloading to /cluster/shared/noresm/inputdata/cicero_mods/ERA5-Land_NorSink/original_GRIB_NorwayRect/era5land_d2m_sp_ssrd_strd_t2m_tp_u10_v10_1983_09.grib...
2025-12-23T16:23:35+0100 - multiurl.base - INFO - Downloading https://object-store.os-api.cci2.ecmwf.int:443/cci2-prod-cache-1/2025-12-23/ed03196fff643bacf9a8fb6f9a4eb7ac.grib
2025-12-23T16:23:46+0100 - era5land_to_datm.download - INFO - Results ready for remote with id 57350a51-dfad-4b4a-889c-2c87286dd5fc; downloading to /cluster/shared/noresm/inputdata/cicero_mods/ERA5-Land_NorSink/original_GRIB_NorwayRect/era5land_d2m_sp_ssrd_strd_t2m_tp_u10_v10_1983_08.grib...
2025-12-23T16:23:46+0100 - multiurl.base - INFO - Downloading https://object-store.os-api.cci2.ecmwf.int:443/cci2-prod-cache-1/2025-12-23/8d3c5e411d58ed813075f4ee9dca2876.grib
2025-12-23T16:24:57+0100 - root - INFO - Deleting downloaded remotes...
2025-12-23T16:24:57+0100 - root - INFO - Deleting Remote with id f28a2d2f-4092-4edc-9a4e-7a2d7b5dce82 for 1983-09 after downloading file /cluster/shared/noresm/inputdata/cicero_mods/ERA5-Land_NorSink/original_GRIB_NorwayRect/era5land_d2m_sp_ssrd_strd_t2m_tp_u10_v10_1983_09.grib...
2025-12-23T16:24:58+0100 - root - INFO - Deleting Remote with id 57350a51-dfad-4b4a-889c-2c87286dd5fc for 1983-08 after downloading file /cluster/shared/noresm/inputdata/cicero_mods/ERA5-Land_NorSink/original_GRIB_NorwayRect/era5land_d2m_sp_ssrd_strd_t2m_tp_u10_v10_1983_08.grib...
2025-12-23T16:25:01+0100 - root - INFO - Deleting remotes for files already present locally...
