2025-12-02T19:21:52+0100 - root - INFO - Logger initialized.
2025-12-02T19:21:52+0100 - root - INFO - Logging to file: /cluster/home/janko/src/era5land_to_datm/scripts/era5land_to_datm_script_20251202T182152.log
2025-12-02T19:22:01+0100 - ecmwf.datastores.processing - INFO - Request ID is 3d72cdc9-1f96-4d04-b978-97a31f50f44f
2025-12-02T19:22:01+0100 - ecmwf.datastores.processing - INFO - Request ID is a9538d08-1824-4947-b26c-5cd93bda35a8
2025-12-02T19:22:01+0100 - ecmwf.datastores.processing - INFO - Request ID is 1a41d618-3b85-4995-88cf-6c085e3d1087
2025-12-02T19:22:01+0100 - ecmwf.datastores.processing - INFO - Request ID is 0a6aaa02-67a9-4be8-ba53-cc2ca92b6a07
2025-12-02T19:22:01+0100 - ecmwf.datastores.processing - INFO - Request ID is aadbb6e3-df32-4395-a6b3-e227b14d5de8
2025-12-02T19:22:01+0100 - ecmwf.datastores.processing - INFO - Request ID is c5013379-7c9b-4271-8b09-b78f103d39bc
2025-12-02T19:22:01+0100 - ecmwf.datastores.processing - INFO - Request ID is a69f63af-f796-4457-a64c-6497b1e56191
2025-12-02T19:22:01+0100 - ecmwf.datastores.processing - INFO - Request ID is e06056b1-b01c-4f63-8bfb-d38a0a5849b1
2025-12-02T19:22:01+0100 - ecmwf.datastores.processing - INFO - Request ID is 496ecd27-0427-45bc-b656-3f2f17de8ce2
2025-12-02T19:22:02+0100 - ecmwf.datastores.processing - INFO - Request ID is 72bd1ae4-423d-4cb4-b909-dcc0e826ae2c
2025-12-02T19:22:02+0100 - ecmwf.datastores.processing - INFO - Request ID is b5ff27be-21f9-466a-b392-18baa86f0dbb
2025-12-02T19:22:02+0100 - ecmwf.datastores.processing - INFO - Request ID is c39ae176-76fd-4b82-bd0a-cfb3a223642e
2025-12-02T19:22:02+0100 - ecmwf.datastores.processing - INFO - Request ID is 0cbf4c6c-d8b1-42b7-a5a9-53a0d88981df
2025-12-02T19:22:02+0100 - ecmwf.datastores.processing - INFO - Request ID is e5205ada-9702-46a4-af67-54982fcca357
2025-12-02T19:22:02+0100 - ecmwf.datastores.processing - INFO - Request ID is 5907f3ed-83f7-41ba-b0b0-a978e4a572c9
2025-12-02T19:22:02+0100 - ecmwf.datastores.processing - INFO - Request ID is 879b6f7f-a814-4ab9-8388-3aa8efad70ed
2025-12-02T19:22:02+0100 - ecmwf.datastores.processing - INFO - Request ID is 576f651a-0f01-4372-8e52-d3a89b791063
2025-12-02T19:22:02+0100 - ecmwf.datastores.processing - INFO - Request ID is 339f67a8-e161-4087-994a-4d4d20e0f727
2025-12-02T19:22:02+0100 - ecmwf.datastores.processing - INFO - Request ID is b9b09315-b209-4a4f-b1d4-875d9a56af64
2025-12-02T19:22:02+0100 - ecmwf.datastores.processing - INFO - Request ID is f6fb57bb-6b0b-47f0-baa3-f9e116b76464
2025-12-02T19:22:02+0100 - ecmwf.datastores.processing - INFO - Request ID is 53262a78-6db1-434b-a8e2-22443a02ce64
2025-12-02T19:22:02+0100 - ecmwf.datastores.processing - INFO - Request ID is 5a70dc8e-3a5f-49f4-ac40-14537a943f52
2025-12-02T19:22:33+0100 - ecmwf.datastores.processing - INFO - status has been updated to successful
2025-12-02T19:22:33+0100 - ecmwf.datastores.processing - INFO - status has been updated to successful
2025-12-02T19:22:33+0100 - ecmwf.datastores.processing - INFO - status has been updated to successful
2025-12-02T19:22:33+0100 - ecmwf.datastores.processing - INFO - status has been updated to successful
2025-12-02T19:22:33+0100 - ecmwf.datastores.processing - INFO - status has been updated to successful
2025-12-02T19:22:34+0100 - ecmwf.datastores.processing - INFO - status has been updated to successful
2025-12-02T19:22:34+0100 - ecmwf.datastores.processing - INFO - status has been updated to successful
2025-12-02T19:22:34+0100 - ecmwf.datastores.processing - INFO - status has been updated to successful
2025-12-02T19:22:34+0100 - ecmwf.datastores.processing - INFO - status has been updated to successful
2025-12-02T19:22:34+0100 - ecmwf.datastores.processing - INFO - status has been updated to successful
2025-12-02T19:22:34+0100 - ecmwf.datastores.processing - INFO - status has been updated to successful
2025-12-02T19:22:34+0100 - ecmwf.datastores.processing - INFO - status has been updated to successful
2025-12-02T19:22:34+0100 - ecmwf.datastores.processing - INFO - status has been updated to successful
2025-12-02T19:22:34+0100 - ecmwf.datastores.processing - INFO - status has been updated to successful
2025-12-02T19:22:34+0100 - ecmwf.datastores.processing - INFO - status has been updated to successful
2025-12-02T19:22:34+0100 - ecmwf.datastores.processing - INFO - status has been updated to successful
2025-12-02T19:22:34+0100 - ecmwf.datastores.processing - INFO - status has been updated to successful
2025-12-02T19:29:03+0100 - multiurl.http - WARNING - Recovering from HTTP error [500 Internal Server Error], attempt 1 of 500
2025-12-02T19:29:03+0100 - multiurl.http - WARNING - Retrying in 120 seconds
2025-12-02T19:31:02+0100 - multiurl.base - INFO - Downloading https://object-store.os-api.cci2.ecmwf.int:443/cci2-prod-cache-1/2025-11-30/42f607f69708d4a1e8ea802e65ca176a.grib
2025-12-02T19:31:13+0100 - ecmwf.datastores.processing - INFO - status has been updated to successful
2025-12-02T19:31:13+0100 - multiurl.base - INFO - Downloading https://object-store.os-api.cci2.ecmwf.int:443/cci2-prod-cache-2/2025-11-30/41757b8be583aa1e746614c93c4bdea.grib
2025-12-02T19:31:25+0100 - multiurl.base - INFO - Downloading https://object-store.os-api.cci2.ecmwf.int:443/cci2-prod-cache-1/2025-11-30/52beef0acee7e797e787d52d862b7295.grib
2025-12-02T19:35:42+0100 - ecmwf.datastores.processing - INFO - Request ID is 72bd1ae4-423d-4cb4-b909-dcc0e826ae2c
2025-12-02T19:35:47+0100 - ecmwf.datastores.processing - INFO - status has been updated to successful
2025-12-02T19:39:25+0100 - multiurl.base - INFO - Downloading https://object-store.os-api.cci2.ecmwf.int:443/cci2-prod-cache-3/2025-11-30/15c2213b90c6407ec99487efad5fade7.grib
2025-12-02T19:39:36+0100 - multiurl.base - INFO - Downloading https://object-store.os-api.cci2.ecmwf.int:443/cci2-prod-cache-3/2025-11-30/7045a9da7a01a6a2b95da0393468cc5a.grib
2025-12-02T19:39:56+0100 - era5land_to_datm.download - ERROR - Error occurred while attempting to download files for remote with id 72bd1ae4-423d-4cb4-b909-dcc0e826ae2c: 404 Client Error: Not Found for url: https://cds.climate.copernicus.eu/api/retrieve/v1/jobs/72bd1ae4-423d-4cb4-b909-dcc0e826ae2c/results
results expired
results of job 72bd1ae4-423d-4cb4-b909-dcc0e826ae2c expired
2025-12-02T19:39:57+0100 - era5land_to_datm.download - ERROR - Error occurred while attempting to download files for remote with id b5ff27be-21f9-466a-b392-18baa86f0dbb: 404 Client Error: Not Found for url: https://cds.climate.copernicus.eu/api/retrieve/v1/jobs/b5ff27be-21f9-466a-b392-18baa86f0dbb/results
results expired
results of job b5ff27be-21f9-466a-b392-18baa86f0dbb expired
2025-12-02T19:39:57+0100 - era5land_to_datm.download - ERROR - Error occurred while attempting to download files for remote with id c39ae176-76fd-4b82-bd0a-cfb3a223642e: 404 Client Error: Not Found for url: https://cds.climate.copernicus.eu/api/retrieve/v1/jobs/c39ae176-76fd-4b82-bd0a-cfb3a223642e/results
results expired
results of job c39ae176-76fd-4b82-bd0a-cfb3a223642e expired
2025-12-02T19:39:58+0100 - era5land_to_datm.download - ERROR - Error occurred while attempting to download files for remote with id 0cbf4c6c-d8b1-42b7-a5a9-53a0d88981df: 404 Client Error: Not Found for url: https://cds.climate.copernicus.eu/api/retrieve/v1/jobs/0cbf4c6c-d8b1-42b7-a5a9-53a0d88981df/results
results expired
results of job 0cbf4c6c-d8b1-42b7-a5a9-53a0d88981df expired
2025-12-02T19:39:58+0100 - era5land_to_datm.download - ERROR - Error occurred while attempting to download files for remote with id e5205ada-9702-46a4-af67-54982fcca357: 404 Client Error: Not Found for url: https://cds.climate.copernicus.eu/api/retrieve/v1/jobs/e5205ada-9702-46a4-af67-54982fcca357/results
results expired
results of job e5205ada-9702-46a4-af67-54982fcca357 expired
2025-12-02T19:39:59+0100 - era5land_to_datm.download - ERROR - Error occurred while attempting to download files for remote with id 5907f3ed-83f7-41ba-b0b0-a978e4a572c9: 404 Client Error: Not Found for url: https://cds.climate.copernicus.eu/api/retrieve/v1/jobs/5907f3ed-83f7-41ba-b0b0-a978e4a572c9/results
results expired
results of job 5907f3ed-83f7-41ba-b0b0-a978e4a572c9 expired
2025-12-02T19:39:59+0100 - era5land_to_datm.download - ERROR - Error occurred while attempting to download files for remote with id 879b6f7f-a814-4ab9-8388-3aa8efad70ed: 404 Client Error: Not Found for url: https://cds.climate.copernicus.eu/api/retrieve/v1/jobs/879b6f7f-a814-4ab9-8388-3aa8efad70ed/results
results expired
results of job 879b6f7f-a814-4ab9-8388-3aa8efad70ed expired
2025-12-02T19:40:00+0100 - era5land_to_datm.download - ERROR - Error occurred while attempting to download files for remote with id 576f651a-0f01-4372-8e52-d3a89b791063: 404 Client Error: Not Found for url: https://cds.climate.copernicus.eu/api/retrieve/v1/jobs/576f651a-0f01-4372-8e52-d3a89b791063/results
results expired
results of job 576f651a-0f01-4372-8e52-d3a89b791063 expired
2025-12-02T19:40:01+0100 - era5land_to_datm.download - ERROR - Error occurred while attempting to download files for remote with id 339f67a8-e161-4087-994a-4d4d20e0f727: 404 Client Error: Not Found for url: https://cds.climate.copernicus.eu/api/retrieve/v1/jobs/339f67a8-e161-4087-994a-4d4d20e0f727/results
results expired
results of job 339f67a8-e161-4087-994a-4d4d20e0f727 expired
2025-12-02T19:40:01+0100 - era5land_to_datm.download - ERROR - Error occurred while attempting to download files for remote with id b9b09315-b209-4a4f-b1d4-875d9a56af64: 404 Client Error: Not Found for url: https://cds.climate.copernicus.eu/api/retrieve/v1/jobs/b9b09315-b209-4a4f-b1d4-875d9a56af64/results
results expired
results of job b9b09315-b209-4a4f-b1d4-875d9a56af64 expired
2025-12-02T19:40:02+0100 - era5land_to_datm.download - ERROR - Error occurred while attempting to download files for remote with id f6fb57bb-6b0b-47f0-baa3-f9e116b76464: 404 Client Error: Not Found for url: https://cds.climate.copernicus.eu/api/retrieve/v1/jobs/f6fb57bb-6b0b-47f0-baa3-f9e116b76464/results
results expired
results of job f6fb57bb-6b0b-47f0-baa3-f9e116b76464 expired
2025-12-02T19:40:03+0100 - ecmwf.datastores.processing - INFO - status has been updated to successful
2025-12-02T19:40:03+0100 - era5land_to_datm.download - ERROR - Error occurred while attempting to download files for remote with id 53262a78-6db1-434b-a8e2-22443a02ce64: 404 Client Error: Not Found for url: https://cds.climate.copernicus.eu/api/retrieve/v1/jobs/53262a78-6db1-434b-a8e2-22443a02ce64/results
results expired
results of job 53262a78-6db1-434b-a8e2-22443a02ce64 expired
2025-12-02T19:40:03+0100 - era5land_to_datm.download - ERROR - Error occurred while attempting to download files for remote with id 5a70dc8e-3a5f-49f4-ac40-14537a943f52: 404 Client Error: Not Found for url: https://cds.climate.copernicus.eu/api/retrieve/v1/jobs/5a70dc8e-3a5f-49f4-ac40-14537a943f52/results
results expired
results of job 5a70dc8e-3a5f-49f4-ac40-14537a943f52 expired
