2025-12-03T16:06:29+0100 - root - INFO - Logger initialized.
2025-12-03T16:06:29+0100 - root - INFO - Logging to file: /cluster/home/janko/src/era5land_to_datm/scripts/era5land_to_datm_script_20251203T150629.log
2025-12-03T16:06:32+0100 - era5land_to_datm.download - WARNING - Received 100 request IDs from server, the same number as the limit. There may be more requests on the server.
2025-12-03T16:06:32+0100 - ecmwf.datastores.processing - INFO - Request ID is d0827afa-0eba-42a6-a1e4-3833aa042192
2025-12-03T16:06:32+0100 - ecmwf.datastores.processing - INFO - Request ID is d0827afa-0eba-42a6-a1e4-3833aa042192
2025-12-03T16:06:32+0100 - ecmwf.datastores.processing - INFO - Request ID is 53a9c439-0579-4126-b5be-54e736482840
2025-12-03T16:06:32+0100 - ecmwf.datastores.processing - INFO - Request ID is 53a9c439-0579-4126-b5be-54e736482840
2025-12-03T16:06:33+0100 - ecmwf.datastores.processing - INFO - Request ID is 4261e5e6-24f7-4867-9a61-f0c497d241c0
2025-12-03T16:06:33+0100 - ecmwf.datastores.processing - INFO - Request ID is 4261e5e6-24f7-4867-9a61-f0c497d241c0
2025-12-03T16:06:33+0100 - ecmwf.datastores.processing - INFO - Request ID is 42381975-05dc-4830-a6f2-596c88a0cd38
2025-12-03T16:06:33+0100 - ecmwf.datastores.processing - INFO - Request ID is 42381975-05dc-4830-a6f2-596c88a0cd38
2025-12-03T16:06:33+0100 - ecmwf.datastores.processing - INFO - Request ID is d38c4162-134e-4449-a9c3-8015544d99f5
2025-12-03T16:06:33+0100 - ecmwf.datastores.processing - INFO - Request ID is d38c4162-134e-4449-a9c3-8015544d99f5
2025-12-03T16:06:33+0100 - ecmwf.datastores.processing - INFO - Request ID is 0a1170a5-686f-4068-ad6c-395eb684d50e
2025-12-03T16:06:33+0100 - ecmwf.datastores.processing - INFO - Request ID is 0a1170a5-686f-4068-ad6c-395eb684d50e
2025-12-03T16:06:33+0100 - ecmwf.datastores.processing - INFO - Request ID is 9df5a0ee-8824-4966-a333-41b2607b1e81
2025-12-03T16:06:33+0100 - ecmwf.datastores.processing - INFO - Request ID is 9df5a0ee-8824-4966-a333-41b2607b1e81
2025-12-03T16:06:34+0100 - ecmwf.datastores.processing - INFO - Request ID is c18271ab-c8dc-448a-b17a-d3c366dac47c
2025-12-03T16:06:34+0100 - ecmwf.datastores.processing - INFO - Request ID is c18271ab-c8dc-448a-b17a-d3c366dac47c
2025-12-03T16:06:34+0100 - multiurl.http - WARNING - Recovering from HTTP error [429 Too Many Requests], attempt 1 of 500
2025-12-03T16:06:34+0100 - multiurl.http - WARNING - Retrying in 120 seconds
2025-12-03T16:08:34+0100 - multiurl.http - INFO - Retrying now...
2025-12-03T16:08:36+0100 - ecmwf.datastores.processing - INFO - Request ID is 6a0652a2-5f59-4efb-b0f0-38f9c7bfc29f
2025-12-03T16:08:36+0100 - ecmwf.datastores.processing - INFO - Request ID is 6a0652a2-5f59-4efb-b0f0-38f9c7bfc29f
2025-12-03T16:08:36+0100 - ecmwf.datastores.processing - INFO - Request ID is dc8d5583-a37d-4a97-be3d-b8e8da67d7d9
2025-12-03T16:08:36+0100 - ecmwf.datastores.processing - INFO - Request ID is dc8d5583-a37d-4a97-be3d-b8e8da67d7d9
2025-12-03T16:08:36+0100 - ecmwf.datastores.processing - INFO - Request ID is 6a549bdc-c3c5-445a-ab4e-fa55bc5b3d8b
2025-12-03T16:08:36+0100 - ecmwf.datastores.processing - INFO - Request ID is 6a549bdc-c3c5-445a-ab4e-fa55bc5b3d8b
2025-12-03T16:08:36+0100 - ecmwf.datastores.processing - INFO - Request ID is 631b0c0f-73bf-45a3-ad26-055883a1b3bb
2025-12-03T16:08:36+0100 - ecmwf.datastores.processing - INFO - Request ID is 631b0c0f-73bf-45a3-ad26-055883a1b3bb
2025-12-03T16:08:37+0100 - ecmwf.datastores.processing - INFO - Request ID is ce05a093-41c8-46ca-9956-1664025059b3
2025-12-03T16:08:37+0100 - ecmwf.datastores.processing - INFO - Request ID is ce05a093-41c8-46ca-9956-1664025059b3
2025-12-03T16:08:37+0100 - ecmwf.datastores.processing - INFO - Request ID is 81b1b4ae-bb5f-4818-9faf-8e5c567e1886
2025-12-03T16:08:37+0100 - ecmwf.datastores.processing - INFO - Request ID is 81b1b4ae-bb5f-4818-9faf-8e5c567e1886
2025-12-03T16:08:37+0100 - ecmwf.datastores.processing - INFO - Request ID is e3b7fdd3-d791-4fa2-a740-7ab7aed38be1
2025-12-03T16:08:37+0100 - ecmwf.datastores.processing - INFO - Request ID is e3b7fdd3-d791-4fa2-a740-7ab7aed38be1
2025-12-03T16:08:38+0100 - ecmwf.datastores.processing - INFO - Request ID is 1fe52341-7776-4612-963d-6d470ea33087
2025-12-03T16:08:38+0100 - ecmwf.datastores.processing - INFO - Request ID is 1fe52341-7776-4612-963d-6d470ea33087
2025-12-03T16:08:38+0100 - ecmwf.datastores.processing - INFO - Request ID is dd2bb6c1-842d-40a4-bb3f-c506809f052b
2025-12-03T16:08:38+0100 - ecmwf.datastores.processing - INFO - Request ID is dd2bb6c1-842d-40a4-bb3f-c506809f052b
2025-12-03T16:08:38+0100 - ecmwf.datastores.processing - INFO - Request ID is e5a137b7-4443-4ce9-8a6e-8aab3815c430
2025-12-03T16:08:38+0100 - ecmwf.datastores.processing - INFO - Request ID is e5a137b7-4443-4ce9-8a6e-8aab3815c430
2025-12-03T16:08:38+0100 - ecmwf.datastores.processing - INFO - Request ID is d889c536-33b0-4cfc-ab9c-b36490285b85
2025-12-03T16:08:38+0100 - ecmwf.datastores.processing - INFO - Request ID is d889c536-33b0-4cfc-ab9c-b36490285b85
2025-12-03T16:08:38+0100 - ecmwf.datastores.processing - INFO - Request ID is d1fad4a4-7cfe-4ba6-a626-f24ba7169cec
2025-12-03T16:08:38+0100 - ecmwf.datastores.processing - INFO - Request ID is d1fad4a4-7cfe-4ba6-a626-f24ba7169cec
2025-12-03T16:08:38+0100 - ecmwf.datastores.processing - INFO - Request ID is 16cf17ed-9e88-4b77-a372-780ea4d607b1
2025-12-03T16:08:38+0100 - ecmwf.datastores.processing - INFO - Request ID is 16cf17ed-9e88-4b77-a372-780ea4d607b1
2025-12-03T16:08:38+0100 - multiurl.http - WARNING - Recovering from HTTP error [429 Too Many Requests], attempt 1 of 500
2025-12-03T16:08:38+0100 - multiurl.http - WARNING - Retrying in 120 seconds
2025-12-03T16:09:06+0100 - ecmwf.datastores.processing - INFO - Request ID is 454a9427-65ca-46a3-a03c-125eca6211e9
2025-12-03T16:09:06+0100 - ecmwf.datastores.processing - INFO - Request ID is 454a9427-65ca-46a3-a03c-125eca6211e9
2025-12-03T16:09:06+0100 - ecmwf.datastores.processing - INFO - Request ID is 7e693e1c-e530-476b-a250-f2294de7f81f
2025-12-03T16:09:06+0100 - ecmwf.datastores.processing - INFO - Request ID is 7e693e1c-e530-476b-a250-f2294de7f81f
2025-12-03T16:09:06+0100 - ecmwf.datastores.processing - INFO - Request ID is 7ef7ef67-8309-4312-9e28-7e1ec8b0647f
2025-12-03T16:09:06+0100 - ecmwf.datastores.processing - INFO - Request ID is 7ef7ef67-8309-4312-9e28-7e1ec8b0647f
2025-12-03T16:09:06+0100 - ecmwf.datastores.processing - INFO - Request ID is 0a0d34ca-d084-41ce-9fa9-bc0de4b1a867
2025-12-03T16:09:06+0100 - ecmwf.datastores.processing - INFO - Request ID is 0a0d34ca-d084-41ce-9fa9-bc0de4b1a867
2025-12-03T16:09:07+0100 - ecmwf.datastores.processing - INFO - Request ID is bbe5f1b8-e593-4676-b299-1e0c708d27fb
2025-12-03T16:09:07+0100 - ecmwf.datastores.processing - INFO - Request ID is bbe5f1b8-e593-4676-b299-1e0c708d27fb
2025-12-03T16:09:07+0100 - ecmwf.datastores.processing - INFO - Request ID is 6946f5ab-071c-4a1d-8b0c-439ead424bd1
2025-12-03T16:09:07+0100 - ecmwf.datastores.processing - INFO - Request ID is 6946f5ab-071c-4a1d-8b0c-439ead424bd1
2025-12-03T16:09:07+0100 - ecmwf.datastores.processing - INFO - Request ID is f27bcbae-3ea6-4217-9659-8c486a9e8fbd
2025-12-03T16:09:07+0100 - ecmwf.datastores.processing - INFO - Request ID is f27bcbae-3ea6-4217-9659-8c486a9e8fbd
2025-12-03T16:09:07+0100 - ecmwf.datastores.processing - INFO - Request ID is f4634e48-80d6-46da-a604-ea115b1e506a
2025-12-03T16:09:07+0100 - ecmwf.datastores.processing - INFO - Request ID is f4634e48-80d6-46da-a604-ea115b1e506a
2025-12-03T16:09:07+0100 - ecmwf.datastores.processing - INFO - Request ID is 1112b5ef-a78e-4cfe-a161-466113167459
2025-12-03T16:09:07+0100 - ecmwf.datastores.processing - INFO - Request ID is 1112b5ef-a78e-4cfe-a161-466113167459
2025-12-03T16:09:07+0100 - ecmwf.datastores.processing - INFO - Request ID is 83be146d-5919-4433-ad04-af0585b9287b
2025-12-03T16:09:07+0100 - ecmwf.datastores.processing - INFO - Request ID is 83be146d-5919-4433-ad04-af0585b9287b
2025-12-03T16:09:07+0100 - multiurl.http - WARNING - Recovering from HTTP error [429 Too Many Requests], attempt 1 of 500
2025-12-03T16:09:07+0100 - multiurl.http - WARNING - Retrying in 120 seconds
