2026-01-03T13:25:22+0100 - root - INFO - Logger initialized.
2026-01-03T13:25:22+0100 - root - INFO - Logging to file: /cluster/home/janko/src/era5land_to_datm/scripts/era5land_to_datm_script_20260103T122522.log
2026-01-03T13:25:49+0100 - ecmwf.datastores.processing - INFO - [2025-12-03T00:00:00Z] To improve our C3S service, we need to hear from you! Please complete this very short [survey](https://confluence.ecmwf.int/x/E7uBEQ/). Thank you.
2026-01-03T13:25:49+0100 - era5land_to_datm.requests - INFO - Submitting request for year=1948, month=01...
2026-01-03T13:25:49+0100 - ecmwf.datastores.processing - INFO - [2025-12-11T00:00:00] Please note that a dedicated catalogue entry for this dataset, post-processed and stored in Analysis Ready Cloud Optimized (ARCO) format (Zarr), is available for optimised time-series retrievals (i.e. for retrieving data from selected variables for a single point over an extended period of time in an efficient way). You can discover it [here](https://cds.climate.copernicus.eu/datasets/reanalysis-era5-land-timeseries?tab=overview)
2026-01-03T13:25:49+0100 - ecmwf.datastores.processing - INFO - Request ID is bdd2f5d9-1a31-4850-aa34-3f28c6c02434
2026-01-03T13:25:49+0100 - ecmwf.datastores.processing - INFO - status has been updated to accepted
2026-01-03T13:25:49+0100 - era5land_to_datm.requests - INFO - Request submitted with ID bdd2f5d9-1a31-4850-aa34-3f28c6c02434, status accepted.
2026-01-03T13:25:49+0100 - era5land_to_datm.requests - INFO - Waiting 3.0 seconds before next request...
2026-01-03T13:25:52+0100 - era5land_to_datm.requests - INFO - Submitting request for year=1948, month=02...
2026-01-03T13:25:52+0100 - ecmwf.datastores.processing - INFO - [2025-12-11T00:00:00] Please note that a dedicated catalogue entry for this dataset, post-processed and stored in Analysis Ready Cloud Optimized (ARCO) format (Zarr), is available for optimised time-series retrievals (i.e. for retrieving data from selected variables for a single point over an extended period of time in an efficient way). You can discover it [here](https://cds.climate.copernicus.eu/datasets/reanalysis-era5-land-timeseries?tab=overview)
2026-01-03T13:25:52+0100 - ecmwf.datastores.processing - INFO - Request ID is a2577227-9acf-433c-9a65-14b47f56bf40
2026-01-03T13:25:52+0100 - ecmwf.datastores.processing - INFO - status has been updated to accepted
2026-01-03T13:25:52+0100 - era5land_to_datm.requests - INFO - Request submitted with ID a2577227-9acf-433c-9a65-14b47f56bf40, status accepted.
2026-01-03T13:25:52+0100 - era5land_to_datm.requests - INFO - Waiting 3.0 seconds before next request...
2026-01-03T13:25:55+0100 - era5land_to_datm.requests - INFO - Submitting request for year=1948, month=03...
2026-01-03T13:25:56+0100 - ecmwf.datastores.processing - INFO - [2025-12-11T00:00:00] Please note that a dedicated catalogue entry for this dataset, post-processed and stored in Analysis Ready Cloud Optimized (ARCO) format (Zarr), is available for optimised time-series retrievals (i.e. for retrieving data from selected variables for a single point over an extended period of time in an efficient way). You can discover it [here](https://cds.climate.copernicus.eu/datasets/reanalysis-era5-land-timeseries?tab=overview)
2026-01-03T13:25:56+0100 - ecmwf.datastores.processing - INFO - Request ID is 525e584a-e5a7-452e-9a0b-76fd29f2dc38
2026-01-03T13:25:56+0100 - ecmwf.datastores.processing - INFO - status has been updated to accepted
2026-01-03T13:25:56+0100 - era5land_to_datm.requests - INFO - Request submitted with ID 525e584a-e5a7-452e-9a0b-76fd29f2dc38, status accepted.
2026-01-03T13:25:56+0100 - era5land_to_datm.requests - INFO - Waiting 3.0 seconds before next request...
2026-01-03T13:25:59+0100 - era5land_to_datm.requests - INFO - Submitting request for year=1948, month=04...
2026-01-03T13:25:59+0100 - ecmwf.datastores.processing - INFO - [2025-12-11T00:00:00] Please note that a dedicated catalogue entry for this dataset, post-processed and stored in Analysis Ready Cloud Optimized (ARCO) format (Zarr), is available for optimised time-series retrievals (i.e. for retrieving data from selected variables for a single point over an extended period of time in an efficient way). You can discover it [here](https://cds.climate.copernicus.eu/datasets/reanalysis-era5-land-timeseries?tab=overview)
2026-01-03T13:25:59+0100 - ecmwf.datastores.processing - INFO - Request ID is 29aad85c-3fd2-4cf0-a0a7-2ca8f4592afe
2026-01-03T13:25:59+0100 - ecmwf.datastores.processing - INFO - status has been updated to accepted
2026-01-03T13:25:59+0100 - era5land_to_datm.requests - INFO - Request submitted with ID 29aad85c-3fd2-4cf0-a0a7-2ca8f4592afe, status accepted.
2026-01-03T13:25:59+0100 - era5land_to_datm.requests - INFO - Waiting 3.0 seconds before next request...
2026-01-03T13:26:02+0100 - era5land_to_datm.requests - INFO - Submitting request for year=1948, month=05...
2026-01-03T13:26:02+0100 - ecmwf.datastores.processing - INFO - [2025-12-11T00:00:00] Please note that a dedicated catalogue entry for this dataset, post-processed and stored in Analysis Ready Cloud Optimized (ARCO) format (Zarr), is available for optimised time-series retrievals (i.e. for retrieving data from selected variables for a single point over an extended period of time in an efficient way). You can discover it [here](https://cds.climate.copernicus.eu/datasets/reanalysis-era5-land-timeseries?tab=overview)
2026-01-03T13:26:02+0100 - ecmwf.datastores.processing - INFO - Request ID is b92dea50-50a3-4b4f-a026-8a09f606771a
2026-01-03T13:26:02+0100 - ecmwf.datastores.processing - INFO - status has been updated to accepted
2026-01-03T13:26:02+0100 - era5land_to_datm.requests - INFO - Request submitted with ID b92dea50-50a3-4b4f-a026-8a09f606771a, status accepted.
2026-01-03T13:26:02+0100 - era5land_to_datm.requests - INFO - Waiting 3.0 seconds before next request...
2026-01-03T13:26:05+0100 - era5land_to_datm.requests - INFO - Submitting request for year=1948, month=06...
2026-01-03T13:26:05+0100 - ecmwf.datastores.processing - INFO - [2025-12-11T00:00:00] Please note that a dedicated catalogue entry for this dataset, post-processed and stored in Analysis Ready Cloud Optimized (ARCO) format (Zarr), is available for optimised time-series retrievals (i.e. for retrieving data from selected variables for a single point over an extended period of time in an efficient way). You can discover it [here](https://cds.climate.copernicus.eu/datasets/reanalysis-era5-land-timeseries?tab=overview)
2026-01-03T13:26:05+0100 - ecmwf.datastores.processing - INFO - Request ID is 47f29794-7ad3-4bf3-afa6-b36d3d901ecc
2026-01-03T13:26:06+0100 - ecmwf.datastores.processing - INFO - status has been updated to accepted
2026-01-03T13:26:06+0100 - era5land_to_datm.requests - INFO - Request submitted with ID 47f29794-7ad3-4bf3-afa6-b36d3d901ecc, status accepted.
2026-01-03T13:26:06+0100 - era5land_to_datm.requests - INFO - Waiting 3.0 seconds before next request...
2026-01-03T13:26:09+0100 - era5land_to_datm.requests - INFO - Submitting request for year=1948, month=07...
2026-01-03T13:26:09+0100 - ecmwf.datastores.processing - INFO - [2025-12-11T00:00:00] Please note that a dedicated catalogue entry for this dataset, post-processed and stored in Analysis Ready Cloud Optimized (ARCO) format (Zarr), is available for optimised time-series retrievals (i.e. for retrieving data from selected variables for a single point over an extended period of time in an efficient way). You can discover it [here](https://cds.climate.copernicus.eu/datasets/reanalysis-era5-land-timeseries?tab=overview)
2026-01-03T13:26:09+0100 - ecmwf.datastores.processing - INFO - Request ID is 2fade56f-601d-4a00-aa09-9551d78c4f05
2026-01-03T13:26:09+0100 - ecmwf.datastores.processing - INFO - status has been updated to accepted
2026-01-03T13:26:09+0100 - era5land_to_datm.requests - INFO - Request submitted with ID 2fade56f-601d-4a00-aa09-9551d78c4f05, status accepted.
2026-01-03T13:26:09+0100 - era5land_to_datm.requests - INFO - Waiting 3.0 seconds before next request...
2026-01-03T13:26:12+0100 - era5land_to_datm.requests - INFO - Submitting request for year=1948, month=08...
2026-01-03T13:26:12+0100 - ecmwf.datastores.processing - INFO - [2025-12-11T00:00:00] Please note that a dedicated catalogue entry for this dataset, post-processed and stored in Analysis Ready Cloud Optimized (ARCO) format (Zarr), is available for optimised time-series retrievals (i.e. for retrieving data from selected variables for a single point over an extended period of time in an efficient way). You can discover it [here](https://cds.climate.copernicus.eu/datasets/reanalysis-era5-land-timeseries?tab=overview)
2026-01-03T13:26:12+0100 - ecmwf.datastores.processing - INFO - Request ID is 5382bf14-efc1-456b-8f3b-ffcedafa143e
2026-01-03T13:26:12+0100 - ecmwf.datastores.processing - INFO - status has been updated to accepted
2026-01-03T13:26:12+0100 - era5land_to_datm.requests - INFO - Request submitted with ID 5382bf14-efc1-456b-8f3b-ffcedafa143e, status accepted.
2026-01-03T13:26:12+0100 - era5land_to_datm.requests - INFO - Waiting 3.0 seconds before next request...
2026-01-03T13:26:15+0100 - era5land_to_datm.requests - INFO - Submitting request for year=1948, month=09...
2026-01-03T13:26:15+0100 - ecmwf.datastores.processing - INFO - [2025-12-11T00:00:00] Please note that a dedicated catalogue entry for this dataset, post-processed and stored in Analysis Ready Cloud Optimized (ARCO) format (Zarr), is available for optimised time-series retrievals (i.e. for retrieving data from selected variables for a single point over an extended period of time in an efficient way). You can discover it [here](https://cds.climate.copernicus.eu/datasets/reanalysis-era5-land-timeseries?tab=overview)
2026-01-03T13:26:15+0100 - ecmwf.datastores.processing - INFO - Request ID is 619563a9-9dea-45b2-abee-c3985edab199
2026-01-03T13:26:15+0100 - ecmwf.datastores.processing - INFO - status has been updated to accepted
2026-01-03T13:26:15+0100 - era5land_to_datm.requests - INFO - Request submitted with ID 619563a9-9dea-45b2-abee-c3985edab199, status accepted.
2026-01-03T13:26:15+0100 - era5land_to_datm.requests - INFO - Waiting 3.0 seconds before next request...
2026-01-03T13:26:18+0100 - era5land_to_datm.requests - INFO - Submitting request for year=1948, month=10...
2026-01-03T13:26:19+0100 - ecmwf.datastores.processing - INFO - [2025-12-11T00:00:00] Please note that a dedicated catalogue entry for this dataset, post-processed and stored in Analysis Ready Cloud Optimized (ARCO) format (Zarr), is available for optimised time-series retrievals (i.e. for retrieving data from selected variables for a single point over an extended period of time in an efficient way). You can discover it [here](https://cds.climate.copernicus.eu/datasets/reanalysis-era5-land-timeseries?tab=overview)
2026-01-03T13:26:19+0100 - ecmwf.datastores.processing - INFO - Request ID is 75bd798e-e4ee-4b9a-a62f-596c8f12c33c
2026-01-03T13:26:19+0100 - ecmwf.datastores.processing - INFO - status has been updated to accepted
2026-01-03T13:26:19+0100 - era5land_to_datm.requests - INFO - Request submitted with ID 75bd798e-e4ee-4b9a-a62f-596c8f12c33c, status accepted.
2026-01-03T13:26:19+0100 - era5land_to_datm.requests - INFO - Waiting 3.0 seconds before next request...
2026-01-03T13:26:22+0100 - era5land_to_datm.requests - INFO - Submitting request for year=1948, month=11...
2026-01-03T13:26:22+0100 - ecmwf.datastores.processing - INFO - [2025-12-11T00:00:00] Please note that a dedicated catalogue entry for this dataset, post-processed and stored in Analysis Ready Cloud Optimized (ARCO) format (Zarr), is available for optimised time-series retrievals (i.e. for retrieving data from selected variables for a single point over an extended period of time in an efficient way). You can discover it [here](https://cds.climate.copernicus.eu/datasets/reanalysis-era5-land-timeseries?tab=overview)
2026-01-03T13:26:22+0100 - ecmwf.datastores.processing - INFO - Request ID is efe54a2a-1a80-4e8f-a57b-ac214540de01
2026-01-03T13:26:22+0100 - ecmwf.datastores.processing - INFO - status has been updated to accepted
2026-01-03T13:26:22+0100 - era5land_to_datm.requests - INFO - Request submitted with ID efe54a2a-1a80-4e8f-a57b-ac214540de01, status accepted.
2026-01-03T13:26:22+0100 - era5land_to_datm.requests - INFO - Waiting 3.0 seconds before next request...
2026-01-03T13:26:25+0100 - era5land_to_datm.requests - INFO - Submitting request for year=1948, month=12...
2026-01-03T13:26:25+0100 - ecmwf.datastores.processing - INFO - [2025-12-11T00:00:00] Please note that a dedicated catalogue entry for this dataset, post-processed and stored in Analysis Ready Cloud Optimized (ARCO) format (Zarr), is available for optimised time-series retrievals (i.e. for retrieving data from selected variables for a single point over an extended period of time in an efficient way). You can discover it [here](https://cds.climate.copernicus.eu/datasets/reanalysis-era5-land-timeseries?tab=overview)
2026-01-03T13:26:25+0100 - ecmwf.datastores.processing - INFO - Request ID is b5bbdaad-6bbe-4485-8e5e-cf9adc3ed532
2026-01-03T13:26:25+0100 - ecmwf.datastores.processing - INFO - status has been updated to accepted
2026-01-03T13:26:25+0100 - era5land_to_datm.requests - INFO - Request submitted with ID b5bbdaad-6bbe-4485-8e5e-cf9adc3ed532, status accepted.
2026-01-03T13:26:25+0100 - era5land_to_datm.requests - INFO - Waiting 3.0 seconds before next request...
2026-01-03T13:26:28+0100 - era5land_to_datm.requests - INFO - Submitting request for year=1949, month=01...
2026-01-03T13:26:28+0100 - ecmwf.datastores.processing - INFO - [2025-12-11T00:00:00] Please note that a dedicated catalogue entry for this dataset, post-processed and stored in Analysis Ready Cloud Optimized (ARCO) format (Zarr), is available for optimised time-series retrievals (i.e. for retrieving data from selected variables for a single point over an extended period of time in an efficient way). You can discover it [here](https://cds.climate.copernicus.eu/datasets/reanalysis-era5-land-timeseries?tab=overview)
2026-01-03T13:26:28+0100 - ecmwf.datastores.processing - INFO - Request ID is 3ecb023d-79b3-4116-9dbc-6ec0af03222e
2026-01-03T13:26:29+0100 - ecmwf.datastores.processing - INFO - status has been updated to accepted
2026-01-03T13:26:29+0100 - era5land_to_datm.requests - INFO - Request submitted with ID 3ecb023d-79b3-4116-9dbc-6ec0af03222e, status accepted.
2026-01-03T13:26:29+0100 - era5land_to_datm.requests - INFO - Waiting 3.0 seconds before next request...
2026-01-03T13:26:32+0100 - era5land_to_datm.requests - INFO - Submitting request for year=1949, month=02...
2026-01-03T13:26:32+0100 - ecmwf.datastores.processing - INFO - [2025-12-11T00:00:00] Please note that a dedicated catalogue entry for this dataset, post-processed and stored in Analysis Ready Cloud Optimized (ARCO) format (Zarr), is available for optimised time-series retrievals (i.e. for retrieving data from selected variables for a single point over an extended period of time in an efficient way). You can discover it [here](https://cds.climate.copernicus.eu/datasets/reanalysis-era5-land-timeseries?tab=overview)
2026-01-03T13:26:32+0100 - ecmwf.datastores.processing - INFO - Request ID is 6825c219-dedf-4c05-96fd-7dc4e1b3a0f1
2026-01-03T13:26:32+0100 - ecmwf.datastores.processing - INFO - status has been updated to accepted
2026-01-03T13:26:32+0100 - era5land_to_datm.requests - INFO - Request submitted with ID 6825c219-dedf-4c05-96fd-7dc4e1b3a0f1, status accepted.
2026-01-03T13:26:32+0100 - era5land_to_datm.requests - INFO - Waiting 3.0 seconds before next request...
2026-01-03T13:26:35+0100 - era5land_to_datm.requests - INFO - Submitting request for year=1949, month=03...
2026-01-03T13:26:35+0100 - ecmwf.datastores.processing - INFO - [2025-12-11T00:00:00] Please note that a dedicated catalogue entry for this dataset, post-processed and stored in Analysis Ready Cloud Optimized (ARCO) format (Zarr), is available for optimised time-series retrievals (i.e. for retrieving data from selected variables for a single point over an extended period of time in an efficient way). You can discover it [here](https://cds.climate.copernicus.eu/datasets/reanalysis-era5-land-timeseries?tab=overview)
2026-01-03T13:26:35+0100 - ecmwf.datastores.processing - INFO - Request ID is 93f26cc2-3587-40fd-ad8f-ef4247e62772
2026-01-03T13:26:35+0100 - ecmwf.datastores.processing - INFO - status has been updated to accepted
2026-01-03T13:26:35+0100 - era5land_to_datm.requests - INFO - Request submitted with ID 93f26cc2-3587-40fd-ad8f-ef4247e62772, status accepted.
2026-01-03T13:26:35+0100 - era5land_to_datm.requests - INFO - Waiting 3.0 seconds before next request...
2026-01-03T13:26:38+0100 - era5land_to_datm.requests - INFO - Submitting request for year=1949, month=04...
2026-01-03T13:26:38+0100 - ecmwf.datastores.processing - INFO - [2025-12-11T00:00:00] Please note that a dedicated catalogue entry for this dataset, post-processed and stored in Analysis Ready Cloud Optimized (ARCO) format (Zarr), is available for optimised time-series retrievals (i.e. for retrieving data from selected variables for a single point over an extended period of time in an efficient way). You can discover it [here](https://cds.climate.copernicus.eu/datasets/reanalysis-era5-land-timeseries?tab=overview)
2026-01-03T13:26:38+0100 - ecmwf.datastores.processing - INFO - Request ID is 9a4645b0-2b0f-40d0-aa3e-38168de40230
2026-01-03T13:26:38+0100 - ecmwf.datastores.processing - INFO - status has been updated to accepted
2026-01-03T13:26:38+0100 - era5land_to_datm.requests - INFO - Request submitted with ID 9a4645b0-2b0f-40d0-aa3e-38168de40230, status accepted.
2026-01-03T13:26:38+0100 - era5land_to_datm.requests - INFO - Waiting 3.0 seconds before next request...
2026-01-03T13:26:41+0100 - era5land_to_datm.requests - INFO - Submitting request for year=1949, month=05...
2026-01-03T13:26:42+0100 - ecmwf.datastores.processing - INFO - [2025-12-11T00:00:00] Please note that a dedicated catalogue entry for this dataset, post-processed and stored in Analysis Ready Cloud Optimized (ARCO) format (Zarr), is available for optimised time-series retrievals (i.e. for retrieving data from selected variables for a single point over an extended period of time in an efficient way). You can discover it [here](https://cds.climate.copernicus.eu/datasets/reanalysis-era5-land-timeseries?tab=overview)
2026-01-03T13:26:42+0100 - ecmwf.datastores.processing - INFO - Request ID is 5a1d47f0-d7cb-4832-8939-0da674bac750
2026-01-03T13:26:42+0100 - ecmwf.datastores.processing - INFO - status has been updated to accepted
2026-01-03T13:26:42+0100 - era5land_to_datm.requests - INFO - Request submitted with ID 5a1d47f0-d7cb-4832-8939-0da674bac750, status accepted.
2026-01-03T13:26:42+0100 - era5land_to_datm.requests - INFO - Waiting 3.0 seconds before next request...
2026-01-03T13:26:45+0100 - era5land_to_datm.requests - INFO - Submitting request for year=1949, month=06...
2026-01-03T13:26:45+0100 - ecmwf.datastores.processing - INFO - [2025-12-11T00:00:00] Please note that a dedicated catalogue entry for this dataset, post-processed and stored in Analysis Ready Cloud Optimized (ARCO) format (Zarr), is available for optimised time-series retrievals (i.e. for retrieving data from selected variables for a single point over an extended period of time in an efficient way). You can discover it [here](https://cds.climate.copernicus.eu/datasets/reanalysis-era5-land-timeseries?tab=overview)
2026-01-03T13:26:45+0100 - ecmwf.datastores.processing - INFO - Request ID is 8f310761-48f6-4979-ac1e-1068e272b746
2026-01-03T13:26:45+0100 - ecmwf.datastores.processing - INFO - status has been updated to accepted
2026-01-03T13:26:45+0100 - era5land_to_datm.requests - INFO - Request submitted with ID 8f310761-48f6-4979-ac1e-1068e272b746, status accepted.
2026-01-03T13:26:45+0100 - era5land_to_datm.requests - INFO - Waiting 3.0 seconds before next request...
2026-01-03T13:26:48+0100 - era5land_to_datm.requests - INFO - Submitting request for year=1949, month=07...
2026-01-03T13:26:48+0100 - ecmwf.datastores.processing - INFO - [2025-12-11T00:00:00] Please note that a dedicated catalogue entry for this dataset, post-processed and stored in Analysis Ready Cloud Optimized (ARCO) format (Zarr), is available for optimised time-series retrievals (i.e. for retrieving data from selected variables for a single point over an extended period of time in an efficient way). You can discover it [here](https://cds.climate.copernicus.eu/datasets/reanalysis-era5-land-timeseries?tab=overview)
2026-01-03T13:26:48+0100 - ecmwf.datastores.processing - INFO - Request ID is aa5dae3a-9aea-48b1-a6e8-e68ddd15f937
2026-01-03T13:26:48+0100 - ecmwf.datastores.processing - INFO - status has been updated to accepted
2026-01-03T13:26:48+0100 - era5land_to_datm.requests - INFO - Request submitted with ID aa5dae3a-9aea-48b1-a6e8-e68ddd15f937, status accepted.
2026-01-03T13:26:48+0100 - era5land_to_datm.requests - INFO - Waiting 3.0 seconds before next request...
2026-01-03T13:26:51+0100 - era5land_to_datm.requests - INFO - Submitting request for year=1949, month=08...
2026-01-03T13:26:51+0100 - ecmwf.datastores.processing - INFO - [2025-12-11T00:00:00] Please note that a dedicated catalogue entry for this dataset, post-processed and stored in Analysis Ready Cloud Optimized (ARCO) format (Zarr), is available for optimised time-series retrievals (i.e. for retrieving data from selected variables for a single point over an extended period of time in an efficient way). You can discover it [here](https://cds.climate.copernicus.eu/datasets/reanalysis-era5-land-timeseries?tab=overview)
2026-01-03T13:26:51+0100 - ecmwf.datastores.processing - INFO - Request ID is c02e568d-8306-475e-a8b4-944dbf95c48e
2026-01-03T13:26:52+0100 - ecmwf.datastores.processing - INFO - status has been updated to accepted
2026-01-03T13:26:52+0100 - era5land_to_datm.requests - INFO - Request submitted with ID c02e568d-8306-475e-a8b4-944dbf95c48e, status accepted.
2026-01-03T13:26:52+0100 - era5land_to_datm.requests - INFO - Waiting 3.0 seconds before next request...
2026-01-03T13:26:55+0100 - era5land_to_datm.requests - INFO - Submitting request for year=1949, month=09...
2026-01-03T13:26:55+0100 - ecmwf.datastores.processing - INFO - [2025-12-11T00:00:00] Please note that a dedicated catalogue entry for this dataset, post-processed and stored in Analysis Ready Cloud Optimized (ARCO) format (Zarr), is available for optimised time-series retrievals (i.e. for retrieving data from selected variables for a single point over an extended period of time in an efficient way). You can discover it [here](https://cds.climate.copernicus.eu/datasets/reanalysis-era5-land-timeseries?tab=overview)
2026-01-03T13:26:55+0100 - ecmwf.datastores.processing - INFO - Request ID is 354a3521-5a86-4d62-bec9-382fd5617511
2026-01-03T13:26:55+0100 - ecmwf.datastores.processing - INFO - status has been updated to accepted
2026-01-03T13:26:55+0100 - era5land_to_datm.requests - INFO - Request submitted with ID 354a3521-5a86-4d62-bec9-382fd5617511, status accepted.
2026-01-03T13:26:55+0100 - era5land_to_datm.requests - INFO - Waiting 3.0 seconds before next request...
2026-01-03T13:26:58+0100 - era5land_to_datm.requests - INFO - Submitting request for year=1949, month=10...
2026-01-03T13:26:58+0100 - ecmwf.datastores.processing - INFO - [2025-12-11T00:00:00] Please note that a dedicated catalogue entry for this dataset, post-processed and stored in Analysis Ready Cloud Optimized (ARCO) format (Zarr), is available for optimised time-series retrievals (i.e. for retrieving data from selected variables for a single point over an extended period of time in an efficient way). You can discover it [here](https://cds.climate.copernicus.eu/datasets/reanalysis-era5-land-timeseries?tab=overview)
2026-01-03T13:26:58+0100 - ecmwf.datastores.processing - INFO - Request ID is 29e08862-5131-4881-bb1e-d590cc0238e9
2026-01-03T13:26:58+0100 - ecmwf.datastores.processing - INFO - status has been updated to accepted
2026-01-03T13:26:58+0100 - era5land_to_datm.requests - INFO - Request submitted with ID 29e08862-5131-4881-bb1e-d590cc0238e9, status accepted.
2026-01-03T13:26:58+0100 - era5land_to_datm.requests - INFO - Waiting 3.0 seconds before next request...
2026-01-03T13:27:01+0100 - era5land_to_datm.requests - INFO - Submitting request for year=1949, month=11...
2026-01-03T13:27:01+0100 - ecmwf.datastores.processing - INFO - [2025-12-11T00:00:00] Please note that a dedicated catalogue entry for this dataset, post-processed and stored in Analysis Ready Cloud Optimized (ARCO) format (Zarr), is available for optimised time-series retrievals (i.e. for retrieving data from selected variables for a single point over an extended period of time in an efficient way). You can discover it [here](https://cds.climate.copernicus.eu/datasets/reanalysis-era5-land-timeseries?tab=overview)
2026-01-03T13:27:01+0100 - ecmwf.datastores.processing - INFO - Request ID is 6d7dd294-5ddd-421a-bb7f-091f554ed85b
2026-01-03T13:27:01+0100 - ecmwf.datastores.processing - INFO - status has been updated to accepted
2026-01-03T13:27:01+0100 - era5land_to_datm.requests - INFO - Request submitted with ID 6d7dd294-5ddd-421a-bb7f-091f554ed85b, status accepted.
2026-01-03T13:27:01+0100 - era5land_to_datm.requests - INFO - Waiting 3.0 seconds before next request...
2026-01-03T13:27:04+0100 - era5land_to_datm.requests - INFO - Submitting request for year=1949, month=12...
2026-01-03T13:27:05+0100 - ecmwf.datastores.processing - INFO - [2025-12-11T00:00:00] Please note that a dedicated catalogue entry for this dataset, post-processed and stored in Analysis Ready Cloud Optimized (ARCO) format (Zarr), is available for optimised time-series retrievals (i.e. for retrieving data from selected variables for a single point over an extended period of time in an efficient way). You can discover it [here](https://cds.climate.copernicus.eu/datasets/reanalysis-era5-land-timeseries?tab=overview)
2026-01-03T13:27:05+0100 - ecmwf.datastores.processing - INFO - Request ID is 76ddb59e-e5cf-49dc-b22c-79c88be327eb
2026-01-03T13:27:05+0100 - ecmwf.datastores.processing - INFO - status has been updated to accepted
2026-01-03T13:27:05+0100 - era5land_to_datm.requests - INFO - Request submitted with ID 76ddb59e-e5cf-49dc-b22c-79c88be327eb, status accepted.
2026-01-03T13:27:05+0100 - era5land_to_datm.requests - INFO - Waiting 3.0 seconds before next request...
2026-01-03T13:27:08+0100 - era5land_to_datm.requests - INFO - Submitting request for year=1950, month=01...
2026-01-03T13:27:08+0100 - ecmwf.datastores.processing - INFO - [2025-12-11T00:00:00] Please note that a dedicated catalogue entry for this dataset, post-processed and stored in Analysis Ready Cloud Optimized (ARCO) format (Zarr), is available for optimised time-series retrievals (i.e. for retrieving data from selected variables for a single point over an extended period of time in an efficient way). You can discover it [here](https://cds.climate.copernicus.eu/datasets/reanalysis-era5-land-timeseries?tab=overview)
2026-01-03T13:27:08+0100 - ecmwf.datastores.processing - INFO - Request ID is 0625d555-f1c0-4db6-8c26-e06df4dbafe0
2026-01-03T13:27:08+0100 - ecmwf.datastores.processing - INFO - status has been updated to accepted
2026-01-03T13:27:08+0100 - era5land_to_datm.requests - INFO - Request submitted with ID 0625d555-f1c0-4db6-8c26-e06df4dbafe0, status accepted.
2026-01-03T13:27:08+0100 - era5land_to_datm.requests - INFO - Waiting 3.0 seconds before next request...
2026-01-03T13:27:11+0100 - era5land_to_datm.requests - INFO - Submitting request for year=1950, month=02...
2026-01-03T13:27:11+0100 - ecmwf.datastores.processing - INFO - [2025-12-11T00:00:00] Please note that a dedicated catalogue entry for this dataset, post-processed and stored in Analysis Ready Cloud Optimized (ARCO) format (Zarr), is available for optimised time-series retrievals (i.e. for retrieving data from selected variables for a single point over an extended period of time in an efficient way). You can discover it [here](https://cds.climate.copernicus.eu/datasets/reanalysis-era5-land-timeseries?tab=overview)
2026-01-03T13:27:11+0100 - ecmwf.datastores.processing - INFO - Request ID is d3006db9-66fe-4837-8abd-62d386eb521a
2026-01-03T13:27:11+0100 - ecmwf.datastores.processing - INFO - status has been updated to accepted
2026-01-03T13:27:11+0100 - era5land_to_datm.requests - INFO - Request submitted with ID d3006db9-66fe-4837-8abd-62d386eb521a, status accepted.
2026-01-03T13:27:11+0100 - era5land_to_datm.requests - INFO - Waiting 3.0 seconds before next request...
2026-01-03T13:27:14+0100 - era5land_to_datm.requests - INFO - Submitting request for year=1950, month=03...
2026-01-03T13:27:14+0100 - ecmwf.datastores.processing - INFO - [2025-12-11T00:00:00] Please note that a dedicated catalogue entry for this dataset, post-processed and stored in Analysis Ready Cloud Optimized (ARCO) format (Zarr), is available for optimised time-series retrievals (i.e. for retrieving data from selected variables for a single point over an extended period of time in an efficient way). You can discover it [here](https://cds.climate.copernicus.eu/datasets/reanalysis-era5-land-timeseries?tab=overview)
2026-01-03T13:27:14+0100 - ecmwf.datastores.processing - INFO - Request ID is c4b3463e-c9f3-491c-88ab-b56eacacec09
2026-01-03T13:27:15+0100 - ecmwf.datastores.processing - INFO - status has been updated to accepted
2026-01-03T13:27:15+0100 - era5land_to_datm.requests - INFO - Request submitted with ID c4b3463e-c9f3-491c-88ab-b56eacacec09, status accepted.
2026-01-03T13:27:15+0100 - era5land_to_datm.requests - INFO - Waiting 3.0 seconds before next request...
2026-01-03T13:27:18+0100 - era5land_to_datm.requests - INFO - Submitting request for year=1950, month=04...
2026-01-03T13:27:18+0100 - ecmwf.datastores.processing - INFO - [2025-12-11T00:00:00] Please note that a dedicated catalogue entry for this dataset, post-processed and stored in Analysis Ready Cloud Optimized (ARCO) format (Zarr), is available for optimised time-series retrievals (i.e. for retrieving data from selected variables for a single point over an extended period of time in an efficient way). You can discover it [here](https://cds.climate.copernicus.eu/datasets/reanalysis-era5-land-timeseries?tab=overview)
2026-01-03T13:27:18+0100 - ecmwf.datastores.processing - INFO - Request ID is b9c19867-d883-40ef-991d-6ab0415ca186
2026-01-03T13:27:18+0100 - ecmwf.datastores.processing - INFO - status has been updated to accepted
2026-01-03T13:27:18+0100 - era5land_to_datm.requests - INFO - Request submitted with ID b9c19867-d883-40ef-991d-6ab0415ca186, status accepted.
2026-01-03T13:27:18+0100 - era5land_to_datm.requests - INFO - Waiting 3.0 seconds before next request...
2026-01-03T13:27:21+0100 - era5land_to_datm.requests - INFO - Submitting request for year=1950, month=05...
2026-01-03T13:27:21+0100 - ecmwf.datastores.processing - INFO - [2025-12-11T00:00:00] Please note that a dedicated catalogue entry for this dataset, post-processed and stored in Analysis Ready Cloud Optimized (ARCO) format (Zarr), is available for optimised time-series retrievals (i.e. for retrieving data from selected variables for a single point over an extended period of time in an efficient way). You can discover it [here](https://cds.climate.copernicus.eu/datasets/reanalysis-era5-land-timeseries?tab=overview)
2026-01-03T13:27:21+0100 - ecmwf.datastores.processing - INFO - Request ID is f7150ed5-2d1e-421f-9bf0-1a05112ec965
2026-01-03T13:27:21+0100 - ecmwf.datastores.processing - INFO - status has been updated to accepted
2026-01-03T13:27:21+0100 - era5land_to_datm.requests - INFO - Request submitted with ID f7150ed5-2d1e-421f-9bf0-1a05112ec965, status accepted.
2026-01-03T13:27:21+0100 - era5land_to_datm.requests - INFO - Waiting 3.0 seconds before next request...
2026-01-03T13:27:24+0100 - era5land_to_datm.requests - INFO - Submitting request for year=1950, month=06...
2026-01-03T13:27:24+0100 - ecmwf.datastores.processing - INFO - [2025-12-11T00:00:00] Please note that a dedicated catalogue entry for this dataset, post-processed and stored in Analysis Ready Cloud Optimized (ARCO) format (Zarr), is available for optimised time-series retrievals (i.e. for retrieving data from selected variables for a single point over an extended period of time in an efficient way). You can discover it [here](https://cds.climate.copernicus.eu/datasets/reanalysis-era5-land-timeseries?tab=overview)
2026-01-03T13:27:24+0100 - ecmwf.datastores.processing - INFO - Request ID is e4d14caf-e685-43b7-bb16-93ecf135de89
2026-01-03T13:27:24+0100 - ecmwf.datastores.processing - INFO - status has been updated to accepted
2026-01-03T13:27:24+0100 - era5land_to_datm.requests - INFO - Request submitted with ID e4d14caf-e685-43b7-bb16-93ecf135de89, status accepted.
2026-01-03T13:27:24+0100 - era5land_to_datm.requests - INFO - Waiting 3.0 seconds before next request...
2026-01-03T13:27:27+0100 - era5land_to_datm.requests - INFO - Submitting request for year=1950, month=07...
2026-01-03T13:27:28+0100 - ecmwf.datastores.processing - INFO - [2025-12-11T00:00:00] Please note that a dedicated catalogue entry for this dataset, post-processed and stored in Analysis Ready Cloud Optimized (ARCO) format (Zarr), is available for optimised time-series retrievals (i.e. for retrieving data from selected variables for a single point over an extended period of time in an efficient way). You can discover it [here](https://cds.climate.copernicus.eu/datasets/reanalysis-era5-land-timeseries?tab=overview)
2026-01-03T13:27:28+0100 - ecmwf.datastores.processing - INFO - Request ID is f03d6a2e-a09d-40a0-b8d6-02ca74879e13
2026-01-03T13:27:28+0100 - ecmwf.datastores.processing - INFO - status has been updated to accepted
2026-01-03T13:27:28+0100 - era5land_to_datm.requests - INFO - Request submitted with ID f03d6a2e-a09d-40a0-b8d6-02ca74879e13, status accepted.
2026-01-03T13:27:28+0100 - era5land_to_datm.requests - INFO - Waiting 3.0 seconds before next request...
2026-01-03T13:27:31+0100 - era5land_to_datm.requests - INFO - Submitting request for year=1950, month=08...
2026-01-03T13:27:31+0100 - ecmwf.datastores.processing - INFO - [2025-12-11T00:00:00] Please note that a dedicated catalogue entry for this dataset, post-processed and stored in Analysis Ready Cloud Optimized (ARCO) format (Zarr), is available for optimised time-series retrievals (i.e. for retrieving data from selected variables for a single point over an extended period of time in an efficient way). You can discover it [here](https://cds.climate.copernicus.eu/datasets/reanalysis-era5-land-timeseries?tab=overview)
2026-01-03T13:27:31+0100 - ecmwf.datastores.processing - INFO - Request ID is c29aad4d-2d62-474e-b0e1-a1c972fd0a41
2026-01-03T13:27:31+0100 - ecmwf.datastores.processing - INFO - status has been updated to accepted
2026-01-03T13:27:31+0100 - era5land_to_datm.requests - INFO - Request submitted with ID c29aad4d-2d62-474e-b0e1-a1c972fd0a41, status accepted.
2026-01-03T13:27:31+0100 - era5land_to_datm.requests - INFO - Waiting 3.0 seconds before next request...
2026-01-03T13:27:34+0100 - era5land_to_datm.requests - INFO - Submitting request for year=1950, month=09...
2026-01-03T13:27:34+0100 - ecmwf.datastores.processing - INFO - [2025-12-11T00:00:00] Please note that a dedicated catalogue entry for this dataset, post-processed and stored in Analysis Ready Cloud Optimized (ARCO) format (Zarr), is available for optimised time-series retrievals (i.e. for retrieving data from selected variables for a single point over an extended period of time in an efficient way). You can discover it [here](https://cds.climate.copernicus.eu/datasets/reanalysis-era5-land-timeseries?tab=overview)
2026-01-03T13:27:34+0100 - ecmwf.datastores.processing - INFO - Request ID is 66149419-e53e-483f-91d4-dcce33450a86
2026-01-03T13:27:34+0100 - ecmwf.datastores.processing - INFO - status has been updated to accepted
2026-01-03T13:27:34+0100 - era5land_to_datm.requests - INFO - Request submitted with ID 66149419-e53e-483f-91d4-dcce33450a86, status accepted.
2026-01-03T13:27:34+0100 - era5land_to_datm.requests - INFO - Waiting 3.0 seconds before next request...
2026-01-03T13:27:37+0100 - era5land_to_datm.requests - INFO - Submitting request for year=1950, month=10...
2026-01-03T13:27:37+0100 - ecmwf.datastores.processing - INFO - [2025-12-11T00:00:00] Please note that a dedicated catalogue entry for this dataset, post-processed and stored in Analysis Ready Cloud Optimized (ARCO) format (Zarr), is available for optimised time-series retrievals (i.e. for retrieving data from selected variables for a single point over an extended period of time in an efficient way). You can discover it [here](https://cds.climate.copernicus.eu/datasets/reanalysis-era5-land-timeseries?tab=overview)
2026-01-03T13:27:37+0100 - ecmwf.datastores.processing - INFO - Request ID is 0915e6b9-f96c-45c1-8470-74f079c6adb9
2026-01-03T13:27:37+0100 - ecmwf.datastores.processing - INFO - status has been updated to accepted
2026-01-03T13:27:37+0100 - era5land_to_datm.requests - INFO - Request submitted with ID 0915e6b9-f96c-45c1-8470-74f079c6adb9, status accepted.
2026-01-03T13:27:37+0100 - era5land_to_datm.requests - INFO - Waiting 3.0 seconds before next request...
2026-01-03T13:27:40+0100 - era5land_to_datm.requests - INFO - Submitting request for year=1950, month=11...
2026-01-03T13:27:41+0100 - ecmwf.datastores.processing - INFO - [2025-12-11T00:00:00] Please note that a dedicated catalogue entry for this dataset, post-processed and stored in Analysis Ready Cloud Optimized (ARCO) format (Zarr), is available for optimised time-series retrievals (i.e. for retrieving data from selected variables for a single point over an extended period of time in an efficient way). You can discover it [here](https://cds.climate.copernicus.eu/datasets/reanalysis-era5-land-timeseries?tab=overview)
2026-01-03T13:27:41+0100 - ecmwf.datastores.processing - INFO - Request ID is c1c9f417-070a-42cc-8766-8320e6e7255c
2026-01-03T13:27:41+0100 - ecmwf.datastores.processing - INFO - status has been updated to accepted
2026-01-03T13:27:41+0100 - era5land_to_datm.requests - INFO - Request submitted with ID c1c9f417-070a-42cc-8766-8320e6e7255c, status accepted.
2026-01-03T13:27:41+0100 - era5land_to_datm.requests - INFO - Waiting 3.0 seconds before next request...
2026-01-03T13:27:44+0100 - era5land_to_datm.requests - INFO - Submitting request for year=1950, month=12...
2026-01-03T13:27:44+0100 - ecmwf.datastores.processing - INFO - [2025-12-11T00:00:00] Please note that a dedicated catalogue entry for this dataset, post-processed and stored in Analysis Ready Cloud Optimized (ARCO) format (Zarr), is available for optimised time-series retrievals (i.e. for retrieving data from selected variables for a single point over an extended period of time in an efficient way). You can discover it [here](https://cds.climate.copernicus.eu/datasets/reanalysis-era5-land-timeseries?tab=overview)
2026-01-03T13:27:44+0100 - ecmwf.datastores.processing - INFO - Request ID is 3659e1d1-06f9-4868-a227-b901f60bcd65
2026-01-03T13:27:44+0100 - ecmwf.datastores.processing - INFO - status has been updated to accepted
2026-01-03T13:27:44+0100 - era5land_to_datm.requests - INFO - Request submitted with ID 3659e1d1-06f9-4868-a227-b901f60bcd65, status accepted.
2026-01-03T13:27:44+0100 - era5land_to_datm.requests - INFO - Waiting 3.0 seconds before next request...
2026-01-03T13:27:47+0100 - era5land_to_datm.requests - INFO - Submitting request for year=1951, month=01...
2026-01-03T13:27:47+0100 - ecmwf.datastores.processing - INFO - [2025-12-11T00:00:00] Please note that a dedicated catalogue entry for this dataset, post-processed and stored in Analysis Ready Cloud Optimized (ARCO) format (Zarr), is available for optimised time-series retrievals (i.e. for retrieving data from selected variables for a single point over an extended period of time in an efficient way). You can discover it [here](https://cds.climate.copernicus.eu/datasets/reanalysis-era5-land-timeseries?tab=overview)
2026-01-03T13:27:47+0100 - ecmwf.datastores.processing - INFO - Request ID is b970d02e-4d15-48a4-a485-9de092274fdb
2026-01-03T13:27:47+0100 - ecmwf.datastores.processing - INFO - status has been updated to accepted
2026-01-03T13:27:47+0100 - era5land_to_datm.requests - INFO - Request submitted with ID b970d02e-4d15-48a4-a485-9de092274fdb, status accepted.
2026-01-03T13:27:47+0100 - era5land_to_datm.requests - INFO - Waiting 3.0 seconds before next request...
2026-01-03T13:27:50+0100 - era5land_to_datm.requests - INFO - Submitting request for year=1951, month=02...
2026-01-03T13:27:50+0100 - ecmwf.datastores.processing - INFO - [2025-12-11T00:00:00] Please note that a dedicated catalogue entry for this dataset, post-processed and stored in Analysis Ready Cloud Optimized (ARCO) format (Zarr), is available for optimised time-series retrievals (i.e. for retrieving data from selected variables for a single point over an extended period of time in an efficient way). You can discover it [here](https://cds.climate.copernicus.eu/datasets/reanalysis-era5-land-timeseries?tab=overview)
2026-01-03T13:27:50+0100 - ecmwf.datastores.processing - INFO - Request ID is c258ddf3-babc-4a61-baf5-47d2aedc9e40
2026-01-03T13:27:51+0100 - ecmwf.datastores.processing - INFO - status has been updated to accepted
2026-01-03T13:27:51+0100 - era5land_to_datm.requests - INFO - Request submitted with ID c258ddf3-babc-4a61-baf5-47d2aedc9e40, status accepted.
2026-01-03T13:27:51+0100 - era5land_to_datm.requests - INFO - Waiting 3.0 seconds before next request...
2026-01-03T13:27:54+0100 - era5land_to_datm.requests - INFO - Submitting request for year=1951, month=03...
2026-01-03T13:27:54+0100 - ecmwf.datastores.processing - INFO - [2025-12-11T00:00:00] Please note that a dedicated catalogue entry for this dataset, post-processed and stored in Analysis Ready Cloud Optimized (ARCO) format (Zarr), is available for optimised time-series retrievals (i.e. for retrieving data from selected variables for a single point over an extended period of time in an efficient way). You can discover it [here](https://cds.climate.copernicus.eu/datasets/reanalysis-era5-land-timeseries?tab=overview)
2026-01-03T13:27:54+0100 - ecmwf.datastores.processing - INFO - Request ID is 0923bef1-204e-4b14-8d91-872c55738456
2026-01-03T13:27:54+0100 - ecmwf.datastores.processing - INFO - status has been updated to accepted
2026-01-03T13:27:54+0100 - era5land_to_datm.requests - INFO - Request submitted with ID 0923bef1-204e-4b14-8d91-872c55738456, status accepted.
2026-01-03T13:27:54+0100 - era5land_to_datm.requests - INFO - Waiting 3.0 seconds before next request...
2026-01-03T13:27:57+0100 - era5land_to_datm.requests - INFO - Submitting request for year=1951, month=04...
2026-01-03T13:27:57+0100 - ecmwf.datastores.processing - INFO - [2025-12-11T00:00:00] Please note that a dedicated catalogue entry for this dataset, post-processed and stored in Analysis Ready Cloud Optimized (ARCO) format (Zarr), is available for optimised time-series retrievals (i.e. for retrieving data from selected variables for a single point over an extended period of time in an efficient way). You can discover it [here](https://cds.climate.copernicus.eu/datasets/reanalysis-era5-land-timeseries?tab=overview)
2026-01-03T13:27:57+0100 - ecmwf.datastores.processing - INFO - Request ID is 0a567890-3970-42b1-9fdc-83c46d9cbfe7
2026-01-03T13:27:57+0100 - ecmwf.datastores.processing - INFO - status has been updated to accepted
2026-01-03T13:27:57+0100 - era5land_to_datm.requests - INFO - Request submitted with ID 0a567890-3970-42b1-9fdc-83c46d9cbfe7, status accepted.
2026-01-03T13:27:57+0100 - era5land_to_datm.requests - INFO - Waiting 3.0 seconds before next request...
2026-01-03T13:28:00+0100 - era5land_to_datm.requests - INFO - Submitting request for year=1951, month=05...
2026-01-03T13:28:00+0100 - ecmwf.datastores.processing - INFO - [2025-12-11T00:00:00] Please note that a dedicated catalogue entry for this dataset, post-processed and stored in Analysis Ready Cloud Optimized (ARCO) format (Zarr), is available for optimised time-series retrievals (i.e. for retrieving data from selected variables for a single point over an extended period of time in an efficient way). You can discover it [here](https://cds.climate.copernicus.eu/datasets/reanalysis-era5-land-timeseries?tab=overview)
2026-01-03T13:28:00+0100 - ecmwf.datastores.processing - INFO - Request ID is d574b6cc-1a8a-4897-a636-7041bb0b3643
2026-01-03T13:28:01+0100 - ecmwf.datastores.processing - INFO - status has been updated to accepted
2026-01-03T13:28:01+0100 - era5land_to_datm.requests - INFO - Request submitted with ID d574b6cc-1a8a-4897-a636-7041bb0b3643, status accepted.
2026-01-03T13:28:01+0100 - era5land_to_datm.requests - INFO - Waiting 3.0 seconds before next request...
2026-01-03T13:28:04+0100 - era5land_to_datm.requests - INFO - Submitting request for year=1951, month=06...
2026-01-03T13:28:04+0100 - ecmwf.datastores.processing - INFO - [2025-12-11T00:00:00] Please note that a dedicated catalogue entry for this dataset, post-processed and stored in Analysis Ready Cloud Optimized (ARCO) format (Zarr), is available for optimised time-series retrievals (i.e. for retrieving data from selected variables for a single point over an extended period of time in an efficient way). You can discover it [here](https://cds.climate.copernicus.eu/datasets/reanalysis-era5-land-timeseries?tab=overview)
2026-01-03T13:28:04+0100 - ecmwf.datastores.processing - INFO - Request ID is a5372584-7597-4919-8ba6-3b3f6b4067d9
2026-01-03T13:28:04+0100 - ecmwf.datastores.processing - INFO - status has been updated to accepted
2026-01-03T13:28:04+0100 - era5land_to_datm.requests - INFO - Request submitted with ID a5372584-7597-4919-8ba6-3b3f6b4067d9, status accepted.
2026-01-03T13:28:04+0100 - era5land_to_datm.requests - INFO - Waiting 3.0 seconds before next request...
2026-01-03T13:28:07+0100 - era5land_to_datm.requests - INFO - Submitting request for year=1951, month=07...
2026-01-03T13:28:07+0100 - ecmwf.datastores.processing - INFO - [2025-12-11T00:00:00] Please note that a dedicated catalogue entry for this dataset, post-processed and stored in Analysis Ready Cloud Optimized (ARCO) format (Zarr), is available for optimised time-series retrievals (i.e. for retrieving data from selected variables for a single point over an extended period of time in an efficient way). You can discover it [here](https://cds.climate.copernicus.eu/datasets/reanalysis-era5-land-timeseries?tab=overview)
2026-01-03T13:28:07+0100 - ecmwf.datastores.processing - INFO - Request ID is 71d208db-0341-474a-9351-741aece57867
2026-01-03T13:28:07+0100 - ecmwf.datastores.processing - INFO - status has been updated to accepted
2026-01-03T13:28:07+0100 - era5land_to_datm.requests - INFO - Request submitted with ID 71d208db-0341-474a-9351-741aece57867, status accepted.
2026-01-03T13:28:07+0100 - era5land_to_datm.requests - INFO - Waiting 3.0 seconds before next request...
2026-01-03T13:28:10+0100 - era5land_to_datm.requests - INFO - Submitting request for year=1951, month=08...
2026-01-03T13:28:10+0100 - ecmwf.datastores.processing - INFO - [2025-12-11T00:00:00] Please note that a dedicated catalogue entry for this dataset, post-processed and stored in Analysis Ready Cloud Optimized (ARCO) format (Zarr), is available for optimised time-series retrievals (i.e. for retrieving data from selected variables for a single point over an extended period of time in an efficient way). You can discover it [here](https://cds.climate.copernicus.eu/datasets/reanalysis-era5-land-timeseries?tab=overview)
2026-01-03T13:28:10+0100 - ecmwf.datastores.processing - INFO - Request ID is b197302e-99e6-45c4-b7dc-43bbec28adc6
2026-01-03T13:28:10+0100 - ecmwf.datastores.processing - INFO - status has been updated to accepted
2026-01-03T13:28:10+0100 - era5land_to_datm.requests - INFO - Request submitted with ID b197302e-99e6-45c4-b7dc-43bbec28adc6, status accepted.
2026-01-03T13:28:10+0100 - era5land_to_datm.requests - INFO - Waiting 3.0 seconds before next request...
2026-01-03T13:28:13+0100 - era5land_to_datm.requests - INFO - Submitting request for year=1951, month=09...
2026-01-03T13:28:14+0100 - ecmwf.datastores.processing - INFO - [2025-12-11T00:00:00] Please note that a dedicated catalogue entry for this dataset, post-processed and stored in Analysis Ready Cloud Optimized (ARCO) format (Zarr), is available for optimised time-series retrievals (i.e. for retrieving data from selected variables for a single point over an extended period of time in an efficient way). You can discover it [here](https://cds.climate.copernicus.eu/datasets/reanalysis-era5-land-timeseries?tab=overview)
2026-01-03T13:28:14+0100 - ecmwf.datastores.processing - INFO - Request ID is 9bdfae12-9e32-4ce7-bc65-8faeed1ae526
2026-01-03T13:28:14+0100 - ecmwf.datastores.processing - INFO - status has been updated to accepted
2026-01-03T13:28:14+0100 - era5land_to_datm.requests - INFO - Request submitted with ID 9bdfae12-9e32-4ce7-bc65-8faeed1ae526, status accepted.
2026-01-03T13:28:14+0100 - era5land_to_datm.requests - INFO - Waiting 3.0 seconds before next request...
2026-01-03T13:28:17+0100 - era5land_to_datm.requests - INFO - Submitting request for year=1951, month=10...
2026-01-03T13:28:17+0100 - ecmwf.datastores.processing - INFO - [2025-12-11T00:00:00] Please note that a dedicated catalogue entry for this dataset, post-processed and stored in Analysis Ready Cloud Optimized (ARCO) format (Zarr), is available for optimised time-series retrievals (i.e. for retrieving data from selected variables for a single point over an extended period of time in an efficient way). You can discover it [here](https://cds.climate.copernicus.eu/datasets/reanalysis-era5-land-timeseries?tab=overview)
2026-01-03T13:28:17+0100 - ecmwf.datastores.processing - INFO - Request ID is 633a4668-777b-4696-8c30-c02a400e9d64
2026-01-03T13:28:17+0100 - ecmwf.datastores.processing - INFO - status has been updated to accepted
2026-01-03T13:28:17+0100 - era5land_to_datm.requests - INFO - Request submitted with ID 633a4668-777b-4696-8c30-c02a400e9d64, status accepted.
2026-01-03T13:28:17+0100 - era5land_to_datm.requests - INFO - Waiting 3.0 seconds before next request...
2026-01-03T13:28:20+0100 - era5land_to_datm.requests - INFO - Submitting request for year=1951, month=11...
2026-01-03T13:28:20+0100 - ecmwf.datastores.processing - INFO - [2025-12-11T00:00:00] Please note that a dedicated catalogue entry for this dataset, post-processed and stored in Analysis Ready Cloud Optimized (ARCO) format (Zarr), is available for optimised time-series retrievals (i.e. for retrieving data from selected variables for a single point over an extended period of time in an efficient way). You can discover it [here](https://cds.climate.copernicus.eu/datasets/reanalysis-era5-land-timeseries?tab=overview)
2026-01-03T13:28:20+0100 - ecmwf.datastores.processing - INFO - Request ID is 470a7754-8b97-45d3-8328-397819a1060b
2026-01-03T13:28:20+0100 - ecmwf.datastores.processing - INFO - status has been updated to accepted
2026-01-03T13:28:20+0100 - era5land_to_datm.requests - INFO - Request submitted with ID 470a7754-8b97-45d3-8328-397819a1060b, status accepted.
2026-01-03T13:28:20+0100 - era5land_to_datm.requests - INFO - Waiting 3.0 seconds before next request...
2026-01-03T13:28:23+0100 - era5land_to_datm.requests - INFO - Submitting request for year=1951, month=12...
2026-01-03T13:28:23+0100 - ecmwf.datastores.processing - INFO - [2025-12-11T00:00:00] Please note that a dedicated catalogue entry for this dataset, post-processed and stored in Analysis Ready Cloud Optimized (ARCO) format (Zarr), is available for optimised time-series retrievals (i.e. for retrieving data from selected variables for a single point over an extended period of time in an efficient way). You can discover it [here](https://cds.climate.copernicus.eu/datasets/reanalysis-era5-land-timeseries?tab=overview)
2026-01-03T13:28:23+0100 - ecmwf.datastores.processing - INFO - Request ID is 3cacc539-65c2-4b28-98ea-86944ca1b417
2026-01-03T13:28:23+0100 - ecmwf.datastores.processing - INFO - status has been updated to accepted
2026-01-03T13:28:23+0100 - era5land_to_datm.requests - INFO - Request submitted with ID 3cacc539-65c2-4b28-98ea-86944ca1b417, status accepted.
