2025-12-03T16:10:05+0100 - root - INFO - Logger initialized.
2025-12-03T16:10:05+0100 - root - INFO - Logging to file: /cluster/home/janko/src/era5land_to_datm/scripts/era5land_to_datm_script_20251203T151005.log
2025-12-03T16:10:08+0100 - era5land_to_datm.download - INFO - Retrieving Remote for request ID 16cf17ed-9e88-4b77-a372-780ea4d607b1...
2025-12-03T16:10:08+0100 - ecmwf.datastores.processing - INFO - Request ID is 16cf17ed-9e88-4b77-a372-780ea4d607b1
2025-12-03T16:10:08+0100 - ecmwf.datastores.processing - INFO - Request ID is 16cf17ed-9e88-4b77-a372-780ea4d607b1
2025-12-03T16:10:09+0100 - era5land_to_datm.download - INFO - Sleeping for 0.5 seconds before next call...
2025-12-03T16:10:09+0100 - era5land_to_datm.download - INFO - Retrieving Remote for request ID 83be146d-5919-4433-ad04-af0585b9287b...
2025-12-03T16:10:09+0100 - ecmwf.datastores.processing - INFO - Request ID is 83be146d-5919-4433-ad04-af0585b9287b
2025-12-03T16:10:09+0100 - ecmwf.datastores.processing - INFO - Request ID is 83be146d-5919-4433-ad04-af0585b9287b
2025-12-03T16:10:09+0100 - era5land_to_datm.download - INFO - Sleeping for 0.5 seconds before next call...
2025-12-03T16:10:10+0100 - era5land_to_datm.download - INFO - Retrieving Remote for request ID 6ca25fc1-7d4a-49f2-a288-0c088307a941...
2025-12-03T16:10:10+0100 - ecmwf.datastores.processing - INFO - Request ID is 6ca25fc1-7d4a-49f2-a288-0c088307a941
2025-12-03T16:10:10+0100 - ecmwf.datastores.processing - INFO - Request ID is 6ca25fc1-7d4a-49f2-a288-0c088307a941
2025-12-03T16:10:10+0100 - era5land_to_datm.download - INFO - Sleeping for 0.5 seconds before next call...
2025-12-03T16:10:11+0100 - era5land_to_datm.download - INFO - Retrieving Remote for request ID 4f18a27d-6f72-4eea-ab6e-48e79ae4785c...
2025-12-03T16:10:11+0100 - ecmwf.datastores.processing - INFO - Request ID is 4f18a27d-6f72-4eea-ab6e-48e79ae4785c
2025-12-03T16:10:11+0100 - ecmwf.datastores.processing - INFO - Request ID is 4f18a27d-6f72-4eea-ab6e-48e79ae4785c
2025-12-03T16:10:12+0100 - era5land_to_datm.download - INFO - Sleeping for 0.5 seconds before next call...
2025-12-03T16:10:12+0100 - era5land_to_datm.download - INFO - Retrieving Remote for request ID abcbaba4-5a3f-489d-a420-3592feb64d19...
2025-12-03T16:10:12+0100 - ecmwf.datastores.processing - INFO - Request ID is abcbaba4-5a3f-489d-a420-3592feb64d19
2025-12-03T16:10:12+0100 - ecmwf.datastores.processing - INFO - Request ID is abcbaba4-5a3f-489d-a420-3592feb64d19
2025-12-03T16:10:12+0100 - era5land_to_datm.download - INFO - Sleeping for 0.5 seconds before next call...
2025-12-03T16:10:13+0100 - era5land_to_datm.download - INFO - Retrieving Remote for request ID 6023bc69-aa6a-4473-a474-b298d3556eb8...
2025-12-03T16:10:13+0100 - ecmwf.datastores.processing - INFO - Request ID is 6023bc69-aa6a-4473-a474-b298d3556eb8
2025-12-03T16:10:13+0100 - ecmwf.datastores.processing - INFO - Request ID is 6023bc69-aa6a-4473-a474-b298d3556eb8
2025-12-03T16:10:13+0100 - era5land_to_datm.download - INFO - Sleeping for 0.5 seconds before next call...
2025-12-03T16:10:13+0100 - era5land_to_datm.download - INFO - Retrieving Remote for request ID 7855f214-eb65-493b-814d-d3ca4bc32421...
2025-12-03T16:10:14+0100 - ecmwf.datastores.processing - INFO - Request ID is 7855f214-eb65-493b-814d-d3ca4bc32421
2025-12-03T16:10:14+0100 - ecmwf.datastores.processing - INFO - Request ID is 7855f214-eb65-493b-814d-d3ca4bc32421
2025-12-03T16:10:14+0100 - era5land_to_datm.download - INFO - Sleeping for 0.5 seconds before next call...
2025-12-03T16:10:14+0100 - era5land_to_datm.download - INFO - Retrieving Remote for request ID 4c083e6e-7a59-452d-97f6-7b061611dedf...
2025-12-03T16:10:14+0100 - ecmwf.datastores.processing - INFO - Request ID is 4c083e6e-7a59-452d-97f6-7b061611dedf
2025-12-03T16:10:14+0100 - ecmwf.datastores.processing - INFO - Request ID is 4c083e6e-7a59-452d-97f6-7b061611dedf
2025-12-03T16:10:14+0100 - era5land_to_datm.download - INFO - Sleeping for 0.5 seconds before next call...
2025-12-03T16:10:15+0100 - era5land_to_datm.download - INFO - Retrieving Remote for request ID 719012d8-2363-42c3-8a8a-13b3869db36a...
2025-12-03T16:10:15+0100 - ecmwf.datastores.processing - INFO - Request ID is 719012d8-2363-42c3-8a8a-13b3869db36a
2025-12-03T16:10:15+0100 - ecmwf.datastores.processing - INFO - Request ID is 719012d8-2363-42c3-8a8a-13b3869db36a
2025-12-03T16:10:15+0100 - era5land_to_datm.download - INFO - Sleeping for 0.5 seconds before next call...
2025-12-03T16:10:15+0100 - era5land_to_datm.download - INFO - Retrieving Remote for request ID a53fa3c7-1eb2-481e-9429-2ff3e8126ee6...
2025-12-03T16:10:16+0100 - ecmwf.datastores.processing - INFO - Request ID is a53fa3c7-1eb2-481e-9429-2ff3e8126ee6
2025-12-03T16:10:16+0100 - ecmwf.datastores.processing - INFO - Request ID is a53fa3c7-1eb2-481e-9429-2ff3e8126ee6
2025-12-03T16:10:16+0100 - era5land_to_datm.download - INFO - Sleeping for 0.5 seconds before next call...
2025-12-03T16:10:16+0100 - era5land_to_datm.download - INFO - Retrieving Remote for request ID aea0cd86-8b01-4125-8ef3-4c9adf4c793a...
2025-12-03T16:10:23+0100 - ecmwf.datastores.processing - INFO - Request ID is aea0cd86-8b01-4125-8ef3-4c9adf4c793a
2025-12-03T16:10:23+0100 - ecmwf.datastores.processing - INFO - Request ID is aea0cd86-8b01-4125-8ef3-4c9adf4c793a
2025-12-03T16:10:23+0100 - era5land_to_datm.download - INFO - Sleeping for 0.5 seconds before next call...
2025-12-03T16:10:24+0100 - era5land_to_datm.download - INFO - Retrieving Remote for request ID 3fe42770-8b09-48e4-b16d-8123a8b3c41a...
2025-12-03T16:10:25+0100 - ecmwf.datastores.processing - INFO - Request ID is 3fe42770-8b09-48e4-b16d-8123a8b3c41a
2025-12-03T16:10:25+0100 - ecmwf.datastores.processing - INFO - Request ID is 3fe42770-8b09-48e4-b16d-8123a8b3c41a
2025-12-03T16:10:25+0100 - era5land_to_datm.download - INFO - Sleeping for 0.5 seconds before next call...
2025-12-03T16:10:25+0100 - era5land_to_datm.download - INFO - Retrieving Remote for request ID 8db73275-6b3a-40f2-8300-896d0d8f1466...
2025-12-03T16:10:26+0100 - ecmwf.datastores.processing - INFO - Request ID is 8db73275-6b3a-40f2-8300-896d0d8f1466
2025-12-03T16:10:26+0100 - ecmwf.datastores.processing - INFO - Request ID is 8db73275-6b3a-40f2-8300-896d0d8f1466
2025-12-03T16:10:26+0100 - era5land_to_datm.download - INFO - Sleeping for 0.5 seconds before next call...
2025-12-03T16:10:27+0100 - era5land_to_datm.download - INFO - Retrieving Remote for request ID e5e49a19-3897-4dcb-8b28-61b241e7edb1...
2025-12-03T16:10:27+0100 - ecmwf.datastores.processing - INFO - Request ID is e5e49a19-3897-4dcb-8b28-61b241e7edb1
2025-12-03T16:10:27+0100 - ecmwf.datastores.processing - INFO - Request ID is e5e49a19-3897-4dcb-8b28-61b241e7edb1
2025-12-03T16:10:27+0100 - era5land_to_datm.download - INFO - Sleeping for 0.5 seconds before next call...
2025-12-03T16:10:27+0100 - era5land_to_datm.download - INFO - Retrieving Remote for request ID 3f3b985e-00ff-41e2-b271-0419726eacd9...
2025-12-03T16:10:27+0100 - ecmwf.datastores.processing - INFO - Request ID is 3f3b985e-00ff-41e2-b271-0419726eacd9
2025-12-03T16:10:27+0100 - ecmwf.datastores.processing - INFO - Request ID is 3f3b985e-00ff-41e2-b271-0419726eacd9
2025-12-03T16:10:28+0100 - era5land_to_datm.download - INFO - Sleeping for 0.5 seconds before next call...
2025-12-03T16:10:28+0100 - era5land_to_datm.download - INFO - Retrieving Remote for request ID e7836176-82f2-44c5-922b-6390631c8592...
2025-12-03T16:10:28+0100 - ecmwf.datastores.processing - INFO - Request ID is e7836176-82f2-44c5-922b-6390631c8592
2025-12-03T16:10:28+0100 - ecmwf.datastores.processing - INFO - Request ID is e7836176-82f2-44c5-922b-6390631c8592
2025-12-03T16:10:28+0100 - era5land_to_datm.download - INFO - Sleeping for 0.5 seconds before next call...
2025-12-03T16:10:29+0100 - era5land_to_datm.download - INFO - Retrieving Remote for request ID 64cdb66e-790c-41d6-891b-467a547ddd07...
2025-12-03T16:10:29+0100 - ecmwf.datastores.processing - INFO - Request ID is 64cdb66e-790c-41d6-891b-467a547ddd07
2025-12-03T16:10:29+0100 - ecmwf.datastores.processing - INFO - Request ID is 64cdb66e-790c-41d6-891b-467a547ddd07
2025-12-03T16:10:29+0100 - era5land_to_datm.download - INFO - Sleeping for 0.5 seconds before next call...
2025-12-03T16:10:29+0100 - era5land_to_datm.download - INFO - Retrieving Remote for request ID b9f13742-1189-4bb4-bc71-22cf4db145fb...
2025-12-03T16:10:30+0100 - ecmwf.datastores.processing - INFO - Request ID is b9f13742-1189-4bb4-bc71-22cf4db145fb
2025-12-03T16:10:30+0100 - ecmwf.datastores.processing - INFO - Request ID is b9f13742-1189-4bb4-bc71-22cf4db145fb
2025-12-03T16:10:30+0100 - era5land_to_datm.download - INFO - Sleeping for 0.5 seconds before next call...
2025-12-03T16:10:31+0100 - era5land_to_datm.download - INFO - Retrieving Remote for request ID 1bdcd173-e41d-4ed0-8800-4e10f9828c78...
2025-12-03T16:10:31+0100 - ecmwf.datastores.processing - INFO - Request ID is 1bdcd173-e41d-4ed0-8800-4e10f9828c78
2025-12-03T16:10:31+0100 - ecmwf.datastores.processing - INFO - Request ID is 1bdcd173-e41d-4ed0-8800-4e10f9828c78
2025-12-03T16:10:31+0100 - era5land_to_datm.download - INFO - Sleeping for 0.5 seconds before next call...
2025-12-03T16:10:32+0100 - era5land_to_datm.download - INFO - Retrieving Remote for request ID bda6f8cf-e55d-4c1a-98e9-bc319b10b8b1...
2025-12-03T16:10:32+0100 - ecmwf.datastores.processing - INFO - Request ID is bda6f8cf-e55d-4c1a-98e9-bc319b10b8b1
2025-12-03T16:10:32+0100 - ecmwf.datastores.processing - INFO - Request ID is bda6f8cf-e55d-4c1a-98e9-bc319b10b8b1
2025-12-03T16:10:32+0100 - era5land_to_datm.download - INFO - Sleeping for 0.5 seconds before next call...
2025-12-03T16:10:33+0100 - era5land_to_datm.download - INFO - Retrieving Remote for request ID f689f94a-3a0d-4853-9efa-aac03a42da7a...
2025-12-03T16:10:33+0100 - ecmwf.datastores.processing - INFO - Request ID is f689f94a-3a0d-4853-9efa-aac03a42da7a
2025-12-03T16:10:33+0100 - ecmwf.datastores.processing - INFO - Request ID is f689f94a-3a0d-4853-9efa-aac03a42da7a
2025-12-03T16:10:33+0100 - era5land_to_datm.download - INFO - Sleeping for 0.5 seconds before next call...
2025-12-03T16:10:33+0100 - era5land_to_datm.download - INFO - Retrieving Remote for request ID f41efdce-cbff-4960-8b1a-27147f7c2237...
2025-12-03T16:10:33+0100 - ecmwf.datastores.processing - INFO - Request ID is f41efdce-cbff-4960-8b1a-27147f7c2237
2025-12-03T16:10:33+0100 - ecmwf.datastores.processing - INFO - Request ID is f41efdce-cbff-4960-8b1a-27147f7c2237
2025-12-03T16:10:33+0100 - era5land_to_datm.download - INFO - Sleeping for 0.5 seconds before next call...
2025-12-03T16:10:34+0100 - era5land_to_datm.download - INFO - Retrieving Remote for request ID 3eb0fe26-7230-4f7b-8b2b-f47331be16fc...
2025-12-03T16:10:34+0100 - ecmwf.datastores.processing - INFO - Request ID is 3eb0fe26-7230-4f7b-8b2b-f47331be16fc
2025-12-03T16:10:34+0100 - ecmwf.datastores.processing - INFO - Request ID is 3eb0fe26-7230-4f7b-8b2b-f47331be16fc
2025-12-03T16:10:34+0100 - era5land_to_datm.download - INFO - Sleeping for 0.5 seconds before next call...
2025-12-03T16:10:35+0100 - era5land_to_datm.download - INFO - Retrieving Remote for request ID 679cf292-3d3d-44e8-872b-059394b5f464...
2025-12-03T16:10:35+0100 - ecmwf.datastores.processing - INFO - Request ID is 679cf292-3d3d-44e8-872b-059394b5f464
2025-12-03T16:10:35+0100 - ecmwf.datastores.processing - INFO - Request ID is 679cf292-3d3d-44e8-872b-059394b5f464
2025-12-03T16:10:35+0100 - era5land_to_datm.download - INFO - Sleeping for 0.5 seconds before next call...
2025-12-03T16:10:35+0100 - era5land_to_datm.download - INFO - Retrieving Remote for request ID 8d08fb17-9f3c-4b2c-90e5-60168c3300ca...
2025-12-03T16:10:36+0100 - ecmwf.datastores.processing - INFO - Request ID is 8d08fb17-9f3c-4b2c-90e5-60168c3300ca
2025-12-03T16:10:36+0100 - ecmwf.datastores.processing - INFO - Request ID is 8d08fb17-9f3c-4b2c-90e5-60168c3300ca
2025-12-03T16:10:37+0100 - era5land_to_datm.download - INFO - Sleeping for 0.5 seconds before next call...
2025-12-03T16:10:37+0100 - era5land_to_datm.download - INFO - Retrieving Remote for request ID f34beb73-f300-490b-9667-daa9d6b8d972...
2025-12-03T16:10:37+0100 - ecmwf.datastores.processing - INFO - Request ID is f34beb73-f300-490b-9667-daa9d6b8d972
2025-12-03T16:10:37+0100 - ecmwf.datastores.processing - INFO - Request ID is f34beb73-f300-490b-9667-daa9d6b8d972
2025-12-03T16:10:37+0100 - era5land_to_datm.download - INFO - Sleeping for 0.5 seconds before next call...
2025-12-03T16:10:38+0100 - era5land_to_datm.download - INFO - Retrieving Remote for request ID 5983714b-8b05-4a56-b336-dfe2c776c2ef...
2025-12-03T16:10:38+0100 - ecmwf.datastores.processing - INFO - Request ID is 5983714b-8b05-4a56-b336-dfe2c776c2ef
2025-12-03T16:10:38+0100 - ecmwf.datastores.processing - INFO - Request ID is 5983714b-8b05-4a56-b336-dfe2c776c2ef
2025-12-03T16:10:38+0100 - era5land_to_datm.download - INFO - Sleeping for 0.5 seconds before next call...
2025-12-03T16:10:38+0100 - era5land_to_datm.download - INFO - Retrieving Remote for request ID b86bcb04-6e4b-4385-b9ff-8f5a8d19d036...
2025-12-03T16:10:38+0100 - ecmwf.datastores.processing - INFO - Request ID is b86bcb04-6e4b-4385-b9ff-8f5a8d19d036
2025-12-03T16:10:38+0100 - ecmwf.datastores.processing - INFO - Request ID is b86bcb04-6e4b-4385-b9ff-8f5a8d19d036
2025-12-03T16:10:38+0100 - era5land_to_datm.download - INFO - Sleeping for 0.5 seconds before next call...
2025-12-03T16:10:39+0100 - era5land_to_datm.download - INFO - Retrieving Remote for request ID 50765e7b-e27e-4346-904b-cad22ed53738...
2025-12-03T16:10:39+0100 - ecmwf.datastores.processing - INFO - Request ID is 50765e7b-e27e-4346-904b-cad22ed53738
2025-12-03T16:10:39+0100 - ecmwf.datastores.processing - INFO - Request ID is 50765e7b-e27e-4346-904b-cad22ed53738
2025-12-03T16:10:39+0100 - era5land_to_datm.download - INFO - Sleeping for 0.5 seconds before next call...
2025-12-03T16:10:40+0100 - era5land_to_datm.download - INFO - Retrieving Remote for request ID 3b7d1afe-10cb-46a0-a25c-9c7df8bb3a4f...
2025-12-03T16:10:40+0100 - ecmwf.datastores.processing - INFO - Request ID is 3b7d1afe-10cb-46a0-a25c-9c7df8bb3a4f
2025-12-03T16:10:40+0100 - ecmwf.datastores.processing - INFO - Request ID is 3b7d1afe-10cb-46a0-a25c-9c7df8bb3a4f
2025-12-03T16:10:40+0100 - era5land_to_datm.download - INFO - Sleeping for 0.5 seconds before next call...
2025-12-03T16:10:41+0100 - era5land_to_datm.download - INFO - Retrieving Remote for request ID 60e9a323-13d6-49b9-a3ba-98726084adbc...
2025-12-03T16:10:41+0100 - ecmwf.datastores.processing - INFO - Request ID is 60e9a323-13d6-49b9-a3ba-98726084adbc
2025-12-03T16:10:41+0100 - ecmwf.datastores.processing - INFO - Request ID is 60e9a323-13d6-49b9-a3ba-98726084adbc
2025-12-03T16:10:41+0100 - era5land_to_datm.download - INFO - Sleeping for 0.5 seconds before next call...
2025-12-03T16:10:41+0100 - era5land_to_datm.download - INFO - Retrieving Remote for request ID 4ce16e09-f14b-4b52-94c3-413f89c7d5df...
2025-12-03T16:10:42+0100 - ecmwf.datastores.processing - INFO - Request ID is 4ce16e09-f14b-4b52-94c3-413f89c7d5df
2025-12-03T16:10:42+0100 - ecmwf.datastores.processing - INFO - Request ID is 4ce16e09-f14b-4b52-94c3-413f89c7d5df
2025-12-03T16:10:42+0100 - era5land_to_datm.download - INFO - Sleeping for 0.5 seconds before next call...
2025-12-03T16:10:42+0100 - era5land_to_datm.download - INFO - Retrieving Remote for request ID 872c99d4-7def-46e3-932e-672c629b17dd...
2025-12-03T16:10:42+0100 - ecmwf.datastores.processing - INFO - Request ID is 872c99d4-7def-46e3-932e-672c629b17dd
2025-12-03T16:10:42+0100 - ecmwf.datastores.processing - INFO - Request ID is 872c99d4-7def-46e3-932e-672c629b17dd
2025-12-03T16:10:42+0100 - era5land_to_datm.download - INFO - Sleeping for 0.5 seconds before next call...
2025-12-03T16:10:43+0100 - era5land_to_datm.download - INFO - Retrieving Remote for request ID bb130be9-79f5-49d4-aa99-a76cd6a26a8d...
2025-12-03T16:10:43+0100 - ecmwf.datastores.processing - INFO - Request ID is bb130be9-79f5-49d4-aa99-a76cd6a26a8d
2025-12-03T16:10:43+0100 - ecmwf.datastores.processing - INFO - Request ID is bb130be9-79f5-49d4-aa99-a76cd6a26a8d
2025-12-03T16:10:43+0100 - era5land_to_datm.download - INFO - Sleeping for 0.5 seconds before next call...
2025-12-03T16:10:43+0100 - era5land_to_datm.download - INFO - Retrieving Remote for request ID 73174e44-0f48-482d-a64a-cfc27b4b99c3...
2025-12-03T16:10:43+0100 - ecmwf.datastores.processing - INFO - Request ID is 73174e44-0f48-482d-a64a-cfc27b4b99c3
2025-12-03T16:10:43+0100 - ecmwf.datastores.processing - INFO - Request ID is 73174e44-0f48-482d-a64a-cfc27b4b99c3
2025-12-03T16:10:44+0100 - era5land_to_datm.download - INFO - Sleeping for 0.5 seconds before next call...
2025-12-03T16:10:44+0100 - era5land_to_datm.download - INFO - Retrieving Remote for request ID 622d52e9-54ed-4b85-9ca4-a5c0302e08b7...
2025-12-03T16:10:45+0100 - ecmwf.datastores.processing - INFO - Request ID is 622d52e9-54ed-4b85-9ca4-a5c0302e08b7
2025-12-03T16:10:45+0100 - ecmwf.datastores.processing - INFO - Request ID is 622d52e9-54ed-4b85-9ca4-a5c0302e08b7
2025-12-03T16:10:45+0100 - era5land_to_datm.download - INFO - Sleeping for 0.5 seconds before next call...
2025-12-03T16:10:45+0100 - era5land_to_datm.download - INFO - Retrieving Remote for request ID 212fe3e6-0bf5-4b05-9f0b-e10f5c8706a9...
2025-12-03T16:10:46+0100 - ecmwf.datastores.processing - INFO - Request ID is 212fe3e6-0bf5-4b05-9f0b-e10f5c8706a9
2025-12-03T16:10:46+0100 - ecmwf.datastores.processing - INFO - Request ID is 212fe3e6-0bf5-4b05-9f0b-e10f5c8706a9
2025-12-03T16:10:46+0100 - era5land_to_datm.download - INFO - Sleeping for 0.5 seconds before next call...
2025-12-03T16:10:47+0100 - era5land_to_datm.download - INFO - Retrieving Remote for request ID d1f851ce-01ff-4e8e-b6c9-2c3dbf282428...
2025-12-03T16:10:47+0100 - ecmwf.datastores.processing - INFO - Request ID is d1f851ce-01ff-4e8e-b6c9-2c3dbf282428
2025-12-03T16:10:47+0100 - ecmwf.datastores.processing - INFO - Request ID is d1f851ce-01ff-4e8e-b6c9-2c3dbf282428
2025-12-03T16:10:47+0100 - era5land_to_datm.download - INFO - Sleeping for 0.5 seconds before next call...
2025-12-03T16:10:47+0100 - era5land_to_datm.download - INFO - Retrieving Remote for request ID 77b7c7b3-8f77-4ad8-aa69-6ed282dcc0af...
2025-12-03T16:10:47+0100 - ecmwf.datastores.processing - INFO - Request ID is 77b7c7b3-8f77-4ad8-aa69-6ed282dcc0af
2025-12-03T16:10:47+0100 - ecmwf.datastores.processing - INFO - Request ID is 77b7c7b3-8f77-4ad8-aa69-6ed282dcc0af
2025-12-03T16:10:47+0100 - era5land_to_datm.download - INFO - Sleeping for 0.5 seconds before next call...
2025-12-03T16:10:48+0100 - era5land_to_datm.download - INFO - Retrieving Remote for request ID a7bc26b4-7cc6-46d9-b67c-512b78120f55...
2025-12-03T16:10:48+0100 - ecmwf.datastores.processing - INFO - Request ID is a7bc26b4-7cc6-46d9-b67c-512b78120f55
2025-12-03T16:10:48+0100 - ecmwf.datastores.processing - INFO - Request ID is a7bc26b4-7cc6-46d9-b67c-512b78120f55
2025-12-03T16:10:48+0100 - era5land_to_datm.download - INFO - Sleeping for 0.5 seconds before next call...
2025-12-03T16:10:48+0100 - era5land_to_datm.download - INFO - Retrieving Remote for request ID 5cd753c8-83db-4db2-aea3-50a4a6d07ee4...
2025-12-03T16:10:49+0100 - ecmwf.datastores.processing - INFO - Request ID is 5cd753c8-83db-4db2-aea3-50a4a6d07ee4
2025-12-03T16:10:49+0100 - ecmwf.datastores.processing - INFO - Request ID is 5cd753c8-83db-4db2-aea3-50a4a6d07ee4
2025-12-03T16:10:49+0100 - era5land_to_datm.download - INFO - Sleeping for 0.5 seconds before next call...
2025-12-03T16:10:50+0100 - era5land_to_datm.download - INFO - Retrieving Remote for request ID 9f5ae689-6d6f-4087-9c06-8d9738f9f2f2...
2025-12-03T16:10:50+0100 - ecmwf.datastores.processing - INFO - Request ID is 9f5ae689-6d6f-4087-9c06-8d9738f9f2f2
2025-12-03T16:10:50+0100 - ecmwf.datastores.processing - INFO - Request ID is 9f5ae689-6d6f-4087-9c06-8d9738f9f2f2
2025-12-03T16:10:50+0100 - era5land_to_datm.download - INFO - Sleeping for 0.5 seconds before next call...
2025-12-03T16:10:50+0100 - era5land_to_datm.download - INFO - Retrieving Remote for request ID fa96c235-59ac-4f5c-b51c-2dd98bfa9eb9...
2025-12-03T16:10:51+0100 - ecmwf.datastores.processing - INFO - Request ID is fa96c235-59ac-4f5c-b51c-2dd98bfa9eb9
2025-12-03T16:10:51+0100 - ecmwf.datastores.processing - INFO - Request ID is fa96c235-59ac-4f5c-b51c-2dd98bfa9eb9
2025-12-03T16:10:52+0100 - era5land_to_datm.download - INFO - Sleeping for 0.5 seconds before next call...
2025-12-03T16:10:52+0100 - era5land_to_datm.download - INFO - Retrieving Remote for request ID 1bfb83eb-f2cf-441f-88d9-05aa6e72f2f7...
2025-12-03T16:10:52+0100 - ecmwf.datastores.processing - INFO - Request ID is 1bfb83eb-f2cf-441f-88d9-05aa6e72f2f7
2025-12-03T16:10:52+0100 - ecmwf.datastores.processing - INFO - Request ID is 1bfb83eb-f2cf-441f-88d9-05aa6e72f2f7
2025-12-03T16:10:52+0100 - era5land_to_datm.download - INFO - Sleeping for 0.5 seconds before next call...
2025-12-03T16:10:53+0100 - era5land_to_datm.download - INFO - Retrieving Remote for request ID ca4292ff-6587-42fd-b303-e9aca459544a...
2025-12-03T16:10:53+0100 - ecmwf.datastores.processing - INFO - Request ID is ca4292ff-6587-42fd-b303-e9aca459544a
2025-12-03T16:10:53+0100 - ecmwf.datastores.processing - INFO - Request ID is ca4292ff-6587-42fd-b303-e9aca459544a
2025-12-03T16:10:53+0100 - era5land_to_datm.download - INFO - Sleeping for 0.5 seconds before next call...
2025-12-03T16:10:54+0100 - era5land_to_datm.download - INFO - Retrieving Remote for request ID 7548306b-f49d-49e0-8dcc-1fac386d110f...
2025-12-03T16:10:54+0100 - ecmwf.datastores.processing - INFO - Request ID is 7548306b-f49d-49e0-8dcc-1fac386d110f
2025-12-03T16:10:54+0100 - ecmwf.datastores.processing - INFO - Request ID is 7548306b-f49d-49e0-8dcc-1fac386d110f
2025-12-03T16:10:54+0100 - era5land_to_datm.download - INFO - Sleeping for 0.5 seconds before next call...
2025-12-03T16:10:54+0100 - era5land_to_datm.download - INFO - Retrieving Remote for request ID 507a51d2-d281-41fc-bdd6-cc9e0375f478...
2025-12-03T16:10:54+0100 - ecmwf.datastores.processing - INFO - Request ID is 507a51d2-d281-41fc-bdd6-cc9e0375f478
2025-12-03T16:10:54+0100 - ecmwf.datastores.processing - INFO - Request ID is 507a51d2-d281-41fc-bdd6-cc9e0375f478
2025-12-03T16:10:54+0100 - era5land_to_datm.download - INFO - Sleeping for 0.5 seconds before next call...
2025-12-03T16:10:55+0100 - era5land_to_datm.download - INFO - Retrieving Remote for request ID 16d0c52f-f8da-47d9-ab99-dfece20015c9...
2025-12-03T16:10:55+0100 - ecmwf.datastores.processing - INFO - Request ID is 16d0c52f-f8da-47d9-ab99-dfece20015c9
2025-12-03T16:10:55+0100 - ecmwf.datastores.processing - INFO - Request ID is 16d0c52f-f8da-47d9-ab99-dfece20015c9
2025-12-03T16:10:55+0100 - era5land_to_datm.download - INFO - Sleeping for 0.5 seconds before next call...
2025-12-03T16:10:55+0100 - era5land_to_datm.download - INFO - Retrieving Remote for request ID 786d72fc-355a-4295-9429-9f2ac0e1c541...
2025-12-03T16:10:56+0100 - ecmwf.datastores.processing - INFO - Request ID is 786d72fc-355a-4295-9429-9f2ac0e1c541
2025-12-03T16:10:56+0100 - ecmwf.datastores.processing - INFO - Request ID is 786d72fc-355a-4295-9429-9f2ac0e1c541
2025-12-03T16:10:56+0100 - era5land_to_datm.download - INFO - Sleeping for 0.5 seconds before next call...
2025-12-03T16:10:56+0100 - era5land_to_datm.download - INFO - Retrieving Remote for request ID fedcc704-8207-4459-bb71-03e35a2bb912...
2025-12-03T16:10:56+0100 - ecmwf.datastores.processing - INFO - Request ID is fedcc704-8207-4459-bb71-03e35a2bb912
2025-12-03T16:10:56+0100 - ecmwf.datastores.processing - INFO - Request ID is fedcc704-8207-4459-bb71-03e35a2bb912
2025-12-03T16:10:56+0100 - era5land_to_datm.download - INFO - Sleeping for 0.5 seconds before next call...
2025-12-03T16:10:57+0100 - era5land_to_datm.download - INFO - Retrieving Remote for request ID 3fa1c32d-e5c7-4cf6-909e-c17783dbad41...
2025-12-03T16:10:57+0100 - ecmwf.datastores.processing - INFO - Request ID is 3fa1c32d-e5c7-4cf6-909e-c17783dbad41
2025-12-03T16:10:57+0100 - ecmwf.datastores.processing - INFO - Request ID is 3fa1c32d-e5c7-4cf6-909e-c17783dbad41
2025-12-03T16:10:57+0100 - era5land_to_datm.download - INFO - Sleeping for 0.5 seconds before next call...
2025-12-03T16:10:57+0100 - era5land_to_datm.download - INFO - Retrieving Remote for request ID f41206d2-7098-4ab8-8c4a-7355a6785ce2...
2025-12-03T16:10:58+0100 - ecmwf.datastores.processing - INFO - Request ID is f41206d2-7098-4ab8-8c4a-7355a6785ce2
2025-12-03T16:10:58+0100 - ecmwf.datastores.processing - INFO - Request ID is f41206d2-7098-4ab8-8c4a-7355a6785ce2
2025-12-03T16:10:59+0100 - era5land_to_datm.download - INFO - Sleeping for 0.5 seconds before next call...
2025-12-03T16:11:00+0100 - era5land_to_datm.download - INFO - Retrieving Remote for request ID 821abfd1-a2a4-4fbc-a532-3acc1fa86cf2...
2025-12-03T16:11:00+0100 - ecmwf.datastores.processing - INFO - Request ID is 821abfd1-a2a4-4fbc-a532-3acc1fa86cf2
2025-12-03T16:11:00+0100 - ecmwf.datastores.processing - INFO - Request ID is 821abfd1-a2a4-4fbc-a532-3acc1fa86cf2
2025-12-03T16:11:00+0100 - era5land_to_datm.download - INFO - Sleeping for 0.5 seconds before next call...
2025-12-03T16:11:01+0100 - era5land_to_datm.download - INFO - Retrieving Remote for request ID ec77ced7-a067-4a22-afa4-c0892f34a9cd...
2025-12-03T16:11:01+0100 - ecmwf.datastores.processing - INFO - Request ID is ec77ced7-a067-4a22-afa4-c0892f34a9cd
2025-12-03T16:11:01+0100 - ecmwf.datastores.processing - INFO - Request ID is ec77ced7-a067-4a22-afa4-c0892f34a9cd
2025-12-03T16:11:01+0100 - era5land_to_datm.download - INFO - Sleeping for 0.5 seconds before next call...
2025-12-03T16:11:01+0100 - era5land_to_datm.download - INFO - Retrieving Remote for request ID 6696faf3-f08e-4ec6-9d88-6854e9bb4f85...
2025-12-03T16:11:01+0100 - ecmwf.datastores.processing - INFO - Request ID is 6696faf3-f08e-4ec6-9d88-6854e9bb4f85
2025-12-03T16:11:01+0100 - ecmwf.datastores.processing - INFO - Request ID is 6696faf3-f08e-4ec6-9d88-6854e9bb4f85
2025-12-03T16:11:01+0100 - era5land_to_datm.download - INFO - Sleeping for 0.5 seconds before next call...
2025-12-03T16:11:02+0100 - era5land_to_datm.download - INFO - Retrieving Remote for request ID 03e2feb5-e9ab-4aea-87f1-46b2c62f89b9...
2025-12-03T16:11:02+0100 - ecmwf.datastores.processing - INFO - Request ID is 03e2feb5-e9ab-4aea-87f1-46b2c62f89b9
2025-12-03T16:11:02+0100 - ecmwf.datastores.processing - INFO - Request ID is 03e2feb5-e9ab-4aea-87f1-46b2c62f89b9
2025-12-03T16:11:02+0100 - era5land_to_datm.download - INFO - Sleeping for 0.5 seconds before next call...
2025-12-03T16:11:03+0100 - era5land_to_datm.download - INFO - Retrieving Remote for request ID 263577dd-e575-479b-8420-90b9d73e055b...
2025-12-03T16:11:03+0100 - ecmwf.datastores.processing - INFO - Request ID is 263577dd-e575-479b-8420-90b9d73e055b
2025-12-03T16:11:03+0100 - ecmwf.datastores.processing - INFO - Request ID is 263577dd-e575-479b-8420-90b9d73e055b
2025-12-03T16:11:03+0100 - era5land_to_datm.download - INFO - Sleeping for 0.5 seconds before next call...
2025-12-03T16:11:03+0100 - era5land_to_datm.download - INFO - Retrieving Remote for request ID bc9cc361-79a5-43d2-98fd-f185b762bd2d...
2025-12-03T16:11:03+0100 - ecmwf.datastores.processing - INFO - Request ID is bc9cc361-79a5-43d2-98fd-f185b762bd2d
2025-12-03T16:11:03+0100 - ecmwf.datastores.processing - INFO - Request ID is bc9cc361-79a5-43d2-98fd-f185b762bd2d
2025-12-03T16:11:03+0100 - era5land_to_datm.download - INFO - Sleeping for 0.5 seconds before next call...
2025-12-03T16:11:04+0100 - era5land_to_datm.download - INFO - Retrieving Remote for request ID 4f24c0db-acae-4515-b73b-a2936c8450a3...
2025-12-03T16:11:04+0100 - ecmwf.datastores.processing - INFO - Request ID is 4f24c0db-acae-4515-b73b-a2936c8450a3
2025-12-03T16:11:04+0100 - ecmwf.datastores.processing - INFO - Request ID is 4f24c0db-acae-4515-b73b-a2936c8450a3
2025-12-03T16:11:04+0100 - era5land_to_datm.download - INFO - Sleeping for 0.5 seconds before next call...
2025-12-03T16:11:05+0100 - era5land_to_datm.download - INFO - Retrieving Remote for request ID 8e751c15-8f12-4b38-aea5-4d66ca1b00e6...
2025-12-03T16:11:05+0100 - ecmwf.datastores.processing - INFO - Request ID is 8e751c15-8f12-4b38-aea5-4d66ca1b00e6
2025-12-03T16:11:05+0100 - ecmwf.datastores.processing - INFO - Request ID is 8e751c15-8f12-4b38-aea5-4d66ca1b00e6
2025-12-03T16:11:06+0100 - era5land_to_datm.download - INFO - Sleeping for 0.5 seconds before next call...
2025-12-03T16:11:06+0100 - era5land_to_datm.download - INFO - Retrieving Remote for request ID 300c4a9c-156a-4ce1-a746-96797c1471d4...
2025-12-03T16:11:06+0100 - ecmwf.datastores.processing - INFO - Request ID is 300c4a9c-156a-4ce1-a746-96797c1471d4
2025-12-03T16:11:06+0100 - ecmwf.datastores.processing - INFO - Request ID is 300c4a9c-156a-4ce1-a746-96797c1471d4
2025-12-03T16:11:06+0100 - era5land_to_datm.download - INFO - Sleeping for 0.5 seconds before next call...
2025-12-03T16:11:07+0100 - era5land_to_datm.download - INFO - Retrieving Remote for request ID 1705cb00-a15a-4bb2-916c-08c84da38d47...
2025-12-03T16:11:07+0100 - ecmwf.datastores.processing - INFO - Request ID is 1705cb00-a15a-4bb2-916c-08c84da38d47
2025-12-03T16:11:07+0100 - ecmwf.datastores.processing - INFO - Request ID is 1705cb00-a15a-4bb2-916c-08c84da38d47
2025-12-03T16:11:07+0100 - era5land_to_datm.download - INFO - Sleeping for 0.5 seconds before next call...
2025-12-03T16:11:07+0100 - era5land_to_datm.download - INFO - Retrieving Remote for request ID bab94ed1-7997-4618-98d4-ee14b658051f...
2025-12-03T16:11:07+0100 - ecmwf.datastores.processing - INFO - Request ID is bab94ed1-7997-4618-98d4-ee14b658051f
2025-12-03T16:11:07+0100 - ecmwf.datastores.processing - INFO - Request ID is bab94ed1-7997-4618-98d4-ee14b658051f
2025-12-03T16:11:08+0100 - era5land_to_datm.download - INFO - Sleeping for 0.5 seconds before next call...
2025-12-03T16:11:08+0100 - era5land_to_datm.download - INFO - Retrieving Remote for request ID 308b6ac0-bb8c-466c-b0fa-46b7e750c61f...
2025-12-03T16:11:08+0100 - ecmwf.datastores.processing - INFO - Request ID is 308b6ac0-bb8c-466c-b0fa-46b7e750c61f
2025-12-03T16:11:08+0100 - ecmwf.datastores.processing - INFO - Request ID is 308b6ac0-bb8c-466c-b0fa-46b7e750c61f
2025-12-03T16:11:08+0100 - era5land_to_datm.download - INFO - Sleeping for 0.5 seconds before next call...
2025-12-03T16:11:09+0100 - era5land_to_datm.download - INFO - Retrieving Remote for request ID ddc78750-6fb2-48b9-9ed3-7e704dea03b0...
2025-12-03T16:11:09+0100 - ecmwf.datastores.processing - INFO - Request ID is ddc78750-6fb2-48b9-9ed3-7e704dea03b0
2025-12-03T16:11:09+0100 - ecmwf.datastores.processing - INFO - Request ID is ddc78750-6fb2-48b9-9ed3-7e704dea03b0
2025-12-03T16:11:09+0100 - era5land_to_datm.download - INFO - Sleeping for 0.5 seconds before next call...
2025-12-03T16:11:09+0100 - era5land_to_datm.download - INFO - Retrieving Remote for request ID ea34b89a-2829-4e26-a249-d8ee20dd8690...
2025-12-03T16:11:11+0100 - ecmwf.datastores.processing - INFO - Request ID is ea34b89a-2829-4e26-a249-d8ee20dd8690
2025-12-03T16:11:11+0100 - ecmwf.datastores.processing - INFO - Request ID is ea34b89a-2829-4e26-a249-d8ee20dd8690
2025-12-03T16:11:11+0100 - era5land_to_datm.download - INFO - Sleeping for 0.5 seconds before next call...
2025-12-03T16:11:11+0100 - era5land_to_datm.download - INFO - Retrieving Remote for request ID b3c5f7e2-cc9b-4604-84bd-62dcc5f758bf...
2025-12-03T16:11:11+0100 - ecmwf.datastores.processing - INFO - Request ID is b3c5f7e2-cc9b-4604-84bd-62dcc5f758bf
2025-12-03T16:11:11+0100 - ecmwf.datastores.processing - INFO - Request ID is b3c5f7e2-cc9b-4604-84bd-62dcc5f758bf
2025-12-03T16:11:11+0100 - era5land_to_datm.download - INFO - Sleeping for 0.5 seconds before next call...
2025-12-03T16:11:12+0100 - era5land_to_datm.download - INFO - Retrieving Remote for request ID 9143b0e6-afc0-494d-bec4-60f7e2c2dd02...
2025-12-03T16:11:12+0100 - ecmwf.datastores.processing - INFO - Request ID is 9143b0e6-afc0-494d-bec4-60f7e2c2dd02
2025-12-03T16:11:12+0100 - ecmwf.datastores.processing - INFO - Request ID is 9143b0e6-afc0-494d-bec4-60f7e2c2dd02
2025-12-03T16:11:12+0100 - era5land_to_datm.download - INFO - Sleeping for 0.5 seconds before next call...
2025-12-03T16:11:13+0100 - era5land_to_datm.download - INFO - Retrieving Remote for request ID 5ff0733d-323d-4d06-8bb3-b468de8c2cd6...
2025-12-03T16:11:13+0100 - ecmwf.datastores.processing - INFO - Request ID is 5ff0733d-323d-4d06-8bb3-b468de8c2cd6
2025-12-03T16:11:13+0100 - ecmwf.datastores.processing - INFO - Request ID is 5ff0733d-323d-4d06-8bb3-b468de8c2cd6
2025-12-03T16:11:13+0100 - era5land_to_datm.download - INFO - Sleeping for 0.5 seconds before next call...
2025-12-03T16:11:13+0100 - era5land_to_datm.download - INFO - Retrieving Remote for request ID 2f89a245-d604-4127-aa17-bfebec99eb19...
2025-12-03T16:11:13+0100 - ecmwf.datastores.processing - INFO - Request ID is 2f89a245-d604-4127-aa17-bfebec99eb19
2025-12-03T16:11:13+0100 - ecmwf.datastores.processing - INFO - Request ID is 2f89a245-d604-4127-aa17-bfebec99eb19
2025-12-03T16:11:14+0100 - era5land_to_datm.download - INFO - Sleeping for 0.5 seconds before next call...
2025-12-03T16:11:14+0100 - era5land_to_datm.download - INFO - Retrieving Remote for request ID 1a3ed428-d0ae-4b3c-a3df-b07d7199957e...
2025-12-03T16:11:14+0100 - ecmwf.datastores.processing - INFO - Request ID is 1a3ed428-d0ae-4b3c-a3df-b07d7199957e
2025-12-03T16:11:14+0100 - ecmwf.datastores.processing - INFO - Request ID is 1a3ed428-d0ae-4b3c-a3df-b07d7199957e
2025-12-03T16:11:14+0100 - era5land_to_datm.download - INFO - Sleeping for 0.5 seconds before next call...
2025-12-03T16:11:15+0100 - era5land_to_datm.download - INFO - Retrieving Remote for request ID acb9711e-b111-4c10-a36e-a6fe6660228e...
2025-12-03T16:11:15+0100 - ecmwf.datastores.processing - INFO - Request ID is acb9711e-b111-4c10-a36e-a6fe6660228e
2025-12-03T16:11:15+0100 - ecmwf.datastores.processing - INFO - Request ID is acb9711e-b111-4c10-a36e-a6fe6660228e
2025-12-03T16:11:15+0100 - era5land_to_datm.download - INFO - Sleeping for 0.5 seconds before next call...
2025-12-03T16:11:15+0100 - era5land_to_datm.download - INFO - Retrieving Remote for request ID 9a5cb915-cfef-42c5-9b3e-42e0ff436cab...
2025-12-03T16:11:17+0100 - ecmwf.datastores.processing - INFO - Request ID is 9a5cb915-cfef-42c5-9b3e-42e0ff436cab
2025-12-03T16:11:17+0100 - ecmwf.datastores.processing - INFO - Request ID is 9a5cb915-cfef-42c5-9b3e-42e0ff436cab
2025-12-03T16:11:17+0100 - era5land_to_datm.download - INFO - Sleeping for 0.5 seconds before next call...
2025-12-03T16:11:17+0100 - era5land_to_datm.download - INFO - Retrieving Remote for request ID 3a78dbc3-8d35-44e4-b82c-e2044adaf0ee...
2025-12-03T16:11:17+0100 - ecmwf.datastores.processing - INFO - Request ID is 3a78dbc3-8d35-44e4-b82c-e2044adaf0ee
2025-12-03T16:11:17+0100 - ecmwf.datastores.processing - INFO - Request ID is 3a78dbc3-8d35-44e4-b82c-e2044adaf0ee
2025-12-03T16:11:17+0100 - era5land_to_datm.download - INFO - Sleeping for 0.5 seconds before next call...
2025-12-03T16:11:18+0100 - era5land_to_datm.download - INFO - Retrieving Remote for request ID 6addf9be-c121-40c8-a559-cda7426d4613...
2025-12-03T16:11:18+0100 - ecmwf.datastores.processing - INFO - Request ID is 6addf9be-c121-40c8-a559-cda7426d4613
2025-12-03T16:11:18+0100 - ecmwf.datastores.processing - INFO - Request ID is 6addf9be-c121-40c8-a559-cda7426d4613
2025-12-03T16:11:18+0100 - era5land_to_datm.download - INFO - Sleeping for 0.5 seconds before next call...
2025-12-03T16:11:19+0100 - era5land_to_datm.download - INFO - Retrieving Remote for request ID c5f772b6-ea5e-4028-9e7e-f949e49076a7...
2025-12-03T16:11:19+0100 - ecmwf.datastores.processing - INFO - Request ID is c5f772b6-ea5e-4028-9e7e-f949e49076a7
2025-12-03T16:11:19+0100 - ecmwf.datastores.processing - INFO - Request ID is c5f772b6-ea5e-4028-9e7e-f949e49076a7
2025-12-03T16:11:19+0100 - era5land_to_datm.download - INFO - Sleeping for 0.5 seconds before next call...
2025-12-03T16:11:19+0100 - era5land_to_datm.download - INFO - Retrieving Remote for request ID cfc4aebc-8afe-4ec9-bee8-658945caacbf...
2025-12-03T16:11:19+0100 - ecmwf.datastores.processing - INFO - Request ID is cfc4aebc-8afe-4ec9-bee8-658945caacbf
2025-12-03T16:11:19+0100 - ecmwf.datastores.processing - INFO - Request ID is cfc4aebc-8afe-4ec9-bee8-658945caacbf
2025-12-03T16:11:19+0100 - era5land_to_datm.download - INFO - Sleeping for 0.5 seconds before next call...
2025-12-03T16:11:20+0100 - era5land_to_datm.download - INFO - Retrieving Remote for request ID f917c402-4647-4b90-8804-b3fe63f08a2c...
2025-12-03T16:11:20+0100 - ecmwf.datastores.processing - INFO - Request ID is f917c402-4647-4b90-8804-b3fe63f08a2c
2025-12-03T16:11:20+0100 - ecmwf.datastores.processing - INFO - Request ID is f917c402-4647-4b90-8804-b3fe63f08a2c
2025-12-03T16:11:20+0100 - era5land_to_datm.download - INFO - Sleeping for 0.5 seconds before next call...
2025-12-03T16:11:21+0100 - era5land_to_datm.download - INFO - Retrieving Remote for request ID cc88fa53-99f6-44a3-b08e-9462f7623138...
2025-12-03T16:11:22+0100 - ecmwf.datastores.processing - INFO - Request ID is cc88fa53-99f6-44a3-b08e-9462f7623138
2025-12-03T16:11:23+0100 - ecmwf.datastores.processing - INFO - Request ID is cc88fa53-99f6-44a3-b08e-9462f7623138
2025-12-03T16:11:23+0100 - era5land_to_datm.download - INFO - Sleeping for 0.5 seconds before next call...
2025-12-03T16:11:23+0100 - era5land_to_datm.download - INFO - Retrieving Remote for request ID d8fc6a02-049c-42eb-88d1-2c8bb0cc6604...
2025-12-03T16:11:24+0100 - ecmwf.datastores.processing - INFO - Request ID is d8fc6a02-049c-42eb-88d1-2c8bb0cc6604
2025-12-03T16:11:24+0100 - ecmwf.datastores.processing - INFO - Request ID is d8fc6a02-049c-42eb-88d1-2c8bb0cc6604
2025-12-03T16:11:24+0100 - era5land_to_datm.download - INFO - Sleeping for 0.5 seconds before next call...
2025-12-03T16:11:24+0100 - era5land_to_datm.download - INFO - Retrieving Remote for request ID 052b0084-e520-4644-81c7-da7c57b7ed26...
2025-12-03T16:11:24+0100 - ecmwf.datastores.processing - INFO - Request ID is 052b0084-e520-4644-81c7-da7c57b7ed26
2025-12-03T16:11:24+0100 - ecmwf.datastores.processing - INFO - Request ID is 052b0084-e520-4644-81c7-da7c57b7ed26
2025-12-03T16:11:24+0100 - era5land_to_datm.download - INFO - Sleeping for 0.5 seconds before next call...
2025-12-03T16:11:25+0100 - era5land_to_datm.download - INFO - Retrieving Remote for request ID c25ca6a0-3403-46e0-9a8d-73854afebd8c...
2025-12-03T16:11:25+0100 - ecmwf.datastores.processing - INFO - Request ID is c25ca6a0-3403-46e0-9a8d-73854afebd8c
2025-12-03T16:11:25+0100 - ecmwf.datastores.processing - INFO - Request ID is c25ca6a0-3403-46e0-9a8d-73854afebd8c
2025-12-03T16:11:25+0100 - era5land_to_datm.download - INFO - Sleeping for 0.5 seconds before next call...
2025-12-03T16:11:25+0100 - era5land_to_datm.download - INFO - Retrieving Remote for request ID 80bb1c4d-5013-4845-ad95-038264bf4b43...
2025-12-03T16:11:26+0100 - ecmwf.datastores.processing - INFO - Request ID is 80bb1c4d-5013-4845-ad95-038264bf4b43
2025-12-03T16:11:26+0100 - ecmwf.datastores.processing - INFO - Request ID is 80bb1c4d-5013-4845-ad95-038264bf4b43
2025-12-03T16:11:26+0100 - era5land_to_datm.download - INFO - Sleeping for 0.5 seconds before next call...
2025-12-03T16:11:26+0100 - era5land_to_datm.download - INFO - Retrieving Remote for request ID 8226ac66-3344-48ec-be06-6a618e735cce...
2025-12-03T16:11:26+0100 - ecmwf.datastores.processing - INFO - Request ID is 8226ac66-3344-48ec-be06-6a618e735cce
2025-12-03T16:11:26+0100 - ecmwf.datastores.processing - INFO - Request ID is 8226ac66-3344-48ec-be06-6a618e735cce
2025-12-03T16:11:26+0100 - era5land_to_datm.download - INFO - Sleeping for 0.5 seconds before next call...
2025-12-03T16:11:27+0100 - era5land_to_datm.download - INFO - Retrieving Remote for request ID 050f652e-e46a-4799-9c08-725775fe50fc...
2025-12-03T16:11:27+0100 - ecmwf.datastores.processing - INFO - Request ID is 050f652e-e46a-4799-9c08-725775fe50fc
2025-12-03T16:11:27+0100 - ecmwf.datastores.processing - INFO - Request ID is 050f652e-e46a-4799-9c08-725775fe50fc
2025-12-03T16:11:27+0100 - era5land_to_datm.download - INFO - Sleeping for 0.5 seconds before next call...
2025-12-03T16:11:27+0100 - era5land_to_datm.download - INFO - Retrieving Remote for request ID 1207a8b3-ffc4-42d7-87d4-1a390399e406...
2025-12-03T16:11:28+0100 - ecmwf.datastores.processing - INFO - Request ID is 1207a8b3-ffc4-42d7-87d4-1a390399e406
2025-12-03T16:11:28+0100 - ecmwf.datastores.processing - INFO - Request ID is 1207a8b3-ffc4-42d7-87d4-1a390399e406
2025-12-03T16:11:28+0100 - era5land_to_datm.download - INFO - Sleeping for 0.5 seconds before next call...
2025-12-03T16:11:28+0100 - era5land_to_datm.download - INFO - Retrieving Remote for request ID 66af788c-597b-4571-91d6-e12bac7462cf...
2025-12-03T16:11:28+0100 - ecmwf.datastores.processing - INFO - Request ID is 66af788c-597b-4571-91d6-e12bac7462cf
2025-12-03T16:11:28+0100 - ecmwf.datastores.processing - INFO - Request ID is 66af788c-597b-4571-91d6-e12bac7462cf
2025-12-03T16:11:28+0100 - era5land_to_datm.download - INFO - Sleeping for 0.5 seconds before next call...
2025-12-03T16:11:29+0100 - era5land_to_datm.download - INFO - Retrieving Remote for request ID 8ee8fcc0-33f6-4461-85d3-e5b0a8820a4e...
2025-12-03T16:11:29+0100 - ecmwf.datastores.processing - INFO - Request ID is 8ee8fcc0-33f6-4461-85d3-e5b0a8820a4e
2025-12-03T16:11:29+0100 - ecmwf.datastores.processing - INFO - Request ID is 8ee8fcc0-33f6-4461-85d3-e5b0a8820a4e
2025-12-03T16:11:29+0100 - era5land_to_datm.download - INFO - Sleeping for 0.5 seconds before next call...
2025-12-03T16:11:30+0100 - era5land_to_datm.download - INFO - Retrieving Remote for request ID faf9a191-edee-49d0-8f68-9f69b6106c81...
2025-12-03T16:11:30+0100 - ecmwf.datastores.processing - INFO - Request ID is faf9a191-edee-49d0-8f68-9f69b6106c81
2025-12-03T16:11:30+0100 - ecmwf.datastores.processing - INFO - Request ID is faf9a191-edee-49d0-8f68-9f69b6106c81
2025-12-03T16:11:30+0100 - era5land_to_datm.download - INFO - Sleeping for 0.5 seconds before next call...
2025-12-03T16:11:31+0100 - era5land_to_datm.download - INFO - Retrieving Remote for request ID 06630dff-d564-4b0a-9601-47addf003b07...
2025-12-03T16:11:31+0100 - ecmwf.datastores.processing - INFO - Request ID is 06630dff-d564-4b0a-9601-47addf003b07
2025-12-03T16:11:31+0100 - ecmwf.datastores.processing - INFO - Request ID is 06630dff-d564-4b0a-9601-47addf003b07
2025-12-03T16:11:31+0100 - era5land_to_datm.download - INFO - Sleeping for 0.5 seconds before next call...
2025-12-03T16:11:31+0100 - era5land_to_datm.download - INFO - Retrieving Remote for request ID 3d7f823b-463f-4cd3-8bb6-c213a26f3f20...
2025-12-03T16:11:31+0100 - ecmwf.datastores.processing - INFO - Request ID is 3d7f823b-463f-4cd3-8bb6-c213a26f3f20
2025-12-03T16:11:31+0100 - ecmwf.datastores.processing - INFO - Request ID is 3d7f823b-463f-4cd3-8bb6-c213a26f3f20
2025-12-03T16:11:31+0100 - era5land_to_datm.download - INFO - Sleeping for 0.5 seconds before next call...
