2025-12-03T23:26:09+0100 - root - INFO - Logger initialized.
2025-12-03T23:26:09+0100 - root - INFO - Logging to file: /cluster/home/janko/src/era5land_to_datm/scripts/era5land_to_datm_script_20251203T222609.log
2025-12-03T23:40:06+0100 - ecmwf.datastores.processing - INFO - [2025-12-03T00:00:00Z] To improve our C3S service, we need to hear from you! Please complete this very short [survey](https://confluence.ecmwf.int/x/E7uBEQ/). Thank you.
2025-12-03T23:40:06+0100 - era5land_to_datm.requests - INFO - Submitting request for year=2000, month=01...
2025-12-03T23:40:06+0100 - ecmwf.datastores.processing - INFO - Request ID is 61ac7806-60bf-43b0-9205-696013b856c7
2025-12-03T23:40:06+0100 - ecmwf.datastores.processing - INFO - status has been updated to accepted
2025-12-03T23:40:06+0100 - era5land_to_datm.requests - INFO - Request submitted with ID 61ac7806-60bf-43b0-9205-696013b856c7, status accepted.
2025-12-03T23:40:06+0100 - era5land_to_datm.requests - INFO - Waiting 3.0 seconds before next request...
2025-12-03T23:40:09+0100 - era5land_to_datm.requests - INFO - Submitting request for year=2000, month=02...
2025-12-03T23:40:09+0100 - ecmwf.datastores.processing - INFO - Request ID is 5d9e5206-5b70-472d-bbda-a46ec328d7f6
2025-12-03T23:40:09+0100 - ecmwf.datastores.processing - INFO - status has been updated to accepted
2025-12-03T23:40:09+0100 - era5land_to_datm.requests - INFO - Request submitted with ID 5d9e5206-5b70-472d-bbda-a46ec328d7f6, status accepted.
2025-12-03T23:40:09+0100 - era5land_to_datm.requests - INFO - Waiting 3.0 seconds before next request...
2025-12-03T23:40:13+0100 - era5land_to_datm.requests - INFO - Submitting request for year=2000, month=03...
2025-12-03T23:40:13+0100 - ecmwf.datastores.processing - INFO - Request ID is 7b214b79-1c11-41c1-8b4f-2fa480baedc0
2025-12-03T23:40:13+0100 - ecmwf.datastores.processing - INFO - status has been updated to accepted
2025-12-03T23:40:13+0100 - era5land_to_datm.requests - INFO - Request submitted with ID 7b214b79-1c11-41c1-8b4f-2fa480baedc0, status accepted.
2025-12-03T23:40:13+0100 - era5land_to_datm.requests - INFO - Waiting 3.0 seconds before next request...
2025-12-03T23:40:16+0100 - era5land_to_datm.requests - INFO - Submitting request for year=2000, month=04...
2025-12-03T23:40:16+0100 - ecmwf.datastores.processing - INFO - Request ID is 60020d68-b975-430c-8959-e60232c26c32
2025-12-03T23:40:16+0100 - ecmwf.datastores.processing - INFO - status has been updated to accepted
2025-12-03T23:40:16+0100 - era5land_to_datm.requests - INFO - Request submitted with ID 60020d68-b975-430c-8959-e60232c26c32, status accepted.
2025-12-03T23:40:16+0100 - era5land_to_datm.requests - INFO - Waiting 3.0 seconds before next request...
2025-12-03T23:40:19+0100 - era5land_to_datm.requests - INFO - Submitting request for year=2000, month=05...
2025-12-03T23:40:19+0100 - ecmwf.datastores.processing - INFO - Request ID is 9dc93f53-88ce-4d93-9dfc-45c488dccffd
2025-12-03T23:40:20+0100 - ecmwf.datastores.processing - INFO - status has been updated to accepted
2025-12-03T23:40:20+0100 - era5land_to_datm.requests - INFO - Request submitted with ID 9dc93f53-88ce-4d93-9dfc-45c488dccffd, status accepted.
2025-12-03T23:40:20+0100 - era5land_to_datm.requests - INFO - Waiting 3.0 seconds before next request...
2025-12-03T23:40:23+0100 - era5land_to_datm.requests - INFO - Submitting request for year=2000, month=06...
2025-12-03T23:40:23+0100 - ecmwf.datastores.processing - INFO - Request ID is ee3c665c-3071-43cc-bf68-6d32c82ca2dd
2025-12-03T23:40:23+0100 - ecmwf.datastores.processing - INFO - status has been updated to accepted
2025-12-03T23:40:23+0100 - era5land_to_datm.requests - INFO - Request submitted with ID ee3c665c-3071-43cc-bf68-6d32c82ca2dd, status accepted.
2025-12-03T23:40:23+0100 - era5land_to_datm.requests - INFO - Waiting 3.0 seconds before next request...
2025-12-03T23:40:26+0100 - era5land_to_datm.requests - INFO - Submitting request for year=2000, month=07...
2025-12-03T23:40:27+0100 - ecmwf.datastores.processing - INFO - Request ID is 9e27a074-f71f-4071-849b-922328f69d4e
2025-12-03T23:40:27+0100 - ecmwf.datastores.processing - INFO - status has been updated to accepted
2025-12-03T23:40:27+0100 - era5land_to_datm.requests - INFO - Request submitted with ID 9e27a074-f71f-4071-849b-922328f69d4e, status accepted.
2025-12-03T23:40:27+0100 - era5land_to_datm.requests - INFO - Waiting 3.0 seconds before next request...
2025-12-03T23:40:30+0100 - era5land_to_datm.requests - INFO - Submitting request for year=2000, month=08...
2025-12-03T23:40:30+0100 - ecmwf.datastores.processing - INFO - Request ID is 7c8cc24e-ba48-4093-ad17-811751a455ea
2025-12-03T23:40:30+0100 - ecmwf.datastores.processing - INFO - status has been updated to accepted
2025-12-03T23:40:30+0100 - era5land_to_datm.requests - INFO - Request submitted with ID 7c8cc24e-ba48-4093-ad17-811751a455ea, status accepted.
2025-12-03T23:40:30+0100 - era5land_to_datm.requests - INFO - Waiting 3.0 seconds before next request...
2025-12-03T23:40:33+0100 - era5land_to_datm.requests - INFO - Submitting request for year=2000, month=09...
2025-12-03T23:40:34+0100 - ecmwf.datastores.processing - INFO - Request ID is 18d63505-7532-4fb2-ad39-955d0ef03b2c
2025-12-03T23:40:34+0100 - ecmwf.datastores.processing - INFO - status has been updated to accepted
2025-12-03T23:40:34+0100 - era5land_to_datm.requests - INFO - Request submitted with ID 18d63505-7532-4fb2-ad39-955d0ef03b2c, status accepted.
2025-12-03T23:40:34+0100 - era5land_to_datm.requests - INFO - Waiting 3.0 seconds before next request...
2025-12-03T23:40:37+0100 - era5land_to_datm.requests - INFO - Submitting request for year=2000, month=10...
2025-12-03T23:40:38+0100 - ecmwf.datastores.processing - INFO - Request ID is fed35ccb-c3ec-48aa-97a1-206b173cac59
2025-12-03T23:40:39+0100 - ecmwf.datastores.processing - INFO - status has been updated to accepted
2025-12-03T23:40:39+0100 - era5land_to_datm.requests - INFO - Request submitted with ID fed35ccb-c3ec-48aa-97a1-206b173cac59, status accepted.
2025-12-03T23:40:39+0100 - era5land_to_datm.requests - INFO - Waiting 3.0 seconds before next request...
2025-12-03T23:40:42+0100 - era5land_to_datm.requests - INFO - Submitting request for year=2000, month=11...
2025-12-03T23:40:43+0100 - ecmwf.datastores.processing - INFO - Request ID is 336721d9-1f2d-4173-a7a7-fd8175fbb77e
2025-12-03T23:40:43+0100 - ecmwf.datastores.processing - INFO - status has been updated to accepted
2025-12-03T23:40:43+0100 - era5land_to_datm.requests - INFO - Request submitted with ID 336721d9-1f2d-4173-a7a7-fd8175fbb77e, status accepted.
2025-12-03T23:40:43+0100 - era5land_to_datm.requests - INFO - Waiting 3.0 seconds before next request...
2025-12-03T23:40:46+0100 - era5land_to_datm.requests - INFO - Submitting request for year=2000, month=12...
2025-12-03T23:40:48+0100 - ecmwf.datastores.processing - INFO - Request ID is c946b0dd-dd84-4fee-bede-1798a2bb8205
2025-12-03T23:40:49+0100 - ecmwf.datastores.processing - INFO - status has been updated to accepted
2025-12-03T23:40:49+0100 - era5land_to_datm.requests - INFO - Request submitted with ID c946b0dd-dd84-4fee-bede-1798a2bb8205, status accepted.
2025-12-03T23:45:43+0100 - ecmwf.datastores.processing - INFO - [2025-12-03T00:00:00Z] To improve our C3S service, we need to hear from you! Please complete this very short [survey](https://confluence.ecmwf.int/x/E7uBEQ/). Thank you.
2025-12-03T23:45:43+0100 - era5land_to_datm.download - INFO - Received 12 request IDs from server.
2025-12-03T23:45:43+0100 - era5land_to_datm.download - INFO - Retrieving Remote for request ID c946b0dd-dd84-4fee-bede-1798a2bb8205 (1/12)...
2025-12-03T23:45:43+0100 - ecmwf.datastores.processing - INFO - Request ID is c946b0dd-dd84-4fee-bede-1798a2bb8205
2025-12-03T23:45:43+0100 - ecmwf.datastores.processing - INFO - Request ID is c946b0dd-dd84-4fee-bede-1798a2bb8205
2025-12-03T23:45:43+0100 - era5land_to_datm.download - INFO - Sleeping for 0.5 seconds before next call...
2025-12-03T23:45:44+0100 - era5land_to_datm.download - INFO - Retrieving Remote for request ID 336721d9-1f2d-4173-a7a7-fd8175fbb77e (2/12)...
2025-12-03T23:45:44+0100 - ecmwf.datastores.processing - INFO - Request ID is 336721d9-1f2d-4173-a7a7-fd8175fbb77e
2025-12-03T23:45:44+0100 - ecmwf.datastores.processing - INFO - Request ID is 336721d9-1f2d-4173-a7a7-fd8175fbb77e
2025-12-03T23:45:44+0100 - era5land_to_datm.download - INFO - Sleeping for 0.5 seconds before next call...
2025-12-03T23:45:45+0100 - era5land_to_datm.download - INFO - Retrieving Remote for request ID fed35ccb-c3ec-48aa-97a1-206b173cac59 (3/12)...
2025-12-03T23:45:45+0100 - ecmwf.datastores.processing - INFO - Request ID is fed35ccb-c3ec-48aa-97a1-206b173cac59
2025-12-03T23:45:45+0100 - ecmwf.datastores.processing - INFO - Request ID is fed35ccb-c3ec-48aa-97a1-206b173cac59
2025-12-03T23:45:45+0100 - era5land_to_datm.download - INFO - Sleeping for 0.5 seconds before next call...
2025-12-03T23:45:45+0100 - era5land_to_datm.download - INFO - Retrieving Remote for request ID 18d63505-7532-4fb2-ad39-955d0ef03b2c (4/12)...
2025-12-03T23:45:46+0100 - ecmwf.datastores.processing - INFO - Request ID is 18d63505-7532-4fb2-ad39-955d0ef03b2c
2025-12-03T23:45:46+0100 - ecmwf.datastores.processing - INFO - Request ID is 18d63505-7532-4fb2-ad39-955d0ef03b2c
2025-12-03T23:45:46+0100 - era5land_to_datm.download - INFO - Sleeping for 0.5 seconds before next call...
2025-12-03T23:45:46+0100 - era5land_to_datm.download - INFO - Retrieving Remote for request ID 7c8cc24e-ba48-4093-ad17-811751a455ea (5/12)...
2025-12-03T23:45:47+0100 - ecmwf.datastores.processing - INFO - Request ID is 7c8cc24e-ba48-4093-ad17-811751a455ea
2025-12-03T23:45:47+0100 - ecmwf.datastores.processing - INFO - Request ID is 7c8cc24e-ba48-4093-ad17-811751a455ea
2025-12-03T23:45:48+0100 - era5land_to_datm.download - INFO - Sleeping for 0.5 seconds before next call...
2025-12-03T23:45:48+0100 - era5land_to_datm.download - INFO - Retrieving Remote for request ID 9e27a074-f71f-4071-849b-922328f69d4e (6/12)...
2025-12-03T23:45:48+0100 - ecmwf.datastores.processing - INFO - Request ID is 9e27a074-f71f-4071-849b-922328f69d4e
2025-12-03T23:45:48+0100 - ecmwf.datastores.processing - INFO - Request ID is 9e27a074-f71f-4071-849b-922328f69d4e
2025-12-03T23:45:48+0100 - era5land_to_datm.download - INFO - Sleeping for 0.5 seconds before next call...
2025-12-03T23:45:49+0100 - era5land_to_datm.download - INFO - Retrieving Remote for request ID ee3c665c-3071-43cc-bf68-6d32c82ca2dd (7/12)...
2025-12-03T23:45:49+0100 - ecmwf.datastores.processing - INFO - Request ID is ee3c665c-3071-43cc-bf68-6d32c82ca2dd
2025-12-03T23:45:49+0100 - ecmwf.datastores.processing - INFO - Request ID is ee3c665c-3071-43cc-bf68-6d32c82ca2dd
2025-12-03T23:45:49+0100 - era5land_to_datm.download - INFO - Sleeping for 0.5 seconds before next call...
2025-12-03T23:45:50+0100 - era5land_to_datm.download - INFO - Retrieving Remote for request ID 9dc93f53-88ce-4d93-9dfc-45c488dccffd (8/12)...
2025-12-03T23:45:50+0100 - ecmwf.datastores.processing - INFO - Request ID is 9dc93f53-88ce-4d93-9dfc-45c488dccffd
2025-12-03T23:45:50+0100 - ecmwf.datastores.processing - INFO - Request ID is 9dc93f53-88ce-4d93-9dfc-45c488dccffd
2025-12-03T23:45:50+0100 - era5land_to_datm.download - INFO - Sleeping for 0.5 seconds before next call...
2025-12-03T23:45:50+0100 - era5land_to_datm.download - INFO - Retrieving Remote for request ID 60020d68-b975-430c-8959-e60232c26c32 (9/12)...
2025-12-03T23:45:50+0100 - ecmwf.datastores.processing - INFO - Request ID is 60020d68-b975-430c-8959-e60232c26c32
2025-12-03T23:45:50+0100 - ecmwf.datastores.processing - INFO - Request ID is 60020d68-b975-430c-8959-e60232c26c32
2025-12-03T23:45:50+0100 - era5land_to_datm.download - INFO - Sleeping for 0.5 seconds before next call...
2025-12-03T23:45:51+0100 - era5land_to_datm.download - INFO - Retrieving Remote for request ID 7b214b79-1c11-41c1-8b4f-2fa480baedc0 (10/12)...
2025-12-03T23:45:51+0100 - ecmwf.datastores.processing - INFO - Request ID is 7b214b79-1c11-41c1-8b4f-2fa480baedc0
2025-12-03T23:45:51+0100 - ecmwf.datastores.processing - INFO - Request ID is 7b214b79-1c11-41c1-8b4f-2fa480baedc0
2025-12-03T23:45:51+0100 - era5land_to_datm.download - INFO - Sleeping for 0.5 seconds before next call...
2025-12-03T23:45:52+0100 - era5land_to_datm.download - INFO - Retrieving Remote for request ID 5d9e5206-5b70-472d-bbda-a46ec328d7f6 (11/12)...
2025-12-03T23:45:52+0100 - ecmwf.datastores.processing - INFO - Request ID is 5d9e5206-5b70-472d-bbda-a46ec328d7f6
2025-12-03T23:45:52+0100 - ecmwf.datastores.processing - INFO - Request ID is 5d9e5206-5b70-472d-bbda-a46ec328d7f6
2025-12-03T23:45:52+0100 - era5land_to_datm.download - INFO - Sleeping for 0.5 seconds before next call...
2025-12-03T23:45:52+0100 - era5land_to_datm.download - INFO - Retrieving Remote for request ID 61ac7806-60bf-43b0-9205-696013b856c7 (12/12)...
2025-12-03T23:45:52+0100 - ecmwf.datastores.processing - INFO - Request ID is 61ac7806-60bf-43b0-9205-696013b856c7
2025-12-03T23:45:52+0100 - ecmwf.datastores.processing - INFO - Request ID is 61ac7806-60bf-43b0-9205-696013b856c7
2025-12-03T23:45:53+0100 - era5land_to_datm.download - INFO - Sleeping for 0.5 seconds before next call...
2025-12-03T23:55:55+0100 - ecmwf.datastores.processing - INFO - [2025-12-03T00:00:00Z] To improve our C3S service, we need to hear from you! Please complete this very short [survey](https://confluence.ecmwf.int/x/E7uBEQ/). Thank you.
2025-12-03T23:55:55+0100 - era5land_to_datm.requests - INFO - Submitting request for year=2000, month=01...
2025-12-03T23:55:55+0100 - ecmwf.datastores.processing - INFO - Request ID is 7fabf8cf-7c29-41b1-a905-73bc11b826f4
2025-12-03T23:55:56+0100 - ecmwf.datastores.processing - INFO - status has been updated to accepted
2025-12-03T23:55:56+0100 - era5land_to_datm.requests - INFO - Request submitted with ID 7fabf8cf-7c29-41b1-a905-73bc11b826f4, status accepted.
2025-12-03T23:55:56+0100 - era5land_to_datm.requests - INFO - Waiting 3.0 seconds before next request...
2025-12-03T23:55:59+0100 - era5land_to_datm.requests - INFO - Submitting request for year=2000, month=02...
2025-12-03T23:55:59+0100 - ecmwf.datastores.processing - INFO - Request ID is 0011cf9c-98c3-45ac-b4c7-c66f189d5a16
2025-12-03T23:55:59+0100 - ecmwf.datastores.processing - INFO - status has been updated to accepted
2025-12-03T23:55:59+0100 - era5land_to_datm.requests - INFO - Request submitted with ID 0011cf9c-98c3-45ac-b4c7-c66f189d5a16, status accepted.
2025-12-03T23:55:59+0100 - era5land_to_datm.requests - INFO - Waiting 3.0 seconds before next request...
2025-12-03T23:56:02+0100 - era5land_to_datm.requests - INFO - Submitting request for year=2000, month=03...
2025-12-03T23:56:02+0100 - ecmwf.datastores.processing - INFO - Request ID is 9177a6b6-dd93-4bff-9546-cc43af2ea68f
2025-12-03T23:56:02+0100 - ecmwf.datastores.processing - INFO - status has been updated to accepted
2025-12-03T23:56:02+0100 - era5land_to_datm.requests - INFO - Request submitted with ID 9177a6b6-dd93-4bff-9546-cc43af2ea68f, status accepted.
2025-12-03T23:56:02+0100 - era5land_to_datm.requests - INFO - Waiting 3.0 seconds before next request...
2025-12-03T23:56:05+0100 - era5land_to_datm.requests - INFO - Submitting request for year=2000, month=04...
2025-12-03T23:56:06+0100 - ecmwf.datastores.processing - INFO - Request ID is 49c96cb8-ae29-4d51-9c92-2ba54c94a938
2025-12-03T23:56:06+0100 - ecmwf.datastores.processing - INFO - status has been updated to accepted
2025-12-03T23:56:06+0100 - era5land_to_datm.requests - INFO - Request submitted with ID 49c96cb8-ae29-4d51-9c92-2ba54c94a938, status accepted.
2025-12-03T23:56:06+0100 - era5land_to_datm.requests - INFO - Waiting 3.0 seconds before next request...
2025-12-03T23:56:09+0100 - era5land_to_datm.requests - INFO - Submitting request for year=2000, month=05...
2025-12-03T23:56:09+0100 - ecmwf.datastores.processing - INFO - Request ID is 70f3f2cb-cb1a-4766-a8b6-7821c14e5339
2025-12-03T23:56:09+0100 - ecmwf.datastores.processing - INFO - status has been updated to accepted
2025-12-03T23:56:09+0100 - era5land_to_datm.requests - INFO - Request submitted with ID 70f3f2cb-cb1a-4766-a8b6-7821c14e5339, status accepted.
2025-12-03T23:56:09+0100 - era5land_to_datm.requests - INFO - Waiting 3.0 seconds before next request...
2025-12-03T23:56:12+0100 - era5land_to_datm.requests - INFO - Submitting request for year=2000, month=06...
2025-12-03T23:56:13+0100 - ecmwf.datastores.processing - INFO - Request ID is fa64418d-3f27-4dbd-aaa4-e80bd3bfe642
2025-12-03T23:56:13+0100 - ecmwf.datastores.processing - INFO - status has been updated to accepted
2025-12-03T23:56:13+0100 - era5land_to_datm.requests - INFO - Request submitted with ID fa64418d-3f27-4dbd-aaa4-e80bd3bfe642, status accepted.
2025-12-03T23:56:13+0100 - era5land_to_datm.requests - INFO - Waiting 3.0 seconds before next request...
2025-12-03T23:56:16+0100 - era5land_to_datm.requests - INFO - Submitting request for year=2000, month=07...
2025-12-03T23:56:16+0100 - ecmwf.datastores.processing - INFO - Request ID is 1a5bc9e9-18a3-4e88-b8e3-40aef9b2c5ad
2025-12-03T23:56:16+0100 - ecmwf.datastores.processing - INFO - status has been updated to accepted
2025-12-03T23:56:16+0100 - era5land_to_datm.requests - INFO - Request submitted with ID 1a5bc9e9-18a3-4e88-b8e3-40aef9b2c5ad, status accepted.
2025-12-03T23:56:16+0100 - era5land_to_datm.requests - INFO - Waiting 3.0 seconds before next request...
2025-12-03T23:56:19+0100 - era5land_to_datm.requests - INFO - Submitting request for year=2000, month=08...
2025-12-03T23:56:20+0100 - ecmwf.datastores.processing - INFO - Request ID is abe83ed7-82a5-4f8d-9af1-58cbd5fc66e7
2025-12-03T23:56:20+0100 - ecmwf.datastores.processing - INFO - status has been updated to accepted
2025-12-03T23:56:20+0100 - era5land_to_datm.requests - INFO - Request submitted with ID abe83ed7-82a5-4f8d-9af1-58cbd5fc66e7, status accepted.
2025-12-03T23:56:20+0100 - era5land_to_datm.requests - INFO - Waiting 3.0 seconds before next request...
2025-12-03T23:56:23+0100 - era5land_to_datm.requests - INFO - Submitting request for year=2000, month=09...
2025-12-03T23:56:24+0100 - ecmwf.datastores.processing - INFO - Request ID is db5dfb18-922b-4f96-9533-55e248cb01ed
2025-12-03T23:56:24+0100 - ecmwf.datastores.processing - INFO - status has been updated to accepted
2025-12-03T23:56:24+0100 - era5land_to_datm.requests - INFO - Request submitted with ID db5dfb18-922b-4f96-9533-55e248cb01ed, status accepted.
2025-12-03T23:56:24+0100 - era5land_to_datm.requests - INFO - Waiting 3.0 seconds before next request...
2025-12-03T23:56:27+0100 - era5land_to_datm.requests - INFO - Submitting request for year=2000, month=10...
2025-12-03T23:56:28+0100 - ecmwf.datastores.processing - INFO - Request ID is 0a1a5a4d-ccf4-4dbb-a760-a7fdeb8cefe1
2025-12-03T23:56:28+0100 - ecmwf.datastores.processing - INFO - status has been updated to accepted
2025-12-03T23:56:28+0100 - era5land_to_datm.requests - INFO - Request submitted with ID 0a1a5a4d-ccf4-4dbb-a760-a7fdeb8cefe1, status accepted.
2025-12-03T23:56:28+0100 - era5land_to_datm.requests - INFO - Waiting 3.0 seconds before next request...
2025-12-03T23:56:31+0100 - era5land_to_datm.requests - INFO - Submitting request for year=2000, month=11...
2025-12-03T23:56:31+0100 - ecmwf.datastores.processing - INFO - Request ID is a6222191-adb1-472c-b440-8792bb170c9d
2025-12-03T23:56:31+0100 - ecmwf.datastores.processing - INFO - status has been updated to accepted
2025-12-03T23:56:31+0100 - era5land_to_datm.requests - INFO - Request submitted with ID a6222191-adb1-472c-b440-8792bb170c9d, status accepted.
2025-12-03T23:56:31+0100 - era5land_to_datm.requests - INFO - Waiting 3.0 seconds before next request...
2025-12-03T23:56:34+0100 - era5land_to_datm.requests - INFO - Submitting request for year=2000, month=12...
2025-12-03T23:56:35+0100 - ecmwf.datastores.processing - INFO - Request ID is 1cb003a4-003c-49e1-82e5-80914a7e986e
2025-12-03T23:56:35+0100 - ecmwf.datastores.processing - INFO - status has been updated to accepted
2025-12-03T23:56:35+0100 - era5land_to_datm.requests - INFO - Request submitted with ID 1cb003a4-003c-49e1-82e5-80914a7e986e, status accepted.
2025-12-03T23:59:18+0100 - era5land_to_datm.download - INFO - Received 12 request IDs from server.
2025-12-03T23:59:18+0100 - era5land_to_datm.download - INFO - Retrieving Remote for request ID 1cb003a4-003c-49e1-82e5-80914a7e986e (1/12)...
2025-12-03T23:59:18+0100 - ecmwf.datastores.processing - INFO - Request ID is 1cb003a4-003c-49e1-82e5-80914a7e986e
2025-12-03T23:59:18+0100 - ecmwf.datastores.processing - INFO - Request ID is 1cb003a4-003c-49e1-82e5-80914a7e986e
2025-12-03T23:59:18+0100 - era5land_to_datm.download - INFO - Sleeping for 0.5 seconds before next call...
2025-12-03T23:59:18+0100 - era5land_to_datm.download - INFO - Retrieving Remote for request ID a6222191-adb1-472c-b440-8792bb170c9d (2/12)...
2025-12-03T23:59:18+0100 - ecmwf.datastores.processing - INFO - Request ID is a6222191-adb1-472c-b440-8792bb170c9d
2025-12-03T23:59:18+0100 - ecmwf.datastores.processing - INFO - Request ID is a6222191-adb1-472c-b440-8792bb170c9d
2025-12-03T23:59:19+0100 - era5land_to_datm.download - INFO - Sleeping for 0.5 seconds before next call...
2025-12-03T23:59:19+0100 - era5land_to_datm.download - INFO - Retrieving Remote for request ID 0a1a5a4d-ccf4-4dbb-a760-a7fdeb8cefe1 (3/12)...
2025-12-03T23:59:19+0100 - ecmwf.datastores.processing - INFO - Request ID is 0a1a5a4d-ccf4-4dbb-a760-a7fdeb8cefe1
2025-12-03T23:59:19+0100 - ecmwf.datastores.processing - INFO - Request ID is 0a1a5a4d-ccf4-4dbb-a760-a7fdeb8cefe1
2025-12-03T23:59:20+0100 - era5land_to_datm.download - INFO - Sleeping for 0.5 seconds before next call...
2025-12-03T23:59:20+0100 - era5land_to_datm.download - INFO - Retrieving Remote for request ID db5dfb18-922b-4f96-9533-55e248cb01ed (4/12)...
2025-12-03T23:59:20+0100 - ecmwf.datastores.processing - INFO - Request ID is db5dfb18-922b-4f96-9533-55e248cb01ed
2025-12-03T23:59:20+0100 - ecmwf.datastores.processing - INFO - Request ID is db5dfb18-922b-4f96-9533-55e248cb01ed
2025-12-03T23:59:20+0100 - era5land_to_datm.download - INFO - Sleeping for 0.5 seconds before next call...
2025-12-03T23:59:21+0100 - era5land_to_datm.download - INFO - Retrieving Remote for request ID abe83ed7-82a5-4f8d-9af1-58cbd5fc66e7 (5/12)...
2025-12-03T23:59:21+0100 - ecmwf.datastores.processing - INFO - Request ID is abe83ed7-82a5-4f8d-9af1-58cbd5fc66e7
2025-12-03T23:59:21+0100 - ecmwf.datastores.processing - INFO - Request ID is abe83ed7-82a5-4f8d-9af1-58cbd5fc66e7
2025-12-03T23:59:21+0100 - era5land_to_datm.download - INFO - Sleeping for 0.5 seconds before next call...
2025-12-03T23:59:21+0100 - era5land_to_datm.download - INFO - Retrieving Remote for request ID 1a5bc9e9-18a3-4e88-b8e3-40aef9b2c5ad (6/12)...
2025-12-03T23:59:22+0100 - ecmwf.datastores.processing - INFO - Request ID is 1a5bc9e9-18a3-4e88-b8e3-40aef9b2c5ad
2025-12-03T23:59:22+0100 - ecmwf.datastores.processing - INFO - Request ID is 1a5bc9e9-18a3-4e88-b8e3-40aef9b2c5ad
2025-12-03T23:59:22+0100 - era5land_to_datm.download - INFO - Sleeping for 0.5 seconds before next call...
2025-12-03T23:59:22+0100 - era5land_to_datm.download - INFO - Retrieving Remote for request ID fa64418d-3f27-4dbd-aaa4-e80bd3bfe642 (7/12)...
2025-12-03T23:59:23+0100 - ecmwf.datastores.processing - INFO - Request ID is fa64418d-3f27-4dbd-aaa4-e80bd3bfe642
2025-12-03T23:59:23+0100 - ecmwf.datastores.processing - INFO - Request ID is fa64418d-3f27-4dbd-aaa4-e80bd3bfe642
2025-12-03T23:59:23+0100 - era5land_to_datm.download - INFO - Sleeping for 0.5 seconds before next call...
2025-12-03T23:59:23+0100 - era5land_to_datm.download - INFO - Retrieving Remote for request ID 70f3f2cb-cb1a-4766-a8b6-7821c14e5339 (8/12)...
2025-12-03T23:59:23+0100 - ecmwf.datastores.processing - INFO - Request ID is 70f3f2cb-cb1a-4766-a8b6-7821c14e5339
2025-12-03T23:59:23+0100 - ecmwf.datastores.processing - INFO - Request ID is 70f3f2cb-cb1a-4766-a8b6-7821c14e5339
2025-12-03T23:59:23+0100 - era5land_to_datm.download - INFO - Sleeping for 0.5 seconds before next call...
2025-12-03T23:59:24+0100 - era5land_to_datm.download - INFO - Retrieving Remote for request ID 49c96cb8-ae29-4d51-9c92-2ba54c94a938 (9/12)...
2025-12-03T23:59:24+0100 - ecmwf.datastores.processing - INFO - Request ID is 49c96cb8-ae29-4d51-9c92-2ba54c94a938
2025-12-03T23:59:24+0100 - ecmwf.datastores.processing - INFO - Request ID is 49c96cb8-ae29-4d51-9c92-2ba54c94a938
2025-12-03T23:59:24+0100 - era5land_to_datm.download - INFO - Sleeping for 0.5 seconds before next call...
2025-12-03T23:59:25+0100 - era5land_to_datm.download - INFO - Retrieving Remote for request ID 9177a6b6-dd93-4bff-9546-cc43af2ea68f (10/12)...
2025-12-03T23:59:25+0100 - ecmwf.datastores.processing - INFO - Request ID is 9177a6b6-dd93-4bff-9546-cc43af2ea68f
2025-12-03T23:59:25+0100 - ecmwf.datastores.processing - INFO - Request ID is 9177a6b6-dd93-4bff-9546-cc43af2ea68f
2025-12-03T23:59:25+0100 - era5land_to_datm.download - INFO - Sleeping for 0.5 seconds before next call...
2025-12-03T23:59:25+0100 - era5land_to_datm.download - INFO - Retrieving Remote for request ID 0011cf9c-98c3-45ac-b4c7-c66f189d5a16 (11/12)...
2025-12-03T23:59:25+0100 - ecmwf.datastores.processing - INFO - Request ID is 0011cf9c-98c3-45ac-b4c7-c66f189d5a16
2025-12-03T23:59:25+0100 - ecmwf.datastores.processing - INFO - Request ID is 0011cf9c-98c3-45ac-b4c7-c66f189d5a16
2025-12-03T23:59:25+0100 - era5land_to_datm.download - INFO - Sleeping for 0.5 seconds before next call...
2025-12-03T23:59:26+0100 - era5land_to_datm.download - INFO - Retrieving Remote for request ID 7fabf8cf-7c29-41b1-a905-73bc11b826f4 (12/12)...
2025-12-03T23:59:26+0100 - ecmwf.datastores.processing - INFO - Request ID is 7fabf8cf-7c29-41b1-a905-73bc11b826f4
2025-12-03T23:59:26+0100 - ecmwf.datastores.processing - INFO - Request ID is 7fabf8cf-7c29-41b1-a905-73bc11b826f4
2025-12-03T23:59:26+0100 - era5land_to_datm.download - INFO - Sleeping for 0.5 seconds before next call...
2025-12-04T00:01:00+0100 - ecmwf.datastores.processing - INFO - [2025-12-03T00:00:00Z] To improve our C3S service, we need to hear from you! Please complete this very short [survey](https://confluence.ecmwf.int/x/E7uBEQ/). Thank you.
2025-12-04T00:01:01+0100 - era5land_to_datm.requests - INFO - Submitting request for year=2000, month=01...
2025-12-04T00:01:01+0100 - ecmwf.datastores.processing - INFO - Request ID is 0f187497-0c1e-47ab-ba8d-a831234f4a40
2025-12-04T00:01:01+0100 - ecmwf.datastores.processing - INFO - status has been updated to accepted
2025-12-04T00:01:01+0100 - era5land_to_datm.requests - INFO - Request submitted with ID 0f187497-0c1e-47ab-ba8d-a831234f4a40, status accepted.
2025-12-04T00:01:01+0100 - era5land_to_datm.requests - INFO - Waiting 3.0 seconds before next request...
2025-12-04T00:01:04+0100 - era5land_to_datm.requests - INFO - Submitting request for year=2000, month=02...
2025-12-04T00:01:04+0100 - ecmwf.datastores.processing - INFO - Request ID is 9a6c1c66-1bce-46c1-8dc0-9f3a539dd6f9
2025-12-04T00:01:04+0100 - ecmwf.datastores.processing - INFO - status has been updated to accepted
2025-12-04T00:01:04+0100 - era5land_to_datm.requests - INFO - Request submitted with ID 9a6c1c66-1bce-46c1-8dc0-9f3a539dd6f9, status accepted.
2025-12-04T00:01:04+0100 - era5land_to_datm.requests - INFO - Waiting 3.0 seconds before next request...
2025-12-04T00:01:07+0100 - era5land_to_datm.requests - INFO - Submitting request for year=2000, month=03...
2025-12-04T00:01:07+0100 - ecmwf.datastores.processing - INFO - Request ID is 76a28810-cac3-45f1-8b47-f36cfacc4021
2025-12-04T00:01:08+0100 - ecmwf.datastores.processing - INFO - status has been updated to accepted
2025-12-04T00:01:08+0100 - era5land_to_datm.requests - INFO - Request submitted with ID 76a28810-cac3-45f1-8b47-f36cfacc4021, status accepted.
2025-12-04T00:01:08+0100 - era5land_to_datm.requests - INFO - Waiting 3.0 seconds before next request...
2025-12-04T00:01:11+0100 - era5land_to_datm.requests - INFO - Submitting request for year=2000, month=04...
2025-12-04T00:01:11+0100 - ecmwf.datastores.processing - INFO - Request ID is c1c6c8e3-278a-460f-8d3a-9a8aea39e9c6
2025-12-04T00:01:11+0100 - ecmwf.datastores.processing - INFO - status has been updated to accepted
2025-12-04T00:01:11+0100 - era5land_to_datm.requests - INFO - Request submitted with ID c1c6c8e3-278a-460f-8d3a-9a8aea39e9c6, status accepted.
2025-12-04T00:01:11+0100 - era5land_to_datm.requests - INFO - Waiting 3.0 seconds before next request...
2025-12-04T00:01:14+0100 - era5land_to_datm.requests - INFO - Submitting request for year=2000, month=05...
2025-12-04T00:01:14+0100 - ecmwf.datastores.processing - INFO - Request ID is cdd9ec0d-64e2-488b-b862-195f3fcb8afd
2025-12-04T00:01:14+0100 - ecmwf.datastores.processing - INFO - status has been updated to accepted
2025-12-04T00:01:14+0100 - era5land_to_datm.requests - INFO - Request submitted with ID cdd9ec0d-64e2-488b-b862-195f3fcb8afd, status accepted.
2025-12-04T00:01:14+0100 - era5land_to_datm.requests - INFO - Waiting 3.0 seconds before next request...
2025-12-04T00:01:17+0100 - era5land_to_datm.requests - INFO - Submitting request for year=2000, month=06...
2025-12-04T00:01:17+0100 - ecmwf.datastores.processing - INFO - Request ID is fba5fe4b-ea27-4b9d-b771-c77817792862
2025-12-04T00:01:18+0100 - ecmwf.datastores.processing - INFO - status has been updated to accepted
2025-12-04T00:01:18+0100 - era5land_to_datm.requests - INFO - Request submitted with ID fba5fe4b-ea27-4b9d-b771-c77817792862, status accepted.
2025-12-04T00:01:18+0100 - era5land_to_datm.requests - INFO - Waiting 3.0 seconds before next request...
2025-12-04T00:01:21+0100 - era5land_to_datm.requests - INFO - Submitting request for year=2000, month=07...
2025-12-04T00:01:21+0100 - ecmwf.datastores.processing - INFO - Request ID is aae02aef-50b9-4cfa-a2f3-2ddabb74c078
2025-12-04T00:01:21+0100 - ecmwf.datastores.processing - INFO - status has been updated to accepted
2025-12-04T00:01:21+0100 - era5land_to_datm.requests - INFO - Request submitted with ID aae02aef-50b9-4cfa-a2f3-2ddabb74c078, status accepted.
2025-12-04T00:01:21+0100 - era5land_to_datm.requests - INFO - Waiting 3.0 seconds before next request...
2025-12-04T00:01:24+0100 - era5land_to_datm.requests - INFO - Submitting request for year=2000, month=08...
2025-12-04T00:01:24+0100 - ecmwf.datastores.processing - INFO - Request ID is 9d007d17-5264-408f-a37a-d66ed74a3a5b
2025-12-04T00:01:24+0100 - ecmwf.datastores.processing - INFO - status has been updated to accepted
2025-12-04T00:01:24+0100 - era5land_to_datm.requests - INFO - Request submitted with ID 9d007d17-5264-408f-a37a-d66ed74a3a5b, status accepted.
2025-12-04T00:01:24+0100 - era5land_to_datm.requests - INFO - Waiting 3.0 seconds before next request...
2025-12-04T00:01:27+0100 - era5land_to_datm.requests - INFO - Submitting request for year=2000, month=09...
2025-12-04T00:01:28+0100 - ecmwf.datastores.processing - INFO - Request ID is 2a0e701a-02c7-4f46-9dfe-2cb956b2ea90
2025-12-04T00:01:28+0100 - ecmwf.datastores.processing - INFO - status has been updated to accepted
2025-12-04T00:01:28+0100 - era5land_to_datm.requests - INFO - Request submitted with ID 2a0e701a-02c7-4f46-9dfe-2cb956b2ea90, status accepted.
2025-12-04T00:01:28+0100 - era5land_to_datm.requests - INFO - Waiting 3.0 seconds before next request...
2025-12-04T00:01:31+0100 - era5land_to_datm.requests - INFO - Submitting request for year=2000, month=10...
2025-12-04T00:01:31+0100 - ecmwf.datastores.processing - INFO - Request ID is b766d9b2-393f-4a26-b8e4-57532853f238
2025-12-04T00:01:31+0100 - ecmwf.datastores.processing - INFO - status has been updated to accepted
2025-12-04T00:01:31+0100 - era5land_to_datm.requests - INFO - Request submitted with ID b766d9b2-393f-4a26-b8e4-57532853f238, status accepted.
2025-12-04T00:01:31+0100 - era5land_to_datm.requests - INFO - Waiting 3.0 seconds before next request...
2025-12-04T00:01:34+0100 - era5land_to_datm.requests - INFO - Submitting request for year=2000, month=11...
2025-12-04T00:01:36+0100 - ecmwf.datastores.processing - INFO - Request ID is 5b9565d8-d382-496c-b8c0-afae4185011f
2025-12-04T00:01:36+0100 - ecmwf.datastores.processing - INFO - status has been updated to accepted
2025-12-04T00:01:36+0100 - era5land_to_datm.requests - INFO - Request submitted with ID 5b9565d8-d382-496c-b8c0-afae4185011f, status accepted.
2025-12-04T00:01:36+0100 - era5land_to_datm.requests - INFO - Waiting 3.0 seconds before next request...
2025-12-04T00:01:39+0100 - era5land_to_datm.requests - INFO - Submitting request for year=2000, month=12...
2025-12-04T00:01:39+0100 - ecmwf.datastores.processing - INFO - Request ID is 2f9cad24-4e93-499c-9610-716a09223861
2025-12-04T00:01:39+0100 - ecmwf.datastores.processing - INFO - status has been updated to accepted
2025-12-04T00:01:39+0100 - era5land_to_datm.requests - INFO - Request submitted with ID 2f9cad24-4e93-499c-9610-716a09223861, status accepted.
2025-12-04T00:02:11+0100 - era5land_to_datm.download - INFO - Received 12 request IDs from server.
2025-12-04T00:02:11+0100 - era5land_to_datm.download - INFO - Retrieving Remote for request ID 2f9cad24-4e93-499c-9610-716a09223861 (1/12)...
2025-12-04T00:02:11+0100 - ecmwf.datastores.processing - INFO - Request ID is 2f9cad24-4e93-499c-9610-716a09223861
2025-12-04T00:02:11+0100 - ecmwf.datastores.processing - INFO - Request ID is 2f9cad24-4e93-499c-9610-716a09223861
2025-12-04T00:02:11+0100 - era5land_to_datm.download - INFO - Sleeping for 0.5 seconds before next call...
2025-12-04T00:02:12+0100 - era5land_to_datm.download - INFO - Retrieving Remote for request ID 5b9565d8-d382-496c-b8c0-afae4185011f (2/12)...
2025-12-04T00:02:12+0100 - ecmwf.datastores.processing - INFO - Request ID is 5b9565d8-d382-496c-b8c0-afae4185011f
2025-12-04T00:02:12+0100 - ecmwf.datastores.processing - INFO - Request ID is 5b9565d8-d382-496c-b8c0-afae4185011f
2025-12-04T00:02:12+0100 - era5land_to_datm.download - INFO - Sleeping for 0.5 seconds before next call...
2025-12-04T00:02:12+0100 - era5land_to_datm.download - INFO - Retrieving Remote for request ID b766d9b2-393f-4a26-b8e4-57532853f238 (3/12)...
2025-12-04T00:02:12+0100 - ecmwf.datastores.processing - INFO - Request ID is b766d9b2-393f-4a26-b8e4-57532853f238
2025-12-04T00:02:12+0100 - ecmwf.datastores.processing - INFO - Request ID is b766d9b2-393f-4a26-b8e4-57532853f238
2025-12-04T00:02:13+0100 - era5land_to_datm.download - INFO - Sleeping for 0.5 seconds before next call...
2025-12-04T00:02:13+0100 - era5land_to_datm.download - INFO - Retrieving Remote for request ID 2a0e701a-02c7-4f46-9dfe-2cb956b2ea90 (4/12)...
2025-12-04T00:02:13+0100 - ecmwf.datastores.processing - INFO - Request ID is 2a0e701a-02c7-4f46-9dfe-2cb956b2ea90
2025-12-04T00:02:13+0100 - ecmwf.datastores.processing - INFO - Request ID is 2a0e701a-02c7-4f46-9dfe-2cb956b2ea90
2025-12-04T00:02:14+0100 - era5land_to_datm.download - INFO - Sleeping for 0.5 seconds before next call...
2025-12-04T00:02:14+0100 - era5land_to_datm.download - INFO - Retrieving Remote for request ID 9d007d17-5264-408f-a37a-d66ed74a3a5b (5/12)...
2025-12-04T00:02:14+0100 - ecmwf.datastores.processing - INFO - Request ID is 9d007d17-5264-408f-a37a-d66ed74a3a5b
2025-12-04T00:02:14+0100 - ecmwf.datastores.processing - INFO - Request ID is 9d007d17-5264-408f-a37a-d66ed74a3a5b
2025-12-04T00:02:14+0100 - era5land_to_datm.download - INFO - Sleeping for 0.5 seconds before next call...
2025-12-04T00:02:15+0100 - era5land_to_datm.download - INFO - Retrieving Remote for request ID aae02aef-50b9-4cfa-a2f3-2ddabb74c078 (6/12)...
2025-12-04T00:02:15+0100 - ecmwf.datastores.processing - INFO - Request ID is aae02aef-50b9-4cfa-a2f3-2ddabb74c078
2025-12-04T00:02:15+0100 - ecmwf.datastores.processing - INFO - Request ID is aae02aef-50b9-4cfa-a2f3-2ddabb74c078
2025-12-04T00:02:15+0100 - era5land_to_datm.download - INFO - Sleeping for 0.5 seconds before next call...
2025-12-04T00:02:15+0100 - era5land_to_datm.download - INFO - Retrieving Remote for request ID fba5fe4b-ea27-4b9d-b771-c77817792862 (7/12)...
2025-12-04T00:02:16+0100 - ecmwf.datastores.processing - INFO - Request ID is fba5fe4b-ea27-4b9d-b771-c77817792862
2025-12-04T00:02:16+0100 - ecmwf.datastores.processing - INFO - Request ID is fba5fe4b-ea27-4b9d-b771-c77817792862
2025-12-04T00:02:16+0100 - era5land_to_datm.download - INFO - Sleeping for 0.5 seconds before next call...
2025-12-04T00:02:16+0100 - era5land_to_datm.download - INFO - Retrieving Remote for request ID cdd9ec0d-64e2-488b-b862-195f3fcb8afd (8/12)...
2025-12-04T00:02:16+0100 - ecmwf.datastores.processing - INFO - Request ID is cdd9ec0d-64e2-488b-b862-195f3fcb8afd
2025-12-04T00:02:16+0100 - ecmwf.datastores.processing - INFO - Request ID is cdd9ec0d-64e2-488b-b862-195f3fcb8afd
2025-12-04T00:02:16+0100 - era5land_to_datm.download - INFO - Sleeping for 0.5 seconds before next call...
2025-12-04T00:02:17+0100 - era5land_to_datm.download - INFO - Retrieving Remote for request ID c1c6c8e3-278a-460f-8d3a-9a8aea39e9c6 (9/12)...
2025-12-04T00:02:17+0100 - ecmwf.datastores.processing - INFO - Request ID is c1c6c8e3-278a-460f-8d3a-9a8aea39e9c6
2025-12-04T00:02:17+0100 - ecmwf.datastores.processing - INFO - Request ID is c1c6c8e3-278a-460f-8d3a-9a8aea39e9c6
2025-12-04T00:02:17+0100 - era5land_to_datm.download - INFO - Sleeping for 0.5 seconds before next call...
2025-12-04T00:02:18+0100 - era5land_to_datm.download - INFO - Retrieving Remote for request ID 76a28810-cac3-45f1-8b47-f36cfacc4021 (10/12)...
2025-12-04T00:02:18+0100 - ecmwf.datastores.processing - INFO - Request ID is 76a28810-cac3-45f1-8b47-f36cfacc4021
2025-12-04T00:02:18+0100 - ecmwf.datastores.processing - INFO - Request ID is 76a28810-cac3-45f1-8b47-f36cfacc4021
2025-12-04T00:02:18+0100 - era5land_to_datm.download - INFO - Sleeping for 0.5 seconds before next call...
2025-12-04T00:02:18+0100 - era5land_to_datm.download - INFO - Retrieving Remote for request ID 9a6c1c66-1bce-46c1-8dc0-9f3a539dd6f9 (11/12)...
2025-12-04T00:02:19+0100 - ecmwf.datastores.processing - INFO - Request ID is 9a6c1c66-1bce-46c1-8dc0-9f3a539dd6f9
2025-12-04T00:02:19+0100 - ecmwf.datastores.processing - INFO - Request ID is 9a6c1c66-1bce-46c1-8dc0-9f3a539dd6f9
2025-12-04T00:02:19+0100 - era5land_to_datm.download - INFO - Sleeping for 0.5 seconds before next call...
2025-12-04T00:02:19+0100 - era5land_to_datm.download - INFO - Retrieving Remote for request ID 0f187497-0c1e-47ab-ba8d-a831234f4a40 (12/12)...
2025-12-04T00:02:19+0100 - ecmwf.datastores.processing - INFO - Request ID is 0f187497-0c1e-47ab-ba8d-a831234f4a40
2025-12-04T00:02:19+0100 - ecmwf.datastores.processing - INFO - Request ID is 0f187497-0c1e-47ab-ba8d-a831234f4a40
2025-12-04T00:02:19+0100 - era5land_to_datm.download - INFO - Sleeping for 0.5 seconds before next call...
