2025-12-05T11:40:39+0100 - root - INFO - Logger initialized.
2025-12-05T11:40:39+0100 - root - INFO - Logging to file: /cluster/home/janko/src/era5land_to_datm/scripts/era5land_to_datm_script_20251205T104039.log
2025-12-05T11:40:40+0100 - ecmwf.datastores.processing - INFO - [2025-12-03T00:00:00Z] To improve our C3S service, we need to hear from you! Please complete this very short [survey](https://confluence.ecmwf.int/x/E7uBEQ/). Thank you.
2025-12-05T11:40:41+0100 - era5land_to_datm.download - WARNING - Received 100 request IDs from server, the same number as the limit. There may be more requests on the server.
2025-12-05T11:40:41+0100 - era5land_to_datm.download - INFO - Retrieving Remote for request ID e34b6d7c-2d19-4ba6-bda6-8f735922e862 (1/100)...
2025-12-05T11:40:41+0100 - ecmwf.datastores.processing - INFO - Request ID is e34b6d7c-2d19-4ba6-bda6-8f735922e862
2025-12-05T11:40:41+0100 - ecmwf.datastores.processing - INFO - Request ID is e34b6d7c-2d19-4ba6-bda6-8f735922e862
2025-12-05T11:40:41+0100 - era5land_to_datm.download - INFO - Sleeping for 0.5 seconds before next call...
2025-12-05T11:40:42+0100 - era5land_to_datm.download - INFO - Retrieving Remote for request ID d7f030a2-f9c4-4bd0-8c46-4b2128f354ff (2/100)...
2025-12-05T11:40:42+0100 - ecmwf.datastores.processing - INFO - Request ID is d7f030a2-f9c4-4bd0-8c46-4b2128f354ff
2025-12-05T11:40:42+0100 - ecmwf.datastores.processing - INFO - Request ID is d7f030a2-f9c4-4bd0-8c46-4b2128f354ff
2025-12-05T11:40:42+0100 - era5land_to_datm.download - INFO - Sleeping for 0.5 seconds before next call...
2025-12-05T11:40:42+0100 - era5land_to_datm.download - INFO - Retrieving Remote for request ID f7fa285c-cb05-42bd-bf1e-90e362dae141 (3/100)...
2025-12-05T11:40:43+0100 - ecmwf.datastores.processing - INFO - Request ID is f7fa285c-cb05-42bd-bf1e-90e362dae141
2025-12-05T11:40:43+0100 - ecmwf.datastores.processing - INFO - Request ID is f7fa285c-cb05-42bd-bf1e-90e362dae141
2025-12-05T11:40:43+0100 - era5land_to_datm.download - INFO - Sleeping for 0.5 seconds before next call...
2025-12-05T11:40:43+0100 - era5land_to_datm.download - INFO - Retrieving Remote for request ID 2e15e390-0fe2-4dbf-9786-e81a9f63d37e (4/100)...
2025-12-05T11:40:43+0100 - ecmwf.datastores.processing - INFO - Request ID is 2e15e390-0fe2-4dbf-9786-e81a9f63d37e
2025-12-05T11:40:43+0100 - ecmwf.datastores.processing - INFO - Request ID is 2e15e390-0fe2-4dbf-9786-e81a9f63d37e
2025-12-05T11:40:43+0100 - era5land_to_datm.download - INFO - Sleeping for 0.5 seconds before next call...
2025-12-05T11:40:44+0100 - era5land_to_datm.download - INFO - Retrieving Remote for request ID 42840593-b3a2-42eb-b7d8-66eb16e6a32b (5/100)...
2025-12-05T11:40:44+0100 - ecmwf.datastores.processing - INFO - Request ID is 42840593-b3a2-42eb-b7d8-66eb16e6a32b
2025-12-05T11:40:44+0100 - ecmwf.datastores.processing - INFO - Request ID is 42840593-b3a2-42eb-b7d8-66eb16e6a32b
2025-12-05T11:40:44+0100 - era5land_to_datm.download - INFO - Sleeping for 0.5 seconds before next call...
2025-12-05T11:40:44+0100 - era5land_to_datm.download - INFO - Retrieving Remote for request ID 01820b8c-fc89-485d-80da-eb96d5df3ca7 (6/100)...
2025-12-05T11:40:44+0100 - ecmwf.datastores.processing - INFO - Request ID is 01820b8c-fc89-485d-80da-eb96d5df3ca7
2025-12-05T11:40:44+0100 - ecmwf.datastores.processing - INFO - Request ID is 01820b8c-fc89-485d-80da-eb96d5df3ca7
2025-12-05T11:40:44+0100 - era5land_to_datm.download - INFO - Sleeping for 0.5 seconds before next call...
2025-12-05T11:40:45+0100 - era5land_to_datm.download - INFO - Retrieving Remote for request ID 2e053ccc-b752-46a7-9301-2e60ef01dcff (7/100)...
2025-12-05T11:40:45+0100 - ecmwf.datastores.processing - INFO - Request ID is 2e053ccc-b752-46a7-9301-2e60ef01dcff
2025-12-05T11:40:45+0100 - ecmwf.datastores.processing - INFO - Request ID is 2e053ccc-b752-46a7-9301-2e60ef01dcff
2025-12-05T11:40:45+0100 - era5land_to_datm.download - INFO - Sleeping for 0.5 seconds before next call...
2025-12-05T11:40:45+0100 - era5land_to_datm.download - INFO - Retrieving Remote for request ID 22bcede3-dda4-4b99-9293-d3fc01133c20 (8/100)...
2025-12-05T11:40:46+0100 - ecmwf.datastores.processing - INFO - Request ID is 22bcede3-dda4-4b99-9293-d3fc01133c20
2025-12-05T11:40:46+0100 - ecmwf.datastores.processing - INFO - Request ID is 22bcede3-dda4-4b99-9293-d3fc01133c20
2025-12-05T11:40:46+0100 - era5land_to_datm.download - INFO - Sleeping for 0.5 seconds before next call...
2025-12-05T11:40:46+0100 - era5land_to_datm.download - INFO - Retrieving Remote for request ID c5f0fe0d-2ce1-47cf-bafc-7769544e1edc (9/100)...
2025-12-05T11:40:46+0100 - ecmwf.datastores.processing - INFO - Request ID is c5f0fe0d-2ce1-47cf-bafc-7769544e1edc
2025-12-05T11:40:46+0100 - ecmwf.datastores.processing - INFO - Request ID is c5f0fe0d-2ce1-47cf-bafc-7769544e1edc
2025-12-05T11:40:46+0100 - era5land_to_datm.download - INFO - Sleeping for 0.5 seconds before next call...
2025-12-05T11:40:47+0100 - era5land_to_datm.download - INFO - Retrieving Remote for request ID 4645d0e1-7fe9-47fc-ba1f-f143b89f8aff (10/100)...
2025-12-05T11:40:47+0100 - ecmwf.datastores.processing - INFO - Request ID is 4645d0e1-7fe9-47fc-ba1f-f143b89f8aff
2025-12-05T11:40:47+0100 - ecmwf.datastores.processing - INFO - Request ID is 4645d0e1-7fe9-47fc-ba1f-f143b89f8aff
2025-12-05T11:40:47+0100 - era5land_to_datm.download - INFO - Sleeping for 0.5 seconds before next call...
2025-12-05T11:40:47+0100 - era5land_to_datm.download - INFO - Retrieving Remote for request ID d4dabadb-dd80-479b-bcd6-44e1c77ccf2f (11/100)...
2025-12-05T11:40:47+0100 - ecmwf.datastores.processing - INFO - Request ID is d4dabadb-dd80-479b-bcd6-44e1c77ccf2f
2025-12-05T11:40:47+0100 - ecmwf.datastores.processing - INFO - Request ID is d4dabadb-dd80-479b-bcd6-44e1c77ccf2f
2025-12-05T11:40:47+0100 - era5land_to_datm.download - INFO - Sleeping for 0.5 seconds before next call...
2025-12-05T11:40:48+0100 - era5land_to_datm.download - INFO - Retrieving Remote for request ID 2d0cb208-70e6-4b93-aa1b-e25663a30db5 (12/100)...
2025-12-05T11:40:48+0100 - ecmwf.datastores.processing - INFO - Request ID is 2d0cb208-70e6-4b93-aa1b-e25663a30db5
2025-12-05T11:40:48+0100 - ecmwf.datastores.processing - INFO - Request ID is 2d0cb208-70e6-4b93-aa1b-e25663a30db5
2025-12-05T11:40:48+0100 - era5land_to_datm.download - INFO - Sleeping for 0.5 seconds before next call...
2025-12-05T11:40:48+0100 - era5land_to_datm.download - INFO - Retrieving Remote for request ID 0ae08664-2d64-453a-a901-327de3967905 (13/100)...
2025-12-05T11:40:48+0100 - ecmwf.datastores.processing - INFO - Request ID is 0ae08664-2d64-453a-a901-327de3967905
2025-12-05T11:40:48+0100 - ecmwf.datastores.processing - INFO - Request ID is 0ae08664-2d64-453a-a901-327de3967905
2025-12-05T11:40:48+0100 - era5land_to_datm.download - INFO - Sleeping for 0.5 seconds before next call...
2025-12-05T11:40:49+0100 - era5land_to_datm.download - INFO - Retrieving Remote for request ID fbeb705f-c695-4ee5-931a-29355a6a8d11 (14/100)...
2025-12-05T11:40:49+0100 - ecmwf.datastores.processing - INFO - Request ID is fbeb705f-c695-4ee5-931a-29355a6a8d11
2025-12-05T11:40:49+0100 - ecmwf.datastores.processing - INFO - Request ID is fbeb705f-c695-4ee5-931a-29355a6a8d11
2025-12-05T11:40:49+0100 - era5land_to_datm.download - INFO - Sleeping for 0.5 seconds before next call...
2025-12-05T11:40:50+0100 - era5land_to_datm.download - INFO - Retrieving Remote for request ID b1643866-4f0b-4dff-a95e-96e80e7076c1 (15/100)...
2025-12-05T11:40:50+0100 - ecmwf.datastores.processing - INFO - Request ID is b1643866-4f0b-4dff-a95e-96e80e7076c1
2025-12-05T11:40:50+0100 - ecmwf.datastores.processing - INFO - Request ID is b1643866-4f0b-4dff-a95e-96e80e7076c1
2025-12-05T11:40:50+0100 - era5land_to_datm.download - INFO - Sleeping for 0.5 seconds before next call...
2025-12-05T11:40:51+0100 - era5land_to_datm.download - INFO - Retrieving Remote for request ID dd7af112-9004-4a44-a021-4df4705dfd76 (16/100)...
2025-12-05T11:40:51+0100 - ecmwf.datastores.processing - INFO - Request ID is dd7af112-9004-4a44-a021-4df4705dfd76
2025-12-05T11:40:51+0100 - ecmwf.datastores.processing - INFO - Request ID is dd7af112-9004-4a44-a021-4df4705dfd76
2025-12-05T11:40:51+0100 - era5land_to_datm.download - INFO - Sleeping for 0.5 seconds before next call...
2025-12-05T11:40:51+0100 - era5land_to_datm.download - INFO - Retrieving Remote for request ID bc5f447e-f012-4338-afe0-5d48b0c5458f (17/100)...
2025-12-05T11:40:51+0100 - ecmwf.datastores.processing - INFO - Request ID is bc5f447e-f012-4338-afe0-5d48b0c5458f
2025-12-05T11:40:51+0100 - ecmwf.datastores.processing - INFO - Request ID is bc5f447e-f012-4338-afe0-5d48b0c5458f
2025-12-05T11:40:51+0100 - era5land_to_datm.download - INFO - Sleeping for 0.5 seconds before next call...
2025-12-05T11:40:52+0100 - era5land_to_datm.download - INFO - Retrieving Remote for request ID 13a5cf50-f64b-4040-9f6a-ceee87958110 (18/100)...
2025-12-05T11:40:52+0100 - ecmwf.datastores.processing - INFO - Request ID is 13a5cf50-f64b-4040-9f6a-ceee87958110
2025-12-05T11:40:52+0100 - ecmwf.datastores.processing - INFO - Request ID is 13a5cf50-f64b-4040-9f6a-ceee87958110
2025-12-05T11:40:52+0100 - era5land_to_datm.download - INFO - Sleeping for 0.5 seconds before next call...
2025-12-05T11:40:52+0100 - era5land_to_datm.download - INFO - Retrieving Remote for request ID 69b91a2d-1adc-494e-acf2-6ebdb6cd2c22 (19/100)...
2025-12-05T11:40:52+0100 - ecmwf.datastores.processing - INFO - Request ID is 69b91a2d-1adc-494e-acf2-6ebdb6cd2c22
2025-12-05T11:40:52+0100 - ecmwf.datastores.processing - INFO - Request ID is 69b91a2d-1adc-494e-acf2-6ebdb6cd2c22
2025-12-05T11:40:52+0100 - era5land_to_datm.download - INFO - Sleeping for 0.5 seconds before next call...
2025-12-05T11:40:53+0100 - era5land_to_datm.download - INFO - Retrieving Remote for request ID bc9c059c-7cf8-408e-b12a-cce8a5d6d5ea (20/100)...
2025-12-05T11:40:53+0100 - ecmwf.datastores.processing - INFO - Request ID is bc9c059c-7cf8-408e-b12a-cce8a5d6d5ea
2025-12-05T11:40:53+0100 - ecmwf.datastores.processing - INFO - Request ID is bc9c059c-7cf8-408e-b12a-cce8a5d6d5ea
2025-12-05T11:40:53+0100 - era5land_to_datm.download - INFO - Sleeping for 0.5 seconds before next call...
2025-12-05T11:40:53+0100 - era5land_to_datm.download - INFO - Retrieving Remote for request ID 8589b2f4-eee1-4390-93df-901c48c2aca4 (21/100)...
2025-12-05T11:40:53+0100 - ecmwf.datastores.processing - INFO - Request ID is 8589b2f4-eee1-4390-93df-901c48c2aca4
2025-12-05T11:40:53+0100 - ecmwf.datastores.processing - INFO - Request ID is 8589b2f4-eee1-4390-93df-901c48c2aca4
2025-12-05T11:40:53+0100 - era5land_to_datm.download - INFO - Sleeping for 0.5 seconds before next call...
2025-12-05T11:40:54+0100 - era5land_to_datm.download - INFO - Retrieving Remote for request ID c140f3ca-e5f9-4437-baf8-9218a90a9855 (22/100)...
2025-12-05T11:40:54+0100 - ecmwf.datastores.processing - INFO - Request ID is c140f3ca-e5f9-4437-baf8-9218a90a9855
2025-12-05T11:40:54+0100 - ecmwf.datastores.processing - INFO - Request ID is c140f3ca-e5f9-4437-baf8-9218a90a9855
2025-12-05T11:40:54+0100 - era5land_to_datm.download - INFO - Sleeping for 0.5 seconds before next call...
2025-12-05T11:40:55+0100 - era5land_to_datm.download - INFO - Retrieving Remote for request ID ab62771b-fedf-462e-a5e3-60fc90c95780 (23/100)...
2025-12-05T11:40:55+0100 - ecmwf.datastores.processing - INFO - Request ID is ab62771b-fedf-462e-a5e3-60fc90c95780
2025-12-05T11:40:55+0100 - ecmwf.datastores.processing - INFO - Request ID is ab62771b-fedf-462e-a5e3-60fc90c95780
2025-12-05T11:40:55+0100 - era5land_to_datm.download - INFO - Sleeping for 0.5 seconds before next call...
2025-12-05T11:40:55+0100 - era5land_to_datm.download - INFO - Retrieving Remote for request ID da25895c-a895-4c89-bc60-1c0cb22bbca5 (24/100)...
2025-12-05T11:40:55+0100 - ecmwf.datastores.processing - INFO - Request ID is da25895c-a895-4c89-bc60-1c0cb22bbca5
2025-12-05T11:40:55+0100 - ecmwf.datastores.processing - INFO - Request ID is da25895c-a895-4c89-bc60-1c0cb22bbca5
2025-12-05T11:40:55+0100 - era5land_to_datm.download - INFO - Sleeping for 0.5 seconds before next call...
2025-12-05T11:40:56+0100 - era5land_to_datm.download - INFO - Retrieving Remote for request ID 24c16733-4758-48bb-bcc0-e8403109d571 (25/100)...
2025-12-05T11:40:56+0100 - ecmwf.datastores.processing - INFO - Request ID is 24c16733-4758-48bb-bcc0-e8403109d571
2025-12-05T11:40:56+0100 - ecmwf.datastores.processing - INFO - Request ID is 24c16733-4758-48bb-bcc0-e8403109d571
2025-12-05T11:40:56+0100 - era5land_to_datm.download - INFO - Sleeping for 0.5 seconds before next call...
2025-12-05T11:40:56+0100 - era5land_to_datm.download - INFO - Retrieving Remote for request ID 980bfffd-7601-49e4-a573-065e35602920 (26/100)...
2025-12-05T11:40:56+0100 - ecmwf.datastores.processing - INFO - Request ID is 980bfffd-7601-49e4-a573-065e35602920
2025-12-05T11:40:56+0100 - ecmwf.datastores.processing - INFO - Request ID is 980bfffd-7601-49e4-a573-065e35602920
2025-12-05T11:40:56+0100 - era5land_to_datm.download - INFO - Sleeping for 0.5 seconds before next call...
2025-12-05T11:40:57+0100 - era5land_to_datm.download - INFO - Retrieving Remote for request ID cc035484-5269-4c26-aeb7-36dc4edd4918 (27/100)...
2025-12-05T11:40:57+0100 - ecmwf.datastores.processing - INFO - Request ID is cc035484-5269-4c26-aeb7-36dc4edd4918
2025-12-05T11:40:57+0100 - ecmwf.datastores.processing - INFO - Request ID is cc035484-5269-4c26-aeb7-36dc4edd4918
2025-12-05T11:40:57+0100 - era5land_to_datm.download - INFO - Sleeping for 0.5 seconds before next call...
2025-12-05T11:40:57+0100 - era5land_to_datm.download - INFO - Retrieving Remote for request ID 45cbc85b-64bb-4a80-880b-240b7058db6c (28/100)...
2025-12-05T11:40:57+0100 - ecmwf.datastores.processing - INFO - Request ID is 45cbc85b-64bb-4a80-880b-240b7058db6c
2025-12-05T11:40:57+0100 - ecmwf.datastores.processing - INFO - Request ID is 45cbc85b-64bb-4a80-880b-240b7058db6c
2025-12-05T11:40:57+0100 - era5land_to_datm.download - INFO - Sleeping for 0.5 seconds before next call...
2025-12-05T11:40:58+0100 - era5land_to_datm.download - INFO - Retrieving Remote for request ID 006e92dc-dc8a-4b21-864b-14df59bba064 (29/100)...
2025-12-05T11:40:58+0100 - ecmwf.datastores.processing - INFO - Request ID is 006e92dc-dc8a-4b21-864b-14df59bba064
2025-12-05T11:40:58+0100 - ecmwf.datastores.processing - INFO - Request ID is 006e92dc-dc8a-4b21-864b-14df59bba064
2025-12-05T11:40:58+0100 - era5land_to_datm.download - INFO - Sleeping for 0.5 seconds before next call...
2025-12-05T11:40:59+0100 - era5land_to_datm.download - INFO - Retrieving Remote for request ID 2d1e5ab4-87c7-4b3b-8fa2-8e268a88d3f2 (30/100)...
2025-12-05T11:40:59+0100 - ecmwf.datastores.processing - INFO - Request ID is 2d1e5ab4-87c7-4b3b-8fa2-8e268a88d3f2
2025-12-05T11:40:59+0100 - ecmwf.datastores.processing - INFO - Request ID is 2d1e5ab4-87c7-4b3b-8fa2-8e268a88d3f2
2025-12-05T11:40:59+0100 - era5land_to_datm.download - INFO - Sleeping for 0.5 seconds before next call...
2025-12-05T11:40:59+0100 - era5land_to_datm.download - INFO - Retrieving Remote for request ID 73ce1ca9-8e1c-4de9-a1e8-7809b20db84e (31/100)...
2025-12-05T11:41:00+0100 - ecmwf.datastores.processing - INFO - Request ID is 73ce1ca9-8e1c-4de9-a1e8-7809b20db84e
2025-12-05T11:41:00+0100 - ecmwf.datastores.processing - INFO - Request ID is 73ce1ca9-8e1c-4de9-a1e8-7809b20db84e
2025-12-05T11:41:00+0100 - era5land_to_datm.download - INFO - Sleeping for 0.5 seconds before next call...
2025-12-05T11:41:01+0100 - era5land_to_datm.download - INFO - Retrieving Remote for request ID 8a08645f-5ab8-4ea2-9f32-d7283bed020c (32/100)...
2025-12-05T11:41:01+0100 - ecmwf.datastores.processing - INFO - Request ID is 8a08645f-5ab8-4ea2-9f32-d7283bed020c
2025-12-05T11:41:01+0100 - ecmwf.datastores.processing - INFO - Request ID is 8a08645f-5ab8-4ea2-9f32-d7283bed020c
2025-12-05T11:41:01+0100 - era5land_to_datm.download - INFO - Sleeping for 0.5 seconds before next call...
2025-12-05T11:41:01+0100 - era5land_to_datm.download - INFO - Retrieving Remote for request ID fde5d3a0-6094-4867-9a34-6237c49616dd (33/100)...
2025-12-05T11:41:01+0100 - ecmwf.datastores.processing - INFO - Request ID is fde5d3a0-6094-4867-9a34-6237c49616dd
2025-12-05T11:41:01+0100 - ecmwf.datastores.processing - INFO - Request ID is fde5d3a0-6094-4867-9a34-6237c49616dd
2025-12-05T11:41:01+0100 - era5land_to_datm.download - INFO - Sleeping for 0.5 seconds before next call...
2025-12-05T11:41:02+0100 - era5land_to_datm.download - INFO - Retrieving Remote for request ID 0fcaec2a-0aea-4b80-9e3e-553a8d90716e (34/100)...
2025-12-05T11:41:02+0100 - ecmwf.datastores.processing - INFO - Request ID is 0fcaec2a-0aea-4b80-9e3e-553a8d90716e
2025-12-05T11:41:02+0100 - ecmwf.datastores.processing - INFO - Request ID is 0fcaec2a-0aea-4b80-9e3e-553a8d90716e
2025-12-05T11:41:02+0100 - era5land_to_datm.download - INFO - Sleeping for 0.5 seconds before next call...
2025-12-05T11:41:02+0100 - era5land_to_datm.download - INFO - Retrieving Remote for request ID cda7c7ed-6a7e-4a9d-a306-444497a6ef63 (35/100)...
2025-12-05T11:41:03+0100 - ecmwf.datastores.processing - INFO - Request ID is cda7c7ed-6a7e-4a9d-a306-444497a6ef63
2025-12-05T11:41:03+0100 - ecmwf.datastores.processing - INFO - Request ID is cda7c7ed-6a7e-4a9d-a306-444497a6ef63
2025-12-05T11:41:03+0100 - era5land_to_datm.download - INFO - Sleeping for 0.5 seconds before next call...
2025-12-05T11:41:03+0100 - era5land_to_datm.download - INFO - Retrieving Remote for request ID b9f21d75-8672-470b-9238-94142fc0557a (36/100)...
2025-12-05T11:41:03+0100 - ecmwf.datastores.processing - INFO - Request ID is b9f21d75-8672-470b-9238-94142fc0557a
2025-12-05T11:41:03+0100 - ecmwf.datastores.processing - INFO - Request ID is b9f21d75-8672-470b-9238-94142fc0557a
2025-12-05T11:41:03+0100 - era5land_to_datm.download - INFO - Sleeping for 0.5 seconds before next call...
2025-12-05T11:41:04+0100 - era5land_to_datm.download - INFO - Retrieving Remote for request ID 55b05b6f-97ec-49ad-9d53-caeb9fa1e04b (37/100)...
2025-12-05T11:41:04+0100 - ecmwf.datastores.processing - INFO - Request ID is 55b05b6f-97ec-49ad-9d53-caeb9fa1e04b
2025-12-05T11:41:04+0100 - ecmwf.datastores.processing - INFO - Request ID is 55b05b6f-97ec-49ad-9d53-caeb9fa1e04b
2025-12-05T11:41:04+0100 - era5land_to_datm.download - INFO - Sleeping for 0.5 seconds before next call...
2025-12-05T11:41:04+0100 - era5land_to_datm.download - INFO - Retrieving Remote for request ID d6109121-a228-4652-9d8f-413306bda58f (38/100)...
2025-12-05T11:41:04+0100 - ecmwf.datastores.processing - INFO - Request ID is d6109121-a228-4652-9d8f-413306bda58f
2025-12-05T11:41:04+0100 - ecmwf.datastores.processing - INFO - Request ID is d6109121-a228-4652-9d8f-413306bda58f
2025-12-05T11:41:04+0100 - era5land_to_datm.download - INFO - Sleeping for 0.5 seconds before next call...
2025-12-05T11:41:05+0100 - era5land_to_datm.download - INFO - Retrieving Remote for request ID 93281ea4-e6a7-473d-8be6-017d58e0efdb (39/100)...
2025-12-05T11:41:05+0100 - ecmwf.datastores.processing - INFO - Request ID is 93281ea4-e6a7-473d-8be6-017d58e0efdb
2025-12-05T11:41:05+0100 - ecmwf.datastores.processing - INFO - Request ID is 93281ea4-e6a7-473d-8be6-017d58e0efdb
2025-12-05T11:41:05+0100 - era5land_to_datm.download - INFO - Sleeping for 0.5 seconds before next call...
2025-12-05T11:41:05+0100 - era5land_to_datm.download - INFO - Retrieving Remote for request ID 701e31f3-60ca-482d-9308-c3ac07ab3e32 (40/100)...
2025-12-05T11:41:05+0100 - ecmwf.datastores.processing - INFO - Request ID is 701e31f3-60ca-482d-9308-c3ac07ab3e32
2025-12-05T11:41:05+0100 - ecmwf.datastores.processing - INFO - Request ID is 701e31f3-60ca-482d-9308-c3ac07ab3e32
2025-12-05T11:41:05+0100 - era5land_to_datm.download - INFO - Sleeping for 0.5 seconds before next call...
2025-12-05T11:41:06+0100 - era5land_to_datm.download - INFO - Retrieving Remote for request ID 4bfb0593-48f6-4af5-86e0-59334a9ca4c4 (41/100)...
2025-12-05T11:41:06+0100 - ecmwf.datastores.processing - INFO - Request ID is 4bfb0593-48f6-4af5-86e0-59334a9ca4c4
2025-12-05T11:41:06+0100 - ecmwf.datastores.processing - INFO - Request ID is 4bfb0593-48f6-4af5-86e0-59334a9ca4c4
2025-12-05T11:41:06+0100 - era5land_to_datm.download - INFO - Sleeping for 0.5 seconds before next call...
2025-12-05T11:41:07+0100 - era5land_to_datm.download - INFO - Retrieving Remote for request ID 9e35eb58-2c4f-41e3-9b51-d8d573b6aac9 (42/100)...
2025-12-05T11:41:07+0100 - ecmwf.datastores.processing - INFO - Request ID is 9e35eb58-2c4f-41e3-9b51-d8d573b6aac9
2025-12-05T11:41:07+0100 - ecmwf.datastores.processing - INFO - Request ID is 9e35eb58-2c4f-41e3-9b51-d8d573b6aac9
2025-12-05T11:41:07+0100 - era5land_to_datm.download - INFO - Sleeping for 0.5 seconds before next call...
2025-12-05T11:41:07+0100 - era5land_to_datm.download - INFO - Retrieving Remote for request ID 7019c32b-6d5e-4241-926c-1558818b1da4 (43/100)...
2025-12-05T11:41:07+0100 - ecmwf.datastores.processing - INFO - Request ID is 7019c32b-6d5e-4241-926c-1558818b1da4
2025-12-05T11:41:07+0100 - ecmwf.datastores.processing - INFO - Request ID is 7019c32b-6d5e-4241-926c-1558818b1da4
2025-12-05T11:41:07+0100 - era5land_to_datm.download - INFO - Sleeping for 0.5 seconds before next call...
2025-12-05T11:41:08+0100 - era5land_to_datm.download - INFO - Retrieving Remote for request ID ebbe786c-dae6-4b8c-8c16-b1ef556a468c (44/100)...
2025-12-05T11:41:08+0100 - ecmwf.datastores.processing - INFO - Request ID is ebbe786c-dae6-4b8c-8c16-b1ef556a468c
2025-12-05T11:41:08+0100 - ecmwf.datastores.processing - INFO - Request ID is ebbe786c-dae6-4b8c-8c16-b1ef556a468c
2025-12-05T11:41:08+0100 - era5land_to_datm.download - INFO - Sleeping for 0.5 seconds before next call...
2025-12-05T11:41:08+0100 - era5land_to_datm.download - INFO - Retrieving Remote for request ID 07b4f6ac-b2f3-49eb-94a0-203d8bbb6499 (45/100)...
2025-12-05T11:41:09+0100 - ecmwf.datastores.processing - INFO - Request ID is 07b4f6ac-b2f3-49eb-94a0-203d8bbb6499
2025-12-05T11:41:09+0100 - ecmwf.datastores.processing - INFO - Request ID is 07b4f6ac-b2f3-49eb-94a0-203d8bbb6499
2025-12-05T11:41:09+0100 - era5land_to_datm.download - INFO - Sleeping for 0.5 seconds before next call...
2025-12-05T11:41:09+0100 - era5land_to_datm.download - INFO - Retrieving Remote for request ID ace91cf1-149c-4dac-8e6b-8554e8de24fc (46/100)...
2025-12-05T11:41:09+0100 - ecmwf.datastores.processing - INFO - Request ID is ace91cf1-149c-4dac-8e6b-8554e8de24fc
2025-12-05T11:41:09+0100 - ecmwf.datastores.processing - INFO - Request ID is ace91cf1-149c-4dac-8e6b-8554e8de24fc
2025-12-05T11:41:09+0100 - era5land_to_datm.download - INFO - Sleeping for 0.5 seconds before next call...
2025-12-05T11:41:10+0100 - era5land_to_datm.download - INFO - Retrieving Remote for request ID 997901df-bef5-478b-91a1-ad9436a90335 (47/100)...
2025-12-05T11:41:10+0100 - ecmwf.datastores.processing - INFO - Request ID is 997901df-bef5-478b-91a1-ad9436a90335
2025-12-05T11:41:10+0100 - ecmwf.datastores.processing - INFO - Request ID is 997901df-bef5-478b-91a1-ad9436a90335
2025-12-05T11:41:10+0100 - era5land_to_datm.download - INFO - Sleeping for 0.5 seconds before next call...
2025-12-05T11:41:10+0100 - era5land_to_datm.download - INFO - Retrieving Remote for request ID 0d02d61d-c0ca-4135-9582-b1c90b7e9e1f (48/100)...
2025-12-05T11:41:10+0100 - ecmwf.datastores.processing - INFO - Request ID is 0d02d61d-c0ca-4135-9582-b1c90b7e9e1f
2025-12-05T11:41:10+0100 - ecmwf.datastores.processing - INFO - Request ID is 0d02d61d-c0ca-4135-9582-b1c90b7e9e1f
2025-12-05T11:41:10+0100 - era5land_to_datm.download - INFO - Sleeping for 0.5 seconds before next call...
2025-12-05T11:41:11+0100 - era5land_to_datm.download - INFO - Retrieving Remote for request ID 50477c4b-e49e-43eb-9376-bfc2f3c91ef5 (49/100)...
2025-12-05T11:41:11+0100 - ecmwf.datastores.processing - INFO - Request ID is 50477c4b-e49e-43eb-9376-bfc2f3c91ef5
2025-12-05T11:41:11+0100 - ecmwf.datastores.processing - INFO - Request ID is 50477c4b-e49e-43eb-9376-bfc2f3c91ef5
2025-12-05T11:41:11+0100 - era5land_to_datm.download - INFO - Sleeping for 0.5 seconds before next call...
2025-12-05T11:41:11+0100 - era5land_to_datm.download - INFO - Retrieving Remote for request ID 112b458d-a833-41c3-be8d-ddabdb7fab92 (50/100)...
2025-12-05T11:41:11+0100 - ecmwf.datastores.processing - INFO - Request ID is 112b458d-a833-41c3-be8d-ddabdb7fab92
2025-12-05T11:41:11+0100 - ecmwf.datastores.processing - INFO - Request ID is 112b458d-a833-41c3-be8d-ddabdb7fab92
2025-12-05T11:41:11+0100 - era5land_to_datm.download - INFO - Sleeping for 0.5 seconds before next call...
2025-12-05T11:41:12+0100 - era5land_to_datm.download - INFO - Retrieving Remote for request ID 90675873-8c70-4d51-950c-e949d572bcdc (51/100)...
2025-12-05T11:41:12+0100 - ecmwf.datastores.processing - INFO - Request ID is 90675873-8c70-4d51-950c-e949d572bcdc
2025-12-05T11:41:12+0100 - ecmwf.datastores.processing - INFO - Request ID is 90675873-8c70-4d51-950c-e949d572bcdc
2025-12-05T11:41:12+0100 - era5land_to_datm.download - INFO - Sleeping for 0.5 seconds before next call...
2025-12-05T11:41:12+0100 - era5land_to_datm.download - INFO - Retrieving Remote for request ID 6b1056fc-f118-4135-b777-496e0e969561 (52/100)...
2025-12-05T11:41:13+0100 - ecmwf.datastores.processing - INFO - Request ID is 6b1056fc-f118-4135-b777-496e0e969561
2025-12-05T11:41:13+0100 - ecmwf.datastores.processing - INFO - Request ID is 6b1056fc-f118-4135-b777-496e0e969561
2025-12-05T11:41:13+0100 - era5land_to_datm.download - INFO - Sleeping for 0.5 seconds before next call...
2025-12-05T11:41:13+0100 - era5land_to_datm.download - INFO - Retrieving Remote for request ID 41f67d8e-22c1-4ee4-8d46-1a69ea5b7e73 (53/100)...
2025-12-05T11:41:13+0100 - ecmwf.datastores.processing - INFO - Request ID is 41f67d8e-22c1-4ee4-8d46-1a69ea5b7e73
2025-12-05T11:41:13+0100 - ecmwf.datastores.processing - INFO - Request ID is 41f67d8e-22c1-4ee4-8d46-1a69ea5b7e73
2025-12-05T11:41:13+0100 - era5land_to_datm.download - INFO - Sleeping for 0.5 seconds before next call...
2025-12-05T11:41:14+0100 - era5land_to_datm.download - INFO - Retrieving Remote for request ID c279a6c5-7236-496e-9b62-c5e88779eaf5 (54/100)...
2025-12-05T11:41:14+0100 - ecmwf.datastores.processing - INFO - Request ID is c279a6c5-7236-496e-9b62-c5e88779eaf5
2025-12-05T11:41:14+0100 - ecmwf.datastores.processing - INFO - Request ID is c279a6c5-7236-496e-9b62-c5e88779eaf5
2025-12-05T11:41:14+0100 - era5land_to_datm.download - INFO - Sleeping for 0.5 seconds before next call...
2025-12-05T11:41:14+0100 - era5land_to_datm.download - INFO - Retrieving Remote for request ID b8a151cf-ef93-407b-9d69-4299885772a4 (55/100)...
2025-12-05T11:41:14+0100 - ecmwf.datastores.processing - INFO - Request ID is b8a151cf-ef93-407b-9d69-4299885772a4
2025-12-05T11:41:14+0100 - ecmwf.datastores.processing - INFO - Request ID is b8a151cf-ef93-407b-9d69-4299885772a4
2025-12-05T11:41:14+0100 - era5land_to_datm.download - INFO - Sleeping for 0.5 seconds before next call...
2025-12-05T11:41:15+0100 - era5land_to_datm.download - INFO - Retrieving Remote for request ID 5ce54c16-d0cf-4ef7-9cdd-7321299025fd (56/100)...
2025-12-05T11:41:15+0100 - ecmwf.datastores.processing - INFO - Request ID is 5ce54c16-d0cf-4ef7-9cdd-7321299025fd
2025-12-05T11:41:15+0100 - ecmwf.datastores.processing - INFO - Request ID is 5ce54c16-d0cf-4ef7-9cdd-7321299025fd
2025-12-05T11:41:15+0100 - era5land_to_datm.download - INFO - Sleeping for 0.5 seconds before next call...
2025-12-05T11:41:15+0100 - era5land_to_datm.download - INFO - Retrieving Remote for request ID 866ed5ee-8ad9-48ab-9a63-375b39e023d2 (57/100)...
2025-12-05T11:41:15+0100 - ecmwf.datastores.processing - INFO - Request ID is 866ed5ee-8ad9-48ab-9a63-375b39e023d2
2025-12-05T11:41:15+0100 - ecmwf.datastores.processing - INFO - Request ID is 866ed5ee-8ad9-48ab-9a63-375b39e023d2
2025-12-05T11:41:15+0100 - era5land_to_datm.download - INFO - Sleeping for 0.5 seconds before next call...
2025-12-05T11:41:16+0100 - era5land_to_datm.download - INFO - Retrieving Remote for request ID 8f082d13-36e4-488a-a3e2-c86dfd750f82 (58/100)...
2025-12-05T11:41:16+0100 - ecmwf.datastores.processing - INFO - Request ID is 8f082d13-36e4-488a-a3e2-c86dfd750f82
2025-12-05T11:41:16+0100 - ecmwf.datastores.processing - INFO - Request ID is 8f082d13-36e4-488a-a3e2-c86dfd750f82
2025-12-05T11:41:16+0100 - era5land_to_datm.download - INFO - Sleeping for 0.5 seconds before next call...
2025-12-05T11:41:17+0100 - era5land_to_datm.download - INFO - Retrieving Remote for request ID 3bdfe7dd-43ff-4417-8f7d-f1b95240f0be (59/100)...
2025-12-05T11:41:17+0100 - ecmwf.datastores.processing - INFO - Request ID is 3bdfe7dd-43ff-4417-8f7d-f1b95240f0be
2025-12-05T11:41:17+0100 - ecmwf.datastores.processing - INFO - Request ID is 3bdfe7dd-43ff-4417-8f7d-f1b95240f0be
2025-12-05T11:41:17+0100 - era5land_to_datm.download - INFO - Sleeping for 0.5 seconds before next call...
2025-12-05T11:41:17+0100 - era5land_to_datm.download - INFO - Retrieving Remote for request ID b7e85469-8a5e-4161-8125-7195e16476c4 (60/100)...
2025-12-05T11:41:17+0100 - ecmwf.datastores.processing - INFO - Request ID is b7e85469-8a5e-4161-8125-7195e16476c4
2025-12-05T11:41:17+0100 - ecmwf.datastores.processing - INFO - Request ID is b7e85469-8a5e-4161-8125-7195e16476c4
2025-12-05T11:41:17+0100 - era5land_to_datm.download - INFO - Sleeping for 0.5 seconds before next call...
2025-12-05T11:41:18+0100 - era5land_to_datm.download - INFO - Retrieving Remote for request ID de46a161-2f21-4be0-ab9f-96297ece67e5 (61/100)...
2025-12-05T11:41:18+0100 - ecmwf.datastores.processing - INFO - Request ID is de46a161-2f21-4be0-ab9f-96297ece67e5
2025-12-05T11:41:18+0100 - ecmwf.datastores.processing - INFO - Request ID is de46a161-2f21-4be0-ab9f-96297ece67e5
2025-12-05T11:41:18+0100 - era5land_to_datm.download - INFO - Sleeping for 0.5 seconds before next call...
2025-12-05T11:41:18+0100 - era5land_to_datm.download - INFO - Retrieving Remote for request ID 12b5df24-c206-4915-946d-095b4cb4fd76 (62/100)...
2025-12-05T11:41:19+0100 - ecmwf.datastores.processing - INFO - Request ID is 12b5df24-c206-4915-946d-095b4cb4fd76
2025-12-05T11:41:19+0100 - ecmwf.datastores.processing - INFO - Request ID is 12b5df24-c206-4915-946d-095b4cb4fd76
2025-12-05T11:41:19+0100 - era5land_to_datm.download - INFO - Sleeping for 0.5 seconds before next call...
2025-12-05T11:41:19+0100 - era5land_to_datm.download - INFO - Retrieving Remote for request ID f41b17df-16eb-4d6e-bfa7-09ed4fd757a8 (63/100)...
2025-12-05T11:41:19+0100 - ecmwf.datastores.processing - INFO - Request ID is f41b17df-16eb-4d6e-bfa7-09ed4fd757a8
2025-12-05T11:41:19+0100 - ecmwf.datastores.processing - INFO - Request ID is f41b17df-16eb-4d6e-bfa7-09ed4fd757a8
2025-12-05T11:41:19+0100 - era5land_to_datm.download - INFO - Sleeping for 0.5 seconds before next call...
2025-12-05T11:41:20+0100 - era5land_to_datm.download - INFO - Retrieving Remote for request ID aa9d2d11-ec71-4f50-a1a9-525213bf3868 (64/100)...
2025-12-05T11:41:20+0100 - ecmwf.datastores.processing - INFO - Request ID is aa9d2d11-ec71-4f50-a1a9-525213bf3868
2025-12-05T11:41:20+0100 - ecmwf.datastores.processing - INFO - Request ID is aa9d2d11-ec71-4f50-a1a9-525213bf3868
2025-12-05T11:41:20+0100 - era5land_to_datm.download - INFO - Sleeping for 0.5 seconds before next call...
2025-12-05T11:41:20+0100 - era5land_to_datm.download - INFO - Retrieving Remote for request ID f5089e58-1ea9-4387-8017-2a60d16a6cf7 (65/100)...
2025-12-05T11:41:20+0100 - ecmwf.datastores.processing - INFO - Request ID is f5089e58-1ea9-4387-8017-2a60d16a6cf7
2025-12-05T11:41:20+0100 - ecmwf.datastores.processing - INFO - Request ID is f5089e58-1ea9-4387-8017-2a60d16a6cf7
2025-12-05T11:41:20+0100 - era5land_to_datm.download - INFO - Sleeping for 0.5 seconds before next call...
2025-12-05T11:41:21+0100 - era5land_to_datm.download - INFO - Retrieving Remote for request ID e6580318-38fe-48ff-909c-078f8ea8a7eb (66/100)...
2025-12-05T11:41:21+0100 - ecmwf.datastores.processing - INFO - Request ID is e6580318-38fe-48ff-909c-078f8ea8a7eb
2025-12-05T11:41:21+0100 - ecmwf.datastores.processing - INFO - Request ID is e6580318-38fe-48ff-909c-078f8ea8a7eb
2025-12-05T11:41:21+0100 - era5land_to_datm.download - INFO - Sleeping for 0.5 seconds before next call...
2025-12-05T11:41:21+0100 - era5land_to_datm.download - INFO - Retrieving Remote for request ID 4b226cd0-1cd3-4728-89c2-1782361e6073 (67/100)...
2025-12-05T11:41:21+0100 - ecmwf.datastores.processing - INFO - Request ID is 4b226cd0-1cd3-4728-89c2-1782361e6073
2025-12-05T11:41:21+0100 - ecmwf.datastores.processing - INFO - Request ID is 4b226cd0-1cd3-4728-89c2-1782361e6073
2025-12-05T11:41:21+0100 - era5land_to_datm.download - INFO - Sleeping for 0.5 seconds before next call...
2025-12-05T11:41:22+0100 - era5land_to_datm.download - INFO - Retrieving Remote for request ID dfc3806c-b61e-4da5-af60-a7749aaea358 (68/100)...
2025-12-05T11:41:22+0100 - ecmwf.datastores.processing - INFO - Request ID is dfc3806c-b61e-4da5-af60-a7749aaea358
2025-12-05T11:41:22+0100 - ecmwf.datastores.processing - INFO - Request ID is dfc3806c-b61e-4da5-af60-a7749aaea358
2025-12-05T11:41:22+0100 - era5land_to_datm.download - INFO - Sleeping for 0.5 seconds before next call...
2025-12-05T11:41:23+0100 - era5land_to_datm.download - INFO - Retrieving Remote for request ID 22dc0da6-16bc-453e-a9ed-98ad5e54610e (69/100)...
2025-12-05T11:41:23+0100 - ecmwf.datastores.processing - INFO - Request ID is 22dc0da6-16bc-453e-a9ed-98ad5e54610e
2025-12-05T11:41:23+0100 - ecmwf.datastores.processing - INFO - Request ID is 22dc0da6-16bc-453e-a9ed-98ad5e54610e
2025-12-05T11:41:23+0100 - era5land_to_datm.download - INFO - Sleeping for 0.5 seconds before next call...
2025-12-05T11:41:23+0100 - era5land_to_datm.download - INFO - Retrieving Remote for request ID f291ea1e-3c6f-4d1d-a075-680bed69b259 (70/100)...
2025-12-05T11:41:24+0100 - ecmwf.datastores.processing - INFO - Request ID is f291ea1e-3c6f-4d1d-a075-680bed69b259
2025-12-05T11:41:24+0100 - ecmwf.datastores.processing - INFO - Request ID is f291ea1e-3c6f-4d1d-a075-680bed69b259
2025-12-05T11:41:24+0100 - era5land_to_datm.download - INFO - Sleeping for 0.5 seconds before next call...
2025-12-05T11:41:24+0100 - era5land_to_datm.download - INFO - Retrieving Remote for request ID c63e2781-e572-47a9-8247-43551d26f84d (71/100)...
2025-12-05T11:41:24+0100 - ecmwf.datastores.processing - INFO - Request ID is c63e2781-e572-47a9-8247-43551d26f84d
2025-12-05T11:41:24+0100 - ecmwf.datastores.processing - INFO - Request ID is c63e2781-e572-47a9-8247-43551d26f84d
2025-12-05T11:41:24+0100 - era5land_to_datm.download - INFO - Sleeping for 0.5 seconds before next call...
2025-12-05T11:41:25+0100 - era5land_to_datm.download - INFO - Retrieving Remote for request ID 423f1b3e-4286-4a38-b532-8371c2a45946 (72/100)...
2025-12-05T11:41:25+0100 - ecmwf.datastores.processing - INFO - Request ID is 423f1b3e-4286-4a38-b532-8371c2a45946
2025-12-05T11:41:25+0100 - ecmwf.datastores.processing - INFO - Request ID is 423f1b3e-4286-4a38-b532-8371c2a45946
2025-12-05T11:41:25+0100 - era5land_to_datm.download - INFO - Sleeping for 0.5 seconds before next call...
2025-12-05T11:41:25+0100 - era5land_to_datm.download - INFO - Retrieving Remote for request ID fcc269a7-8ce9-40b4-8b77-740cac0e5f64 (73/100)...
2025-12-05T11:41:26+0100 - ecmwf.datastores.processing - INFO - Request ID is fcc269a7-8ce9-40b4-8b77-740cac0e5f64
2025-12-05T11:41:26+0100 - ecmwf.datastores.processing - INFO - Request ID is fcc269a7-8ce9-40b4-8b77-740cac0e5f64
2025-12-05T11:41:26+0100 - era5land_to_datm.download - INFO - Sleeping for 0.5 seconds before next call...
2025-12-05T11:41:26+0100 - era5land_to_datm.download - INFO - Retrieving Remote for request ID 4eb0cd7a-dc51-4cc9-a2ab-cf7ceeb3878f (74/100)...
2025-12-05T11:41:26+0100 - ecmwf.datastores.processing - INFO - Request ID is 4eb0cd7a-dc51-4cc9-a2ab-cf7ceeb3878f
2025-12-05T11:41:26+0100 - ecmwf.datastores.processing - INFO - Request ID is 4eb0cd7a-dc51-4cc9-a2ab-cf7ceeb3878f
2025-12-05T11:41:26+0100 - era5land_to_datm.download - INFO - Sleeping for 0.5 seconds before next call...
2025-12-05T11:41:27+0100 - era5land_to_datm.download - INFO - Retrieving Remote for request ID 32b2b544-376a-4533-a0e7-e84a4b57b746 (75/100)...
2025-12-05T11:41:27+0100 - ecmwf.datastores.processing - INFO - Request ID is 32b2b544-376a-4533-a0e7-e84a4b57b746
2025-12-05T11:41:27+0100 - ecmwf.datastores.processing - INFO - Request ID is 32b2b544-376a-4533-a0e7-e84a4b57b746
2025-12-05T11:41:27+0100 - era5land_to_datm.download - INFO - Sleeping for 0.5 seconds before next call...
2025-12-05T11:41:27+0100 - era5land_to_datm.download - INFO - Retrieving Remote for request ID 1acee4de-01d3-462b-838b-ac9e04ef5ac3 (76/100)...
2025-12-05T11:41:27+0100 - ecmwf.datastores.processing - INFO - Request ID is 1acee4de-01d3-462b-838b-ac9e04ef5ac3
2025-12-05T11:41:28+0100 - ecmwf.datastores.processing - INFO - Request ID is 1acee4de-01d3-462b-838b-ac9e04ef5ac3
2025-12-05T11:41:28+0100 - era5land_to_datm.download - INFO - Sleeping for 0.5 seconds before next call...
2025-12-05T11:41:28+0100 - era5land_to_datm.download - INFO - Retrieving Remote for request ID 7aed70ae-9e19-477c-8fcb-a4c1c374583c (77/100)...
2025-12-05T11:41:28+0100 - ecmwf.datastores.processing - INFO - Request ID is 7aed70ae-9e19-477c-8fcb-a4c1c374583c
2025-12-05T11:41:28+0100 - ecmwf.datastores.processing - INFO - Request ID is 7aed70ae-9e19-477c-8fcb-a4c1c374583c
2025-12-05T11:41:28+0100 - era5land_to_datm.download - INFO - Sleeping for 0.5 seconds before next call...
2025-12-05T11:41:29+0100 - era5land_to_datm.download - INFO - Retrieving Remote for request ID e5cf3564-2317-4382-baf9-2843a7d5c2ab (78/100)...
2025-12-05T11:41:29+0100 - ecmwf.datastores.processing - INFO - Request ID is e5cf3564-2317-4382-baf9-2843a7d5c2ab
2025-12-05T11:41:29+0100 - ecmwf.datastores.processing - INFO - Request ID is e5cf3564-2317-4382-baf9-2843a7d5c2ab
2025-12-05T11:41:29+0100 - era5land_to_datm.download - INFO - Sleeping for 0.5 seconds before next call...
2025-12-05T11:41:29+0100 - era5land_to_datm.download - INFO - Retrieving Remote for request ID 162e4698-6ece-439b-9cae-ae567b6c471b (79/100)...
2025-12-05T11:41:29+0100 - ecmwf.datastores.processing - INFO - Request ID is 162e4698-6ece-439b-9cae-ae567b6c471b
2025-12-05T11:41:29+0100 - ecmwf.datastores.processing - INFO - Request ID is 162e4698-6ece-439b-9cae-ae567b6c471b
2025-12-05T11:41:29+0100 - era5land_to_datm.download - INFO - Sleeping for 0.5 seconds before next call...
2025-12-05T11:41:30+0100 - era5land_to_datm.download - INFO - Retrieving Remote for request ID 47ac5015-b2b7-4add-8dcf-fd7bea88b2e0 (80/100)...
2025-12-05T11:41:30+0100 - ecmwf.datastores.processing - INFO - Request ID is 47ac5015-b2b7-4add-8dcf-fd7bea88b2e0
2025-12-05T11:41:30+0100 - ecmwf.datastores.processing - INFO - Request ID is 47ac5015-b2b7-4add-8dcf-fd7bea88b2e0
2025-12-05T11:41:30+0100 - era5land_to_datm.download - INFO - Sleeping for 0.5 seconds before next call...
2025-12-05T11:41:30+0100 - era5land_to_datm.download - INFO - Retrieving Remote for request ID 322feba2-6eec-40b3-a30c-174099465cba (81/100)...
2025-12-05T11:41:30+0100 - ecmwf.datastores.processing - INFO - Request ID is 322feba2-6eec-40b3-a30c-174099465cba
2025-12-05T11:41:30+0100 - ecmwf.datastores.processing - INFO - Request ID is 322feba2-6eec-40b3-a30c-174099465cba
2025-12-05T11:41:30+0100 - era5land_to_datm.download - INFO - Sleeping for 0.5 seconds before next call...
2025-12-05T11:41:31+0100 - era5land_to_datm.download - INFO - Retrieving Remote for request ID 1494da22-b97a-4c77-aa26-5bcdd85003ba (82/100)...
2025-12-05T11:41:31+0100 - ecmwf.datastores.processing - INFO - Request ID is 1494da22-b97a-4c77-aa26-5bcdd85003ba
2025-12-05T11:41:31+0100 - ecmwf.datastores.processing - INFO - Request ID is 1494da22-b97a-4c77-aa26-5bcdd85003ba
2025-12-05T11:41:31+0100 - era5land_to_datm.download - INFO - Sleeping for 0.5 seconds before next call...
2025-12-05T11:41:32+0100 - era5land_to_datm.download - INFO - Retrieving Remote for request ID 7a7d6847-c49c-4283-817a-87fccc11a9e3 (83/100)...
2025-12-05T11:41:32+0100 - ecmwf.datastores.processing - INFO - Request ID is 7a7d6847-c49c-4283-817a-87fccc11a9e3
2025-12-05T11:41:32+0100 - ecmwf.datastores.processing - INFO - Request ID is 7a7d6847-c49c-4283-817a-87fccc11a9e3
2025-12-05T11:41:32+0100 - era5land_to_datm.download - INFO - Sleeping for 0.5 seconds before next call...
2025-12-05T11:41:32+0100 - era5land_to_datm.download - INFO - Retrieving Remote for request ID af843a3b-f569-4d3c-a5d8-cb0f06b8ebc7 (84/100)...
2025-12-05T11:41:32+0100 - ecmwf.datastores.processing - INFO - Request ID is af843a3b-f569-4d3c-a5d8-cb0f06b8ebc7
2025-12-05T11:41:32+0100 - ecmwf.datastores.processing - INFO - Request ID is af843a3b-f569-4d3c-a5d8-cb0f06b8ebc7
2025-12-05T11:41:32+0100 - era5land_to_datm.download - INFO - Sleeping for 0.5 seconds before next call...
2025-12-05T11:41:33+0100 - era5land_to_datm.download - INFO - Retrieving Remote for request ID 3a694a6f-c5bd-45ed-b356-89e17afbe9de (85/100)...
2025-12-05T11:41:33+0100 - ecmwf.datastores.processing - INFO - Request ID is 3a694a6f-c5bd-45ed-b356-89e17afbe9de
2025-12-05T11:41:33+0100 - ecmwf.datastores.processing - INFO - Request ID is 3a694a6f-c5bd-45ed-b356-89e17afbe9de
2025-12-05T11:41:33+0100 - era5land_to_datm.download - INFO - Sleeping for 0.5 seconds before next call...
2025-12-05T11:41:33+0100 - era5land_to_datm.download - INFO - Retrieving Remote for request ID 54c46fef-1c66-42ca-9168-cb8aa565c2cd (86/100)...
2025-12-05T11:41:34+0100 - ecmwf.datastores.processing - INFO - Request ID is 54c46fef-1c66-42ca-9168-cb8aa565c2cd
2025-12-05T11:41:34+0100 - ecmwf.datastores.processing - INFO - Request ID is 54c46fef-1c66-42ca-9168-cb8aa565c2cd
2025-12-05T11:41:34+0100 - era5land_to_datm.download - INFO - Sleeping for 0.5 seconds before next call...
2025-12-05T11:41:34+0100 - era5land_to_datm.download - INFO - Retrieving Remote for request ID 4275b6d8-a07d-4a29-abc4-f82f0c8eafc3 (87/100)...
2025-12-05T11:41:34+0100 - ecmwf.datastores.processing - INFO - Request ID is 4275b6d8-a07d-4a29-abc4-f82f0c8eafc3
2025-12-05T11:41:34+0100 - ecmwf.datastores.processing - INFO - Request ID is 4275b6d8-a07d-4a29-abc4-f82f0c8eafc3
2025-12-05T11:41:34+0100 - era5land_to_datm.download - INFO - Sleeping for 0.5 seconds before next call...
2025-12-05T11:41:35+0100 - era5land_to_datm.download - INFO - Retrieving Remote for request ID 614d04a4-7468-44fa-9974-c46766f903a6 (88/100)...
2025-12-05T11:41:35+0100 - ecmwf.datastores.processing - INFO - Request ID is 614d04a4-7468-44fa-9974-c46766f903a6
2025-12-05T11:41:35+0100 - ecmwf.datastores.processing - INFO - Request ID is 614d04a4-7468-44fa-9974-c46766f903a6
2025-12-05T11:41:35+0100 - era5land_to_datm.download - INFO - Sleeping for 0.5 seconds before next call...
2025-12-05T11:41:35+0100 - era5land_to_datm.download - INFO - Retrieving Remote for request ID 2eec88d3-1994-44b7-a0c5-a636c59d2963 (89/100)...
2025-12-05T11:41:35+0100 - ecmwf.datastores.processing - INFO - Request ID is 2eec88d3-1994-44b7-a0c5-a636c59d2963
2025-12-05T11:41:35+0100 - ecmwf.datastores.processing - INFO - Request ID is 2eec88d3-1994-44b7-a0c5-a636c59d2963
2025-12-05T11:41:35+0100 - era5land_to_datm.download - INFO - Sleeping for 0.5 seconds before next call...
2025-12-05T11:41:36+0100 - era5land_to_datm.download - INFO - Retrieving Remote for request ID 8ee1ffb4-8198-44f1-9d35-f3181409b302 (90/100)...
2025-12-05T11:41:36+0100 - ecmwf.datastores.processing - INFO - Request ID is 8ee1ffb4-8198-44f1-9d35-f3181409b302
2025-12-05T11:41:36+0100 - ecmwf.datastores.processing - INFO - Request ID is 8ee1ffb4-8198-44f1-9d35-f3181409b302
2025-12-05T11:41:36+0100 - era5land_to_datm.download - INFO - Sleeping for 0.5 seconds before next call...
2025-12-05T11:41:36+0100 - era5land_to_datm.download - INFO - Retrieving Remote for request ID c113c996-7fd6-474b-a05f-49261d355c4b (91/100)...
2025-12-05T11:41:36+0100 - ecmwf.datastores.processing - INFO - Request ID is c113c996-7fd6-474b-a05f-49261d355c4b
2025-12-05T11:41:36+0100 - ecmwf.datastores.processing - INFO - Request ID is c113c996-7fd6-474b-a05f-49261d355c4b
2025-12-05T11:41:36+0100 - era5land_to_datm.download - INFO - Sleeping for 0.5 seconds before next call...
2025-12-05T11:41:37+0100 - era5land_to_datm.download - INFO - Retrieving Remote for request ID 5d4bd69a-9cf9-40b6-a7e8-d6e2c1668096 (92/100)...
2025-12-05T11:41:37+0100 - ecmwf.datastores.processing - INFO - Request ID is 5d4bd69a-9cf9-40b6-a7e8-d6e2c1668096
2025-12-05T11:41:37+0100 - ecmwf.datastores.processing - INFO - Request ID is 5d4bd69a-9cf9-40b6-a7e8-d6e2c1668096
2025-12-05T11:41:37+0100 - era5land_to_datm.download - INFO - Sleeping for 0.5 seconds before next call...
2025-12-05T11:41:38+0100 - era5land_to_datm.download - INFO - Retrieving Remote for request ID 9b4825da-f2ea-40d8-874b-81ce2c8739c8 (93/100)...
2025-12-05T11:41:38+0100 - ecmwf.datastores.processing - INFO - Request ID is 9b4825da-f2ea-40d8-874b-81ce2c8739c8
2025-12-05T11:41:38+0100 - ecmwf.datastores.processing - INFO - Request ID is 9b4825da-f2ea-40d8-874b-81ce2c8739c8
2025-12-05T11:41:38+0100 - era5land_to_datm.download - INFO - Sleeping for 0.5 seconds before next call...
2025-12-05T11:41:38+0100 - era5land_to_datm.download - INFO - Retrieving Remote for request ID 498595a8-73d0-4f6e-8218-f7ed8d885d4e (94/100)...
2025-12-05T11:41:38+0100 - ecmwf.datastores.processing - INFO - Request ID is 498595a8-73d0-4f6e-8218-f7ed8d885d4e
2025-12-05T11:41:38+0100 - ecmwf.datastores.processing - INFO - Request ID is 498595a8-73d0-4f6e-8218-f7ed8d885d4e
2025-12-05T11:41:38+0100 - era5land_to_datm.download - INFO - Sleeping for 0.5 seconds before next call...
2025-12-05T11:41:39+0100 - era5land_to_datm.download - INFO - Retrieving Remote for request ID 270c2d73-f8f2-41af-a75e-8f95b83bbcc7 (95/100)...
2025-12-05T11:41:39+0100 - ecmwf.datastores.processing - INFO - Request ID is 270c2d73-f8f2-41af-a75e-8f95b83bbcc7
2025-12-05T11:41:39+0100 - ecmwf.datastores.processing - INFO - Request ID is 270c2d73-f8f2-41af-a75e-8f95b83bbcc7
2025-12-05T11:41:39+0100 - era5land_to_datm.download - INFO - Sleeping for 0.5 seconds before next call...
2025-12-05T11:41:39+0100 - era5land_to_datm.download - INFO - Retrieving Remote for request ID 72e966dd-7181-48de-b4f8-8ce8e40303fd (96/100)...
2025-12-05T11:41:39+0100 - ecmwf.datastores.processing - INFO - Request ID is 72e966dd-7181-48de-b4f8-8ce8e40303fd
2025-12-05T11:41:39+0100 - ecmwf.datastores.processing - INFO - Request ID is 72e966dd-7181-48de-b4f8-8ce8e40303fd
2025-12-05T11:41:39+0100 - era5land_to_datm.download - INFO - Sleeping for 0.5 seconds before next call...
2025-12-05T11:41:40+0100 - era5land_to_datm.download - INFO - Retrieving Remote for request ID 49b9f97a-e253-43e4-9b78-0f8541d4ffd2 (97/100)...
2025-12-05T11:41:40+0100 - ecmwf.datastores.processing - INFO - Request ID is 49b9f97a-e253-43e4-9b78-0f8541d4ffd2
2025-12-05T11:41:40+0100 - ecmwf.datastores.processing - INFO - Request ID is 49b9f97a-e253-43e4-9b78-0f8541d4ffd2
2025-12-05T11:41:40+0100 - era5land_to_datm.download - INFO - Sleeping for 0.5 seconds before next call...
2025-12-05T11:41:41+0100 - era5land_to_datm.download - INFO - Retrieving Remote for request ID 2813ecde-39f1-48da-b97f-74e14aa95c29 (98/100)...
2025-12-05T11:41:41+0100 - ecmwf.datastores.processing - INFO - Request ID is 2813ecde-39f1-48da-b97f-74e14aa95c29
2025-12-05T11:41:41+0100 - ecmwf.datastores.processing - INFO - Request ID is 2813ecde-39f1-48da-b97f-74e14aa95c29
2025-12-05T11:41:41+0100 - era5land_to_datm.download - INFO - Sleeping for 0.5 seconds before next call...
2025-12-05T11:41:41+0100 - era5land_to_datm.download - INFO - Retrieving Remote for request ID 065de076-f2ef-4ff7-a32a-54591428e256 (99/100)...
2025-12-05T11:41:42+0100 - ecmwf.datastores.processing - INFO - Request ID is 065de076-f2ef-4ff7-a32a-54591428e256
2025-12-05T11:41:42+0100 - ecmwf.datastores.processing - INFO - Request ID is 065de076-f2ef-4ff7-a32a-54591428e256
2025-12-05T11:41:42+0100 - era5land_to_datm.download - INFO - Sleeping for 0.5 seconds before next call...
2025-12-05T11:41:42+0100 - era5land_to_datm.download - INFO - Retrieving Remote for request ID 1decade2-0e03-4883-9904-cd38e59cc260 (100/100)...
2025-12-05T11:41:42+0100 - ecmwf.datastores.processing - INFO - Request ID is 1decade2-0e03-4883-9904-cd38e59cc260
2025-12-05T11:41:42+0100 - ecmwf.datastores.processing - INFO - Request ID is 1decade2-0e03-4883-9904-cd38e59cc260
