2025-12-09T07:41:49+0100 - root - INFO - Logger initialized.
2025-12-09T07:41:49+0100 - root - INFO - Logging to file: /cluster/home/janko/src/era5land_to_datm/scripts/era5land_to_datm_script_20251209T064149.log
2025-12-09T07:42:08+0100 - ecmwf.datastores.processing - INFO - [2025-12-03T00:00:00Z] To improve our C3S service, we need to hear from you! Please complete this very short [survey](https://confluence.ecmwf.int/x/E7uBEQ/). Thank you.
2025-12-09T07:42:08+0100 - era5land_to_datm.requests - INFO - Submitting request for year=1992, month=01...
2025-12-09T07:42:08+0100 - ecmwf.datastores.processing - INFO - Request ID is 4e7cbd45-20f3-43dc-b79a-2e3c0d2b731e
2025-12-09T07:42:08+0100 - ecmwf.datastores.processing - INFO - status has been updated to accepted
2025-12-09T07:42:08+0100 - era5land_to_datm.requests - INFO - Request submitted with ID 4e7cbd45-20f3-43dc-b79a-2e3c0d2b731e, status accepted.
2025-12-09T07:42:08+0100 - era5land_to_datm.requests - INFO - Waiting 3.0 seconds before next request...
2025-12-09T07:42:11+0100 - era5land_to_datm.requests - INFO - Submitting request for year=1992, month=02...
2025-12-09T07:42:11+0100 - ecmwf.datastores.processing - INFO - Request ID is 998a9ef0-72d2-4c72-a402-873436367a3b
2025-12-09T07:42:12+0100 - ecmwf.datastores.processing - INFO - status has been updated to accepted
2025-12-09T07:42:12+0100 - era5land_to_datm.requests - INFO - Request submitted with ID 998a9ef0-72d2-4c72-a402-873436367a3b, status accepted.
2025-12-09T07:42:12+0100 - era5land_to_datm.requests - INFO - Waiting 3.0 seconds before next request...
2025-12-09T07:42:15+0100 - era5land_to_datm.requests - INFO - Submitting request for year=1992, month=03...
2025-12-09T07:42:15+0100 - ecmwf.datastores.processing - INFO - Request ID is f5bdba26-753f-4142-8f75-a8a6a3175b72
2025-12-09T07:42:15+0100 - ecmwf.datastores.processing - INFO - status has been updated to accepted
2025-12-09T07:42:15+0100 - era5land_to_datm.requests - INFO - Request submitted with ID f5bdba26-753f-4142-8f75-a8a6a3175b72, status accepted.
2025-12-09T07:42:15+0100 - era5land_to_datm.requests - INFO - Waiting 3.0 seconds before next request...
2025-12-09T07:42:18+0100 - era5land_to_datm.requests - INFO - Submitting request for year=1992, month=04...
2025-12-09T07:42:18+0100 - ecmwf.datastores.processing - INFO - Request ID is d2d68a7c-fc12-402e-b648-4cbd555d1b12
2025-12-09T07:42:18+0100 - ecmwf.datastores.processing - INFO - status has been updated to accepted
2025-12-09T07:42:18+0100 - era5land_to_datm.requests - INFO - Request submitted with ID d2d68a7c-fc12-402e-b648-4cbd555d1b12, status accepted.
2025-12-09T07:42:18+0100 - era5land_to_datm.requests - INFO - Waiting 3.0 seconds before next request...
2025-12-09T07:42:21+0100 - era5land_to_datm.requests - INFO - Submitting request for year=1992, month=05...
2025-12-09T07:42:21+0100 - ecmwf.datastores.processing - INFO - Request ID is 0a5648cb-cc4e-46f9-857c-ad2082f22d61
2025-12-09T07:42:22+0100 - ecmwf.datastores.processing - INFO - status has been updated to accepted
2025-12-09T07:42:22+0100 - era5land_to_datm.requests - INFO - Request submitted with ID 0a5648cb-cc4e-46f9-857c-ad2082f22d61, status accepted.
2025-12-09T07:42:22+0100 - era5land_to_datm.requests - INFO - Waiting 3.0 seconds before next request...
2025-12-09T07:42:25+0100 - era5land_to_datm.requests - INFO - Submitting request for year=1992, month=06...
2025-12-09T07:42:25+0100 - ecmwf.datastores.processing - INFO - Request ID is 06a38c12-50b0-484f-91ea-ac6ebf84fc02
2025-12-09T07:42:25+0100 - ecmwf.datastores.processing - INFO - status has been updated to accepted
2025-12-09T07:42:25+0100 - era5land_to_datm.requests - INFO - Request submitted with ID 06a38c12-50b0-484f-91ea-ac6ebf84fc02, status accepted.
2025-12-09T07:42:25+0100 - era5land_to_datm.requests - INFO - Waiting 3.0 seconds before next request...
2025-12-09T07:42:28+0100 - era5land_to_datm.requests - INFO - Submitting request for year=1992, month=07...
2025-12-09T07:42:28+0100 - ecmwf.datastores.processing - INFO - Request ID is 8f8f24ec-bcc4-4a1f-a44b-1cbc00f36349
2025-12-09T07:42:28+0100 - ecmwf.datastores.processing - INFO - status has been updated to accepted
2025-12-09T07:42:28+0100 - era5land_to_datm.requests - INFO - Request submitted with ID 8f8f24ec-bcc4-4a1f-a44b-1cbc00f36349, status accepted.
2025-12-09T07:42:28+0100 - era5land_to_datm.requests - INFO - Waiting 3.0 seconds before next request...
2025-12-09T07:42:31+0100 - era5land_to_datm.requests - INFO - Submitting request for year=1992, month=08...
2025-12-09T07:42:31+0100 - ecmwf.datastores.processing - INFO - Request ID is 3aeff9f1-ab76-43cb-a71c-eb0390066851
2025-12-09T07:42:32+0100 - ecmwf.datastores.processing - INFO - status has been updated to accepted
2025-12-09T07:42:32+0100 - era5land_to_datm.requests - INFO - Request submitted with ID 3aeff9f1-ab76-43cb-a71c-eb0390066851, status accepted.
2025-12-09T07:42:32+0100 - era5land_to_datm.requests - INFO - Waiting 3.0 seconds before next request...
2025-12-09T07:42:35+0100 - era5land_to_datm.requests - INFO - Submitting request for year=1992, month=09...
2025-12-09T07:42:35+0100 - ecmwf.datastores.processing - INFO - Request ID is e7db5ab1-d42a-4af2-9603-839dfe92d94c
2025-12-09T07:42:35+0100 - ecmwf.datastores.processing - INFO - status has been updated to accepted
2025-12-09T07:42:35+0100 - era5land_to_datm.requests - INFO - Request submitted with ID e7db5ab1-d42a-4af2-9603-839dfe92d94c, status accepted.
2025-12-09T07:42:35+0100 - era5land_to_datm.requests - INFO - Waiting 3.0 seconds before next request...
2025-12-09T07:42:38+0100 - era5land_to_datm.requests - INFO - Submitting request for year=1992, month=10...
2025-12-09T07:42:38+0100 - ecmwf.datastores.processing - INFO - Request ID is e0a4a0ba-5b47-40c8-90fa-b85e1f41f93b
2025-12-09T07:42:38+0100 - ecmwf.datastores.processing - INFO - status has been updated to accepted
2025-12-09T07:42:38+0100 - era5land_to_datm.requests - INFO - Request submitted with ID e0a4a0ba-5b47-40c8-90fa-b85e1f41f93b, status accepted.
2025-12-09T07:42:38+0100 - era5land_to_datm.requests - INFO - Waiting 3.0 seconds before next request...
2025-12-09T07:42:41+0100 - era5land_to_datm.requests - INFO - Submitting request for year=1992, month=11...
2025-12-09T07:42:41+0100 - ecmwf.datastores.processing - INFO - Request ID is b32b6066-206f-4a60-a357-1175b59fd095
2025-12-09T07:42:41+0100 - ecmwf.datastores.processing - INFO - status has been updated to accepted
2025-12-09T07:42:41+0100 - era5land_to_datm.requests - INFO - Request submitted with ID b32b6066-206f-4a60-a357-1175b59fd095, status accepted.
2025-12-09T07:42:41+0100 - era5land_to_datm.requests - INFO - Waiting 3.0 seconds before next request...
2025-12-09T07:42:44+0100 - era5land_to_datm.requests - INFO - Submitting request for year=1992, month=12...
2025-12-09T07:42:45+0100 - ecmwf.datastores.processing - INFO - Request ID is 0c39833d-e994-49b7-a1ba-18747b498304
2025-12-09T07:42:45+0100 - ecmwf.datastores.processing - INFO - status has been updated to accepted
2025-12-09T07:42:45+0100 - era5land_to_datm.requests - INFO - Request submitted with ID 0c39833d-e994-49b7-a1ba-18747b498304, status accepted.
2025-12-09T07:42:45+0100 - era5land_to_datm.requests - INFO - Waiting 3.0 seconds before next request...
2025-12-09T07:42:48+0100 - era5land_to_datm.requests - INFO - Submitting request for year=1993, month=01...
2025-12-09T07:42:48+0100 - ecmwf.datastores.processing - INFO - Request ID is a8081482-7a93-4502-83f9-7cca12a1630e
2025-12-09T07:42:48+0100 - ecmwf.datastores.processing - INFO - status has been updated to accepted
2025-12-09T07:42:48+0100 - era5land_to_datm.requests - INFO - Request submitted with ID a8081482-7a93-4502-83f9-7cca12a1630e, status accepted.
2025-12-09T07:42:48+0100 - era5land_to_datm.requests - INFO - Waiting 3.0 seconds before next request...
2025-12-09T07:42:51+0100 - era5land_to_datm.requests - INFO - Submitting request for year=1993, month=02...
2025-12-09T07:42:51+0100 - ecmwf.datastores.processing - INFO - Request ID is 667a964b-7af1-4983-bdeb-0051c5999c91
2025-12-09T07:42:51+0100 - ecmwf.datastores.processing - INFO - status has been updated to accepted
2025-12-09T07:42:51+0100 - era5land_to_datm.requests - INFO - Request submitted with ID 667a964b-7af1-4983-bdeb-0051c5999c91, status accepted.
2025-12-09T07:42:51+0100 - era5land_to_datm.requests - INFO - Waiting 3.0 seconds before next request...
2025-12-09T07:42:54+0100 - era5land_to_datm.requests - INFO - Submitting request for year=1993, month=03...
2025-12-09T07:42:55+0100 - ecmwf.datastores.processing - INFO - Request ID is 08d77ece-4a98-4760-a275-a87a5101fd59
2025-12-09T07:42:55+0100 - ecmwf.datastores.processing - INFO - status has been updated to accepted
2025-12-09T07:42:55+0100 - era5land_to_datm.requests - INFO - Request submitted with ID 08d77ece-4a98-4760-a275-a87a5101fd59, status accepted.
2025-12-09T07:42:55+0100 - era5land_to_datm.requests - INFO - Waiting 3.0 seconds before next request...
2025-12-09T07:42:58+0100 - era5land_to_datm.requests - INFO - Submitting request for year=1993, month=04...
2025-12-09T07:42:58+0100 - ecmwf.datastores.processing - INFO - Request ID is 8aa0c2f6-f206-4e3b-a798-4506b895f8a1
2025-12-09T07:42:58+0100 - ecmwf.datastores.processing - INFO - status has been updated to accepted
2025-12-09T07:42:58+0100 - era5land_to_datm.requests - INFO - Request submitted with ID 8aa0c2f6-f206-4e3b-a798-4506b895f8a1, status accepted.
2025-12-09T07:42:58+0100 - era5land_to_datm.requests - INFO - Waiting 3.0 seconds before next request...
2025-12-09T07:43:01+0100 - era5land_to_datm.requests - INFO - Submitting request for year=1993, month=05...
2025-12-09T07:43:01+0100 - ecmwf.datastores.processing - INFO - Request ID is dd889f0c-f9ed-46c6-9114-b053186fd28c
2025-12-09T07:43:01+0100 - ecmwf.datastores.processing - INFO - status has been updated to accepted
2025-12-09T07:43:01+0100 - era5land_to_datm.requests - INFO - Request submitted with ID dd889f0c-f9ed-46c6-9114-b053186fd28c, status accepted.
2025-12-09T07:43:01+0100 - era5land_to_datm.requests - INFO - Waiting 3.0 seconds before next request...
2025-12-09T07:43:04+0100 - era5land_to_datm.requests - INFO - Submitting request for year=1993, month=06...
2025-12-09T07:43:04+0100 - ecmwf.datastores.processing - INFO - Request ID is 6372f8ae-d29d-464a-a7f6-1d0b442dd01e
2025-12-09T07:43:05+0100 - ecmwf.datastores.processing - INFO - status has been updated to accepted
2025-12-09T07:43:05+0100 - era5land_to_datm.requests - INFO - Request submitted with ID 6372f8ae-d29d-464a-a7f6-1d0b442dd01e, status accepted.
2025-12-09T07:43:05+0100 - era5land_to_datm.requests - INFO - Waiting 3.0 seconds before next request...
2025-12-09T07:43:08+0100 - era5land_to_datm.requests - INFO - Submitting request for year=1993, month=07...
2025-12-09T07:43:08+0100 - ecmwf.datastores.processing - INFO - Request ID is 37b4c3e0-c0b2-4673-a815-e7e3f9f841d5
2025-12-09T07:43:08+0100 - ecmwf.datastores.processing - INFO - status has been updated to accepted
2025-12-09T07:43:08+0100 - era5land_to_datm.requests - INFO - Request submitted with ID 37b4c3e0-c0b2-4673-a815-e7e3f9f841d5, status accepted.
2025-12-09T07:43:08+0100 - era5land_to_datm.requests - INFO - Waiting 3.0 seconds before next request...
2025-12-09T07:43:11+0100 - era5land_to_datm.requests - INFO - Submitting request for year=1993, month=08...
2025-12-09T07:43:11+0100 - ecmwf.datastores.processing - INFO - Request ID is 69671814-87c0-424e-b484-5a153414deb2
2025-12-09T07:43:11+0100 - ecmwf.datastores.processing - INFO - status has been updated to accepted
2025-12-09T07:43:11+0100 - era5land_to_datm.requests - INFO - Request submitted with ID 69671814-87c0-424e-b484-5a153414deb2, status accepted.
2025-12-09T07:43:11+0100 - era5land_to_datm.requests - INFO - Waiting 3.0 seconds before next request...
2025-12-09T07:43:14+0100 - era5land_to_datm.requests - INFO - Submitting request for year=1993, month=09...
2025-12-09T07:43:14+0100 - ecmwf.datastores.processing - INFO - Request ID is d25d0ff6-49ca-44ca-b44e-e4d334d6bd01
2025-12-09T07:43:15+0100 - ecmwf.datastores.processing - INFO - status has been updated to accepted
2025-12-09T07:43:15+0100 - era5land_to_datm.requests - INFO - Request submitted with ID d25d0ff6-49ca-44ca-b44e-e4d334d6bd01, status accepted.
2025-12-09T07:43:15+0100 - era5land_to_datm.requests - INFO - Waiting 3.0 seconds before next request...
2025-12-09T07:43:18+0100 - era5land_to_datm.requests - INFO - Submitting request for year=1993, month=10...
2025-12-09T07:43:18+0100 - ecmwf.datastores.processing - INFO - Request ID is a6f6454c-042f-4d66-84eb-8edb7628ff78
2025-12-09T07:43:18+0100 - ecmwf.datastores.processing - INFO - status has been updated to accepted
2025-12-09T07:43:18+0100 - era5land_to_datm.requests - INFO - Request submitted with ID a6f6454c-042f-4d66-84eb-8edb7628ff78, status accepted.
2025-12-09T07:43:18+0100 - era5land_to_datm.requests - INFO - Waiting 3.0 seconds before next request...
2025-12-09T07:43:21+0100 - era5land_to_datm.requests - INFO - Submitting request for year=1993, month=11...
2025-12-09T07:43:21+0100 - ecmwf.datastores.processing - INFO - Request ID is 43a68056-3f1e-4bda-8835-aa768a08917d
2025-12-09T07:43:22+0100 - ecmwf.datastores.processing - INFO - status has been updated to accepted
2025-12-09T07:43:22+0100 - era5land_to_datm.requests - INFO - Request submitted with ID 43a68056-3f1e-4bda-8835-aa768a08917d, status accepted.
2025-12-09T07:43:22+0100 - era5land_to_datm.requests - INFO - Waiting 3.0 seconds before next request...
2025-12-09T07:43:25+0100 - era5land_to_datm.requests - INFO - Submitting request for year=1993, month=12...
2025-12-09T07:43:25+0100 - ecmwf.datastores.processing - INFO - Request ID is ed30fb0a-f12e-4f98-93e5-4c45d52fdd82
2025-12-09T07:43:25+0100 - ecmwf.datastores.processing - INFO - status has been updated to accepted
2025-12-09T07:43:25+0100 - era5land_to_datm.requests - INFO - Request submitted with ID ed30fb0a-f12e-4f98-93e5-4c45d52fdd82, status accepted.
2025-12-09T07:43:25+0100 - era5land_to_datm.requests - INFO - Waiting 3.0 seconds before next request...
2025-12-09T07:43:28+0100 - era5land_to_datm.requests - INFO - Submitting request for year=1994, month=01...
2025-12-09T07:43:28+0100 - ecmwf.datastores.processing - INFO - Request ID is 31aa8f5f-2df2-4b37-aec3-bf0698b96e76
2025-12-09T07:43:28+0100 - ecmwf.datastores.processing - INFO - status has been updated to accepted
2025-12-09T07:43:28+0100 - era5land_to_datm.requests - INFO - Request submitted with ID 31aa8f5f-2df2-4b37-aec3-bf0698b96e76, status accepted.
2025-12-09T07:43:28+0100 - era5land_to_datm.requests - INFO - Waiting 3.0 seconds before next request...
2025-12-09T07:43:31+0100 - era5land_to_datm.requests - INFO - Submitting request for year=1994, month=02...
2025-12-09T07:43:32+0100 - ecmwf.datastores.processing - INFO - Request ID is be665715-8dce-49dc-aa21-a029cee92890
2025-12-09T07:43:32+0100 - ecmwf.datastores.processing - INFO - status has been updated to accepted
2025-12-09T07:43:32+0100 - era5land_to_datm.requests - INFO - Request submitted with ID be665715-8dce-49dc-aa21-a029cee92890, status accepted.
2025-12-09T07:43:32+0100 - era5land_to_datm.requests - INFO - Waiting 3.0 seconds before next request...
2025-12-09T07:43:35+0100 - era5land_to_datm.requests - INFO - Submitting request for year=1994, month=03...
2025-12-09T07:43:35+0100 - ecmwf.datastores.processing - INFO - Request ID is 4fe388aa-d8ec-4805-87a3-79037eef8a53
2025-12-09T07:43:35+0100 - ecmwf.datastores.processing - INFO - status has been updated to accepted
2025-12-09T07:43:35+0100 - era5land_to_datm.requests - INFO - Request submitted with ID 4fe388aa-d8ec-4805-87a3-79037eef8a53, status accepted.
2025-12-09T07:43:35+0100 - era5land_to_datm.requests - INFO - Waiting 3.0 seconds before next request...
2025-12-09T07:43:38+0100 - era5land_to_datm.requests - INFO - Submitting request for year=1994, month=04...
2025-12-09T07:43:38+0100 - ecmwf.datastores.processing - INFO - Request ID is 453308a9-c132-4c42-996b-3071167d7ede
2025-12-09T07:43:38+0100 - ecmwf.datastores.processing - INFO - status has been updated to accepted
2025-12-09T07:43:38+0100 - era5land_to_datm.requests - INFO - Request submitted with ID 453308a9-c132-4c42-996b-3071167d7ede, status accepted.
2025-12-09T07:43:38+0100 - era5land_to_datm.requests - INFO - Waiting 3.0 seconds before next request...
2025-12-09T07:43:41+0100 - era5land_to_datm.requests - INFO - Submitting request for year=1994, month=05...
2025-12-09T07:43:42+0100 - ecmwf.datastores.processing - INFO - Request ID is b13615e0-1c86-46a0-a85a-a3de1db7fa15
2025-12-09T07:43:42+0100 - ecmwf.datastores.processing - INFO - status has been updated to accepted
2025-12-09T07:43:42+0100 - era5land_to_datm.requests - INFO - Request submitted with ID b13615e0-1c86-46a0-a85a-a3de1db7fa15, status accepted.
2025-12-09T07:43:42+0100 - era5land_to_datm.requests - INFO - Waiting 3.0 seconds before next request...
2025-12-09T07:43:45+0100 - era5land_to_datm.requests - INFO - Submitting request for year=1994, month=06...
2025-12-09T07:43:45+0100 - ecmwf.datastores.processing - INFO - Request ID is aaabf510-c13b-4da7-861c-fe2946eb8adc
2025-12-09T07:43:45+0100 - ecmwf.datastores.processing - INFO - status has been updated to accepted
2025-12-09T07:43:45+0100 - era5land_to_datm.requests - INFO - Request submitted with ID aaabf510-c13b-4da7-861c-fe2946eb8adc, status accepted.
2025-12-09T07:43:45+0100 - era5land_to_datm.requests - INFO - Waiting 3.0 seconds before next request...
2025-12-09T07:43:48+0100 - era5land_to_datm.requests - INFO - Submitting request for year=1994, month=07...
2025-12-09T07:43:48+0100 - ecmwf.datastores.processing - INFO - Request ID is 66642d18-5bfa-4e62-875b-f03e4e36a043
2025-12-09T07:43:48+0100 - ecmwf.datastores.processing - INFO - status has been updated to accepted
2025-12-09T07:43:48+0100 - era5land_to_datm.requests - INFO - Request submitted with ID 66642d18-5bfa-4e62-875b-f03e4e36a043, status accepted.
2025-12-09T07:43:48+0100 - era5land_to_datm.requests - INFO - Waiting 3.0 seconds before next request...
2025-12-09T07:43:51+0100 - era5land_to_datm.requests - INFO - Submitting request for year=1994, month=08...
2025-12-09T07:43:51+0100 - ecmwf.datastores.processing - INFO - Request ID is 03b893e8-2e43-4676-bc7e-d094b2b0c208
2025-12-09T07:43:52+0100 - ecmwf.datastores.processing - INFO - status has been updated to accepted
2025-12-09T07:43:52+0100 - era5land_to_datm.requests - INFO - Request submitted with ID 03b893e8-2e43-4676-bc7e-d094b2b0c208, status accepted.
2025-12-09T07:43:52+0100 - era5land_to_datm.requests - INFO - Waiting 3.0 seconds before next request...
2025-12-09T07:43:55+0100 - era5land_to_datm.requests - INFO - Submitting request for year=1994, month=09...
2025-12-09T07:43:55+0100 - ecmwf.datastores.processing - INFO - Request ID is e2fe50d4-0543-464f-a3c8-648cf73dccf0
2025-12-09T07:43:55+0100 - ecmwf.datastores.processing - INFO - status has been updated to accepted
2025-12-09T07:43:55+0100 - era5land_to_datm.requests - INFO - Request submitted with ID e2fe50d4-0543-464f-a3c8-648cf73dccf0, status accepted.
2025-12-09T07:43:55+0100 - era5land_to_datm.requests - INFO - Waiting 3.0 seconds before next request...
2025-12-09T07:43:58+0100 - era5land_to_datm.requests - INFO - Submitting request for year=1994, month=10...
2025-12-09T07:43:58+0100 - ecmwf.datastores.processing - INFO - Request ID is 5ec70b7e-4458-4c8e-bb07-4e950769cfca
2025-12-09T07:43:58+0100 - ecmwf.datastores.processing - INFO - status has been updated to accepted
2025-12-09T07:43:58+0100 - era5land_to_datm.requests - INFO - Request submitted with ID 5ec70b7e-4458-4c8e-bb07-4e950769cfca, status accepted.
2025-12-09T07:43:58+0100 - era5land_to_datm.requests - INFO - Waiting 3.0 seconds before next request...
2025-12-09T07:44:01+0100 - era5land_to_datm.requests - INFO - Submitting request for year=1994, month=11...
2025-12-09T07:44:02+0100 - ecmwf.datastores.processing - INFO - Request ID is 4043312e-3611-4f39-a3ab-b986473f2d8b
2025-12-09T07:44:02+0100 - ecmwf.datastores.processing - INFO - status has been updated to accepted
2025-12-09T07:44:02+0100 - era5land_to_datm.requests - INFO - Request submitted with ID 4043312e-3611-4f39-a3ab-b986473f2d8b, status accepted.
2025-12-09T07:44:02+0100 - era5land_to_datm.requests - INFO - Waiting 3.0 seconds before next request...
2025-12-09T07:44:05+0100 - era5land_to_datm.requests - INFO - Submitting request for year=1994, month=12...
2025-12-09T07:44:05+0100 - ecmwf.datastores.processing - INFO - Request ID is 3b1c1239-90b5-4f6e-b8cb-f743b4b7afdf
2025-12-09T07:44:05+0100 - ecmwf.datastores.processing - INFO - status has been updated to accepted
2025-12-09T07:44:05+0100 - era5land_to_datm.requests - INFO - Request submitted with ID 3b1c1239-90b5-4f6e-b8cb-f743b4b7afdf, status accepted.
2025-12-09T07:44:05+0100 - era5land_to_datm.requests - INFO - Waiting 3.0 seconds before next request...
2025-12-09T07:44:08+0100 - era5land_to_datm.requests - INFO - Submitting request for year=1995, month=01...
2025-12-09T07:44:08+0100 - ecmwf.datastores.processing - INFO - Request ID is adef3e71-e438-4909-b139-3ac77e5653e9
2025-12-09T07:44:08+0100 - ecmwf.datastores.processing - INFO - status has been updated to accepted
2025-12-09T07:44:08+0100 - era5land_to_datm.requests - INFO - Request submitted with ID adef3e71-e438-4909-b139-3ac77e5653e9, status accepted.
2025-12-09T07:44:08+0100 - era5land_to_datm.requests - INFO - Waiting 3.0 seconds before next request...
2025-12-09T07:44:11+0100 - era5land_to_datm.requests - INFO - Submitting request for year=1995, month=02...
2025-12-09T07:44:12+0100 - ecmwf.datastores.processing - INFO - Request ID is 006fc4c5-741b-43f3-b5aa-8d699200d59d
2025-12-09T07:44:12+0100 - ecmwf.datastores.processing - INFO - status has been updated to accepted
2025-12-09T07:44:12+0100 - era5land_to_datm.requests - INFO - Request submitted with ID 006fc4c5-741b-43f3-b5aa-8d699200d59d, status accepted.
2025-12-09T07:44:12+0100 - era5land_to_datm.requests - INFO - Waiting 3.0 seconds before next request...
2025-12-09T07:44:15+0100 - era5land_to_datm.requests - INFO - Submitting request for year=1995, month=03...
2025-12-09T07:44:15+0100 - ecmwf.datastores.processing - INFO - Request ID is ae07cb91-8dea-4c2b-b920-abcbb92727ef
2025-12-09T07:44:15+0100 - ecmwf.datastores.processing - INFO - status has been updated to accepted
2025-12-09T07:44:15+0100 - era5land_to_datm.requests - INFO - Request submitted with ID ae07cb91-8dea-4c2b-b920-abcbb92727ef, status accepted.
2025-12-09T07:44:15+0100 - era5land_to_datm.requests - INFO - Waiting 3.0 seconds before next request...
2025-12-09T07:44:18+0100 - era5land_to_datm.requests - INFO - Submitting request for year=1995, month=04...
2025-12-09T07:44:18+0100 - ecmwf.datastores.processing - INFO - Request ID is d1a27133-c456-43f1-b98f-414cc64d4388
2025-12-09T07:44:18+0100 - ecmwf.datastores.processing - INFO - status has been updated to accepted
2025-12-09T07:44:18+0100 - era5land_to_datm.requests - INFO - Request submitted with ID d1a27133-c456-43f1-b98f-414cc64d4388, status accepted.
2025-12-09T07:44:18+0100 - era5land_to_datm.requests - INFO - Waiting 3.0 seconds before next request...
2025-12-09T07:44:21+0100 - era5land_to_datm.requests - INFO - Submitting request for year=1995, month=05...
2025-12-09T07:44:21+0100 - ecmwf.datastores.processing - INFO - Request ID is 7932534f-16be-4a48-8626-da3e0795b276
2025-12-09T07:44:21+0100 - ecmwf.datastores.processing - INFO - status has been updated to accepted
2025-12-09T07:44:21+0100 - era5land_to_datm.requests - INFO - Request submitted with ID 7932534f-16be-4a48-8626-da3e0795b276, status accepted.
2025-12-09T07:44:21+0100 - era5land_to_datm.requests - INFO - Waiting 3.0 seconds before next request...
2025-12-09T07:44:24+0100 - era5land_to_datm.requests - INFO - Submitting request for year=1995, month=06...
2025-12-09T07:44:25+0100 - ecmwf.datastores.processing - INFO - Request ID is adc701ba-3093-444c-b977-000ac6016398
2025-12-09T07:44:25+0100 - ecmwf.datastores.processing - INFO - status has been updated to accepted
2025-12-09T07:44:25+0100 - era5land_to_datm.requests - INFO - Request submitted with ID adc701ba-3093-444c-b977-000ac6016398, status accepted.
2025-12-09T07:44:25+0100 - era5land_to_datm.requests - INFO - Waiting 3.0 seconds before next request...
2025-12-09T07:44:28+0100 - era5land_to_datm.requests - INFO - Submitting request for year=1995, month=07...
2025-12-09T07:44:28+0100 - ecmwf.datastores.processing - INFO - Request ID is b07483bd-6183-4e88-be1e-5218c70f55ad
2025-12-09T07:44:28+0100 - ecmwf.datastores.processing - INFO - status has been updated to accepted
2025-12-09T07:44:28+0100 - era5land_to_datm.requests - INFO - Request submitted with ID b07483bd-6183-4e88-be1e-5218c70f55ad, status accepted.
2025-12-09T07:44:28+0100 - era5land_to_datm.requests - INFO - Waiting 3.0 seconds before next request...
2025-12-09T07:44:31+0100 - era5land_to_datm.requests - INFO - Submitting request for year=1995, month=08...
2025-12-09T07:44:31+0100 - ecmwf.datastores.processing - INFO - Request ID is 96d7c7ef-029c-4c73-ac33-96f2b6c4a874
2025-12-09T07:44:31+0100 - ecmwf.datastores.processing - INFO - status has been updated to accepted
2025-12-09T07:44:31+0100 - era5land_to_datm.requests - INFO - Request submitted with ID 96d7c7ef-029c-4c73-ac33-96f2b6c4a874, status accepted.
2025-12-09T07:44:31+0100 - era5land_to_datm.requests - INFO - Waiting 3.0 seconds before next request...
2025-12-09T07:44:34+0100 - era5land_to_datm.requests - INFO - Submitting request for year=1995, month=09...
2025-12-09T07:44:34+0100 - ecmwf.datastores.processing - INFO - Request ID is 9191bfdf-ffbf-486f-b59f-aa48f75a9d02
2025-12-09T07:44:35+0100 - ecmwf.datastores.processing - INFO - status has been updated to accepted
2025-12-09T07:44:35+0100 - era5land_to_datm.requests - INFO - Request submitted with ID 9191bfdf-ffbf-486f-b59f-aa48f75a9d02, status accepted.
2025-12-09T07:44:35+0100 - era5land_to_datm.requests - INFO - Waiting 3.0 seconds before next request...
2025-12-09T07:44:38+0100 - era5land_to_datm.requests - INFO - Submitting request for year=1995, month=10...
2025-12-09T07:44:38+0100 - ecmwf.datastores.processing - INFO - Request ID is ea6e20fc-c0d7-40e7-98bf-192759653098
2025-12-09T07:44:38+0100 - ecmwf.datastores.processing - INFO - status has been updated to accepted
2025-12-09T07:44:38+0100 - era5land_to_datm.requests - INFO - Request submitted with ID ea6e20fc-c0d7-40e7-98bf-192759653098, status accepted.
2025-12-09T07:44:38+0100 - era5land_to_datm.requests - INFO - Waiting 3.0 seconds before next request...
2025-12-09T07:44:41+0100 - era5land_to_datm.requests - INFO - Submitting request for year=1995, month=11...
2025-12-09T07:44:41+0100 - ecmwf.datastores.processing - INFO - Request ID is 2ba2ee8c-84bb-49e0-9a82-85ae19b4a97f
2025-12-09T07:44:41+0100 - ecmwf.datastores.processing - INFO - status has been updated to accepted
2025-12-09T07:44:41+0100 - era5land_to_datm.requests - INFO - Request submitted with ID 2ba2ee8c-84bb-49e0-9a82-85ae19b4a97f, status accepted.
2025-12-09T07:44:41+0100 - era5land_to_datm.requests - INFO - Waiting 3.0 seconds before next request...
2025-12-09T07:44:44+0100 - era5land_to_datm.requests - INFO - Submitting request for year=1995, month=12...
2025-12-09T07:44:44+0100 - ecmwf.datastores.processing - INFO - Request ID is ee148447-0560-47e6-bb83-1b0a55f4df79
2025-12-09T07:44:44+0100 - ecmwf.datastores.processing - INFO - status has been updated to accepted
2025-12-09T07:44:44+0100 - era5land_to_datm.requests - INFO - Request submitted with ID ee148447-0560-47e6-bb83-1b0a55f4df79, status accepted.
2025-12-09T07:44:44+0100 - era5land_to_datm.requests - INFO - Waiting 3.0 seconds before next request...
2025-12-09T07:44:47+0100 - era5land_to_datm.requests - INFO - Submitting request for year=1996, month=01...
2025-12-09T07:44:48+0100 - ecmwf.datastores.processing - INFO - Request ID is e86ffed1-98e6-424b-ba07-d38701734cdb
2025-12-09T07:44:48+0100 - ecmwf.datastores.processing - INFO - status has been updated to accepted
2025-12-09T07:44:48+0100 - era5land_to_datm.requests - INFO - Request submitted with ID e86ffed1-98e6-424b-ba07-d38701734cdb, status accepted.
2025-12-09T07:44:48+0100 - era5land_to_datm.requests - INFO - Waiting 3.0 seconds before next request...
2025-12-09T07:44:51+0100 - era5land_to_datm.requests - INFO - Submitting request for year=1996, month=02...
2025-12-09T07:44:51+0100 - ecmwf.datastores.processing - INFO - Request ID is 31eff6fd-3a7c-42a7-8737-85796e75c306
2025-12-09T07:44:51+0100 - ecmwf.datastores.processing - INFO - status has been updated to accepted
2025-12-09T07:44:51+0100 - era5land_to_datm.requests - INFO - Request submitted with ID 31eff6fd-3a7c-42a7-8737-85796e75c306, status accepted.
2025-12-09T07:44:51+0100 - era5land_to_datm.requests - INFO - Waiting 3.0 seconds before next request...
2025-12-09T07:44:54+0100 - era5land_to_datm.requests - INFO - Submitting request for year=1996, month=03...
2025-12-09T07:44:54+0100 - ecmwf.datastores.processing - INFO - Request ID is ec1fecb2-8a11-4c65-9aae-808fa6479d9c
2025-12-09T07:44:54+0100 - ecmwf.datastores.processing - INFO - status has been updated to accepted
2025-12-09T07:44:54+0100 - era5land_to_datm.requests - INFO - Request submitted with ID ec1fecb2-8a11-4c65-9aae-808fa6479d9c, status accepted.
2025-12-09T07:44:54+0100 - era5land_to_datm.requests - INFO - Waiting 3.0 seconds before next request...
2025-12-09T07:44:57+0100 - era5land_to_datm.requests - INFO - Submitting request for year=1996, month=04...
2025-12-09T07:44:58+0100 - ecmwf.datastores.processing - INFO - Request ID is 69debc05-62bb-4905-a076-2114de67aca9
2025-12-09T07:44:58+0100 - ecmwf.datastores.processing - INFO - status has been updated to accepted
2025-12-09T07:44:58+0100 - era5land_to_datm.requests - INFO - Request submitted with ID 69debc05-62bb-4905-a076-2114de67aca9, status accepted.
2025-12-09T07:44:58+0100 - era5land_to_datm.requests - INFO - Waiting 3.0 seconds before next request...
2025-12-09T07:45:01+0100 - era5land_to_datm.requests - INFO - Submitting request for year=1996, month=05...
2025-12-09T07:45:01+0100 - ecmwf.datastores.processing - INFO - Request ID is e982cb5e-ebdb-4740-945f-5717f551a756
2025-12-09T07:45:01+0100 - ecmwf.datastores.processing - INFO - status has been updated to accepted
2025-12-09T07:45:01+0100 - era5land_to_datm.requests - INFO - Request submitted with ID e982cb5e-ebdb-4740-945f-5717f551a756, status accepted.
2025-12-09T07:45:01+0100 - era5land_to_datm.requests - INFO - Waiting 3.0 seconds before next request...
2025-12-09T07:45:04+0100 - era5land_to_datm.requests - INFO - Submitting request for year=1996, month=06...
2025-12-09T07:45:04+0100 - ecmwf.datastores.processing - INFO - Request ID is 31c65d89-c4ce-4c17-ae97-d28dabd05121
2025-12-09T07:45:04+0100 - ecmwf.datastores.processing - INFO - status has been updated to accepted
2025-12-09T07:45:04+0100 - era5land_to_datm.requests - INFO - Request submitted with ID 31c65d89-c4ce-4c17-ae97-d28dabd05121, status accepted.
2025-12-09T07:45:04+0100 - era5land_to_datm.requests - INFO - Waiting 3.0 seconds before next request...
2025-12-09T07:45:07+0100 - era5land_to_datm.requests - INFO - Submitting request for year=1996, month=07...
2025-12-09T07:45:07+0100 - ecmwf.datastores.processing - INFO - Request ID is 955b1368-676d-4016-bdda-6fdeaa641f4c
2025-12-09T07:45:07+0100 - ecmwf.datastores.processing - INFO - status has been updated to accepted
2025-12-09T07:45:07+0100 - era5land_to_datm.requests - INFO - Request submitted with ID 955b1368-676d-4016-bdda-6fdeaa641f4c, status accepted.
2025-12-09T07:45:07+0100 - era5land_to_datm.requests - INFO - Waiting 3.0 seconds before next request...
2025-12-09T07:45:10+0100 - era5land_to_datm.requests - INFO - Submitting request for year=1996, month=08...
2025-12-09T07:45:11+0100 - ecmwf.datastores.processing - INFO - Request ID is 41cdf4ad-cfbf-4453-9749-e49b07a093db
2025-12-09T07:45:11+0100 - ecmwf.datastores.processing - INFO - status has been updated to accepted
2025-12-09T07:45:11+0100 - era5land_to_datm.requests - INFO - Request submitted with ID 41cdf4ad-cfbf-4453-9749-e49b07a093db, status accepted.
2025-12-09T07:45:11+0100 - era5land_to_datm.requests - INFO - Waiting 3.0 seconds before next request...
2025-12-09T07:45:14+0100 - era5land_to_datm.requests - INFO - Submitting request for year=1996, month=09...
2025-12-09T07:45:14+0100 - ecmwf.datastores.processing - INFO - Request ID is 02244942-030a-4a42-a9b4-0d6b55c8887b
2025-12-09T07:45:14+0100 - ecmwf.datastores.processing - INFO - status has been updated to accepted
2025-12-09T07:45:14+0100 - era5land_to_datm.requests - INFO - Request submitted with ID 02244942-030a-4a42-a9b4-0d6b55c8887b, status accepted.
2025-12-09T07:45:14+0100 - era5land_to_datm.requests - INFO - Waiting 3.0 seconds before next request...
2025-12-09T07:45:17+0100 - era5land_to_datm.requests - INFO - Submitting request for year=1996, month=10...
2025-12-09T07:45:17+0100 - ecmwf.datastores.processing - INFO - Request ID is caa69feb-b177-4f49-b52b-6dba93a98a36
2025-12-09T07:45:17+0100 - ecmwf.datastores.processing - INFO - status has been updated to accepted
2025-12-09T07:45:17+0100 - era5land_to_datm.requests - INFO - Request submitted with ID caa69feb-b177-4f49-b52b-6dba93a98a36, status accepted.
2025-12-09T07:45:17+0100 - era5land_to_datm.requests - INFO - Waiting 3.0 seconds before next request...
2025-12-09T07:45:20+0100 - era5land_to_datm.requests - INFO - Submitting request for year=1996, month=11...
2025-12-09T07:45:20+0100 - ecmwf.datastores.processing - INFO - Request ID is 8b743292-0329-4ae6-aa07-ca10fbfacb27
2025-12-09T07:45:21+0100 - ecmwf.datastores.processing - INFO - status has been updated to accepted
2025-12-09T07:45:21+0100 - era5land_to_datm.requests - INFO - Request submitted with ID 8b743292-0329-4ae6-aa07-ca10fbfacb27, status accepted.
2025-12-09T07:45:21+0100 - era5land_to_datm.requests - INFO - Waiting 3.0 seconds before next request...
2025-12-09T07:45:24+0100 - era5land_to_datm.requests - INFO - Submitting request for year=1996, month=12...
2025-12-09T07:45:24+0100 - ecmwf.datastores.processing - INFO - Request ID is 0983ef7b-7d33-40e2-8357-653316a27b7c
2025-12-09T07:45:24+0100 - ecmwf.datastores.processing - INFO - status has been updated to accepted
2025-12-09T07:45:24+0100 - era5land_to_datm.requests - INFO - Request submitted with ID 0983ef7b-7d33-40e2-8357-653316a27b7c, status accepted.
2025-12-09T07:45:24+0100 - era5land_to_datm.requests - INFO - Waiting 3.0 seconds before next request...
2025-12-09T07:45:27+0100 - era5land_to_datm.requests - INFO - Submitting request for year=1997, month=01...
2025-12-09T07:45:27+0100 - ecmwf.datastores.processing - INFO - Request ID is 5704001f-8719-44b3-b95c-57131e14c651
2025-12-09T07:45:27+0100 - ecmwf.datastores.processing - INFO - status has been updated to accepted
2025-12-09T07:45:27+0100 - era5land_to_datm.requests - INFO - Request submitted with ID 5704001f-8719-44b3-b95c-57131e14c651, status accepted.
2025-12-09T07:45:27+0100 - era5land_to_datm.requests - INFO - Waiting 3.0 seconds before next request...
2025-12-09T07:45:30+0100 - era5land_to_datm.requests - INFO - Submitting request for year=1997, month=02...
2025-12-09T07:45:30+0100 - ecmwf.datastores.processing - INFO - Request ID is 509ab687-7b89-43f6-86a9-f29cc1dab649
2025-12-09T07:45:30+0100 - ecmwf.datastores.processing - INFO - status has been updated to accepted
2025-12-09T07:45:30+0100 - era5land_to_datm.requests - INFO - Request submitted with ID 509ab687-7b89-43f6-86a9-f29cc1dab649, status accepted.
2025-12-09T07:45:30+0100 - era5land_to_datm.requests - INFO - Waiting 3.0 seconds before next request...
2025-12-09T07:45:33+0100 - era5land_to_datm.requests - INFO - Submitting request for year=1997, month=03...
2025-12-09T07:45:34+0100 - ecmwf.datastores.processing - INFO - Request ID is 4d62aa65-4c5c-4df7-8736-e48ae78eda21
2025-12-09T07:45:34+0100 - ecmwf.datastores.processing - INFO - status has been updated to accepted
2025-12-09T07:45:34+0100 - era5land_to_datm.requests - INFO - Request submitted with ID 4d62aa65-4c5c-4df7-8736-e48ae78eda21, status accepted.
2025-12-09T07:45:34+0100 - era5land_to_datm.requests - INFO - Waiting 3.0 seconds before next request...
2025-12-09T07:45:37+0100 - era5land_to_datm.requests - INFO - Submitting request for year=1997, month=04...
2025-12-09T07:45:37+0100 - ecmwf.datastores.processing - INFO - Request ID is e8b536ad-f437-4389-86d9-b99e5dcd8428
2025-12-09T07:45:37+0100 - ecmwf.datastores.processing - INFO - status has been updated to accepted
2025-12-09T07:45:37+0100 - era5land_to_datm.requests - INFO - Request submitted with ID e8b536ad-f437-4389-86d9-b99e5dcd8428, status accepted.
2025-12-09T07:45:37+0100 - era5land_to_datm.requests - INFO - Waiting 3.0 seconds before next request...
2025-12-09T07:45:40+0100 - era5land_to_datm.requests - INFO - Submitting request for year=1997, month=05...
2025-12-09T07:45:40+0100 - ecmwf.datastores.processing - INFO - Request ID is d38e26a6-2d03-40dc-a688-042fe76614ce
2025-12-09T07:45:40+0100 - ecmwf.datastores.processing - INFO - status has been updated to accepted
2025-12-09T07:45:40+0100 - era5land_to_datm.requests - INFO - Request submitted with ID d38e26a6-2d03-40dc-a688-042fe76614ce, status accepted.
2025-12-09T07:45:40+0100 - era5land_to_datm.requests - INFO - Waiting 3.0 seconds before next request...
2025-12-09T07:45:43+0100 - era5land_to_datm.requests - INFO - Submitting request for year=1997, month=06...
2025-12-09T07:45:43+0100 - ecmwf.datastores.processing - INFO - Request ID is 3f253b4e-e56c-48cd-827d-bba334fc9b24
2025-12-09T07:45:43+0100 - ecmwf.datastores.processing - INFO - status has been updated to accepted
2025-12-09T07:45:43+0100 - era5land_to_datm.requests - INFO - Request submitted with ID 3f253b4e-e56c-48cd-827d-bba334fc9b24, status accepted.
2025-12-09T07:45:43+0100 - era5land_to_datm.requests - INFO - Waiting 3.0 seconds before next request...
2025-12-09T07:45:46+0100 - era5land_to_datm.requests - INFO - Submitting request for year=1997, month=07...
2025-12-09T07:45:47+0100 - ecmwf.datastores.processing - INFO - Request ID is 323676b8-c0df-4f3c-91f5-8cc1e1f1d21c
2025-12-09T07:45:47+0100 - ecmwf.datastores.processing - INFO - status has been updated to accepted
2025-12-09T07:45:47+0100 - era5land_to_datm.requests - INFO - Request submitted with ID 323676b8-c0df-4f3c-91f5-8cc1e1f1d21c, status accepted.
2025-12-09T07:45:47+0100 - era5land_to_datm.requests - INFO - Waiting 3.0 seconds before next request...
2025-12-09T07:45:50+0100 - era5land_to_datm.requests - INFO - Submitting request for year=1997, month=08...
2025-12-09T07:45:50+0100 - ecmwf.datastores.processing - INFO - Request ID is e50ede9a-070c-4870-b000-cabe5b2bd2a1
2025-12-09T07:45:51+0100 - ecmwf.datastores.processing - INFO - status has been updated to accepted
2025-12-09T07:45:51+0100 - era5land_to_datm.requests - INFO - Request submitted with ID e50ede9a-070c-4870-b000-cabe5b2bd2a1, status accepted.
2025-12-09T07:45:51+0100 - era5land_to_datm.requests - INFO - Waiting 3.0 seconds before next request...
2025-12-09T07:45:54+0100 - era5land_to_datm.requests - INFO - Submitting request for year=1997, month=09...
2025-12-09T07:45:54+0100 - ecmwf.datastores.processing - INFO - Request ID is 66bb3e4c-8877-43ff-95b2-9db3c501cad5
2025-12-09T07:45:54+0100 - ecmwf.datastores.processing - INFO - status has been updated to accepted
2025-12-09T07:45:54+0100 - era5land_to_datm.requests - INFO - Request submitted with ID 66bb3e4c-8877-43ff-95b2-9db3c501cad5, status accepted.
2025-12-09T07:45:54+0100 - era5land_to_datm.requests - INFO - Waiting 3.0 seconds before next request...
2025-12-09T07:45:57+0100 - era5land_to_datm.requests - INFO - Submitting request for year=1997, month=10...
2025-12-09T07:45:57+0100 - ecmwf.datastores.processing - INFO - Request ID is 8158e3c0-c344-4b56-ada4-1a701262dedb
2025-12-09T07:45:57+0100 - ecmwf.datastores.processing - INFO - status has been updated to accepted
2025-12-09T07:45:57+0100 - era5land_to_datm.requests - INFO - Request submitted with ID 8158e3c0-c344-4b56-ada4-1a701262dedb, status accepted.
2025-12-09T07:45:57+0100 - era5land_to_datm.requests - INFO - Waiting 3.0 seconds before next request...
2025-12-09T07:46:00+0100 - era5land_to_datm.requests - INFO - Submitting request for year=1997, month=11...
2025-12-09T07:46:00+0100 - ecmwf.datastores.processing - INFO - Request ID is 87edcc8f-7e49-44c0-9408-1267ca2f247d
2025-12-09T07:46:00+0100 - ecmwf.datastores.processing - INFO - status has been updated to accepted
2025-12-09T07:46:00+0100 - era5land_to_datm.requests - INFO - Request submitted with ID 87edcc8f-7e49-44c0-9408-1267ca2f247d, status accepted.
2025-12-09T07:46:00+0100 - era5land_to_datm.requests - INFO - Waiting 3.0 seconds before next request...
2025-12-09T07:46:03+0100 - era5land_to_datm.requests - INFO - Submitting request for year=1997, month=12...
2025-12-09T07:46:04+0100 - ecmwf.datastores.processing - INFO - Request ID is 05b2d751-b0b8-4c9b-b56f-f17e71d5afcb
2025-12-09T07:46:04+0100 - ecmwf.datastores.processing - INFO - status has been updated to accepted
2025-12-09T07:46:04+0100 - era5land_to_datm.requests - INFO - Request submitted with ID 05b2d751-b0b8-4c9b-b56f-f17e71d5afcb, status accepted.
2025-12-09T07:46:04+0100 - era5land_to_datm.requests - INFO - Waiting 3.0 seconds before next request...
2025-12-09T07:46:07+0100 - era5land_to_datm.requests - INFO - Submitting request for year=1998, month=01...
2025-12-09T07:46:07+0100 - ecmwf.datastores.processing - INFO - Request ID is 7752cf12-d323-43ca-bc55-f2ad6777e6af
2025-12-09T07:46:07+0100 - ecmwf.datastores.processing - INFO - status has been updated to accepted
2025-12-09T07:46:07+0100 - era5land_to_datm.requests - INFO - Request submitted with ID 7752cf12-d323-43ca-bc55-f2ad6777e6af, status accepted.
2025-12-09T07:46:07+0100 - era5land_to_datm.requests - INFO - Waiting 3.0 seconds before next request...
2025-12-09T07:46:10+0100 - era5land_to_datm.requests - INFO - Submitting request for year=1998, month=02...
2025-12-09T07:46:10+0100 - ecmwf.datastores.processing - INFO - Request ID is ee7f7823-b916-4fef-a17c-aeb3d2da45ba
2025-12-09T07:46:10+0100 - ecmwf.datastores.processing - INFO - status has been updated to accepted
2025-12-09T07:46:10+0100 - era5land_to_datm.requests - INFO - Request submitted with ID ee7f7823-b916-4fef-a17c-aeb3d2da45ba, status accepted.
2025-12-09T07:46:10+0100 - era5land_to_datm.requests - INFO - Waiting 3.0 seconds before next request...
2025-12-09T07:46:13+0100 - era5land_to_datm.requests - INFO - Submitting request for year=1998, month=03...
2025-12-09T07:46:14+0100 - ecmwf.datastores.processing - INFO - Request ID is 14d324ba-64d5-47f8-80d5-7859fd497d6e
2025-12-09T07:46:14+0100 - ecmwf.datastores.processing - INFO - status has been updated to accepted
2025-12-09T07:46:14+0100 - era5land_to_datm.requests - INFO - Request submitted with ID 14d324ba-64d5-47f8-80d5-7859fd497d6e, status accepted.
2025-12-09T07:46:14+0100 - era5land_to_datm.requests - INFO - Waiting 3.0 seconds before next request...
2025-12-09T07:46:17+0100 - era5land_to_datm.requests - INFO - Submitting request for year=1998, month=04...
2025-12-09T07:46:17+0100 - ecmwf.datastores.processing - INFO - Request ID is 942a833e-ac2f-4062-a679-a4dcc4e0bf29
2025-12-09T07:46:17+0100 - ecmwf.datastores.processing - INFO - status has been updated to accepted
2025-12-09T07:46:17+0100 - era5land_to_datm.requests - INFO - Request submitted with ID 942a833e-ac2f-4062-a679-a4dcc4e0bf29, status accepted.
2025-12-09T07:46:17+0100 - era5land_to_datm.requests - INFO - Waiting 3.0 seconds before next request...
2025-12-09T07:46:20+0100 - era5land_to_datm.requests - INFO - Submitting request for year=1998, month=05...
2025-12-09T07:46:20+0100 - ecmwf.datastores.processing - INFO - Request ID is ecdfdfdc-8527-4ad4-ba28-d10288b7c37e
2025-12-09T07:46:20+0100 - ecmwf.datastores.processing - INFO - status has been updated to accepted
2025-12-09T07:46:20+0100 - era5land_to_datm.requests - INFO - Request submitted with ID ecdfdfdc-8527-4ad4-ba28-d10288b7c37e, status accepted.
2025-12-09T07:46:20+0100 - era5land_to_datm.requests - INFO - Waiting 3.0 seconds before next request...
2025-12-09T07:46:23+0100 - era5land_to_datm.requests - INFO - Submitting request for year=1998, month=06...
2025-12-09T07:46:24+0100 - ecmwf.datastores.processing - INFO - Request ID is b93dbb82-1257-4da3-9a69-ab54597fbd0e
2025-12-09T07:46:24+0100 - ecmwf.datastores.processing - INFO - status has been updated to accepted
2025-12-09T07:46:24+0100 - era5land_to_datm.requests - INFO - Request submitted with ID b93dbb82-1257-4da3-9a69-ab54597fbd0e, status accepted.
2025-12-09T07:46:24+0100 - era5land_to_datm.requests - INFO - Waiting 3.0 seconds before next request...
2025-12-09T07:46:27+0100 - era5land_to_datm.requests - INFO - Submitting request for year=1998, month=07...
2025-12-09T07:46:27+0100 - ecmwf.datastores.processing - INFO - Request ID is 4ed1e3df-dc36-42d7-b602-0aefe753cbdc
2025-12-09T07:46:27+0100 - ecmwf.datastores.processing - INFO - status has been updated to accepted
2025-12-09T07:46:27+0100 - era5land_to_datm.requests - INFO - Request submitted with ID 4ed1e3df-dc36-42d7-b602-0aefe753cbdc, status accepted.
2025-12-09T07:46:27+0100 - era5land_to_datm.requests - INFO - Waiting 3.0 seconds before next request...
2025-12-09T07:46:30+0100 - era5land_to_datm.requests - INFO - Submitting request for year=1998, month=08...
2025-12-09T07:46:30+0100 - ecmwf.datastores.processing - INFO - Request ID is e1e3d099-c8d8-4a4c-9099-2a5edb8c1a01
2025-12-09T07:46:30+0100 - ecmwf.datastores.processing - INFO - status has been updated to accepted
2025-12-09T07:46:30+0100 - era5land_to_datm.requests - INFO - Request submitted with ID e1e3d099-c8d8-4a4c-9099-2a5edb8c1a01, status accepted.
2025-12-09T07:46:30+0100 - era5land_to_datm.requests - INFO - Waiting 3.0 seconds before next request...
2025-12-09T07:46:33+0100 - era5land_to_datm.requests - INFO - Submitting request for year=1998, month=09...
2025-12-09T07:46:34+0100 - ecmwf.datastores.processing - INFO - Request ID is e59d5aa6-ac70-4e5a-bd74-30b4fef65a04
2025-12-09T07:46:34+0100 - ecmwf.datastores.processing - INFO - status has been updated to accepted
2025-12-09T07:46:34+0100 - era5land_to_datm.requests - INFO - Request submitted with ID e59d5aa6-ac70-4e5a-bd74-30b4fef65a04, status accepted.
2025-12-09T07:46:34+0100 - era5land_to_datm.requests - INFO - Waiting 3.0 seconds before next request...
2025-12-09T07:46:37+0100 - era5land_to_datm.requests - INFO - Submitting request for year=1998, month=10...
2025-12-09T07:46:37+0100 - ecmwf.datastores.processing - INFO - Request ID is da510489-5261-441d-a72a-84a8eab63231
2025-12-09T07:46:37+0100 - ecmwf.datastores.processing - INFO - status has been updated to accepted
2025-12-09T07:46:37+0100 - era5land_to_datm.requests - INFO - Request submitted with ID da510489-5261-441d-a72a-84a8eab63231, status accepted.
2025-12-09T07:46:37+0100 - era5land_to_datm.requests - INFO - Waiting 3.0 seconds before next request...
2025-12-09T07:46:40+0100 - era5land_to_datm.requests - INFO - Submitting request for year=1998, month=11...
2025-12-09T07:46:40+0100 - ecmwf.datastores.processing - INFO - Request ID is 37eea09d-d461-49f0-b46c-8ec915c60bfe
2025-12-09T07:46:40+0100 - ecmwf.datastores.processing - INFO - status has been updated to accepted
2025-12-09T07:46:40+0100 - era5land_to_datm.requests - INFO - Request submitted with ID 37eea09d-d461-49f0-b46c-8ec915c60bfe, status accepted.
2025-12-09T07:46:40+0100 - era5land_to_datm.requests - INFO - Waiting 3.0 seconds before next request...
2025-12-09T07:46:43+0100 - era5land_to_datm.requests - INFO - Submitting request for year=1998, month=12...
2025-12-09T07:46:43+0100 - ecmwf.datastores.processing - INFO - Request ID is 4964abdc-177f-4f04-88a1-1694428e2b27
2025-12-09T07:46:43+0100 - ecmwf.datastores.processing - INFO - status has been updated to accepted
2025-12-09T07:46:43+0100 - era5land_to_datm.requests - INFO - Request submitted with ID 4964abdc-177f-4f04-88a1-1694428e2b27, status accepted.
2025-12-09T07:46:43+0100 - era5land_to_datm.requests - INFO - Waiting 3.0 seconds before next request...
2025-12-09T07:46:46+0100 - era5land_to_datm.requests - INFO - Submitting request for year=1999, month=01...
2025-12-09T07:46:47+0100 - ecmwf.datastores.processing - INFO - Request ID is fddaf888-a15c-47bd-ae11-66c3018fdb2a
2025-12-09T07:46:47+0100 - ecmwf.datastores.processing - INFO - status has been updated to accepted
2025-12-09T07:46:47+0100 - era5land_to_datm.requests - INFO - Request submitted with ID fddaf888-a15c-47bd-ae11-66c3018fdb2a, status accepted.
2025-12-09T07:46:47+0100 - era5land_to_datm.requests - INFO - Waiting 3.0 seconds before next request...
2025-12-09T07:46:50+0100 - era5land_to_datm.requests - INFO - Submitting request for year=1999, month=02...
2025-12-09T07:46:50+0100 - ecmwf.datastores.processing - INFO - Request ID is 907123d5-abd5-4c74-bab4-b867b7ce10fc
2025-12-09T07:46:50+0100 - ecmwf.datastores.processing - INFO - status has been updated to accepted
2025-12-09T07:46:50+0100 - era5land_to_datm.requests - INFO - Request submitted with ID 907123d5-abd5-4c74-bab4-b867b7ce10fc, status accepted.
2025-12-09T07:46:50+0100 - era5land_to_datm.requests - INFO - Waiting 3.0 seconds before next request...
2025-12-09T07:46:53+0100 - era5land_to_datm.requests - INFO - Submitting request for year=1999, month=03...
2025-12-09T07:46:54+0100 - ecmwf.datastores.processing - INFO - Request ID is 06902f58-1219-4c70-b87f-3d24a39f2ef0
2025-12-09T07:46:54+0100 - ecmwf.datastores.processing - INFO - status has been updated to accepted
2025-12-09T07:46:54+0100 - era5land_to_datm.requests - INFO - Request submitted with ID 06902f58-1219-4c70-b87f-3d24a39f2ef0, status accepted.
2025-12-09T07:46:54+0100 - era5land_to_datm.requests - INFO - Waiting 3.0 seconds before next request...
2025-12-09T07:46:57+0100 - era5land_to_datm.requests - INFO - Submitting request for year=1999, month=04...
2025-12-09T07:46:57+0100 - ecmwf.datastores.processing - INFO - Request ID is 82828f76-d024-4137-872e-03f45e6db46d
2025-12-09T07:46:57+0100 - ecmwf.datastores.processing - INFO - status has been updated to accepted
2025-12-09T07:46:57+0100 - era5land_to_datm.requests - INFO - Request submitted with ID 82828f76-d024-4137-872e-03f45e6db46d, status accepted.
2025-12-09T07:46:57+0100 - era5land_to_datm.requests - INFO - Waiting 3.0 seconds before next request...
2025-12-09T07:47:00+0100 - era5land_to_datm.requests - INFO - Submitting request for year=1999, month=05...
2025-12-09T07:47:00+0100 - ecmwf.datastores.processing - INFO - Request ID is 930dfdb6-cbfe-4f7b-8c89-590a7ffa149f
2025-12-09T07:47:00+0100 - ecmwf.datastores.processing - INFO - status has been updated to accepted
2025-12-09T07:47:00+0100 - era5land_to_datm.requests - INFO - Request submitted with ID 930dfdb6-cbfe-4f7b-8c89-590a7ffa149f, status accepted.
2025-12-09T07:47:00+0100 - era5land_to_datm.requests - INFO - Waiting 3.0 seconds before next request...
2025-12-09T07:47:03+0100 - era5land_to_datm.requests - INFO - Submitting request for year=1999, month=06...
2025-12-09T07:47:03+0100 - ecmwf.datastores.processing - INFO - Request ID is b1287761-75f2-443b-9fa0-073ee89cf293
2025-12-09T07:47:04+0100 - ecmwf.datastores.processing - INFO - status has been updated to accepted
2025-12-09T07:47:04+0100 - era5land_to_datm.requests - INFO - Request submitted with ID b1287761-75f2-443b-9fa0-073ee89cf293, status accepted.
2025-12-09T07:47:04+0100 - era5land_to_datm.requests - INFO - Waiting 3.0 seconds before next request...
2025-12-09T07:47:07+0100 - era5land_to_datm.requests - INFO - Submitting request for year=1999, month=07...
2025-12-09T07:47:07+0100 - ecmwf.datastores.processing - INFO - Request ID is 7d879f92-c1ae-44f7-a987-f06ab19bf419
2025-12-09T07:47:07+0100 - ecmwf.datastores.processing - INFO - status has been updated to accepted
2025-12-09T07:47:07+0100 - era5land_to_datm.requests - INFO - Request submitted with ID 7d879f92-c1ae-44f7-a987-f06ab19bf419, status accepted.
2025-12-09T07:47:07+0100 - era5land_to_datm.requests - INFO - Waiting 3.0 seconds before next request...
2025-12-09T07:47:10+0100 - era5land_to_datm.requests - INFO - Submitting request for year=1999, month=08...
2025-12-09T07:47:10+0100 - ecmwf.datastores.processing - INFO - Request ID is ed4f36a9-e3db-4b6d-881d-e953a8047232
2025-12-09T07:47:10+0100 - ecmwf.datastores.processing - INFO - status has been updated to accepted
2025-12-09T07:47:10+0100 - era5land_to_datm.requests - INFO - Request submitted with ID ed4f36a9-e3db-4b6d-881d-e953a8047232, status accepted.
2025-12-09T07:47:10+0100 - era5land_to_datm.requests - INFO - Waiting 3.0 seconds before next request...
2025-12-09T07:47:13+0100 - era5land_to_datm.requests - INFO - Submitting request for year=1999, month=09...
2025-12-09T07:47:14+0100 - ecmwf.datastores.processing - INFO - Request ID is d77f6e64-0ce2-4625-a1cf-9000224c49f1
2025-12-09T07:47:14+0100 - ecmwf.datastores.processing - INFO - status has been updated to accepted
2025-12-09T07:47:14+0100 - era5land_to_datm.requests - INFO - Request submitted with ID d77f6e64-0ce2-4625-a1cf-9000224c49f1, status accepted.
2025-12-09T07:47:14+0100 - era5land_to_datm.requests - INFO - Waiting 3.0 seconds before next request...
2025-12-09T07:47:17+0100 - era5land_to_datm.requests - INFO - Submitting request for year=1999, month=10...
2025-12-09T07:47:17+0100 - ecmwf.datastores.processing - INFO - Request ID is 1d37cf64-eab9-4ebd-acd9-ddbee3fede3c
2025-12-09T07:47:17+0100 - ecmwf.datastores.processing - INFO - status has been updated to accepted
2025-12-09T07:47:17+0100 - era5land_to_datm.requests - INFO - Request submitted with ID 1d37cf64-eab9-4ebd-acd9-ddbee3fede3c, status accepted.
2025-12-09T07:47:17+0100 - era5land_to_datm.requests - INFO - Waiting 3.0 seconds before next request...
2025-12-09T07:47:20+0100 - era5land_to_datm.requests - INFO - Submitting request for year=1999, month=11...
2025-12-09T07:47:20+0100 - ecmwf.datastores.processing - INFO - Request ID is a5c8e3f2-c01a-4ca4-81d8-b7959c149151
2025-12-09T07:47:20+0100 - ecmwf.datastores.processing - INFO - status has been updated to accepted
2025-12-09T07:47:20+0100 - era5land_to_datm.requests - INFO - Request submitted with ID a5c8e3f2-c01a-4ca4-81d8-b7959c149151, status accepted.
2025-12-09T07:47:20+0100 - era5land_to_datm.requests - INFO - Waiting 3.0 seconds before next request...
2025-12-09T07:47:23+0100 - era5land_to_datm.requests - INFO - Submitting request for year=1999, month=12...
2025-12-09T07:47:24+0100 - ecmwf.datastores.processing - INFO - Request ID is 98e19948-7ca9-4c01-80cf-5bf33a87b57a
2025-12-09T07:47:24+0100 - ecmwf.datastores.processing - INFO - status has been updated to accepted
2025-12-09T07:47:24+0100 - era5land_to_datm.requests - INFO - Request submitted with ID 98e19948-7ca9-4c01-80cf-5bf33a87b57a, status accepted.
